This file contains any messages produced by compilers while
running configure, to aid debugging if configure makes a mistake.

It was created by configure, which was
generated by GNU Autoconf 2.63.  Invocation command line was

  $ ./configure --host=arm-linux --prefix=/usr --with-libiconv-prefix=$(SRC_PATH)/build/usr host_alias=arm-linux CC=arm-brcm-linux-uclibcgnueabi-gcc CFLAGS=-Os -O2 -DBCMWPA2 -DRESTART_ALL_PROCESSES -D__CONFIG_USBAP__ -DBCMQOS -DBCMWPS -D__CONFIG_EMF__ -DTRAFFIC_MGMT -DPHYMON -DSUPPORT_REMOTE_HTTPS -DINCLUDE_WPS_V20 -DINCLUDE_5G_AUTO_CHANNEL -DOPENDNS_PARENTAL_CONTROL -DINCLUDE_UCP -DU12H240 -DR6300v2 -DMULTIPLE_SSID -DENABLE_ML -DBCM53125 -DBCM5301X -DCONFIG_RUSSIA_IPTV -DDLNA -DHTTP_ACCESS_USB -DMAX_USB_ACCESS -DSAMBA_ENABLE -DUSB_NEW_SPEC -DINCLUDE_WIFI_BUTTON -DINCLUDE_USB_LED -DINCLUDE_DUAL_BAND -DSINGLE_FIRMWARE -DINCLUDE_GET_ST_CHKSUM -DUNIFIED_STR_TBL -DFIRST_MTD_ROTATION -DWIFI_ON_OFF_SCHE -DAUTO_CONN_24HR -DIGMP_PROXY -DAP_MODE -D__CONFIG_IGMP_SNOOPING__ -DLINUX26 -DINCLUDE_IPV6 -DPRESET_WL_SECURITY -DNEW_BCM_WPS_IPC -DSUPPORT_AC_MODE -DSTA_MODE -DPPP_RU_DESIGN -DEXT_ACS -D__CONFIG_PLC__ -D__CONFIG_URE__ -DPLC -DWPS_LONGPUSH_DISABLE -Os -DLINUX26 -DCONFIG_KERNEL_2_6_36 -I$(SRC_PATH)/build/usr/include LDFLAGS=-L$(SRC_PATH)/build/usr/lib CPPFLAGS=-I$(SRC_PATH)/build/usr/include CPP=arm-brcm-linux-uclibcgnueabi-gcc -E --no-create --no-recursion

## --------- ##
## Platform. ##
## --------- ##

hostname = foxconncpe2
uname -m = i686
uname -r = 2.6.27.5-117.fc10.i686.PAE
uname -s = Linux
uname -v = #1 SMP Tue Nov 18 12:08:10 EST 2008

/usr/bin/uname -p = unknown
/bin/uname -X     = unknown

/bin/arch              = i686
/usr/bin/arch -k       = unknown
/usr/convex/getsysinfo = unknown
/usr/bin/hostinfo      = unknown
/bin/machine           = unknown
/usr/bin/oslevel       = unknown
/bin/universe          = unknown

PATH: /usr/lib
PATH: /usr/lib/qt-3.3/bin
PATH: /usr/kerberos/bin
PATH: /usr/lib/ccache
PATH: /usr/local/bin
PATH: /bin
PATH: /usr/bin
PATH: /usr/local/sbin
PATH: /usr/sbin
PATH: /sbin
PATH: /home/antony/bin


## ----------- ##
## Core tests. ##
## ----------- ##

configure:2573: checking for a BSD-compatible install
configure:2641: result: /usr/bin/install -c
configure:2652: checking whether build environment is sane
configure:2712: result: yes
configure:2761: checking for arm-linux-strip
configure:2791: result: no
configure:2801: checking for strip
configure:2817: found /usr/bin/strip
configure:2828: result: strip
configure:2853: checking for a thread-safe mkdir -p
configure:2892: result: /bin/mkdir -p
configure:2906: checking for gawk
configure:2922: found /bin/gawk
configure:2933: result: gawk
configure:2944: checking whether make sets $(MAKE)
configure:2966: result: yes
configure:3084: checking for arm-linux-gcc
configure:3111: result: arm-brcm-linux-uclibcgnueabi-gcc
configure:3383: checking for C compiler version
configure:3391: arm-brcm-linux-uclibcgnueabi-gcc --version >&5
./configure: line 3393: arm-brcm-linux-uclibcgnueabi-gcc: command not found
configure:3395: $? = 127
configure:3402: arm-brcm-linux-uclibcgnueabi-gcc -v >&5
./configure: line 3404: arm-brcm-linux-uclibcgnueabi-gcc: command not found
configure:3406: $? = 127
configure:3413: arm-brcm-linux-uclibcgnueabi-gcc -V >&5
./configure: line 3415: arm-brcm-linux-uclibcgnueabi-gcc: command not found
configure:3417: $? = 127
configure:3440: checking for C compiler default output file name
configure:3462: arm-brcm-linux-uclibcgnueabi-gcc -Os -O2 -DBCMWPA2 -DRESTART_ALL_PROCESSES -D__CONFIG_USBAP__ -DBCMQOS -DBCMWPS -D__CONFIG_EMF__ -DTRAFFIC_MGMT -DPHYMON -DSUPPORT_REMOTE_HTTPS -DINCLUDE_WPS_V20 -DINCLUDE_5G_AUTO_CHANNEL -DOPENDNS_PARENTAL_CONTROL -DINCLUDE_UCP -DU12H240 -DR6300v2 -DMULTIPLE_SSID -DENABLE_ML -DBCM53125 -DBCM5301X -DCONFIG_RUSSIA_IPTV -DDLNA -DHTTP_ACCESS_USB -DMAX_USB_ACCESS -DSAMBA_ENABLE -DUSB_NEW_SPEC -DINCLUDE_WIFI_BUTTON -DINCLUDE_USB_LED -DINCLUDE_DUAL_BAND -DSINGLE_FIRMWARE -DINCLUDE_GET_ST_CHKSUM -DUNIFIED_STR_TBL -DFIRST_MTD_ROTATION -DWIFI_ON_OFF_SCHE -DAUTO_CONN_24HR -DIGMP_PROXY -DAP_MODE -D__CONFIG_IGMP_SNOOPING__ -DLINUX26 -DINCLUDE_IPV6 -DPRESET_WL_SECURITY -DNEW_BCM_WPS_IPC -DSUPPORT_AC_MODE -DSTA_MODE -DPPP_RU_DESIGN -DEXT_ACS -D__CONFIG_PLC__ -D__CONFIG_URE__ -DPLC -DWPS_LONGPUSH_DISABLE -Os -DLINUX26 -DCONFIG_KERNEL_2_6_36 -I$(SRC_PATH)/build/usr/include -I$(SRC_PATH)/build/usr/include -L$(SRC_PATH)/build/usr/lib conftest.c  >&5
./configure: line 3464: arm-brcm-linux-uclibcgnueabi-gcc: command not found
configure:3466: $? = 127
configure:3504: result: 
configure: failed program was:
| /* confdefs.h.  */
| #define PACKAGE_NAME ""
| #define PACKAGE_TARNAME ""
| #define PACKAGE_VERSION ""
| #define PACKAGE_STRING ""
| #define PACKAGE_BUGREPORT ""
| #define PACKAGE "libunistring"
| #define VERSION "0.9.3"
| /* end confdefs.h.  */
| 
| int
| main ()
| {
| 
|   ;
|   return 0;
| }
configure:3510: error: in `/home/antony/R7000/2013_03_15_BSP_6.30.163.30/ap/gpl/iserver/libunistring-0.9.3':
configure:3513: error: C compiler cannot create executables
See `config.log' for more details.

## ---------------- ##
## Cache variables. ##
## ---------------- ##

ac_cv_env_CC_set=set
ac_cv_env_CC_value=arm-brcm-linux-uclibcgnueabi-gcc
ac_cv_env_CFLAGS_set=set
ac_cv_env_CFLAGS_value='-Os -O2 -DBCMWPA2 -DRESTART_ALL_PROCESSES -D__CONFIG_USBAP__ -DBCMQOS -DBCMWPS -D__CONFIG_EMF__ -DTRAFFIC_MGMT -DPHYMON -DSUPPORT_REMOTE_HTTPS -DINCLUDE_WPS_V20 -DINCLUDE_5G_AUTO_CHANNEL -DOPENDNS_PARENTAL_CONTROL -DINCLUDE_UCP -DU12H240 -DR6300v2 -DMULTIPLE_SSID -DENABLE_ML -DBCM53125 -DBCM5301X -DCONFIG_RUSSIA_IPTV -DDLNA -DHTTP_ACCESS_USB -DMAX_USB_ACCESS -DSAMBA_ENABLE -DUSB_NEW_SPEC -DINCLUDE_WIFI_BUTTON -DINCLUDE_USB_LED -DINCLUDE_DUAL_BAND -DSINGLE_FIRMWARE -DINCLUDE_GET_ST_CHKSUM -DUNIFIED_STR_TBL -DFIRST_MTD_ROTATION -DWIFI_ON_OFF_SCHE -DAUTO_CONN_24HR -DIGMP_PROXY -DAP_MODE -D__CONFIG_IGMP_SNOOPING__ -DLINUX26 -DINCLUDE_IPV6 -DPRESET_WL_SECURITY -DNEW_BCM_WPS_IPC -DSUPPORT_AC_MODE -DSTA_MODE -DPPP_RU_DESIGN -DEXT_ACS -D__CONFIG_PLC__ -D__CONFIG_URE__ -DPLC -DWPS_LONGPUSH_DISABLE -Os -DLINUX26 -DCONFIG_KERNEL_2_6_36 -I$(SRC_PATH)/build/usr/include'
ac_cv_env_CPPFLAGS_set=set
ac_cv_env_CPPFLAGS_value='-I$(SRC_PATH)/build/usr/include'
ac_cv_env_CPP_set=set
ac_cv_env_CPP_value='arm-brcm-linux-uclibcgnueabi-gcc -E'
ac_cv_env_LDFLAGS_set=set
ac_cv_env_LDFLAGS_value='-L$(SRC_PATH)/build/usr/lib'
ac_cv_env_LIBS_set=
ac_cv_env_LIBS_value=
ac_cv_env_build_alias_set=
ac_cv_env_build_alias_value=
ac_cv_env_host_alias_set=set
ac_cv_env_host_alias_value=arm-linux
ac_cv_env_target_alias_set=
ac_cv_env_target_alias_value=
ac_cv_path_install='/usr/bin/install -c'
ac_cv_path_mkdir=/bin/mkdir
ac_cv_prog_AWK=gawk
ac_cv_prog_CC=arm-brcm-linux-uclibcgnueabi-gcc
ac_cv_prog_ac_ct_STRIP=strip
ac_cv_prog_make_make_set=yes

## ----------------- ##
## Output variables. ##
## ----------------- ##

ACLOCAL='${SHELL} /home/antony/R7000/2013_03_15_BSP_6.30.163.30/ap/gpl/iserver/libunistring-0.9.3/build-aux/missing --run aclocal-1.11'
ALLOCA=''
ALLOCA_H=''
AMDEPBACKSLASH=''
AMDEP_FALSE=''
AMDEP_TRUE=''
AMTAR='${SHELL} /home/antony/R7000/2013_03_15_BSP_6.30.163.30/ap/gpl/iserver/libunistring-0.9.3/build-aux/missing --run tar'
AM_BACKSLASH='\'
AM_DEFAULT_VERBOSITY='1'
APPLE_UNIVERSAL_BUILD=''
AR=''
AS=''
AUTOCONF='${SHELL} /home/antony/R7000/2013_03_15_BSP_6.30.163.30/ap/gpl/iserver/libunistring-0.9.3/build-aux/missing --run autoconf'
AUTOHEADER='${SHELL} /home/antony/R7000/2013_03_15_BSP_6.30.163.30/ap/gpl/iserver/libunistring-0.9.3/build-aux/missing --run autoheader'
AUTOMAKE='${SHELL} /home/antony/R7000/2013_03_15_BSP_6.30.163.30/ap/gpl/iserver/libunistring-0.9.3/build-aux/missing --run automake-1.11'
AWK='gawk'
BITSIZEOF_PTRDIFF_T=''
BITSIZEOF_SIG_ATOMIC_T=''
BITSIZEOF_SIZE_T=''
BITSIZEOF_WCHAR_T=''
BITSIZEOF_WINT_T=''
CC='arm-brcm-linux-uclibcgnueabi-gcc'
CCDEPMODE=''
CFLAGS='-Os -O2 -DBCMWPA2 -DRESTART_ALL_PROCESSES -D__CONFIG_USBAP__ -DBCMQOS -DBCMWPS -D__CONFIG_EMF__ -DTRAFFIC_MGMT -DPHYMON -DSUPPORT_REMOTE_HTTPS -DINCLUDE_WPS_V20 -DINCLUDE_5G_AUTO_CHANNEL -DOPENDNS_PARENTAL_CONTROL -DINCLUDE_UCP -DU12H240 -DR6300v2 -DMULTIPLE_SSID -DENABLE_ML -DBCM53125 -DBCM5301X -DCONFIG_RUSSIA_IPTV -DDLNA -DHTTP_ACCESS_USB -DMAX_USB_ACCESS -DSAMBA_ENABLE -DUSB_NEW_SPEC -DINCLUDE_WIFI_BUTTON -DINCLUDE_USB_LED -DINCLUDE_DUAL_BAND -DSINGLE_FIRMWARE -DINCLUDE_GET_ST_CHKSUM -DUNIFIED_STR_TBL -DFIRST_MTD_ROTATION -DWIFI_ON_OFF_SCHE -DAUTO_CONN_24HR -DIGMP_PROXY -DAP_MODE -D__CONFIG_IGMP_SNOOPING__ -DLINUX26 -DINCLUDE_IPV6 -DPRESET_WL_SECURITY -DNEW_BCM_WPS_IPC -DSUPPORT_AC_MODE -DSTA_MODE -DPPP_RU_DESIGN -DEXT_ACS -D__CONFIG_PLC__ -D__CONFIG_URE__ -DPLC -DWPS_LONGPUSH_DISABLE -Os -DLINUX26 -DCONFIG_KERNEL_2_6_36 -I$(SRC_PATH)/build/usr/include'
CPP='arm-brcm-linux-uclibcgnueabi-gcc -E'
CPPFLAGS='-I$(SRC_PATH)/build/usr/include'
CYGPATH_W='echo'
DEFS=''
DEPDIR=''
DLLTOOL=''
DLL_VARIABLE=''
DSYMUTIL=''
DUMPBIN=''
DVIPS=''
ECHO_C=''
ECHO_N='-n'
ECHO_T=''
EGREP=''
EMULTIHOP_HIDDEN=''
EMULTIHOP_VALUE=''
ENOLINK_HIDDEN=''
ENOLINK_VALUE=''
EOVERFLOW_HIDDEN=''
EOVERFLOW_VALUE=''
ERRNO_H=''
EXEEXT=''
FGREP=''
FLOAT_H=''
GLIBC21=''
GLOBAL_SYMBOL_PIPE=''
GL_COND_LIBTOOL_FALSE=''
GL_COND_LIBTOOL_TRUE=''
GNULIB_ACOSL=''
GNULIB_ASINL=''
GNULIB_ATANL=''
GNULIB_ATOLL=''
GNULIB_BTOWC=''
GNULIB_CALLOC_POSIX=''
GNULIB_CANONICALIZE_FILE_NAME=''
GNULIB_CEILF=''
GNULIB_CEILL=''
GNULIB_CHOWN=''
GNULIB_CLOSE=''
GNULIB_COSL=''
GNULIB_DUP2=''
GNULIB_DUP3=''
GNULIB_DUPLOCALE=''
GNULIB_ENVIRON=''
GNULIB_EUIDACCESS=''
GNULIB_EXPL=''
GNULIB_FACCESSAT=''
GNULIB_FCHDIR=''
GNULIB_FCHOWNAT=''
GNULIB_FLOORF=''
GNULIB_FLOORL=''
GNULIB_FREXP=''
GNULIB_FREXPL=''
GNULIB_FSYNC=''
GNULIB_FTRUNCATE=''
GNULIB_GETCWD=''
GNULIB_GETDOMAINNAME=''
GNULIB_GETDTABLESIZE=''
GNULIB_GETGROUPS=''
GNULIB_GETHOSTNAME=''
GNULIB_GETLOADAVG=''
GNULIB_GETLOGIN=''
GNULIB_GETLOGIN_R=''
GNULIB_GETPAGESIZE=''
GNULIB_GETSUBOPT=''
GNULIB_GETUSERSHELL=''
GNULIB_GRANTPT=''
GNULIB_ISFINITE=''
GNULIB_ISINF=''
GNULIB_ISNAN=''
GNULIB_ISNAND=''
GNULIB_ISNANF=''
GNULIB_ISNANL=''
GNULIB_LCHOWN=''
GNULIB_LDEXPL=''
GNULIB_LINK=''
GNULIB_LINKAT=''
GNULIB_LOGB=''
GNULIB_LOGL=''
GNULIB_LSEEK=''
GNULIB_MALLOC_POSIX=''
GNULIB_MBRLEN=''
GNULIB_MBRTOWC=''
GNULIB_MBSCASECMP=''
GNULIB_MBSCASESTR=''
GNULIB_MBSCHR=''
GNULIB_MBSCSPN=''
GNULIB_MBSINIT=''
GNULIB_MBSLEN=''
GNULIB_MBSNCASECMP=''
GNULIB_MBSNLEN=''
GNULIB_MBSNRTOWCS=''
GNULIB_MBSPBRK=''
GNULIB_MBSPCASECMP=''
GNULIB_MBSRCHR=''
GNULIB_MBSRTOWCS=''
GNULIB_MBSSEP=''
GNULIB_MBSSPN=''
GNULIB_MBSSTR=''
GNULIB_MBSTOK_R=''
GNULIB_MEMCHR=''
GNULIB_MEMMEM=''
GNULIB_MEMPCPY=''
GNULIB_MEMRCHR=''
GNULIB_MKDTEMP=''
GNULIB_MKOSTEMP=''
GNULIB_MKOSTEMPS=''
GNULIB_MKSTEMP=''
GNULIB_MKSTEMPS=''
GNULIB_PIPE2=''
GNULIB_PREAD=''
GNULIB_PTSNAME=''
GNULIB_PUTENV=''
GNULIB_RANDOM_R=''
GNULIB_RAWMEMCHR=''
GNULIB_READLINK=''
GNULIB_READLINKAT=''
GNULIB_REALLOC_POSIX=''
GNULIB_REALPATH=''
GNULIB_RMDIR=''
GNULIB_ROUND=''
GNULIB_ROUNDF=''
GNULIB_ROUNDL=''
GNULIB_RPMATCH=''
GNULIB_SETENV=''
GNULIB_SIGNBIT=''
GNULIB_SINL=''
GNULIB_SLEEP=''
GNULIB_SQRTL=''
GNULIB_STPCPY=''
GNULIB_STPNCPY=''
GNULIB_STRCASESTR=''
GNULIB_STRCHRNUL=''
GNULIB_STRDUP=''
GNULIB_STRERROR=''
GNULIB_STRNCAT=''
GNULIB_STRNDUP=''
GNULIB_STRNLEN=''
GNULIB_STRPBRK=''
GNULIB_STRSEP=''
GNULIB_STRSIGNAL=''
GNULIB_STRSTR=''
GNULIB_STRTOD=''
GNULIB_STRTOK_R=''
GNULIB_STRTOLL=''
GNULIB_STRTOULL=''
GNULIB_STRVERSCMP=''
GNULIB_SYMLINK=''
GNULIB_SYMLINKAT=''
GNULIB_TANL=''
GNULIB_TRUNC=''
GNULIB_TRUNCF=''
GNULIB_TRUNCL=''
GNULIB_TTYNAME_R=''
GNULIB_UNISTD_H_GETOPT=''
GNULIB_UNISTD_H_SIGPIPE=''
GNULIB_UNLINK=''
GNULIB_UNLINKAT=''
GNULIB_UNLOCKPT=''
GNULIB_UNSETENV=''
GNULIB_USLEEP=''
GNULIB_WCRTOMB=''
GNULIB_WCSNRTOMBS=''
GNULIB_WCSRTOMBS=''
GNULIB_WCTOB=''
GNULIB_WCWIDTH=''
GNULIB_WRITE=''
GREP=''
HAVE_ACOSL=''
HAVE_ASINL=''
HAVE_ATANL=''
HAVE_ATOLL=''
HAVE_BTOWC=''
HAVE_CALLOC_POSIX=''
HAVE_CANONICALIZE_FILE_NAME=''
HAVE_CHOWN=''
HAVE_COSL=''
HAVE_DECL_ACOSL=''
HAVE_DECL_ASINL=''
HAVE_DECL_ATANL=''
HAVE_DECL_CEILF=''
HAVE_DECL_CEILL=''
HAVE_DECL_COSL=''
HAVE_DECL_ENVIRON=''
HAVE_DECL_EXPL=''
HAVE_DECL_FLOORF=''
HAVE_DECL_FLOORL=''
HAVE_DECL_FREXPL=''
HAVE_DECL_GETLOADAVG=''
HAVE_DECL_GETLOGIN_R=''
HAVE_DECL_GETPAGESIZE=''
HAVE_DECL_GETUSERSHELL=''
HAVE_DECL_LDEXPL=''
HAVE_DECL_LOGB=''
HAVE_DECL_LOGL=''
HAVE_DECL_MEMMEM=''
HAVE_DECL_MEMRCHR=''
HAVE_DECL_ROUND=''
HAVE_DECL_ROUNDF=''
HAVE_DECL_ROUNDL=''
HAVE_DECL_SINL=''
HAVE_DECL_SQRTL=''
HAVE_DECL_STRDUP=''
HAVE_DECL_STRNDUP=''
HAVE_DECL_STRNLEN=''
HAVE_DECL_STRSIGNAL=''
HAVE_DECL_STRTOK_R=''
HAVE_DECL_TANL=''
HAVE_DECL_TRUNC=''
HAVE_DECL_TRUNCF=''
HAVE_DECL_TRUNCL=''
HAVE_DECL_WCTOB=''
HAVE_DECL_WCWIDTH=''
HAVE_DUP2=''
HAVE_DUP3=''
HAVE_DUPLOCALE=''
HAVE_EUIDACCESS=''
HAVE_EXPL=''
HAVE_FACCESSAT=''
HAVE_FCHDIR=''
HAVE_FCHOWNAT=''
HAVE_FSYNC=''
HAVE_FTRUNCATE=''
HAVE_GETDOMAINNAME=''
HAVE_GETDTABLESIZE=''
HAVE_GETGROUPS=''
HAVE_GETHOSTNAME=''
HAVE_GETLOGIN=''
HAVE_GETPAGESIZE=''
HAVE_GETSUBOPT=''
HAVE_GLOBAL_SYMBOL_PIPE=''
HAVE_GRANTPT=''
HAVE_INTTYPES_H=''
HAVE_ISNAND=''
HAVE_ISNANF=''
HAVE_ISNANL=''
HAVE_ISWBLANK=''
HAVE_ISWCNTRL=''
HAVE_LCHOWN=''
HAVE_LINK=''
HAVE_LINKAT=''
HAVE_LOGL=''
HAVE_LONG_LONG_INT=''
HAVE_MALLOC_POSIX=''
HAVE_MBRLEN=''
HAVE_MBRTOWC=''
HAVE_MBSINIT=''
HAVE_MBSLEN=''
HAVE_MBSNRTOWCS=''
HAVE_MBSRTOWCS=''
HAVE_MEMCHR=''
HAVE_MEMPCPY=''
HAVE_MKDTEMP=''
HAVE_MKOSTEMP=''
HAVE_MKOSTEMPS=''
HAVE_MKSTEMP=''
HAVE_MKSTEMPS=''
HAVE_OS_H=''
HAVE_PIPE2=''
HAVE_PREAD=''
HAVE_PTSNAME=''
HAVE_RANDOM_H=''
HAVE_RANDOM_R=''
HAVE_RAWMEMCHR=''
HAVE_READLINK=''
HAVE_READLINKAT=''
HAVE_REALLOC_POSIX=''
HAVE_REALPATH=''
HAVE_RPMATCH=''
HAVE_SETENV=''
HAVE_SIGNED_SIG_ATOMIC_T=''
HAVE_SIGNED_WCHAR_T=''
HAVE_SIGNED_WINT_T=''
HAVE_SINL=''
HAVE_SLEEP=''
HAVE_SQRTL=''
HAVE_STDINT_H=''
HAVE_STPCPY=''
HAVE_STPNCPY=''
HAVE_STRCASESTR=''
HAVE_STRCHRNUL=''
HAVE_STRPBRK=''
HAVE_STRSEP=''
HAVE_STRTOD=''
HAVE_STRTOLL=''
HAVE_STRTOULL=''
HAVE_STRUCT_RANDOM_DATA=''
HAVE_STRVERSCMP=''
HAVE_SYMLINK=''
HAVE_SYMLINKAT=''
HAVE_SYS_BITYPES_H=''
HAVE_SYS_INTTYPES_H=''
HAVE_SYS_LOADAVG_H=''
HAVE_SYS_PARAM_H=''
HAVE_SYS_TYPES_H=''
HAVE_TANL=''
HAVE_TTYNAME_R=''
HAVE_UNISTD_H=''
HAVE_UNLINKAT=''
HAVE_UNLOCKPT=''
HAVE_UNSETENV=''
HAVE_UNSIGNED_LONG_LONG_INT=''
HAVE_USLEEP=''
HAVE_WCHAR_H=''
HAVE_WCHAR_T=''
HAVE_WCRTOMB=''
HAVE_WCSNRTOMBS=''
HAVE_WCSRTOMBS=''
HAVE_WCTYPE_H=''
HAVE_WINT_T=''
HAVE_XLOCALE_H=''
HAVE__BOOL=''
HEXVERSION=''
ICONV_H=''
INCLUDE_NEXT=''
INCLUDE_NEXT_AS_FIRST_DIRECTIVE=''
INSTALL_DATA='${INSTALL} -m 644'
INSTALL_PROGRAM='${INSTALL}'
INSTALL_SCRIPT='${INSTALL}'
INSTALL_STRIP_PROGRAM='$(install_sh) -c -s'
INTL_MACOSX_LIBS=''
LD=''
LDFLAGS='-L$(SRC_PATH)/build/usr/lib'
LIBICONV=''
LIBINTL=''
LIBMULTITHREAD=''
LIBOBJS=''
LIBPTH=''
LIBPTH_PREFIX=''
LIBS=''
LIBTESTS_LIBDEPS=''
LIBTHREAD=''
LIBTOOL=''
LIPO=''
LN_S=''
LOCALCHARSET_TESTS_ENVIRONMENT=''
LOCALE_FR=''
LOCALE_FR_UTF8=''
LOCALE_JA=''
LOCALE_TR_UTF8=''
LOCALE_ZH_CN=''
LTLIBICONV=''
LTLIBINTL=''
LTLIBMULTITHREAD=''
LTLIBOBJS=''
LTLIBPTH=''
LTLIBTHREAD=''
MAKEINFO='${SHELL} /home/antony/R7000/2013_03_15_BSP_6.30.163.30/ap/gpl/iserver/libunistring-0.9.3/build-aux/missing --run makeinfo'
MKDIR_P='/bin/mkdir -p'
NAMESPACING=''
NEXT_AS_FIRST_DIRECTIVE_ERRNO_H=''
NEXT_AS_FIRST_DIRECTIVE_FLOAT_H=''
NEXT_AS_FIRST_DIRECTIVE_ICONV_H=''
NEXT_AS_FIRST_DIRECTIVE_LOCALE_H=''
NEXT_AS_FIRST_DIRECTIVE_MATH_H=''
NEXT_AS_FIRST_DIRECTIVE_STDDEF_H=''
NEXT_AS_FIRST_DIRECTIVE_STDINT_H=''
NEXT_AS_FIRST_DIRECTIVE_STDLIB_H=''
NEXT_AS_FIRST_DIRECTIVE_STRING_H=''
NEXT_AS_FIRST_DIRECTIVE_UNISTD_H=''
NEXT_AS_FIRST_DIRECTIVE_WCHAR_H=''
NEXT_AS_FIRST_DIRECTIVE_WCTYPE_H=''
NEXT_ERRNO_H=''
NEXT_FLOAT_H=''
NEXT_ICONV_H=''
NEXT_LOCALE_H=''
NEXT_MATH_H=''
NEXT_STDDEF_H=''
NEXT_STDINT_H=''
NEXT_STDLIB_H=''
NEXT_STRING_H=''
NEXT_UNISTD_H=''
NEXT_WCHAR_H=''
NEXT_WCTYPE_H=''
NM=''
NMEDIT=''
OBJDUMP=''
OBJEXT=''
OTOOL64=''
OTOOL=''
PACKAGE='libunistring'
PACKAGE_BUGREPORT=''
PACKAGE_NAME=''
PACKAGE_STRING=''
PACKAGE_TARNAME=''
PACKAGE_VERSION=''
PATH_SEPARATOR=':'
PERL=''
PRAGMA_SYSTEM_HEADER=''
PTRDIFF_T_SUFFIX=''
RANLIB=''
RC=''
RELOCATABLE=''
REPLACE_BTOWC=''
REPLACE_CANONICALIZE_FILE_NAME=''
REPLACE_CEILF=''
REPLACE_CEILL=''
REPLACE_CHOWN=''
REPLACE_CLOSE=''
REPLACE_DUP2=''
REPLACE_DUP=''
REPLACE_DUPLOCALE=''
REPLACE_FCHOWNAT=''
REPLACE_FLOORF=''
REPLACE_FLOORL=''
REPLACE_FREXP=''
REPLACE_FREXPL=''
REPLACE_GETCWD=''
REPLACE_GETGROUPS=''
REPLACE_GETPAGESIZE=''
REPLACE_HUGE_VAL=''
REPLACE_ICONV=''
REPLACE_ICONV_OPEN=''
REPLACE_ICONV_UTF=''
REPLACE_ISFINITE=''
REPLACE_ISINF=''
REPLACE_ISNAN=''
REPLACE_ISWCNTRL=''
REPLACE_LCHOWN=''
REPLACE_LDEXPL=''
REPLACE_LINK=''
REPLACE_LINKAT=''
REPLACE_LSEEK=''
REPLACE_MBRLEN=''
REPLACE_MBRTOWC=''
REPLACE_MBSINIT=''
REPLACE_MBSNRTOWCS=''
REPLACE_MBSRTOWCS=''
REPLACE_MBSTATE_T=''
REPLACE_MEMCHR=''
REPLACE_MEMMEM=''
REPLACE_MKSTEMP=''
REPLACE_NAN=''
REPLACE_NULL=''
REPLACE_PREAD=''
REPLACE_PUTENV=''
REPLACE_READLINK=''
REPLACE_REALPATH=''
REPLACE_RMDIR=''
REPLACE_ROUND=''
REPLACE_ROUNDF=''
REPLACE_ROUNDL=''
REPLACE_SETENV=''
REPLACE_SIGNBIT=''
REPLACE_SIGNBIT_USING_GCC=''
REPLACE_SLEEP=''
REPLACE_STPNCPY=''
REPLACE_STRCASESTR=''
REPLACE_STRDUP=''
REPLACE_STRERROR=''
REPLACE_STRNCAT=''
REPLACE_STRNDUP=''
REPLACE_STRNLEN=''
REPLACE_STRSIGNAL=''
REPLACE_STRSTR=''
REPLACE_STRTOD=''
REPLACE_STRTOK_R=''
REPLACE_SYMLINK=''
REPLACE_TRUNCL=''
REPLACE_TTYNAME_R=''
REPLACE_UNLINK=''
REPLACE_UNLINKAT=''
REPLACE_UNSETENV=''
REPLACE_USLEEP=''
REPLACE_WCRTOMB=''
REPLACE_WCSNRTOMBS=''
REPLACE_WCSRTOMBS=''
REPLACE_WCTOB=''
REPLACE_WCWIDTH=''
REPLACE_WRITE=''
SED=''
SET_MAKE=''
SHELL='/bin/sh'
SIG_ATOMIC_T_SUFFIX=''
SIZE_T_SUFFIX=''
STDBOOL_H=''
STDDEF_H=''
STDINT_H=''
STRIP='strip'
TEXI2DVI=''
UNDEFINE_STRTOK_R=''
UNISTD_H_HAVE_WINSOCK2_H=''
UNISTD_H_HAVE_WINSOCK2_H_AND_USE_SOCKETS=''
VERSION='0.9.3'
WCHAR_T_SUFFIX=''
WINT_T_SUFFIX=''
WOE32DLL_FALSE=''
WOE32DLL_TRUE=''
WOE32_FALSE=''
WOE32_TRUE=''
YIELD_LIB=''
ac_ct_CC=''
ac_ct_DUMPBIN=''
am__EXEEXT_FALSE=''
am__EXEEXT_TRUE=''
am__fastdepCC_FALSE=''
am__fastdepCC_TRUE=''
am__include=''
am__isrc=''
am__leading_dot='.'
am__quote=''
am__tar='${AMTAR} chof - --owner=root --group=root "$$tardir"'
am__untar='${AMTAR} xf -'
bindir='${exec_prefix}/bin'
build=''
build_alias=''
build_cpu=''
build_os=''
build_vendor=''
datadir='${datarootdir}'
datarootdir='${prefix}/share'
docdir='${datarootdir}/doc/${PACKAGE}'
dvidir='${docdir}'
exec_prefix='NONE'
gl_LIBOBJS=''
gl_LTLIBOBJS=''
gltests_LIBOBJS=''
gltests_LTLIBOBJS=''
gltests_WITNESS=''
host='arm-linux'
host_alias='arm-linux'
host_cpu=''
host_os=''
host_vendor=''
htmldir='${docdir}'
includedir='${prefix}/include'
infodir='${datarootdir}/info'
install_sh='${SHELL} /home/antony/R7000/2013_03_15_BSP_6.30.163.30/ap/gpl/iserver/libunistring-0.9.3/build-aux/install-sh'
libdir='${exec_prefix}/lib'
libexecdir='${exec_prefix}/libexec'
localedir='${datarootdir}/locale'
localstatedir='${prefix}/var'
lt_ECHO='echo'
mandir='${datarootdir}/man'
mkdir_p='/bin/mkdir -p'
oldincludedir='/usr/include'
pdfdir='${docdir}'
prefix='/usr'
program_transform_name='s,x,x,'
psdir='${docdir}'
sbindir='${exec_prefix}/sbin'
sharedstatedir='${prefix}/com'
sysconfdir='${prefix}/etc'
target_alias=''

## ----------- ##
## confdefs.h. ##
## ----------- ##

#define PACKAGE_NAME ""
#define PACKAGE_TARNAME ""
#define PACKAGE_VERSION ""
#define PACKAGE_STRING ""
#define PACKAGE_BUGREPORT ""
#define PACKAGE "libunistring"
#define VERSION "0.9.3"

configure: exit 77

## ---------------------- ##
## Running config.status. ##
## ---------------------- ##

This file was extended by config.status, which was
generated by GNU Autoconf 2.65.  Invocation command line was

  CONFIG_FILES    = 
  CONFIG_HEADERS  = 
  CONFIG_LINKS    = 
  CONFIG_COMMANDS = 
  $ ./config.status gnulib-local/Makefile

on foxconncpe2

config.status:1853: creating gnulib-local/Makefile

## ---------------------- ##
## Running config.status. ##
## ---------------------- ##

This file was extended by config.status, which was
generated by GNU Autoconf 2.65.  Invocation command line was

  CONFIG_FILES    = 
  CONFIG_HEADERS  = 
  CONFIG_LINKS    = 
  CONFIG_COMMANDS = 
  $ ./config.status config.h

on foxconncpe2

config.status:1853: creating config.h
config.status:2025: config.h is unchanged
