This file contains any messages produced by compilers while
running configure, to aid debugging if configure makes a mistake.

It was created by avahi configure 0.6.25, which was
generated by GNU Autoconf 2.63.  Invocation command line was

  $ ./configure --host=arm-linux --prefix=/usr --disable-nls --enable-shared --enable-static --disable-glib --disable-gobject --disable-qt3 --disable-qt4 --disable-gtk --with-xml=expat --disable-dbm --enable-gdbm --enable-libdaemon --disable-python --disable-pygtk --disable-python-dbus --disable-mono --disable-monodoc --disable-doxygen-doc --disable-doxygen-dot --disable-doxygen-man --disable-doxygen-rtf --disable-doxygen-xml --disable-doxygen-chm --disable-doxygen-chi --disable-doxygen-html --disable-doxygen-ps --disable-doxygen-pdf --disable-xmltoman --with-distro=none --with-avahi-user=root --with-avahi-group=root --with-autoipd-user=root --with-autoipd-group=root --disable-stack-protector host_alias=arm-linux CC=arm-brcm-linux-uclibcgnueabi-gcc CFLAGS=-Os -O2 -DBCMWPA2 -DRESTART_ALL_PROCESSES -D__CONFIG_USBAP__ -DBCMQOS -DBCMWPS -D__CONFIG_EMF__ -DTRAFFIC_MGMT -DPHYMON -DSUPPORT_REMOTE_HTTPS -DINCLUDE_WPS_V20 -DINCLUDE_5G_AUTO_CHANNEL -DOPENDNS_PARENTAL_CONTROL -DINCLUDE_UCP -DU12H240 -DR6300v2 -DMULTIPLE_SSID -DENABLE_ML -DBCM53125 -DBCM5301X -DCONFIG_RUSSIA_IPTV -DDLNA -DHTTP_ACCESS_USB -DMAX_USB_ACCESS -DSAMBA_ENABLE -DUSB_NEW_SPEC -DINCLUDE_WIFI_BUTTON -DINCLUDE_USB_LED -DINCLUDE_DUAL_BAND -DSINGLE_FIRMWARE -DINCLUDE_GET_ST_CHKSUM -DUNIFIED_STR_TBL -DFIRST_MTD_ROTATION -DWIFI_ON_OFF_SCHE -DAUTO_CONN_24HR -DIGMP_PROXY -DAP_MODE -D__CONFIG_IGMP_SNOOPING__ -DLINUX26 -DINCLUDE_IPV6 -DPRESET_WL_SECURITY -DNEW_BCM_WPS_IPC -DSUPPORT_AC_MODE -DSTA_MODE -DPPP_RU_DESIGN -DEXT_ACS -D__CONFIG_PLC__ -D__CONFIG_URE__ -DPLC -DWPS_LONGPUSH_DISABLE -Os -DLINUX26 -DCONFIG_KERNEL_2_6_36 -I$(SRC_PATH)/build/usr/include LDFLAGS=-L$(SRC_PATH)/build/usr/lib CPPFLAGS=-I$(SRC_PATH)/build/usr/include CPP=arm-brcm-linux-uclibcgnueabi-gcc -E --no-create --no-recursion

## --------- ##
## Platform. ##
## --------- ##

hostname = foxconncpe2
uname -m = i686
uname -r = 2.6.27.5-117.fc10.i686.PAE
uname -s = Linux
uname -v = #1 SMP Tue Nov 18 12:08:10 EST 2008

/usr/bin/uname -p = unknown
/bin/uname -X     = unknown

/bin/arch              = i686
/usr/bin/arch -k       = unknown
/usr/convex/getsysinfo = unknown
/usr/bin/hostinfo      = unknown
/bin/machine           = unknown
/usr/bin/oslevel       = unknown
/bin/universe          = unknown

PATH: /usr/lib
PATH: /usr/lib/qt-3.3/bin
PATH: /usr/kerberos/bin
PATH: /usr/lib/ccache
PATH: /usr/local/bin
PATH: /bin
PATH: /usr/bin
PATH: /usr/local/sbin
PATH: /usr/sbin
PATH: /sbin
PATH: /home/antony/bin


## ----------- ##
## Core tests. ##
## ----------- ##

configure:2470: checking for a BSD-compatible install
configure:2538: result: /usr/bin/install -c
configure:2549: checking whether build environment is sane
configure:2592: result: yes
configure:2617: checking for a thread-safe mkdir -p
configure:2656: result: /bin/mkdir -p
configure:2669: checking for gawk
configure:2685: found /bin/gawk
configure:2696: result: gawk
configure:2707: checking whether make sets $(MAKE)
configure:2729: result: yes
configure:2809: checking for arm-linux-strip
configure:2839: result: no
configure:2849: checking for strip
configure:2865: found /usr/bin/strip
configure:2876: result: strip
configure:2957: checking for arm-linux-gcc
configure:2984: result: arm-brcm-linux-uclibcgnueabi-gcc
configure:3256: checking for C compiler version
configure:3264: arm-brcm-linux-uclibcgnueabi-gcc --version >&5
./configure: line 3266: arm-brcm-linux-uclibcgnueabi-gcc: command not found
configure:3268: $? = 127
configure:3275: arm-brcm-linux-uclibcgnueabi-gcc -v >&5
./configure: line 3277: arm-brcm-linux-uclibcgnueabi-gcc: command not found
configure:3279: $? = 127
configure:3286: arm-brcm-linux-uclibcgnueabi-gcc -V >&5
./configure: line 3288: arm-brcm-linux-uclibcgnueabi-gcc: command not found
configure:3290: $? = 127
configure:3313: checking for C compiler default output file name
configure:3335: arm-brcm-linux-uclibcgnueabi-gcc -Os -O2 -DBCMWPA2 -DRESTART_ALL_PROCESSES -D__CONFIG_USBAP__ -DBCMQOS -DBCMWPS -D__CONFIG_EMF__ -DTRAFFIC_MGMT -DPHYMON -DSUPPORT_REMOTE_HTTPS -DINCLUDE_WPS_V20 -DINCLUDE_5G_AUTO_CHANNEL -DOPENDNS_PARENTAL_CONTROL -DINCLUDE_UCP -DU12H240 -DR6300v2 -DMULTIPLE_SSID -DENABLE_ML -DBCM53125 -DBCM5301X -DCONFIG_RUSSIA_IPTV -DDLNA -DHTTP_ACCESS_USB -DMAX_USB_ACCESS -DSAMBA_ENABLE -DUSB_NEW_SPEC -DINCLUDE_WIFI_BUTTON -DINCLUDE_USB_LED -DINCLUDE_DUAL_BAND -DSINGLE_FIRMWARE -DINCLUDE_GET_ST_CHKSUM -DUNIFIED_STR_TBL -DFIRST_MTD_ROTATION -DWIFI_ON_OFF_SCHE -DAUTO_CONN_24HR -DIGMP_PROXY -DAP_MODE -D__CONFIG_IGMP_SNOOPING__ -DLINUX26 -DINCLUDE_IPV6 -DPRESET_WL_SECURITY -DNEW_BCM_WPS_IPC -DSUPPORT_AC_MODE -DSTA_MODE -DPPP_RU_DESIGN -DEXT_ACS -D__CONFIG_PLC__ -D__CONFIG_URE__ -DPLC -DWPS_LONGPUSH_DISABLE -Os -DLINUX26 -DCONFIG_KERNEL_2_6_36 -I$(SRC_PATH)/build/usr/include -I$(SRC_PATH)/build/usr/include -L$(SRC_PATH)/build/usr/lib conftest.c  >&5
./configure: line 3337: arm-brcm-linux-uclibcgnueabi-gcc: command not found
configure:3339: $? = 127
configure:3377: result: 
configure: failed program was:
| /* confdefs.h.  */
| #define PACKAGE_NAME "avahi"
| #define PACKAGE_TARNAME "avahi"
| #define PACKAGE_VERSION "0.6.25"
| #define PACKAGE_STRING "avahi 0.6.25"
| #define PACKAGE_BUGREPORT "avahi (at) lists (dot) freedesktop (dot) org"
| #define PACKAGE "avahi"
| #define VERSION "0.6.25"
| /* end confdefs.h.  */
| 
| int
| main ()
| {
| 
|   ;
|   return 0;
| }
configure:3383: error: in `/home/antony/R7000/2013_03_15_BSP_6.30.163.30/ap/gpl/iserver/avahi-0.6.25':
configure:3386: error: C compiler cannot create executables
See `config.log' for more details.

## ---------------- ##
## Cache variables. ##
## ---------------- ##

ac_cv_env_CCC_set=
ac_cv_env_CCC_value=
ac_cv_env_CC_set=set
ac_cv_env_CC_value=arm-brcm-linux-uclibcgnueabi-gcc
ac_cv_env_CFLAGS_set=set
ac_cv_env_CFLAGS_value='-Os -O2 -DBCMWPA2 -DRESTART_ALL_PROCESSES -D__CONFIG_USBAP__ -DBCMQOS -DBCMWPS -D__CONFIG_EMF__ -DTRAFFIC_MGMT -DPHYMON -DSUPPORT_REMOTE_HTTPS -DINCLUDE_WPS_V20 -DINCLUDE_5G_AUTO_CHANNEL -DOPENDNS_PARENTAL_CONTROL -DINCLUDE_UCP -DU12H240 -DR6300v2 -DMULTIPLE_SSID -DENABLE_ML -DBCM53125 -DBCM5301X -DCONFIG_RUSSIA_IPTV -DDLNA -DHTTP_ACCESS_USB -DMAX_USB_ACCESS -DSAMBA_ENABLE -DUSB_NEW_SPEC -DINCLUDE_WIFI_BUTTON -DINCLUDE_USB_LED -DINCLUDE_DUAL_BAND -DSINGLE_FIRMWARE -DINCLUDE_GET_ST_CHKSUM -DUNIFIED_STR_TBL -DFIRST_MTD_ROTATION -DWIFI_ON_OFF_SCHE -DAUTO_CONN_24HR -DIGMP_PROXY -DAP_MODE -D__CONFIG_IGMP_SNOOPING__ -DLINUX26 -DINCLUDE_IPV6 -DPRESET_WL_SECURITY -DNEW_BCM_WPS_IPC -DSUPPORT_AC_MODE -DSTA_MODE -DPPP_RU_DESIGN -DEXT_ACS -D__CONFIG_PLC__ -D__CONFIG_URE__ -DPLC -DWPS_LONGPUSH_DISABLE -Os -DLINUX26 -DCONFIG_KERNEL_2_6_36 -I$(SRC_PATH)/build/usr/include'
ac_cv_env_CPPFLAGS_set=set
ac_cv_env_CPPFLAGS_value='-I$(SRC_PATH)/build/usr/include'
ac_cv_env_CPP_set=set
ac_cv_env_CPP_value='arm-brcm-linux-uclibcgnueabi-gcc -E'
ac_cv_env_CXXCPP_set=
ac_cv_env_CXXCPP_value=
ac_cv_env_CXXFLAGS_set=
ac_cv_env_CXXFLAGS_value=
ac_cv_env_CXX_set=
ac_cv_env_CXX_value=
ac_cv_env_DBUS_CFLAGS_set=
ac_cv_env_DBUS_CFLAGS_value=
ac_cv_env_DBUS_LIBS_set=
ac_cv_env_DBUS_LIBS_value=
ac_cv_env_DOXYGEN_PAPER_SIZE_set=
ac_cv_env_DOXYGEN_PAPER_SIZE_value=
ac_cv_env_GLADE20_CFLAGS_set=
ac_cv_env_GLADE20_CFLAGS_value=
ac_cv_env_GLADE20_LIBS_set=
ac_cv_env_GLADE20_LIBS_value=
ac_cv_env_GLIB20_CFLAGS_set=
ac_cv_env_GLIB20_CFLAGS_value=
ac_cv_env_GLIB20_LIBS_set=
ac_cv_env_GLIB20_LIBS_value=
ac_cv_env_GOBJECT_CFLAGS_set=
ac_cv_env_GOBJECT_CFLAGS_value=
ac_cv_env_GOBJECT_LIBS_set=
ac_cv_env_GOBJECT_LIBS_value=
ac_cv_env_GTK20_CFLAGS_set=
ac_cv_env_GTK20_CFLAGS_value=
ac_cv_env_GTK20_LIBS_set=
ac_cv_env_GTK20_LIBS_value=
ac_cv_env_LDFLAGS_set=set
ac_cv_env_LDFLAGS_value='-L$(SRC_PATH)/build/usr/lib'
ac_cv_env_LIBDAEMON_CFLAGS_set=
ac_cv_env_LIBDAEMON_CFLAGS_value=
ac_cv_env_LIBDAEMON_LIBS_set=
ac_cv_env_LIBDAEMON_LIBS_value=
ac_cv_env_LIBS_set=
ac_cv_env_LIBS_value=
ac_cv_env_MONODOC_CFLAGS_set=
ac_cv_env_MONODOC_CFLAGS_value=
ac_cv_env_MONODOC_LIBS_set=
ac_cv_env_MONODOC_LIBS_value=
ac_cv_env_PKG_CONFIG_set=
ac_cv_env_PKG_CONFIG_value=
ac_cv_env_QT3_CFLAGS_set=
ac_cv_env_QT3_CFLAGS_value=
ac_cv_env_QT3_LIBS_set=
ac_cv_env_QT3_LIBS_value=
ac_cv_env_QT4_CFLAGS_set=
ac_cv_env_QT4_CFLAGS_value=
ac_cv_env_QT4_LIBS_set=
ac_cv_env_QT4_LIBS_value=
ac_cv_env_build_alias_set=
ac_cv_env_build_alias_value=
ac_cv_env_host_alias_set=set
ac_cv_env_host_alias_value=arm-linux
ac_cv_env_target_alias_set=
ac_cv_env_target_alias_value=
ac_cv_path_install='/usr/bin/install -c'
ac_cv_path_mkdir=/bin/mkdir
ac_cv_prog_AWK=gawk
ac_cv_prog_CC=arm-brcm-linux-uclibcgnueabi-gcc
ac_cv_prog_ac_ct_STRIP=strip
ac_cv_prog_make_make_set=yes

## ----------------- ##
## Output variables. ##
## ----------------- ##

ACLOCAL='${SHELL} /home/antony/R7000/2013_03_15_BSP_6.30.163.30/ap/gpl/iserver/avahi-0.6.25/missing --run aclocal-1.10'
ALL_LINGUAS=''
AMDEPBACKSLASH=''
AMDEP_FALSE=''
AMDEP_TRUE=''
AMTAR='${SHELL} /home/antony/R7000/2013_03_15_BSP_6.30.163.30/ap/gpl/iserver/avahi-0.6.25/missing --run tar'
AR=''
AUTOCONF='${SHELL} /home/antony/R7000/2013_03_15_BSP_6.30.163.30/ap/gpl/iserver/avahi-0.6.25/missing --run autoconf'
AUTOHEADER='${SHELL} /home/antony/R7000/2013_03_15_BSP_6.30.163.30/ap/gpl/iserver/avahi-0.6.25/missing --run autoheader'
AUTOMAKE='${SHELL} /home/antony/R7000/2013_03_15_BSP_6.30.163.30/ap/gpl/iserver/avahi-0.6.25/missing --run automake-1.10'
AVAHI_AUTOIPD_GROUP=''
AVAHI_AUTOIPD_USER=''
AVAHI_GROUP=''
AVAHI_PRIV_ACCESS_GROUP=''
AVAHI_USER=''
AWK='gawk'
BUILD_MANPAGES_FALSE=''
BUILD_MANPAGES_TRUE=''
CATALOGS=''
CATOBJEXT=''
CC='arm-brcm-linux-uclibcgnueabi-gcc'
CCDEPMODE=''
CFLAGS='-Os -O2 -DBCMWPA2 -DRESTART_ALL_PROCESSES -D__CONFIG_USBAP__ -DBCMQOS -DBCMWPS -D__CONFIG_EMF__ -DTRAFFIC_MGMT -DPHYMON -DSUPPORT_REMOTE_HTTPS -DINCLUDE_WPS_V20 -DINCLUDE_5G_AUTO_CHANNEL -DOPENDNS_PARENTAL_CONTROL -DINCLUDE_UCP -DU12H240 -DR6300v2 -DMULTIPLE_SSID -DENABLE_ML -DBCM53125 -DBCM5301X -DCONFIG_RUSSIA_IPTV -DDLNA -DHTTP_ACCESS_USB -DMAX_USB_ACCESS -DSAMBA_ENABLE -DUSB_NEW_SPEC -DINCLUDE_WIFI_BUTTON -DINCLUDE_USB_LED -DINCLUDE_DUAL_BAND -DSINGLE_FIRMWARE -DINCLUDE_GET_ST_CHKSUM -DUNIFIED_STR_TBL -DFIRST_MTD_ROTATION -DWIFI_ON_OFF_SCHE -DAUTO_CONN_24HR -DIGMP_PROXY -DAP_MODE -D__CONFIG_IGMP_SNOOPING__ -DLINUX26 -DINCLUDE_IPV6 -DPRESET_WL_SECURITY -DNEW_BCM_WPS_IPC -DSUPPORT_AC_MODE -DSTA_MODE -DPPP_RU_DESIGN -DEXT_ACS -D__CONFIG_PLC__ -D__CONFIG_URE__ -DPLC -DWPS_LONGPUSH_DISABLE -Os -DLINUX26 -DCONFIG_KERNEL_2_6_36 -I$(SRC_PATH)/build/usr/include'
CPP='arm-brcm-linux-uclibcgnueabi-gcc -E'
CPPFLAGS='-I$(SRC_PATH)/build/usr/include'
CXX=''
CXXCPP=''
CXXDEPMODE=''
CXXFLAGS=''
CYGPATH_W='echo'
DATADIRNAME=''
DBUS_CFLAGS=''
DBUS_LIBS=''
DBUS_SYSTEM_BUS_DEFAULT_ADDRESS=''
DBUS_SYS_DIR=''
DEFS=''
DEPDIR=''
DOXYGEN_PAPER_SIZE=''
DSYMUTIL=''
DUMPBIN=''
DX_COND_chi_FALSE=''
DX_COND_chi_TRUE=''
DX_COND_chm_FALSE=''
DX_COND_chm_TRUE=''
DX_COND_doc_FALSE=''
DX_COND_doc_TRUE=''
DX_COND_dot_FALSE=''
DX_COND_dot_TRUE=''
DX_COND_html_FALSE=''
DX_COND_html_TRUE=''
DX_COND_latex_FALSE=''
DX_COND_latex_TRUE=''
DX_COND_man_FALSE=''
DX_COND_man_TRUE=''
DX_COND_pdf_FALSE=''
DX_COND_pdf_TRUE=''
DX_COND_ps_FALSE=''
DX_COND_ps_TRUE=''
DX_COND_rtf_FALSE=''
DX_COND_rtf_TRUE=''
DX_COND_xml_FALSE=''
DX_COND_xml_TRUE=''
DX_CONFIG=''
DX_DOCDIR=''
DX_DOT=''
DX_DOXYGEN=''
DX_DVIPS=''
DX_EGREP=''
DX_ENV=''
DX_FLAG_chi=''
DX_FLAG_chm=''
DX_FLAG_doc=''
DX_FLAG_dot=''
DX_FLAG_html=''
DX_FLAG_man=''
DX_FLAG_pdf=''
DX_FLAG_ps=''
DX_FLAG_rtf=''
DX_FLAG_xml=''
DX_HHC=''
DX_LATEX=''
DX_MAKEINDEX=''
DX_PDFLATEX=''
DX_PERL=''
DX_PROJECT=''
ECHO_C=''
ECHO_N='-n'
ECHO_T=''
EGREP=''
ENABLE_AUTOIPD_FALSE=''
ENABLE_AUTOIPD_TRUE=''
ENABLE_CHROOT_FALSE=''
ENABLE_CHROOT_TRUE=''
ENABLE_COMPAT_HOWL_FALSE=''
ENABLE_COMPAT_HOWL_TRUE=''
ENABLE_COMPAT_LIBDNS_SD_FALSE=''
ENABLE_COMPAT_LIBDNS_SD_TRUE=''
ENABLE_CORE_DOCS_FALSE=''
ENABLE_CORE_DOCS_TRUE=''
ENABLE_TESTS_FALSE=''
ENABLE_TESTS_TRUE=''
EXEEXT=''
FGREP=''
GACUTIL=''
GETTEXT_PACKAGE=''
GLADE20_CFLAGS=''
GLADE20_LIBS=''
GLIB20_CFLAGS=''
GLIB20_LIBS=''
GMOFILES=''
GMSGFMT=''
GOBJECT_CFLAGS=''
GOBJECT_LIBS=''
GREP=''
GTK20_CFLAGS=''
GTK20_LIBS=''
HAVE_DBM_FALSE=''
HAVE_DBM_TRUE=''
HAVE_DBUS_FALSE=''
HAVE_DBUS_TRUE=''
HAVE_DLOPEN_FALSE=''
HAVE_DLOPEN_TRUE=''
HAVE_GDBM_FALSE=''
HAVE_GDBM_TRUE=''
HAVE_GLIB_FALSE=''
HAVE_GLIB_TRUE=''
HAVE_GOBJECT_FALSE=''
HAVE_GOBJECT_TRUE=''
HAVE_GTK_FALSE=''
HAVE_GTK_TRUE=''
HAVE_INOTIFY_FALSE=''
HAVE_INOTIFY_TRUE=''
HAVE_KQUEUE_FALSE=''
HAVE_KQUEUE_TRUE=''
HAVE_LIBDAEMON_FALSE=''
HAVE_LIBDAEMON_TRUE=''
HAVE_MONODOC_FALSE=''
HAVE_MONODOC_TRUE=''
HAVE_MONO_FALSE=''
HAVE_MONO_TRUE=''
HAVE_NETLINK_FALSE=''
HAVE_NETLINK_TRUE=''
HAVE_PF_ROUTE_FALSE=''
HAVE_PF_ROUTE_TRUE=''
HAVE_PYGTK_FALSE=''
HAVE_PYGTK_TRUE=''
HAVE_PYTHON_DBUS_FALSE=''
HAVE_PYTHON_DBUS_TRUE=''
HAVE_PYTHON_FALSE=''
HAVE_PYTHON_TRUE=''
HAVE_QT3_FALSE=''
HAVE_QT3_TRUE=''
HAVE_QT4_FALSE=''
HAVE_QT4_TRUE=''
HAVE_SYS_FILIO_H_FALSE=''
HAVE_SYS_FILIO_H_TRUE=''
HAVE_SYS_SYSCTL_H_FALSE=''
HAVE_SYS_SYSCTL_H_TRUE=''
HAVE_XML_FALSE=''
HAVE_XML_TRUE=''
HOWL_COMPAT_VERSION='0.9.8'
INSTALL_DATA='${INSTALL} -m 644'
INSTALL_PROGRAM='${INSTALL}'
INSTALL_SCRIPT='${INSTALL}'
INSTALL_STRIP_PROGRAM='$(install_sh) -c -s'
INSTOBJEXT=''
INTLLIBS=''
INTLTOOL_CAVES_RULE=''
INTLTOOL_DESKTOP_RULE=''
INTLTOOL_DIRECTORY_RULE=''
INTLTOOL_EXTRACT=''
INTLTOOL_KBD_RULE=''
INTLTOOL_KEYS_RULE=''
INTLTOOL_MERGE=''
INTLTOOL_OAF_RULE=''
INTLTOOL_PERL=''
INTLTOOL_POLICY_RULE=''
INTLTOOL_PONG_RULE=''
INTLTOOL_PROP_RULE=''
INTLTOOL_SCHEMAS_RULE=''
INTLTOOL_SERVER_RULE=''
INTLTOOL_SERVICE_RULE=''
INTLTOOL_SHEET_RULE=''
INTLTOOL_SOUNDLIST_RULE=''
INTLTOOL_THEME_RULE=''
INTLTOOL_UI_RULE=''
INTLTOOL_UPDATE=''
INTLTOOL_XAM_RULE=''
INTLTOOL_XML_NOMERGE_RULE=''
INTLTOOL_XML_RULE=''
LD=''
LDFLAGS='-L$(SRC_PATH)/build/usr/lib'
LIBAVAHI_CLIENT_VERSION_INFO='5:5:2'
LIBAVAHI_COMMON_VERSION_INFO='8:1:5'
LIBAVAHI_COMPAT_HOWL_VERSION_INFO='0:0:0'
LIBAVAHI_COMPAT_LIBDNS_SD_VERSION_INFO='1:0:0'
LIBAVAHI_CORE_VERSION_INFO='6:1:0'
LIBAVAHI_GLIB_VERSION_INFO='1:1:0'
LIBAVAHI_GOBJECT_VERSION_INFO='0:1:0'
LIBAVAHI_QT3_VERSION_INFO='1:2:0'
LIBAVAHI_QT4_VERSION_INFO='1:2:0'
LIBAVAHI_UI_VERSION_INFO='1:1:1'
LIBDAEMON_CFLAGS=''
LIBDAEMON_LIBS=''
LIBOBJS=''
LIBS=''
LIBTOOL=''
LIPO=''
LN_S=''
LTLIBOBJS=''
MAKEINFO='${SHELL} /home/antony/R7000/2013_03_15_BSP_6.30.163.30/ap/gpl/iserver/avahi-0.6.25/missing --run makeinfo'
MCS=''
MDASSEMBLER=''
MKDIR_P='/bin/mkdir -p'
MKINSTALLDIRS=''
MOC_QT3=''
MOC_QT4=''
MONODOCER=''
MONODOC_CFLAGS=''
MONODOC_DIR=''
MONODOC_LIBS=''
MSGFMT=''
MSGFMT_OPTS=''
MSGMERGE=''
NM=''
NMEDIT=''
OBJDUMP=''
OBJEXT=''
OTOOL64=''
OTOOL=''
PACKAGE='avahi'
PACKAGE_BUGREPORT='avahi (at) lists (dot) freedesktop (dot) org'
PACKAGE_NAME='avahi'
PACKAGE_STRING='avahi 0.6.25'
PACKAGE_TARNAME='avahi'
PACKAGE_URL='http://avahi.org/'
PACKAGE_VERSION='0.6.25'
PATH_SEPARATOR=':'
PKG_CONFIG=''
POFILES=''
POSUB=''
PO_IN_DATADIR_FALSE=''
PO_IN_DATADIR_TRUE=''
PTHREAD_CC=''
PTHREAD_CFLAGS=''
PTHREAD_LIBS=''
PYTHON=''
PYTHON_EXEC_PREFIX=''
PYTHON_PLATFORM=''
PYTHON_PREFIX=''
PYTHON_VERSION=''
QT3_CFLAGS=''
QT3_LIBS=''
QT4_CFLAGS=''
QT4_LIBS=''
RANLIB=''
SED=''
SET_MAKE=''
SHELL='/bin/sh'
STRIP='strip'
TARGET_ARCHLINUX_FALSE=''
TARGET_ARCHLINUX_TRUE=''
TARGET_DARWIN_FALSE=''
TARGET_DARWIN_TRUE=''
TARGET_DEBIAN_FALSE=''
TARGET_DEBIAN_TRUE=''
TARGET_FEDORA_FALSE=''
TARGET_FEDORA_TRUE=''
TARGET_FREEBSD_FALSE=''
TARGET_FREEBSD_TRUE=''
TARGET_GENTOO_FALSE=''
TARGET_GENTOO_TRUE=''
TARGET_LFS_FALSE=''
TARGET_LFS_TRUE=''
TARGET_MANDRIVA_FALSE=''
TARGET_MANDRIVA_TRUE=''
TARGET_NETBSD_FALSE=''
TARGET_NETBSD_TRUE=''
TARGET_SLACKWARE_FALSE=''
TARGET_SLACKWARE_TRUE=''
TARGET_SUSE_FALSE=''
TARGET_SUSE_TRUE=''
USE_NLS=''
USE_XMLTOMAN_FALSE=''
USE_XMLTOMAN_TRUE=''
VERSION='0.6.25'
VISIBILITY_HIDDEN_CFLAGS=''
XGETTEXT=''
XML_CFLAGS=''
XML_LIBS=''
ac_ct_CC=''
ac_ct_CXX=''
ac_ct_DUMPBIN=''
acx_pthread_config=''
am__fastdepCC_FALSE=''
am__fastdepCC_TRUE=''
am__fastdepCXX_FALSE=''
am__fastdepCXX_TRUE=''
am__include=''
am__isrc=''
am__leading_dot='.'
am__quote=''
am__tar='${AMTAR} chof - "$$tardir"'
am__untar='${AMTAR} xf -'
avahi_runtime_dir=''
avahi_socket=''
avahilocaledir=''
bindir='${exec_prefix}/bin'
build=''
build_alias=''
build_cpu=''
build_os=''
build_vendor=''
datadir='${datarootdir}'
datarootdir='${prefix}/share'
docdir='${datarootdir}/doc/${PACKAGE_TARNAME}'
dvidir='${docdir}'
exec_prefix='NONE'
have_pkg_config=''
have_xmltoman=''
host='arm-linux'
host_alias='arm-linux'
host_cpu=''
host_os=''
host_vendor=''
htmldir='${docdir}'
includedir='${prefix}/include'
infodir='${datarootdir}/info'
install_sh='$(SHELL) /home/antony/R7000/2013_03_15_BSP_6.30.163.30/ap/gpl/iserver/avahi-0.6.25/install-sh'
interfacesdir=''
libdir='${exec_prefix}/lib'
libexecdir='${exec_prefix}/libexec'
localedir='${datarootdir}/locale'
localstatedir='${prefix}/var'
lt_ECHO='echo'
mandir='${datarootdir}/man'
mkdir_p='/bin/mkdir -p'
oldincludedir='/usr/include'
pdfdir='${docdir}'
pkgpyexecdir=''
pkgpythondir=''
prefix='/usr'
program_transform_name='s,x,x,'
psdir='${docdir}'
pyexecdir=''
pythondir=''
sbindir='${exec_prefix}/sbin'
sharedstatedir='${prefix}/com'
sysconfdir='${prefix}/etc'
target_alias=''

## ----------- ##
## confdefs.h. ##
## ----------- ##

#define PACKAGE_NAME "avahi"
#define PACKAGE_TARNAME "avahi"
#define PACKAGE_VERSION "0.6.25"
#define PACKAGE_STRING "avahi 0.6.25"
#define PACKAGE_BUGREPORT "avahi (at) lists (dot) freedesktop (dot) org"
#define PACKAGE "avahi"
#define VERSION "0.6.25"

configure: exit 77

## ---------------------- ##
## Running config.status. ##
## ---------------------- ##

This file was extended by avahi config.status 0.6.25, which was
generated by GNU Autoconf 2.63.  Invocation command line was

  CONFIG_FILES    = po/Makefile.in
  CONFIG_HEADERS  = 
  CONFIG_LINKS    = 
  CONFIG_COMMANDS = 
  $ ./config.status 

on foxconncpe2

config.status:1433: creating po/Makefile.in
config.status:1707: executing depfiles commands
config.status:1707: executing libtool commands
config.status:1707: executing default-1 commands
config.status:1707: executing po/stamp-it commands

## ---------------------- ##
## Running config.status. ##
## ---------------------- ##

This file was extended by avahi config.status 0.6.25, which was
generated by GNU Autoconf 2.63.  Invocation command line was

  CONFIG_FILES    = 
  CONFIG_HEADERS  = 
  CONFIG_LINKS    = 
  CONFIG_COMMANDS = 
  $ ./config.status avahi-glib/Makefile depfiles

on foxconncpe2

config.status:1433: creating avahi-glib/Makefile
config.status:1707: executing depfiles commands

## ---------------------- ##
## Running config.status. ##
## ---------------------- ##

This file was extended by avahi config.status 0.6.25, which was
generated by GNU Autoconf 2.63.  Invocation command line was

  CONFIG_FILES    = 
  CONFIG_HEADERS  = 
  CONFIG_LINKS    = 
  CONFIG_COMMANDS = 
  $ ./config.status config.h

on foxconncpe2

config.status:1433: creating config.h

## ---------------------- ##
## Running config.status. ##
## ---------------------- ##

This file was extended by avahi config.status 0.6.25, which was
generated by GNU Autoconf 2.63.  Invocation command line was

  CONFIG_FILES    = 
  CONFIG_HEADERS  = 
  CONFIG_LINKS    = 
  CONFIG_COMMANDS = 
  $ ./config.status avahi-daemon/avahi-dbus.conf

on foxconncpe2

config.status:1433: creating avahi-daemon/avahi-dbus.conf

## ---------------------- ##
## Running config.status. ##
## ---------------------- ##

This file was extended by avahi config.status 0.6.25, which was
generated by GNU Autoconf 2.63.  Invocation command line was

  CONFIG_FILES    = 
  CONFIG_HEADERS  = 
  CONFIG_LINKS    = 
  CONFIG_COMMANDS = 
  $ ./config.status avahi-daemon/avahi-dbus.conf

on linux

config.status:1433: creating avahi-daemon/avahi-dbus.conf

## ---------------------- ##
## Running config.status. ##
## ---------------------- ##

This file was extended by avahi config.status 0.6.25, which was
generated by GNU Autoconf 2.63.  Invocation command line was

  CONFIG_FILES    = po/Makefile.in
  CONFIG_HEADERS  = 
  CONFIG_LINKS    = 
  CONFIG_COMMANDS = 
  $ ./config.status 

on linux

config.status:1433: creating po/Makefile.in
config.status:1707: executing depfiles commands
config.status:1707: executing libtool commands
config.status:1707: executing default-1 commands
config.status:1707: executing po/stamp-it commands

## ---------------------- ##
## Running config.status. ##
## ---------------------- ##

This file was extended by avahi config.status 0.6.25, which was
generated by GNU Autoconf 2.63.  Invocation command line was

  CONFIG_FILES    = 
  CONFIG_HEADERS  = 
  CONFIG_LINKS    = 
  CONFIG_COMMANDS = 
  $ ./config.status avahi-daemon/avahi-dbus.conf

on linux

config.status:1433: creating avahi-daemon/avahi-dbus.conf

## ---------------------- ##
## Running config.status. ##
## ---------------------- ##

This file was extended by avahi config.status 0.6.25, which was
generated by GNU Autoconf 2.63.  Invocation command line was

  CONFIG_FILES    = 
  CONFIG_HEADERS  = 
  CONFIG_LINKS    = 
  CONFIG_COMMANDS = 
  $ ./config.status avahi-daemon/avahi-dbus.conf

on linux

config.status:1433: creating avahi-daemon/avahi-dbus.conf

## ---------------------- ##
## Running config.status. ##
## ---------------------- ##

This file was extended by avahi config.status 0.6.25, which was
generated by GNU Autoconf 2.63.  Invocation command line was

  CONFIG_FILES    = po/Makefile.in
  CONFIG_HEADERS  = 
  CONFIG_LINKS    = 
  CONFIG_COMMANDS = 
  $ ./config.status 

on linux

config.status:1433: creating po/Makefile.in
config.status:1707: executing depfiles commands
config.status:1707: executing libtool commands
config.status:1707: executing default-1 commands
config.status:1707: executing po/stamp-it commands
