This file contains any messages produced by compilers while
running configure, to aid debugging if configure makes a mistake.

It was created by configure, which was
generated by GNU Autoconf 2.63.  Invocation command line was

  $ ./configure --host=arm-linux --prefix=/usr host_alias=arm-linux CC=arm-brcm-linux-uclibcgnueabi-gcc CFLAGS=-Os -O2 -DBCMWPA2 -DRESTART_ALL_PROCESSES -D__CONFIG_USBAP__ -DBCMQOS -DBCMWPS -D__CONFIG_EMF__ -DTRAFFIC_MGMT -DPHYMON -DSUPPORT_REMOTE_HTTPS -DINCLUDE_WPS_V20 -DINCLUDE_5G_AUTO_CHANNEL -DOPENDNS_PARENTAL_CONTROL -DINCLUDE_UCP -DU12H240 -DR6300v2 -DMULTIPLE_SSID -DENABLE_ML -DBCM53125 -DBCM5301X -DCONFIG_RUSSIA_IPTV -DDLNA -DHTTP_ACCESS_USB -DMAX_USB_ACCESS -DSAMBA_ENABLE -DUSB_NEW_SPEC -DINCLUDE_WIFI_BUTTON -DINCLUDE_USB_LED -DINCLUDE_DUAL_BAND -DSINGLE_FIRMWARE -DINCLUDE_GET_ST_CHKSUM -DUNIFIED_STR_TBL -DFIRST_MTD_ROTATION -DWIFI_ON_OFF_SCHE -DAUTO_CONN_24HR -DIGMP_PROXY -DAP_MODE -D__CONFIG_IGMP_SNOOPING__ -DLINUX26 -DINCLUDE_IPV6 -DPRESET_WL_SECURITY -DNEW_BCM_WPS_IPC -DSUPPORT_AC_MODE -DSTA_MODE -DPPP_RU_DESIGN -DEXT_ACS -D__CONFIG_PLC__ -D__CONFIG_URE__ -DPLC -DWPS_LONGPUSH_DISABLE -Os -DLINUX26 -DCONFIG_KERNEL_2_6_36 -I$(SRC_PATH)/build/usr/include LDFLAGS=-L$(SRC_PATH)/build/usr/lib CPPFLAGS=-I$(SRC_PATH)/build/usr/include CPP=arm-brcm-linux-uclibcgnueabi-gcc -E --no-create --no-recursion

## --------- ##
## Platform. ##
## --------- ##

hostname = foxconncpe2
uname -m = i686
uname -r = 2.6.27.5-117.fc10.i686.PAE
uname -s = Linux
uname -v = #1 SMP Tue Nov 18 12:08:10 EST 2008

/usr/bin/uname -p = unknown
/bin/uname -X     = unknown

/bin/arch              = i686
/usr/bin/arch -k       = unknown
/usr/convex/getsysinfo = unknown
/usr/bin/hostinfo      = unknown
/bin/machine           = unknown
/usr/bin/oslevel       = unknown
/bin/universe          = unknown

PATH: /usr/lib
PATH: /usr/lib/qt-3.3/bin
PATH: /usr/kerberos/bin
PATH: /usr/lib/ccache
PATH: /usr/local/bin
PATH: /bin
PATH: /usr/bin
PATH: /usr/local/sbin
PATH: /usr/sbin
PATH: /sbin
PATH: /home/antony/bin


## ----------- ##
## Core tests. ##
## ----------- ##

configure:2060: checking for a BSD-compatible install
configure:2128: result: /usr/bin/install -c
configure:2139: checking whether build environment is sane
configure:2199: result: yes
configure:2248: checking for arm-linux-strip
configure:2278: result: no
configure:2288: checking for strip
configure:2304: found /usr/bin/strip
configure:2315: result: strip
configure:2340: checking for a thread-safe mkdir -p
configure:2379: result: /bin/mkdir -p
configure:2392: checking for gawk
configure:2408: found /bin/gawk
configure:2419: result: gawk
configure:2430: checking whether make sets $(MAKE)
configure:2452: result: yes
configure:2543: checking build system type
configure:2561: result: i686-pc-linux-gnu
configure:2583: checking host system type
configure:2598: result: arm-unknown-linux-gnu
configure:2639: checking for arm-linux-gcc
configure:2666: result: arm-brcm-linux-uclibcgnueabi-gcc
configure:2938: checking for C compiler version
configure:2946: arm-brcm-linux-uclibcgnueabi-gcc --version >&5
./configure: line 2948: arm-brcm-linux-uclibcgnueabi-gcc: command not found
configure:2950: $? = 127
configure:2957: arm-brcm-linux-uclibcgnueabi-gcc -v >&5
./configure: line 2959: arm-brcm-linux-uclibcgnueabi-gcc: command not found
configure:2961: $? = 127
configure:2968: arm-brcm-linux-uclibcgnueabi-gcc -V >&5
./configure: line 2970: arm-brcm-linux-uclibcgnueabi-gcc: command not found
configure:2972: $? = 127
configure:2995: checking for C compiler default output file name
configure:3017: arm-brcm-linux-uclibcgnueabi-gcc -Os -O2 -DBCMWPA2 -DRESTART_ALL_PROCESSES -D__CONFIG_USBAP__ -DBCMQOS -DBCMWPS -D__CONFIG_EMF__ -DTRAFFIC_MGMT -DPHYMON -DSUPPORT_REMOTE_HTTPS -DINCLUDE_WPS_V20 -DINCLUDE_5G_AUTO_CHANNEL -DOPENDNS_PARENTAL_CONTROL -DINCLUDE_UCP -DU12H240 -DR6300v2 -DMULTIPLE_SSID -DENABLE_ML -DBCM53125 -DBCM5301X -DCONFIG_RUSSIA_IPTV -DDLNA -DHTTP_ACCESS_USB -DMAX_USB_ACCESS -DSAMBA_ENABLE -DUSB_NEW_SPEC -DINCLUDE_WIFI_BUTTON -DINCLUDE_USB_LED -DINCLUDE_DUAL_BAND -DSINGLE_FIRMWARE -DINCLUDE_GET_ST_CHKSUM -DUNIFIED_STR_TBL -DFIRST_MTD_ROTATION -DWIFI_ON_OFF_SCHE -DAUTO_CONN_24HR -DIGMP_PROXY -DAP_MODE -D__CONFIG_IGMP_SNOOPING__ -DLINUX26 -DINCLUDE_IPV6 -DPRESET_WL_SECURITY -DNEW_BCM_WPS_IPC -DSUPPORT_AC_MODE -DSTA_MODE -DPPP_RU_DESIGN -DEXT_ACS -D__CONFIG_PLC__ -D__CONFIG_URE__ -DPLC -DWPS_LONGPUSH_DISABLE -Os -DLINUX26 -DCONFIG_KERNEL_2_6_36 -I$(SRC_PATH)/build/usr/include -I$(SRC_PATH)/build/usr/include -L$(SRC_PATH)/build/usr/lib conftest.c  >&5
./configure: line 3019: arm-brcm-linux-uclibcgnueabi-gcc: command not found
configure:3021: $? = 127
configure:3059: result: 
configure: failed program was:
| /* confdefs.h.  */
| #define PACKAGE_NAME ""
| #define PACKAGE_TARNAME ""
| #define PACKAGE_VERSION ""
| #define PACKAGE_STRING ""
| #define PACKAGE_BUGREPORT ""
| #define PACKAGE "libevent"
| #define VERSION "1.4.14b-stable"
| #define NUMERIC_VERSION 0x01040e00
| /* end confdefs.h.  */
| 
| int
| main ()
| {
| 
|   ;
|   return 0;
| }
configure:3065: error: in `/home/antony/R7000/2013_03_15_BSP_6.30.163.30/ap/gpl/iserver/libevent-1.4.14b-stable':
configure:3068: error: C compiler cannot create executables
See `config.log' for more details.

## ---------------- ##
## Cache variables. ##
## ---------------- ##

ac_cv_build=i686-pc-linux-gnu
ac_cv_env_CC_set=set
ac_cv_env_CC_value=arm-brcm-linux-uclibcgnueabi-gcc
ac_cv_env_CFLAGS_set=set
ac_cv_env_CFLAGS_value='-Os -O2 -DBCMWPA2 -DRESTART_ALL_PROCESSES -D__CONFIG_USBAP__ -DBCMQOS -DBCMWPS -D__CONFIG_EMF__ -DTRAFFIC_MGMT -DPHYMON -DSUPPORT_REMOTE_HTTPS -DINCLUDE_WPS_V20 -DINCLUDE_5G_AUTO_CHANNEL -DOPENDNS_PARENTAL_CONTROL -DINCLUDE_UCP -DU12H240 -DR6300v2 -DMULTIPLE_SSID -DENABLE_ML -DBCM53125 -DBCM5301X -DCONFIG_RUSSIA_IPTV -DDLNA -DHTTP_ACCESS_USB -DMAX_USB_ACCESS -DSAMBA_ENABLE -DUSB_NEW_SPEC -DINCLUDE_WIFI_BUTTON -DINCLUDE_USB_LED -DINCLUDE_DUAL_BAND -DSINGLE_FIRMWARE -DINCLUDE_GET_ST_CHKSUM -DUNIFIED_STR_TBL -DFIRST_MTD_ROTATION -DWIFI_ON_OFF_SCHE -DAUTO_CONN_24HR -DIGMP_PROXY -DAP_MODE -D__CONFIG_IGMP_SNOOPING__ -DLINUX26 -DINCLUDE_IPV6 -DPRESET_WL_SECURITY -DNEW_BCM_WPS_IPC -DSUPPORT_AC_MODE -DSTA_MODE -DPPP_RU_DESIGN -DEXT_ACS -D__CONFIG_PLC__ -D__CONFIG_URE__ -DPLC -DWPS_LONGPUSH_DISABLE -Os -DLINUX26 -DCONFIG_KERNEL_2_6_36 -I$(SRC_PATH)/build/usr/include'
ac_cv_env_CPPFLAGS_set=set
ac_cv_env_CPPFLAGS_value='-I$(SRC_PATH)/build/usr/include'
ac_cv_env_CPP_set=set
ac_cv_env_CPP_value='arm-brcm-linux-uclibcgnueabi-gcc -E'
ac_cv_env_LDFLAGS_set=set
ac_cv_env_LDFLAGS_value='-L$(SRC_PATH)/build/usr/lib'
ac_cv_env_LIBS_set=
ac_cv_env_LIBS_value=
ac_cv_env_build_alias_set=
ac_cv_env_build_alias_value=
ac_cv_env_host_alias_set=set
ac_cv_env_host_alias_value=arm-linux
ac_cv_env_target_alias_set=
ac_cv_env_target_alias_value=
ac_cv_host=arm-unknown-linux-gnu
ac_cv_path_install='/usr/bin/install -c'
ac_cv_path_mkdir=/bin/mkdir
ac_cv_prog_AWK=gawk
ac_cv_prog_CC=arm-brcm-linux-uclibcgnueabi-gcc
ac_cv_prog_ac_ct_STRIP=strip
ac_cv_prog_make_make_set=yes

## ----------------- ##
## Output variables. ##
## ----------------- ##

ACLOCAL='${SHELL} /home/antony/R7000/2013_03_15_BSP_6.30.163.30/ap/gpl/iserver/libevent-1.4.14b-stable/missing --run aclocal-1.11'
AMDEPBACKSLASH=''
AMDEP_FALSE=''
AMDEP_TRUE=''
AMTAR='${SHELL} /home/antony/R7000/2013_03_15_BSP_6.30.163.30/ap/gpl/iserver/libevent-1.4.14b-stable/missing --run tar'
AR=''
AUTOCONF='${SHELL} /home/antony/R7000/2013_03_15_BSP_6.30.163.30/ap/gpl/iserver/libevent-1.4.14b-stable/missing --run autoconf'
AUTOHEADER='${SHELL} /home/antony/R7000/2013_03_15_BSP_6.30.163.30/ap/gpl/iserver/libevent-1.4.14b-stable/missing --run autoheader'
AUTOMAKE='${SHELL} /home/antony/R7000/2013_03_15_BSP_6.30.163.30/ap/gpl/iserver/libevent-1.4.14b-stable/missing --run automake-1.11'
AWK='gawk'
BUILD_WIN32_FALSE=''
BUILD_WIN32_TRUE=''
CC='arm-brcm-linux-uclibcgnueabi-gcc'
CCDEPMODE=''
CFLAGS='-Os -O2 -DBCMWPA2 -DRESTART_ALL_PROCESSES -D__CONFIG_USBAP__ -DBCMQOS -DBCMWPS -D__CONFIG_EMF__ -DTRAFFIC_MGMT -DPHYMON -DSUPPORT_REMOTE_HTTPS -DINCLUDE_WPS_V20 -DINCLUDE_5G_AUTO_CHANNEL -DOPENDNS_PARENTAL_CONTROL -DINCLUDE_UCP -DU12H240 -DR6300v2 -DMULTIPLE_SSID -DENABLE_ML -DBCM53125 -DBCM5301X -DCONFIG_RUSSIA_IPTV -DDLNA -DHTTP_ACCESS_USB -DMAX_USB_ACCESS -DSAMBA_ENABLE -DUSB_NEW_SPEC -DINCLUDE_WIFI_BUTTON -DINCLUDE_USB_LED -DINCLUDE_DUAL_BAND -DSINGLE_FIRMWARE -DINCLUDE_GET_ST_CHKSUM -DUNIFIED_STR_TBL -DFIRST_MTD_ROTATION -DWIFI_ON_OFF_SCHE -DAUTO_CONN_24HR -DIGMP_PROXY -DAP_MODE -D__CONFIG_IGMP_SNOOPING__ -DLINUX26 -DINCLUDE_IPV6 -DPRESET_WL_SECURITY -DNEW_BCM_WPS_IPC -DSUPPORT_AC_MODE -DSTA_MODE -DPPP_RU_DESIGN -DEXT_ACS -D__CONFIG_PLC__ -D__CONFIG_URE__ -DPLC -DWPS_LONGPUSH_DISABLE -Os -DLINUX26 -DCONFIG_KERNEL_2_6_36 -I$(SRC_PATH)/build/usr/include'
CPP='arm-brcm-linux-uclibcgnueabi-gcc -E'
CPPFLAGS='-I$(SRC_PATH)/build/usr/include'
CYGPATH_W='echo'
DEFS=''
DEPDIR=''
DSYMUTIL=''
DUMPBIN=''
ECHO_C=''
ECHO_N='-n'
ECHO_T=''
EGREP=''
EXEEXT=''
FGREP=''
GREP=''
INSTALL_DATA='${INSTALL} -m 644'
INSTALL_PROGRAM='${INSTALL}'
INSTALL_SCRIPT='${INSTALL}'
INSTALL_STRIP_PROGRAM='$(install_sh) -c -s'
LD=''
LDFLAGS='-L$(SRC_PATH)/build/usr/lib'
LIBOBJS=''
LIBS=''
LIBTOOL=''
LIBTOOL_DEPS=''
LIPO=''
LN_S=''
LTLIBOBJS=''
MAKEINFO='${SHELL} /home/antony/R7000/2013_03_15_BSP_6.30.163.30/ap/gpl/iserver/libevent-1.4.14b-stable/missing --run makeinfo'
MKDIR_P='/bin/mkdir -p'
NM=''
NMEDIT=''
OBJDUMP=''
OBJEXT=''
OTOOL64=''
OTOOL=''
PACKAGE='libevent'
PACKAGE_BUGREPORT=''
PACKAGE_NAME=''
PACKAGE_STRING=''
PACKAGE_TARNAME=''
PACKAGE_VERSION=''
PATH_SEPARATOR=':'
RANLIB=''
SED=''
SET_MAKE=''
SHELL='/bin/sh'
STRIP='strip'
VERSION='1.4.14b-stable'
ac_ct_CC=''
ac_ct_DUMPBIN=''
am__EXEEXT_FALSE=''
am__EXEEXT_TRUE=''
am__fastdepCC_FALSE=''
am__fastdepCC_TRUE=''
am__include=''
am__isrc=''
am__leading_dot='.'
am__quote=''
am__tar='${AMTAR} chof - "$$tardir"'
am__untar='${AMTAR} xf -'
bindir='${exec_prefix}/bin'
build='i686-pc-linux-gnu'
build_alias=''
build_cpu='i686'
build_os='linux-gnu'
build_vendor='pc'
datadir='${datarootdir}'
datarootdir='${prefix}/share'
docdir='${datarootdir}/doc/${PACKAGE}'
dvidir='${docdir}'
exec_prefix='NONE'
host='arm-unknown-linux-gnu'
host_alias='arm-linux'
host_cpu='arm'
host_os='linux-gnu'
host_vendor='unknown'
htmldir='${docdir}'
includedir='${prefix}/include'
infodir='${datarootdir}/info'
install_sh='${SHELL} /home/antony/R7000/2013_03_15_BSP_6.30.163.30/ap/gpl/iserver/libevent-1.4.14b-stable/install-sh'
libdir='${exec_prefix}/lib'
libexecdir='${exec_prefix}/libexec'
localedir='${datarootdir}/locale'
localstatedir='${prefix}/var'
lt_ECHO='echo'
mandir='${datarootdir}/man'
mkdir_p='/bin/mkdir -p'
oldincludedir='/usr/include'
pdfdir='${docdir}'
prefix='/usr'
program_transform_name='s,x,x,'
psdir='${docdir}'
sbindir='${exec_prefix}/sbin'
sharedstatedir='${prefix}/com'
sysconfdir='${prefix}/etc'
target_alias=''

## ----------- ##
## confdefs.h. ##
## ----------- ##

#define PACKAGE_NAME ""
#define PACKAGE_TARNAME ""
#define PACKAGE_VERSION ""
#define PACKAGE_STRING ""
#define PACKAGE_BUGREPORT ""
#define PACKAGE "libevent"
#define VERSION "1.4.14b-stable"
#define NUMERIC_VERSION 0x01040e00

configure: exit 77

## ---------------------- ##
## Running config.status. ##
## ---------------------- ##

This file was extended by config.status, which was
generated by GNU Autoconf 2.65.  Invocation command line was

  CONFIG_FILES    = 
  CONFIG_HEADERS  = 
  CONFIG_LINKS    = 
  CONFIG_COMMANDS = 
  $ ./config.status config.h

on foxconncpe2

config.status:1129: creating config.h
config.status:1301: config.h is unchanged
