This file contains any messages produced by compilers while
running configure, to aid debugging if configure makes a mistake.

It was created by libvorbis configure 1.2.3, which was
generated by GNU Autoconf 2.65.  Invocation command line was

  $ ./configure --host=arm-linux CC=arm-brcm-linux-uclibcgnueabi-gcc CFLAGS=-I/disk2/antony/R7000/GPL/V1.0.1.22/V1.0.1.22_1.0.15/ap/gpl/minidlna/libogg-1.1.4/include/ LDFLAGS=-L/disk2/antony/R7000/GPL/V1.0.1.22/V1.0.1.22_1.0.15/ap/gpl/minidlna/libogg-1.1.4/src/.libs/

## --------- ##
## Platform. ##
## --------- ##

hostname = linux
uname -m = i686
uname -r = 2.6.27.5-117.fc10.i686.PAE
uname -s = Linux
uname -v = #1 SMP Tue Nov 18 12:08:10 EST 2008

/usr/bin/uname -p = unknown
/bin/uname -X     = unknown

/bin/arch              = i686
/usr/bin/arch -k       = unknown
/usr/convex/getsysinfo = unknown
/usr/bin/hostinfo      = unknown
/bin/machine           = unknown
/usr/bin/oslevel       = unknown
/bin/universe          = unknown

PATH: /projects/hnd/tools/linux/hndtools-arm-linux-2.6.36-uclibc-4.5.3/bin/
PATH: /usr/lib/qt-3.3/bin
PATH: /usr/kerberos/bin
PATH: /usr/lib/ccache
PATH: /usr/local/bin
PATH: /bin
PATH: /usr/bin
PATH: /usr/local/sbin
PATH: /usr/sbin
PATH: /sbin
PATH: /home/antony/bin


## ----------- ##
## Core tests. ##
## ----------- ##

configure:2605: checking build system type
configure:2619: result: i686-pc-linux-gnu
configure:2639: checking host system type
configure:2652: result: arm-unknown-linux-gnu
configure:2672: checking target system type
configure:2685: result: arm-unknown-linux-gnu
configure:2728: checking for a BSD-compatible install
configure:2796: result: /usr/bin/install -c
configure:2807: checking whether build environment is sane
configure:2844: result: yes
configure:2869: checking for a thread-safe mkdir -p
configure:2908: result: /bin/mkdir -p
configure:2921: checking for gawk
configure:2937: found /bin/gawk
configure:2948: result: gawk
configure:2959: checking whether make sets $(MAKE)
configure:2981: result: yes
configure:3059: checking for arm-linux-strip
configure:3086: result: arm-brcm-linux-uclibcgnueabi-strip
configure:3202: checking for arm-linux-gcc
configure:3229: result: arm-brcm-linux-uclibcgnueabi-gcc
configure:3498: checking for C compiler version
configure:3507: arm-brcm-linux-uclibcgnueabi-gcc --version >&5
arm-brcm-linux-uclibcgnueabi-gcc (Buildroot 2012.02) 4.5.3
Copyright (C) 2010 Free Software Foundation, Inc.
This is free software; see the source for copying conditions.  There is NO
warranty; not even for MERCHANTABILITY or FITNESS FOR A PARTICULAR PURPOSE.

configure:3518: $? = 0
configure:3507: arm-brcm-linux-uclibcgnueabi-gcc -v >&5
Using built-in specs.
COLLECT_GCC=arm-brcm-linux-uclibcgnueabi-gcc
COLLECT_LTO_WRAPPER=/projects/hnd/tools/linux/hndtools-arm-linux-2.6.36-uclibc-4.5.3/libexec/gcc/arm-brcm-linux-uclibcgnueabi/4.5.3/lto-wrapper
Target: arm-brcm-linux-uclibcgnueabi
Configured with: /projects/toolchains_build/buildroot-2012.02-brcm/output/toolchain/gcc-4.5.3/configure --prefix=/projects/hnd/tools/linux/hndtools-arm-linux-2.6.36-uclibc-4.5.3 --build=i686-pc-linux-gnu --host=i686-pc-linux-gnu --target=arm-brcm-linux-uclibcgnueabi --enable-languages=c,c++ --with-sysroot=/projects/hnd/tools/linux/hndtools-arm-linux-2.6.36-uclibc-4.5.3/arm-brcm-linux-uclibcgnueabi/sysroot --with-build-time-tools=/projects/hnd/tools/linux/hndtools-arm-linux-2.6.36-uclibc-4.5.3/arm-brcm-linux-uclibcgnueabi/bin --disable-__cxa_atexit --enable-target-optspace --disable-libgomp --with-gnu-ld --disable-libssp --disable-multilib --disable-tls --enable-shared --with-gmp=/projects/hnd/tools/linux/hndtools-arm-linux-2.6.36-uclibc-4.5.3 --with-mpfr=/projects/hnd/tools/linux/hndtools-arm-linux-2.6.36-uclibc-4.5.3 --with-mpc=/projects/hnd/tools/linux/hndtools-arm-linux-2.6.36-uclibc-4.5.3 --enable-threads --disable-decimal-float --with-float=soft --with-abi=aapcs-linux --with-arch=armv7-a --with-tune=cortex-a9 --with-pkgversion='Buildroot 2012.02' --with-bugurl=http://bugs.buildroot.net/
Thread model: posix
gcc version 4.5.3 (Buildroot 2012.02) 
configure:3518: $? = 0
configure:3507: arm-brcm-linux-uclibcgnueabi-gcc -V >&5
arm-brcm-linux-uclibcgnueabi-gcc: '-V' option must have argument
configure:3518: $? = 1
configure:3507: arm-brcm-linux-uclibcgnueabi-gcc -qversion >&5
arm-brcm-linux-uclibcgnueabi-gcc: unrecognized option '-qversion'
arm-brcm-linux-uclibcgnueabi-gcc: no input files
configure:3518: $? = 1
configure:3538: checking whether the C compiler works
configure:3560: arm-brcm-linux-uclibcgnueabi-gcc -I/disk2/antony/R7000/GPL/V1.0.1.22/V1.0.1.22_1.0.15/ap/gpl/minidlna/libogg-1.1.4/include/  -L/disk2/antony/R7000/GPL/V1.0.1.22/V1.0.1.22_1.0.15/ap/gpl/minidlna/libogg-1.1.4/src/.libs/ conftest.c  >&5
configure:3564: $? = 0
configure:3613: result: yes
configure:3616: checking for C compiler default output file name
configure:3618: result: a.out
configure:3624: checking for suffix of executables
configure:3631: arm-brcm-linux-uclibcgnueabi-gcc -o conftest -I/disk2/antony/R7000/GPL/V1.0.1.22/V1.0.1.22_1.0.15/ap/gpl/minidlna/libogg-1.1.4/include/  -L/disk2/antony/R7000/GPL/V1.0.1.22/V1.0.1.22_1.0.15/ap/gpl/minidlna/libogg-1.1.4/src/.libs/ conftest.c  >&5
configure:3635: $? = 0
configure:3657: result: 
configure:3679: checking whether we are cross compiling
configure:3687: arm-brcm-linux-uclibcgnueabi-gcc -o conftest -I/disk2/antony/R7000/GPL/V1.0.1.22/V1.0.1.22_1.0.15/ap/gpl/minidlna/libogg-1.1.4/include/  -L/disk2/antony/R7000/GPL/V1.0.1.22/V1.0.1.22_1.0.15/ap/gpl/minidlna/libogg-1.1.4/src/.libs/ conftest.c  >&5
configure:3691: $? = 0
configure:3698: ./conftest
./configure: line 3700: ./conftest: cannot execute binary file
configure:3702: $? = 126
configure:3717: result: yes
configure:3722: checking for suffix of object files
configure:3744: arm-brcm-linux-uclibcgnueabi-gcc -c -I/disk2/antony/R7000/GPL/V1.0.1.22/V1.0.1.22_1.0.15/ap/gpl/minidlna/libogg-1.1.4/include/  conftest.c >&5
configure:3748: $? = 0
configure:3769: result: o
configure:3773: checking whether we are using the GNU C compiler
configure:3792: arm-brcm-linux-uclibcgnueabi-gcc -c -I/disk2/antony/R7000/GPL/V1.0.1.22/V1.0.1.22_1.0.15/ap/gpl/minidlna/libogg-1.1.4/include/  conftest.c >&5
configure:3792: $? = 0
configure:3801: result: yes
configure:3810: checking whether arm-brcm-linux-uclibcgnueabi-gcc accepts -g
configure:3830: arm-brcm-linux-uclibcgnueabi-gcc -c -g  conftest.c >&5
configure:3830: $? = 0
configure:3871: result: yes
configure:3888: checking for arm-brcm-linux-uclibcgnueabi-gcc option to accept ISO C89
configure:3952: arm-brcm-linux-uclibcgnueabi-gcc  -c -I/disk2/antony/R7000/GPL/V1.0.1.22/V1.0.1.22_1.0.15/ap/gpl/minidlna/libogg-1.1.4/include/  conftest.c >&5
configure:3952: $? = 0
configure:3965: result: none needed
configure:3996: checking for style of include used by make
configure:4024: result: GNU
configure:4049: checking dependency style of arm-brcm-linux-uclibcgnueabi-gcc
configure:4140: result: gcc3
configure:4160: checking how to run the C preprocessor
configure:4230: result: arm-brcm-linux-uclibcgnueabi-gcc -E
configure:4250: arm-brcm-linux-uclibcgnueabi-gcc -E  conftest.c
configure:4250: $? = 0
configure:4264: arm-brcm-linux-uclibcgnueabi-gcc -E  conftest.c
conftest.c:11:28: fatal error: ac_nonexistent.h: No such file or directory
compilation terminated.
configure:4264: $? = 1
configure: failed program was:
| /* confdefs.h */
| #define PACKAGE_NAME "libvorbis"
| #define PACKAGE_TARNAME "libvorbis"
| #define PACKAGE_VERSION "1.2.3"
| #define PACKAGE_STRING "libvorbis 1.2.3"
| #define PACKAGE_BUGREPORT "vorbis-dev@xiph.org"
| #define PACKAGE_URL ""
| #define PACKAGE "libvorbis"
| #define VERSION "1.2.3"
| /* end confdefs.h.  */
| #include <ac_nonexistent.h>
configure:4295: checking for inline
configure:4311: arm-brcm-linux-uclibcgnueabi-gcc -c -I/disk2/antony/R7000/GPL/V1.0.1.22/V1.0.1.22_1.0.15/ap/gpl/minidlna/libogg-1.1.4/include/  conftest.c >&5
configure:4311: $? = 0
configure:4319: result: inline
configure:4412: checking for a sed that does not truncate output
configure:4468: result: /bin/sed
configure:4471: checking for grep that handles long lines and -e
configure:4529: result: /bin/grep
configure:4534: checking for egrep
configure:4596: result: /bin/grep -E
configure:4612: checking for ld used by arm-brcm-linux-uclibcgnueabi-gcc
configure:4679: result: arm-brcm-linux-uclibcgnueabi-ld
configure:4686: checking if the linker (arm-brcm-linux-uclibcgnueabi-ld) is GNU ld
configure:4701: result: yes
configure:4706: checking for arm-brcm-linux-uclibcgnueabi-ld option to reload object files
configure:4713: result: -r
configure:4731: checking for BSD-compatible nm
configure:4780: result: arm-brcm-linux-uclibcgnueabi-nm
configure:4784: checking whether ln -s works
configure:4788: result: yes
configure:4795: checking how to recognize dependent libraries
configure:4981: result: pass_all
configure:5475: checking for ANSI C header files
configure:5495: arm-brcm-linux-uclibcgnueabi-gcc -c -I/disk2/antony/R7000/GPL/V1.0.1.22/V1.0.1.22_1.0.15/ap/gpl/minidlna/libogg-1.1.4/include/  conftest.c >&5
configure:5495: $? = 0
configure:5579: result: yes
configure:5592: checking for sys/types.h
configure:5592: arm-brcm-linux-uclibcgnueabi-gcc -c -I/disk2/antony/R7000/GPL/V1.0.1.22/V1.0.1.22_1.0.15/ap/gpl/minidlna/libogg-1.1.4/include/  conftest.c >&5
configure:5592: $? = 0
configure:5592: result: yes
configure:5592: checking for sys/stat.h
configure:5592: arm-brcm-linux-uclibcgnueabi-gcc -c -I/disk2/antony/R7000/GPL/V1.0.1.22/V1.0.1.22_1.0.15/ap/gpl/minidlna/libogg-1.1.4/include/  conftest.c >&5
configure:5592: $? = 0
configure:5592: result: yes
configure:5592: checking for stdlib.h
configure:5592: arm-brcm-linux-uclibcgnueabi-gcc -c -I/disk2/antony/R7000/GPL/V1.0.1.22/V1.0.1.22_1.0.15/ap/gpl/minidlna/libogg-1.1.4/include/  conftest.c >&5
configure:5592: $? = 0
configure:5592: result: yes
configure:5592: checking for string.h
configure:5592: arm-brcm-linux-uclibcgnueabi-gcc -c -I/disk2/antony/R7000/GPL/V1.0.1.22/V1.0.1.22_1.0.15/ap/gpl/minidlna/libogg-1.1.4/include/  conftest.c >&5
configure:5592: $? = 0
configure:5592: result: yes
configure:5592: checking for memory.h
configure:5592: arm-brcm-linux-uclibcgnueabi-gcc -c -I/disk2/antony/R7000/GPL/V1.0.1.22/V1.0.1.22_1.0.15/ap/gpl/minidlna/libogg-1.1.4/include/  conftest.c >&5
configure:5592: $? = 0
configure:5592: result: yes
configure:5592: checking for strings.h
configure:5592: arm-brcm-linux-uclibcgnueabi-gcc -c -I/disk2/antony/R7000/GPL/V1.0.1.22/V1.0.1.22_1.0.15/ap/gpl/minidlna/libogg-1.1.4/include/  conftest.c >&5
configure:5592: $? = 0
configure:5592: result: yes
configure:5592: checking for inttypes.h
configure:5592: arm-brcm-linux-uclibcgnueabi-gcc -c -I/disk2/antony/R7000/GPL/V1.0.1.22/V1.0.1.22_1.0.15/ap/gpl/minidlna/libogg-1.1.4/include/  conftest.c >&5
configure:5592: $? = 0
configure:5592: result: yes
configure:5592: checking for stdint.h
configure:5592: arm-brcm-linux-uclibcgnueabi-gcc -c -I/disk2/antony/R7000/GPL/V1.0.1.22/V1.0.1.22_1.0.15/ap/gpl/minidlna/libogg-1.1.4/include/  conftest.c >&5
configure:5592: $? = 0
configure:5592: result: yes
configure:5592: checking for unistd.h
configure:5592: arm-brcm-linux-uclibcgnueabi-gcc -c -I/disk2/antony/R7000/GPL/V1.0.1.22/V1.0.1.22_1.0.15/ap/gpl/minidlna/libogg-1.1.4/include/  conftest.c >&5
configure:5592: $? = 0
configure:5592: result: yes
configure:5607: checking dlfcn.h usability
configure:5607: arm-brcm-linux-uclibcgnueabi-gcc -c -I/disk2/antony/R7000/GPL/V1.0.1.22/V1.0.1.22_1.0.15/ap/gpl/minidlna/libogg-1.1.4/include/  conftest.c >&5
configure:5607: $? = 0
configure:5607: result: yes
configure:5607: checking dlfcn.h presence
configure:5607: arm-brcm-linux-uclibcgnueabi-gcc -E  conftest.c
configure:5607: $? = 0
configure:5607: result: yes
configure:5607: checking for dlfcn.h
configure:5607: result: yes
configure:5729: checking for C++ compiler version
configure:5738: arm-brcm-linux-uclibcgnueabi-g++ --version >&5
arm-brcm-linux-uclibcgnueabi-g++ (Buildroot 2012.02) 4.5.3
Copyright (C) 2010 Free Software Foundation, Inc.
This is free software; see the source for copying conditions.  There is NO
warranty; not even for MERCHANTABILITY or FITNESS FOR A PARTICULAR PURPOSE.

configure:5749: $? = 0
configure:5738: arm-brcm-linux-uclibcgnueabi-g++ -v >&5
Using built-in specs.
COLLECT_GCC=arm-brcm-linux-uclibcgnueabi-g++
COLLECT_LTO_WRAPPER=/projects/hnd/tools/linux/hndtools-arm-linux-2.6.36-uclibc-4.5.3/libexec/gcc/arm-brcm-linux-uclibcgnueabi/4.5.3/lto-wrapper
Target: arm-brcm-linux-uclibcgnueabi
Configured with: /projects/toolchains_build/buildroot-2012.02-brcm/output/toolchain/gcc-4.5.3/configure --prefix=/projects/hnd/tools/linux/hndtools-arm-linux-2.6.36-uclibc-4.5.3 --build=i686-pc-linux-gnu --host=i686-pc-linux-gnu --target=arm-brcm-linux-uclibcgnueabi --enable-languages=c,c++ --with-sysroot=/projects/hnd/tools/linux/hndtools-arm-linux-2.6.36-uclibc-4.5.3/arm-brcm-linux-uclibcgnueabi/sysroot --with-build-time-tools=/projects/hnd/tools/linux/hndtools-arm-linux-2.6.36-uclibc-4.5.3/arm-brcm-linux-uclibcgnueabi/bin --disable-__cxa_atexit --enable-target-optspace --disable-libgomp --with-gnu-ld --disable-libssp --disable-multilib --disable-tls --enable-shared --with-gmp=/projects/hnd/tools/linux/hndtools-arm-linux-2.6.36-uclibc-4.5.3 --with-mpfr=/projects/hnd/tools/linux/hndtools-arm-linux-2.6.36-uclibc-4.5.3 --with-mpc=/projects/hnd/tools/linux/hndtools-arm-linux-2.6.36-uclibc-4.5.3 --enable-threads --disable-decimal-float --with-float=soft --with-abi=aapcs-linux --with-arch=armv7-a --with-tune=cortex-a9 --with-pkgversion='Buildroot 2012.02' --with-bugurl=http://bugs.buildroot.net/
Thread model: posix
gcc version 4.5.3 (Buildroot 2012.02) 
configure:5749: $? = 0
configure:5738: arm-brcm-linux-uclibcgnueabi-g++ -V >&5
arm-brcm-linux-uclibcgnueabi-g++: '-V' option must have argument
configure:5749: $? = 1
configure:5738: arm-brcm-linux-uclibcgnueabi-g++ -qversion >&5
arm-brcm-linux-uclibcgnueabi-g++: unrecognized option '-qversion'
arm-brcm-linux-uclibcgnueabi-g++: no input files
configure:5749: $? = 1
configure:5753: checking whether we are using the GNU C++ compiler
configure:5772: arm-brcm-linux-uclibcgnueabi-g++ -c   conftest.cpp >&5
configure:5772: $? = 0
configure:5781: result: yes
configure:5790: checking whether arm-brcm-linux-uclibcgnueabi-g++ accepts -g
configure:5810: arm-brcm-linux-uclibcgnueabi-g++ -c -g  conftest.cpp >&5
configure:5810: $? = 0
configure:5851: result: yes
configure:5876: checking dependency style of arm-brcm-linux-uclibcgnueabi-g++
configure:5967: result: gcc3
configure:5992: checking how to run the C++ preprocessor
configure:6019: arm-brcm-linux-uclibcgnueabi-g++ -E  conftest.cpp
configure:6019: $? = 0
configure:6033: arm-brcm-linux-uclibcgnueabi-g++ -E  conftest.cpp
conftest.cpp:22:28: fatal error: ac_nonexistent.h: No such file or directory
compilation terminated.
configure:6033: $? = 1
configure: failed program was:
| /* confdefs.h */
| #define PACKAGE_NAME "libvorbis"
| #define PACKAGE_TARNAME "libvorbis"
| #define PACKAGE_VERSION "1.2.3"
| #define PACKAGE_STRING "libvorbis 1.2.3"
| #define PACKAGE_BUGREPORT "vorbis-dev@xiph.org"
| #define PACKAGE_URL ""
| #define PACKAGE "libvorbis"
| #define VERSION "1.2.3"
| #define STDC_HEADERS 1
| #define HAVE_SYS_TYPES_H 1
| #define HAVE_SYS_STAT_H 1
| #define HAVE_STDLIB_H 1
| #define HAVE_STRING_H 1
| #define HAVE_MEMORY_H 1
| #define HAVE_STRINGS_H 1
| #define HAVE_INTTYPES_H 1
| #define HAVE_STDINT_H 1
| #define HAVE_UNISTD_H 1
| #define HAVE_DLFCN_H 1
| /* end confdefs.h.  */
| #include <ac_nonexistent.h>
configure:6058: result: arm-brcm-linux-uclibcgnueabi-g++ -E
configure:6078: arm-brcm-linux-uclibcgnueabi-g++ -E  conftest.cpp
configure:6078: $? = 0
configure:6092: arm-brcm-linux-uclibcgnueabi-g++ -E  conftest.cpp
conftest.cpp:22:28: fatal error: ac_nonexistent.h: No such file or directory
compilation terminated.
configure:6092: $? = 1
configure: failed program was:
| /* confdefs.h */
| #define PACKAGE_NAME "libvorbis"
| #define PACKAGE_TARNAME "libvorbis"
| #define PACKAGE_VERSION "1.2.3"
| #define PACKAGE_STRING "libvorbis 1.2.3"
| #define PACKAGE_BUGREPORT "vorbis-dev@xiph.org"
| #define PACKAGE_URL ""
| #define PACKAGE "libvorbis"
| #define VERSION "1.2.3"
| #define STDC_HEADERS 1
| #define HAVE_SYS_TYPES_H 1
| #define HAVE_SYS_STAT_H 1
| #define HAVE_STDLIB_H 1
| #define HAVE_STRING_H 1
| #define HAVE_MEMORY_H 1
| #define HAVE_STRINGS_H 1
| #define HAVE_INTTYPES_H 1
| #define HAVE_STDINT_H 1
| #define HAVE_UNISTD_H 1
| #define HAVE_DLFCN_H 1
| /* end confdefs.h.  */
| #include <ac_nonexistent.h>
configure:6132: checking for arm-linux-g77
configure:6162: result: no
configure:6132: checking for arm-linux-xlf
configure:6162: result: no
configure:6132: checking for arm-linux-f77
configure:6162: result: no
configure:6132: checking for arm-linux-frt
configure:6162: result: no
configure:6132: checking for arm-linux-pgf77
configure:6162: result: no
configure:6132: checking for arm-linux-cf77
configure:6162: result: no
configure:6132: checking for arm-linux-fort77
configure:6162: result: no
configure:6132: checking for arm-linux-fl32
configure:6162: result: no
configure:6132: checking for arm-linux-af77
configure:6162: result: no
configure:6132: checking for arm-linux-xlf90
configure:6162: result: no
configure:6132: checking for arm-linux-f90
configure:6162: result: no
configure:6132: checking for arm-linux-pgf90
configure:6162: result: no
configure:6132: checking for arm-linux-pghpf
configure:6162: result: no
configure:6132: checking for arm-linux-epcf90
configure:6162: result: no
configure:6132: checking for arm-linux-gfortran
configure:6162: result: no
configure:6132: checking for arm-linux-g95
configure:6162: result: no
configure:6132: checking for arm-linux-xlf95
configure:6162: result: no
configure:6132: checking for arm-linux-f95
configure:6162: result: no
configure:6132: checking for arm-linux-fort
configure:6162: result: no
configure:6132: checking for arm-linux-ifort
configure:6162: result: no
configure:6132: checking for arm-linux-ifc
configure:6162: result: no
configure:6132: checking for arm-linux-efc
configure:6162: result: no
configure:6132: checking for arm-linux-pgf95
configure:6162: result: no
configure:6132: checking for arm-linux-lf95
configure:6162: result: no
configure:6132: checking for arm-linux-ftn
configure:6162: result: no
configure:6176: checking for g77
configure:6206: result: no
configure:6176: checking for xlf
configure:6206: result: no
configure:6176: checking for f77
configure:6206: result: no
configure:6176: checking for frt
configure:6206: result: no
configure:6176: checking for pgf77
configure:6206: result: no
configure:6176: checking for cf77
configure:6206: result: no
configure:6176: checking for fort77
configure:6206: result: no
configure:6176: checking for fl32
configure:6206: result: no
configure:6176: checking for af77
configure:6206: result: no
configure:6176: checking for xlf90
configure:6206: result: no
configure:6176: checking for f90
configure:6206: result: no
configure:6176: checking for pgf90
configure:6206: result: no
configure:6176: checking for pghpf
configure:6206: result: no
configure:6176: checking for epcf90
configure:6206: result: no
configure:6176: checking for gfortran
configure:6192: found /usr/bin/gfortran
configure:6203: result: gfortran
configure:6219: WARNING: using cross tools not prefixed with host triplet
configure:6229: checking for Fortran 77 compiler version
configure:6238: gfortran --version >&5
GNU Fortran (GCC) 4.3.2 20081105 (Red Hat 4.3.2-7)
Copyright (C) 2008 Free Software Foundation, Inc.

GNU Fortran comes with NO WARRANTY, to the extent permitted by law.
You may redistribute copies of GNU Fortran
under the terms of the GNU General Public License.
For more information about these matters, see the file named COPYING

configure:6249: $? = 0
configure:6238: gfortran -v >&5
Using built-in specs.
Target: i386-redhat-linux
Configured with: ../configure --prefix=/usr --mandir=/usr/share/man --infodir=/usr/share/info --with-bugurl=http://bugzilla.redhat.com/bugzilla --enable-bootstrap --enable-shared --enable-threads=posix --enable-checking=release --with-system-zlib --enable-__cxa_atexit --disable-libunwind-exceptions --enable-languages=c,c++,objc,obj-c++,java,fortran,ada --enable-java-awt=gtk --disable-dssi --enable-plugin --with-java-home=/usr/lib/jvm/java-1.5.0-gcj-1.5.0.0/jre --enable-libgcj-multifile --enable-java-maintainer-mode --with-ecj-jar=/usr/share/java/eclipse-ecj.jar --disable-libjava-multilib --with-cpu=generic --build=i386-redhat-linux
Thread model: posix
gcc version 4.3.2 20081105 (Red Hat 4.3.2-7) (GCC) 
configure:6249: $? = 0
configure:6238: gfortran -V >&5
gfortran: '-V' option must have argument
configure:6249: $? = 1
configure:6238: gfortran -qversion >&5
gfortran: unrecognized option '-qversion'
gfortran: no input files
configure:6249: $? = 1
configure:6258: checking whether we are using the GNU Fortran 77 compiler
configure:6271: gfortran -c  conftest.F >&5
configure:6271: $? = 0
configure:6280: result: yes
configure:6286: checking whether gfortran accepts -g
configure:6297: gfortran -c -g conftest.f >&5
configure:6297: $? = 0
configure:6305: result: yes
configure:6338: checking the maximum length of command line arguments
configure:6450: result: 1966080
configure:6462: checking command to parse arm-brcm-linux-uclibcgnueabi-nm output from arm-brcm-linux-uclibcgnueabi-gcc object
configure:6567: arm-brcm-linux-uclibcgnueabi-gcc -c -I/disk2/antony/R7000/GPL/V1.0.1.22/V1.0.1.22_1.0.15/ap/gpl/minidlna/libogg-1.1.4/include/  conftest.c >&5
configure:6570: $? = 0
configure:6574: arm-brcm-linux-uclibcgnueabi-nm conftest.o \| sed -n -e 's/^.*[ 	]\([ABCDGIRSTW][ABCDGIRSTW]*\)[ 	][ 	]*\([_A-Za-z][_A-Za-z0-9]*\)$/\1 \2 \2/p' \> conftest.nm
configure:6577: $? = 0
configure:6629: arm-brcm-linux-uclibcgnueabi-gcc -o conftest -I/disk2/antony/R7000/GPL/V1.0.1.22/V1.0.1.22_1.0.15/ap/gpl/minidlna/libogg-1.1.4/include/  -L/disk2/antony/R7000/GPL/V1.0.1.22/V1.0.1.22_1.0.15/ap/gpl/minidlna/libogg-1.1.4/src/.libs/ conftest.c conftstm.o >&5
configure:6632: $? = 0
configure:6670: result: ok
configure:6674: checking for objdir
configure:6689: result: .libs
configure:6741: checking for arm-linux-ar
configure:6768: result: arm-brcm-linux-uclibcgnueabi-ar
configure:6833: checking for arm-linux-ranlib
configure:6860: result: arm-brcm-linux-uclibcgnueabi-ranlib
configure:6925: checking for arm-linux-strip
configure:6952: result: arm-brcm-linux-uclibcgnueabi-strip
configure:7553: checking if arm-brcm-linux-uclibcgnueabi-gcc supports -fno-rtti -fno-exceptions
configure:7571: arm-brcm-linux-uclibcgnueabi-gcc -c -I/disk2/antony/R7000/GPL/V1.0.1.22/V1.0.1.22_1.0.15/ap/gpl/minidlna/libogg-1.1.4/include/  -fno-rtti -fno-exceptions conftest.c >&5
cc1: warning: command line option "-fno-rtti" is valid for C++/ObjC++ but not for C
configure:7575: $? = 0
configure:7588: result: no
configure:7603: checking for arm-brcm-linux-uclibcgnueabi-gcc option to produce PIC
configure:7835: result: -fPIC
configure:7843: checking if arm-brcm-linux-uclibcgnueabi-gcc PIC flag -fPIC works
configure:7861: arm-brcm-linux-uclibcgnueabi-gcc -c -I/disk2/antony/R7000/GPL/V1.0.1.22/V1.0.1.22_1.0.15/ap/gpl/minidlna/libogg-1.1.4/include/  -fPIC -DPIC conftest.c >&5
configure:7865: $? = 0
configure:7878: result: yes
configure:7906: checking if arm-brcm-linux-uclibcgnueabi-gcc static flag -static works
configure:7934: result: yes
configure:7944: checking if arm-brcm-linux-uclibcgnueabi-gcc supports -c -o file.o
configure:7965: arm-brcm-linux-uclibcgnueabi-gcc -c -I/disk2/antony/R7000/GPL/V1.0.1.22/V1.0.1.22_1.0.15/ap/gpl/minidlna/libogg-1.1.4/include/  -o out/conftest2.o conftest.c >&5
configure:7969: $? = 0
configure:7991: result: yes
configure:8017: checking whether the arm-brcm-linux-uclibcgnueabi-gcc linker (arm-brcm-linux-uclibcgnueabi-ld) supports shared libraries
configure:8943: result: yes
configure:8964: checking whether -lc should be explicitly linked in
configure:8969: arm-brcm-linux-uclibcgnueabi-gcc -c -I/disk2/antony/R7000/GPL/V1.0.1.22/V1.0.1.22_1.0.15/ap/gpl/minidlna/libogg-1.1.4/include/  conftest.c >&5
configure:8972: $? = 0
configure:8987: arm-brcm-linux-uclibcgnueabi-gcc -shared conftest.o  -v -Wl,-soname -Wl,conftest -o conftest 2\>\&1 \| grep  -lc  \>/dev/null 2\>\&1
configure:8990: $? = 0
configure:9002: result: no
configure:9010: checking dynamic linker characteristics
configure:9614: result: GNU/Linux ld.so
configure:9638: checking how to hardcode library paths into programs
configure:9663: result: immediate
configure:9677: checking whether stripping libraries is possible
configure:9682: result: yes
configure:10199: checking if libtool supports shared libraries
configure:10201: result: yes
configure:10204: checking whether to build shared libraries
configure:10225: result: yes
configure:10228: checking whether to build static libraries
configure:10232: result: yes
configure:10326: creating libtool
configure:10915: checking for ld used by arm-brcm-linux-uclibcgnueabi-g++
configure:10982: result: arm-brcm-linux-uclibcgnueabi-ld
configure:10989: checking if the linker (arm-brcm-linux-uclibcgnueabi-ld) is GNU ld
configure:11004: result: yes
configure:11055: checking whether the arm-brcm-linux-uclibcgnueabi-g++ linker (arm-brcm-linux-uclibcgnueabi-ld) supports shared libraries
configure:11947: result: yes
configure:11964: arm-brcm-linux-uclibcgnueabi-g++ -c -g -O2  conftest.cpp >&5
configure:11967: $? = 0
configure:12123: checking for arm-brcm-linux-uclibcgnueabi-g++ option to produce PIC
configure:12407: result: -fPIC
configure:12415: checking if arm-brcm-linux-uclibcgnueabi-g++ PIC flag -fPIC works
configure:12433: arm-brcm-linux-uclibcgnueabi-g++ -c -g -O2  -fPIC -DPIC conftest.cpp >&5
configure:12437: $? = 0
configure:12450: result: yes
configure:12478: checking if arm-brcm-linux-uclibcgnueabi-g++ static flag -static works
configure:12506: result: yes
configure:12516: checking if arm-brcm-linux-uclibcgnueabi-g++ supports -c -o file.o
configure:12537: arm-brcm-linux-uclibcgnueabi-g++ -c -g -O2  -o out/conftest2.o conftest.cpp >&5
configure:12541: $? = 0
configure:12563: result: yes
configure:12589: checking whether the arm-brcm-linux-uclibcgnueabi-g++ linker (arm-brcm-linux-uclibcgnueabi-ld) supports shared libraries
configure:12615: result: yes
configure:12682: checking dynamic linker characteristics
configure:13234: result: GNU/Linux ld.so
configure:13258: checking how to hardcode library paths into programs
configure:13283: result: immediate
configure:13822: checking if libtool supports shared libraries
configure:13824: result: yes
configure:13827: checking whether to build shared libraries
configure:13847: result: yes
configure:13850: checking whether to build static libraries
configure:13854: result: yes
configure:13864: checking for gfortran option to produce PIC
configure:14096: result: -fPIC
configure:14104: checking if gfortran PIC flag -fPIC works
configure:14122: gfortran -c -g -O2 -fPIC conftest.f >&5
configure:14126: $? = 0
configure:14139: result: yes
configure:14167: checking if gfortran static flag -static works
configure:14195: result: yes
configure:14205: checking if gfortran supports -c -o file.o
configure:14226: gfortran -c -g -O2 -o out/conftest2.o conftest.f >&5
configure:14230: $? = 0
configure:14252: result: yes
configure:14278: checking whether the gfortran linker (arm-brcm-linux-uclibcgnueabi-ld) supports shared libraries
configure:15192: result: yes
configure:15259: checking dynamic linker characteristics
configure:15811: result: GNU/Linux ld.so
configure:15835: checking how to hardcode library paths into programs
configure:15860: result: immediate
configure:19405: checking whether arm-brcm-linux-uclibcgnueabi-gcc and cc understand -c and -o together
configure:19436: arm-brcm-linux-uclibcgnueabi-gcc -c conftest.c -o conftest2.o >&5
configure:19440: $? = 0
configure:19446: arm-brcm-linux-uclibcgnueabi-gcc -c conftest.c -o conftest2.o >&5
configure:19450: $? = 0
configure:19461: cc -c conftest.c >&5
configure:19465: $? = 0
configure:19473: cc -c conftest.c -o conftest2.o >&5
configure:19477: $? = 0
configure:19483: cc -c conftest.c -o conftest2.o >&5
configure:19487: $? = 0
configure:19505: result: yes
configure:19662: checking GCC version
configure:19665: result: 4.5.3
configure:19802: checking if arm-brcm-linux-uclibcgnueabi-gcc accepts -Wdeclaration-after-statement
configure:19817: arm-brcm-linux-uclibcgnueabi-gcc -o conftest -O20 -Wall -Wextra -ffast-math -D_REENTRANT -fsigned-char -Wdeclaration-after-statement  -L/disk2/antony/R7000/GPL/V1.0.1.22/V1.0.1.22_1.0.15/ap/gpl/minidlna/libogg-1.1.4/src/.libs/ conftest.c  >&5
configure:19817: $? = 0
configure:19818: result: yes
configure:19832: checking for memory.h
configure:19832: result: yes
configure:19844: checking for cos in -lm
configure:19869: arm-brcm-linux-uclibcgnueabi-gcc -o conftest -O20 -Wall -Wextra -ffast-math -D_REENTRANT -fsigned-char -Wdeclaration-after-statement -I/disk2/antony/R7000/GPL/V1.0.1.22/V1.0.1.22_1.0.15/ap/gpl/minidlna/libogg-1.1.4/include/ -DUSE_MEMORY_H  -L/disk2/antony/R7000/GPL/V1.0.1.22/V1.0.1.22_1.0.15/ap/gpl/minidlna/libogg-1.1.4/src/.libs/ conftest.c -lm   >&5
conftest.c:29:6: warning: conflicting types for built-in function 'cos'
configure:19869: $? = 0
configure:19878: result: yes
configure:19886: checking for pthread_create in -lpthread
configure:19911: arm-brcm-linux-uclibcgnueabi-gcc -o conftest -O20 -Wall -Wextra -ffast-math -D_REENTRANT -fsigned-char -Wdeclaration-after-statement -I/disk2/antony/R7000/GPL/V1.0.1.22/V1.0.1.22_1.0.15/ap/gpl/minidlna/libogg-1.1.4/include/ -DUSE_MEMORY_H  -L/disk2/antony/R7000/GPL/V1.0.1.22/V1.0.1.22_1.0.15/ap/gpl/minidlna/libogg-1.1.4/src/.libs/ conftest.c -lpthread   >&5
configure:19911: $? = 0
configure:19920: result: yes
configure:19935: checking for arm-linux-pkg-config
configure:19968: result: no
configure:19978: checking for pkg-config
configure:19996: found /usr/bin/pkg-config
configure:20008: result: /usr/bin/pkg-config
configure:20033: checking pkg-config is at least version 0.9.0
configure:20036: result: yes
configure:20051: checking for OGG
configure:20058: $PKG_CONFIG --exists --print-errors "ogg >= 1.0"
configure:20061: $? = 0
configure:20074: $PKG_CONFIG --exists --print-errors "ogg >= 1.0"
configure:20077: $? = 0
configure:20112: result: yes
configure:20297: checking for working alloca.h
configure:20314: arm-brcm-linux-uclibcgnueabi-gcc -o conftest -O20 -Wall -Wextra -ffast-math -D_REENTRANT -fsigned-char -Wdeclaration-after-statement -I/disk2/antony/R7000/GPL/V1.0.1.22/V1.0.1.22_1.0.15/ap/gpl/minidlna/libogg-1.1.4/include/ -DUSE_MEMORY_H  -L/disk2/antony/R7000/GPL/V1.0.1.22/V1.0.1.22_1.0.15/ap/gpl/minidlna/libogg-1.1.4/src/.libs/ conftest.c  >&5
configure:20314: $? = 0
configure:20322: result: yes
configure:20330: checking for alloca
configure:20367: arm-brcm-linux-uclibcgnueabi-gcc -o conftest -O20 -Wall -Wextra -ffast-math -D_REENTRANT -fsigned-char -Wdeclaration-after-statement -I/disk2/antony/R7000/GPL/V1.0.1.22/V1.0.1.22_1.0.15/ap/gpl/minidlna/libogg-1.1.4/include/ -DUSE_MEMORY_H  -L/disk2/antony/R7000/GPL/V1.0.1.22/V1.0.1.22_1.0.15/ap/gpl/minidlna/libogg-1.1.4/src/.libs/ conftest.c  >&5
configure:20367: $? = 0
configure:20375: result: yes
configure:20485: checking for working memcmp
configure:20538: result: no
configure:20676: creating ./config.status

## ---------------------- ##
## Running config.status. ##
## ---------------------- ##

This file was extended by libvorbis config.status 1.2.3, which was
generated by GNU Autoconf 2.65.  Invocation command line was

  CONFIG_FILES    = 
  CONFIG_HEADERS  = 
  CONFIG_LINKS    = 
  CONFIG_COMMANDS = 
  $ ./config.status 

on linux

config.status:930: creating Makefile
config.status:930: creating m4/Makefile
config.status:930: creating lib/Makefile
config.status:930: creating lib/modes/Makefile
config.status:930: creating lib/books/Makefile
config.status:930: creating lib/books/coupled/Makefile
config.status:930: creating lib/books/uncoupled/Makefile
config.status:930: creating lib/books/floor/Makefile
config.status:930: creating doc/Makefile
config.status:930: creating doc/vorbisfile/Makefile
config.status:930: creating doc/vorbisenc/Makefile
config.status:930: creating include/Makefile
config.status:930: creating include/vorbis/Makefile
config.status:930: creating examples/Makefile
config.status:930: creating test/Makefile
config.status:930: creating vq/Makefile
config.status:930: creating libvorbis.spec
config.status:930: creating vorbis.pc
config.status:930: creating vorbisenc.pc
config.status:930: creating vorbisfile.pc
config.status:930: creating vorbis-uninstalled.pc
config.status:930: creating vorbisenc-uninstalled.pc
config.status:930: creating vorbisfile-uninstalled.pc
config.status:930: creating config.h
config.status:1150: executing depfiles commands

## ---------------- ##
## Cache variables. ##
## ---------------- ##

ac_cv_build=i686-pc-linux-gnu
ac_cv_c_compiler_gnu=yes
ac_cv_c_inline=inline
ac_cv_cxx_compiler_gnu=yes
ac_cv_env_CCC_set=
ac_cv_env_CCC_value=
ac_cv_env_CC_set=set
ac_cv_env_CC_value=arm-brcm-linux-uclibcgnueabi-gcc
ac_cv_env_CFLAGS_set=set
ac_cv_env_CFLAGS_value=-I/disk2/antony/R7000/GPL/V1.0.1.22/V1.0.1.22_1.0.15/ap/gpl/minidlna/libogg-1.1.4/include/
ac_cv_env_CPPFLAGS_set=
ac_cv_env_CPPFLAGS_value=
ac_cv_env_CPP_set=set
ac_cv_env_CPP_value='arm-brcm-linux-uclibcgnueabi-gcc -E'
ac_cv_env_CXXCPP_set=
ac_cv_env_CXXCPP_value=
ac_cv_env_CXXFLAGS_set=
ac_cv_env_CXXFLAGS_value=
ac_cv_env_CXX_set=set
ac_cv_env_CXX_value=arm-brcm-linux-uclibcgnueabi-g++
ac_cv_env_F77_set=
ac_cv_env_F77_value=
ac_cv_env_FFLAGS_set=
ac_cv_env_FFLAGS_value=
ac_cv_env_LDFLAGS_set=set
ac_cv_env_LDFLAGS_value=-L/disk2/antony/R7000/GPL/V1.0.1.22/V1.0.1.22_1.0.15/ap/gpl/minidlna/libogg-1.1.4/src/.libs/
ac_cv_env_LIBS_set=
ac_cv_env_LIBS_value=
ac_cv_env_OGG_CFLAGS_set=
ac_cv_env_OGG_CFLAGS_value=
ac_cv_env_OGG_LIBS_set=
ac_cv_env_OGG_LIBS_value=
ac_cv_env_PKG_CONFIG_set=
ac_cv_env_PKG_CONFIG_value=
ac_cv_env_build_alias_set=
ac_cv_env_build_alias_value=
ac_cv_env_host_alias_set=set
ac_cv_env_host_alias_value=arm-linux
ac_cv_env_target_alias_set=
ac_cv_env_target_alias_value=
ac_cv_f77_compiler_gnu=yes
ac_cv_func_alloca_works=yes
ac_cv_func_memcmp_working=no
ac_cv_header_dlfcn_h=yes
ac_cv_header_inttypes_h=yes
ac_cv_header_memory_h=yes
ac_cv_header_stdc=yes
ac_cv_header_stdint_h=yes
ac_cv_header_stdlib_h=yes
ac_cv_header_string_h=yes
ac_cv_header_strings_h=yes
ac_cv_header_sys_stat_h=yes
ac_cv_header_sys_types_h=yes
ac_cv_header_unistd_h=yes
ac_cv_host=arm-unknown-linux-gnu
ac_cv_lib_m_cos=yes
ac_cv_lib_pthread_pthread_create=yes
ac_cv_objext=o
ac_cv_path_EGREP='/bin/grep -E'
ac_cv_path_GREP=/bin/grep
ac_cv_path_ac_pt_PKG_CONFIG=/usr/bin/pkg-config
ac_cv_path_install='/usr/bin/install -c'
ac_cv_path_mkdir=/bin/mkdir
ac_cv_prog_AR=arm-brcm-linux-uclibcgnueabi-ar
ac_cv_prog_AWK=gawk
ac_cv_prog_CC=arm-brcm-linux-uclibcgnueabi-gcc
ac_cv_prog_CPP='arm-brcm-linux-uclibcgnueabi-gcc -E'
ac_cv_prog_CXXCPP='arm-brcm-linux-uclibcgnueabi-g++ -E'
ac_cv_prog_RANLIB=arm-brcm-linux-uclibcgnueabi-ranlib
ac_cv_prog_STRIP=arm-brcm-linux-uclibcgnueabi-strip
ac_cv_prog_ac_ct_F77=gfortran
ac_cv_prog_cc_arm_brcm_linux_uclibcgnueabi_gcc_c_o=yes
ac_cv_prog_cc_c89=
ac_cv_prog_cc_g=yes
ac_cv_prog_cxx_g=yes
ac_cv_prog_f77_g=yes
ac_cv_prog_make_make_set=yes
ac_cv_target=arm-unknown-linux-gnu
ac_cv_working_alloca_h=yes
am_cv_CC_dependencies_compiler_type=gcc3
am_cv_CXX_dependencies_compiler_type=gcc3
lt_cv_deplibs_check_method=pass_all
lt_cv_file_magic_cmd='$MAGIC_CMD'
lt_cv_file_magic_test_file=
lt_cv_ld_reload_flag=-r
lt_cv_objdir=.libs
lt_cv_path_LD=arm-brcm-linux-uclibcgnueabi-ld
lt_cv_path_LDCXX=arm-brcm-linux-uclibcgnueabi-ld
lt_cv_path_NM=arm-brcm-linux-uclibcgnueabi-nm
lt_cv_path_SED=/bin/sed
lt_cv_prog_compiler_c_o=yes
lt_cv_prog_compiler_c_o_CXX=yes
lt_cv_prog_compiler_c_o_F77=yes
lt_cv_prog_compiler_pic_works=yes
lt_cv_prog_compiler_pic_works_CXX=yes
lt_cv_prog_compiler_pic_works_F77=yes
lt_cv_prog_compiler_rtti_exceptions=no
lt_cv_prog_compiler_static_works=yes
lt_cv_prog_compiler_static_works_CXX=yes
lt_cv_prog_compiler_static_works_F77=yes
lt_cv_prog_gnu_ld=yes
lt_cv_prog_gnu_ldcxx=yes
lt_cv_sys_global_symbol_pipe='sed -n -e '\''s/^.*[ 	]\([ABCDGIRSTW][ABCDGIRSTW]*\)[ 	][ 	]*\([_A-Za-z][_A-Za-z0-9]*\)$/\1 \2 \2/p'\'''
lt_cv_sys_global_symbol_to_c_name_address='sed -n -e '\''s/^: \([^ ]*\) $/  {\"\1\", (lt_ptr) 0},/p'\'' -e '\''s/^[BCDEGRST] \([^ ]*\) \([^ ]*\)$/  {"\2", (lt_ptr) \&\2},/p'\'''
lt_cv_sys_global_symbol_to_cdecl='sed -n -e '\''s/^. .* \(.*\)$/extern int \1;/p'\'''
lt_cv_sys_lib_dlsearch_path_spec='/usr/lib /lib /usr/lib/mysql /usr/lib/qt-3.3/lib /usr/lib/tcl8.5 /usr/lib/xulrunner-1.9 '
lt_cv_sys_lib_search_path_spec='/usr/lib /lib /usr/local/lib'
lt_cv_sys_max_cmd_len=1966080
lt_lt_cv_prog_compiler_c_o='"yes"'
lt_lt_cv_prog_compiler_c_o_CXX='"yes"'
lt_lt_cv_prog_compiler_c_o_F77='"yes"'
lt_lt_cv_sys_global_symbol_pipe='"sed -n -e '\''s/^.*[ 	]\\([ABCDGIRSTW][ABCDGIRSTW]*\\)[ 	][ 	]*\\([_A-Za-z][_A-Za-z0-9]*\\)\$/\\1 \\2 \\2/p'\''"'
lt_lt_cv_sys_global_symbol_to_c_name_address='"sed -n -e '\''s/^: \\([^ ]*\\) \$/  {\\\"\\1\\\", (lt_ptr) 0},/p'\'' -e '\''s/^[BCDEGRST] \\([^ ]*\\) \\([^ ]*\\)\$/  {\"\\2\", (lt_ptr) \\&\\2},/p'\''"'
lt_lt_cv_sys_global_symbol_to_cdecl='"sed -n -e '\''s/^. .* \\(.*\\)\$/extern int \\1;/p'\''"'
pkg_cv_OGG_CFLAGS=' '
pkg_cv_OGG_LIBS='-logg  '

## ----------------- ##
## Output variables. ##
## ----------------- ##

ACLOCAL='${SHELL} /disk2/antony/R7000/GPL/V1.0.1.22/V1.0.1.22_1.0.15/ap/gpl/minidlna/libvorbis-1.2.3/missing --run aclocal-1.10'
ACLOCAL_AMFLAGS='-I m4'
ALLOCA=''
AMDEPBACKSLASH='\'
AMDEP_FALSE='#'
AMDEP_TRUE=''
AMTAR='${SHELL} /disk2/antony/R7000/GPL/V1.0.1.22/V1.0.1.22_1.0.15/ap/gpl/minidlna/libvorbis-1.2.3/missing --run tar'
AR='arm-brcm-linux-uclibcgnueabi-ar'
AS='arm-brcm-linux-uclibcgnueabi-as'
AUTOCONF='${SHELL} /disk2/antony/R7000/GPL/V1.0.1.22/V1.0.1.22_1.0.15/ap/gpl/minidlna/libvorbis-1.2.3/missing --run autoconf'
AUTOHEADER='${SHELL} /disk2/antony/R7000/GPL/V1.0.1.22/V1.0.1.22_1.0.15/ap/gpl/minidlna/libvorbis-1.2.3/missing --run autoheader'
AUTOMAKE='${SHELL} /disk2/antony/R7000/GPL/V1.0.1.22/V1.0.1.22_1.0.15/ap/gpl/minidlna/libvorbis-1.2.3/missing --run automake-1.10'
AWK='gawk'
BUILD_DOCS_FALSE=''
BUILD_DOCS_TRUE='#'
CC='arm-brcm-linux-uclibcgnueabi-gcc'
CCDEPMODE='depmode=gcc3'
CFLAGS='-O20 -Wall -Wextra -ffast-math -D_REENTRANT -fsigned-char -Wdeclaration-after-statement -I/disk2/antony/R7000/GPL/V1.0.1.22/V1.0.1.22_1.0.15/ap/gpl/minidlna/libogg-1.1.4/include/ -DUSE_MEMORY_H'
CPP='arm-brcm-linux-uclibcgnueabi-gcc -E'
CPPFLAGS=''
CXX='arm-brcm-linux-uclibcgnueabi-g++'
CXXCPP='arm-brcm-linux-uclibcgnueabi-g++ -E'
CXXDEPMODE='depmode=gcc3'
CXXFLAGS='-g -O2'
CYGPATH_W='echo'
DEBUG='-g -Wall -Wextra -D_REENTRANT -D__NO_MATH_INLINES -fsigned-char'
DEFS='-DHAVE_CONFIG_H'
DEPDIR='.deps'
DLLTOOL='dlltool'
DSYMUTIL=''
ECHO='echo'
ECHO_C=''
ECHO_N='-n'
ECHO_T=''
EGREP='/bin/grep -E'
EXEEXT=''
F77='gfortran'
FFLAGS='-g -O2'
GREP='/bin/grep'
HTLATEX=''
INSTALL_DATA='${INSTALL} -m 644'
INSTALL_PROGRAM='${INSTALL}'
INSTALL_SCRIPT='${INSTALL}'
INSTALL_STRIP_PROGRAM='$(install_sh) -c -s'
LDFLAGS='-L/disk2/antony/R7000/GPL/V1.0.1.22/V1.0.1.22_1.0.15/ap/gpl/minidlna/libogg-1.1.4/src/.libs/'
LIBOBJS=' ${LIBOBJDIR}memcmp$U.o'
LIBS=''
LIBTOOL='$(SHELL) $(top_builddir)/libtool'
LIBTOOL_DEPS='./ltmain.sh'
LN_S='ln -s'
LTLIBOBJS=' ${LIBOBJDIR}memcmp$U.lo'
MAKEINFO='${SHELL} /disk2/antony/R7000/GPL/V1.0.1.22/V1.0.1.22_1.0.15/ap/gpl/minidlna/libvorbis-1.2.3/missing --run makeinfo'
MKDIR_P='/bin/mkdir -p'
NMEDIT=''
OBJDUMP='arm-brcm-linux-uclibcgnueabi-objdump'
OBJEXT='o'
OGG_CFLAGS=' '
OGG_LIBS='-logg  '
PACKAGE='libvorbis'
PACKAGE_BUGREPORT='vorbis-dev@xiph.org'
PACKAGE_NAME='libvorbis'
PACKAGE_STRING='libvorbis 1.2.3'
PACKAGE_TARNAME='libvorbis'
PACKAGE_URL=''
PACKAGE_VERSION='1.2.3'
PATH_SEPARATOR=':'
PDFLATEX=''
PKG_CONFIG='/usr/bin/pkg-config'
PROFILE='-pg -g -O20 -ffast-math -D_REENTRANT -fsigned-char'
RANLIB='arm-brcm-linux-uclibcgnueabi-ranlib'
SED='/bin/sed'
SET_MAKE=''
SHELL='/bin/sh'
STRIP='arm-brcm-linux-uclibcgnueabi-strip'
VERSION='1.2.3'
VE_LIB_AGE='0'
VE_LIB_CURRENT='2'
VE_LIB_REVISION='6'
VF_LIB_AGE='3'
VF_LIB_CURRENT='6'
VF_LIB_REVISION='2'
VORBIS_LIBS='-lm'
V_LIB_AGE='4'
V_LIB_CURRENT='4'
V_LIB_REVISION='3'
ac_ct_CC=''
ac_ct_CXX=''
ac_ct_F77='gfortran'
am__fastdepCC_FALSE='#'
am__fastdepCC_TRUE=''
am__fastdepCXX_FALSE='#'
am__fastdepCXX_TRUE=''
am__include='include'
am__isrc=''
am__leading_dot='.'
am__quote=''
am__tar='${AMTAR} chof - "$$tardir"'
am__untar='${AMTAR} xf -'
bindir='${exec_prefix}/bin'
build='i686-pc-linux-gnu'
build_alias=''
build_cpu='i686'
build_os='linux-gnu'
build_vendor='pc'
datadir='${datarootdir}'
datarootdir='${prefix}/share'
docdir='${datarootdir}/doc/${PACKAGE_TARNAME}'
dvidir='${docdir}'
exec_prefix='${prefix}'
host='arm-unknown-linux-gnu'
host_alias='arm-linux'
host_cpu='arm'
host_os='linux-gnu'
host_vendor='unknown'
htmldir='${docdir}'
includedir='${prefix}/include'
infodir='${datarootdir}/info'
install_sh='$(SHELL) /disk2/antony/R7000/GPL/V1.0.1.22/V1.0.1.22_1.0.15/ap/gpl/minidlna/libvorbis-1.2.3/install-sh'
libdir='${exec_prefix}/lib'
libexecdir='${exec_prefix}/libexec'
localedir='${datarootdir}/locale'
localstatedir='${prefix}/var'
mandir='${datarootdir}/man'
mkdir_p='/bin/mkdir -p'
oldincludedir='/usr/include'
pdfdir='${docdir}'
prefix='/usr/local'
program_transform_name='s,x,x,'
psdir='${docdir}'
pthread_lib='-lpthread'
sbindir='${exec_prefix}/sbin'
sharedstatedir='${prefix}/com'
sysconfdir='${prefix}/etc'
target='arm-unknown-linux-gnu'
target_alias=''
target_cpu='arm'
target_os='linux-gnu'
target_vendor='unknown'

## ----------- ##
## confdefs.h. ##
## ----------- ##

/* confdefs.h */
#define PACKAGE_NAME "libvorbis"
#define PACKAGE_TARNAME "libvorbis"
#define PACKAGE_VERSION "1.2.3"
#define PACKAGE_STRING "libvorbis 1.2.3"
#define PACKAGE_BUGREPORT "vorbis-dev@xiph.org"
#define PACKAGE_URL ""
#define PACKAGE "libvorbis"
#define VERSION "1.2.3"
#define STDC_HEADERS 1
#define HAVE_SYS_TYPES_H 1
#define HAVE_SYS_STAT_H 1
#define HAVE_STDLIB_H 1
#define HAVE_STRING_H 1
#define HAVE_MEMORY_H 1
#define HAVE_STRINGS_H 1
#define HAVE_INTTYPES_H 1
#define HAVE_STDINT_H 1
#define HAVE_UNISTD_H 1
#define HAVE_DLFCN_H 1
#define HAVE_ALLOCA_H 1
#define HAVE_ALLOCA 1

configure: exit 0
