This file contains any messages produced by compilers while
running configure, to aid debugging if configure makes a mistake.

It was created by libdaemon configure 0.14, which was
generated by GNU Autoconf 2.63.  Invocation command line was

  $ ./configure --host=mipsel-uclibc-linux --build=mipsel-uclibc-linux-gnu26 --target=mipsel-uclibc-linux-gnu26 CC=mipsel-linux-uclibc-gcc CXX=mipsel-linux-uclibc-g++ --config-cache build_alias=mipsel-uclibc-linux-gnu26 host_alias=mipsel-uclibc-linux target_alias=mipsel-uclibc-linux-gnu26 --no-create --no-recursion

## --------- ##
## Platform. ##
## --------- ##

hostname = localhost.localdomain
uname -m = i686
uname -r = 2.6.27.41-170.2.117.fc10.i686.PAE
uname -s = Linux
uname -v = #1 SMP Thu Dec 10 10:48:30 EST 2009

/usr/bin/uname -p = unknown
/bin/uname -X     = unknown

/bin/arch              = i686
/usr/bin/arch -k       = unknown
/usr/convex/getsysinfo = unknown
/usr/bin/hostinfo      = unknown
/bin/machine           = unknown
/usr/bin/oslevel       = unknown
/bin/universe          = unknown

PATH: /projects/hnd/tools/linux/hndtools-mipsel-linux-uclibc-4.2.3/bin
PATH: /usr/lib/qt-3.3/bin
PATH: /usr/kerberos/bin
PATH: /usr/lib/ccache
PATH: /usr/local/bin
PATH: /bin
PATH: /usr/bin
PATH: /usr/local/sbin
PATH: /usr/sbin
PATH: /sbin
PATH: /home/eric/bin


## ----------- ##
## Core tests. ##
## ----------- ##

configure:1937: loading cache config.cache
configure:2093: checking for a BSD-compatible install
configure:2161: result: /usr/bin/install -c
configure:2172: checking whether build environment is sane
configure:2232: result: yes
configure:2281: checking for mipsel-uclibc-linux-strip
configure:2308: result: strip
configure:2373: checking for a thread-safe mkdir -p
configure:2412: result: /bin/mkdir -p
configure:2425: checking for gawk
configure:2452: result: gawk
configure:2463: checking whether make sets $(MAKE)
configure:2485: result: yes
configure:2602: checking for mipsel-uclibc-linux-gcc
configure:2629: result: mipsel-linux-uclibc-gcc
configure:2901: checking for C compiler version
configure:2909: mipsel-linux-uclibc-gcc --version >&5
mipsel-linux-uclibc-gcc (GCC) 4.2.3
Copyright (C) 2007 Free Software Foundation, Inc.
This is free software; see the source for copying conditions.  There is NO
warranty; not even for MERCHANTABILITY or FITNESS FOR A PARTICULAR PURPOSE.

configure:2913: $? = 0
configure:2920: mipsel-linux-uclibc-gcc -v >&5
Using built-in specs.
Target: mipsel-linux-uclibc
Configured with: /home/gracecsm/toolchains/src/toolchains/linux-2.6/buildroot/toolchain_build_mipsel/gcc-4.2.3/configure --prefix=/projects/hnd/tools/linux/hndtools-mipsel-linux-uclibc-4.2.3 --build=i386-pc-linux-gnu --host=i386-pc-linux-gnu --target=mipsel-linux-uclibc --enable-languages=c,c++ --disable-__cxa_atexit --enable-target-optspace --with-gnu-ld --with-gmp=/home/gracecsm/toolchains/src/toolchains/linux-2.6/buildroot/toolchain_build_mipsel/gmp --with-mpfr=/home/gracecsm/toolchains/src/toolchains/linux-2.6/buildroot/toolchain_build_mipsel/mpfr --enable-shared --disable-nls --enable-threads --disable-multilib --with-abi=32 --with-tune=mips32
Thread model: posix
gcc version 4.2.3
configure:2924: $? = 0
configure:2931: mipsel-linux-uclibc-gcc -V >&5
mipsel-linux-uclibc-gcc: '-V' option must have argument
configure:2935: $? = 1
configure:2958: checking for C compiler default output file name
configure:2980: mipsel-linux-uclibc-gcc    conftest.c  >&5
configure:2984: $? = 0
configure:3022: result: a.out
configure:3041: checking whether the C compiler works
configure:3074: result: yes
configure:3081: checking whether we are cross compiling
configure:3083: result: yes
configure:3086: checking for suffix of executables
configure:3093: mipsel-linux-uclibc-gcc -o conftest    conftest.c  >&5
configure:3097: $? = 0
configure:3123: result: 
configure:3129: checking for suffix of object files
configure:3184: result: o
configure:3188: checking whether we are using the GNU C compiler
configure:3241: result: yes
configure:3250: checking whether mipsel-linux-uclibc-gcc accepts -g
configure:3388: result: yes
configure:3405: checking for mipsel-linux-uclibc-gcc option to accept ISO C89
configure:3509: result: none needed
configure:3538: checking for style of include used by make
configure:3566: result: GNU
configure:3591: checking dependency style of mipsel-linux-uclibc-gcc
configure:3701: result: gcc3
configure:3716: checking for mipsel-linux-uclibc-gcc option to accept ISO C99
configure:3908: result: unsupported
configure:3918: checking whether mipsel-linux-uclibc-gcc and cc understand -c and -o together
configure:4022: result: yes
configure:4056: checking how to run the C preprocessor
configure:4174: result: mipsel-linux-uclibc-gcc -E
configure:4203: mipsel-linux-uclibc-gcc -E  conftest.c
configure:4210: $? = 0
configure:4241: mipsel-linux-uclibc-gcc -E  conftest.c
conftest.c:10:28: error: ac_nonexistent.h: No such file or directory
configure:4248: $? = 1
configure: failed program was:
| /* confdefs.h.  */
| #define PACKAGE_NAME "libdaemon"
| #define PACKAGE_TARNAME "libdaemon"
| #define PACKAGE_VERSION "0.14"
| #define PACKAGE_STRING "libdaemon 0.14"
| #define PACKAGE_BUGREPORT "mzqnrzba (at) 0pointer (dot) de"
| #define PACKAGE "libdaemon"
| #define VERSION "0.14"
| /* end confdefs.h.  */
| #include <ac_nonexistent.h>
configure:4288: checking for grep that handles long lines and -e
configure:4348: result: /bin/grep
configure:4353: checking for egrep
configure:4417: result: /bin/grep -E
configure:4422: checking for ANSI C header files
configure:4590: result: yes
configure:4614: checking for sys/types.h
configure:4659: result: yes
configure:4614: checking for sys/stat.h
configure:4659: result: yes
configure:4614: checking for stdlib.h
configure:4659: result: yes
configure:4614: checking for string.h
configure:4659: result: yes
configure:4614: checking for memory.h
configure:4659: result: yes
configure:4614: checking for strings.h
configure:4659: result: yes
configure:4614: checking for inttypes.h
configure:4659: result: yes
configure:4614: checking for stdint.h
configure:4659: result: yes
configure:4614: checking for unistd.h
configure:4659: result: yes
configure:4675: checking for minix/config.h
configure:4680: result: no
configure:4833: checking whether it is safe to define __EXTENSIONS__
configure:4883: result: yes
configure:4922: checking for a BSD-compatible install
configure:4990: result: /usr/bin/install -c
configure:5001: checking whether ln -s works
configure:5005: result: yes
configure:5012: checking whether make sets $(MAKE)
configure:5034: result: yes
configure:5074: checking build system type
configure:5092: result: mipsel-uclibc-linux-gnu26
configure:5114: checking host system type
configure:5129: result: mipsel-uclibc-linux-gnu
configure:5151: checking for a sed that does not truncate output
configure:5217: result: /bin/sed
configure:5235: checking for fgrep
configure:5299: result: /bin/grep -F
configure:5334: checking for ld used by mipsel-linux-uclibc-gcc
configure:5401: result: /projects/hnd/tools/linux/hndtools-mipsel-linux-uclibc-4.2.3/usr/bin/mipsel-linux-uclibc-ld
configure:5410: checking if the linker (/projects/hnd/tools/linux/hndtools-mipsel-linux-uclibc-4.2.3/usr/bin/mipsel-linux-uclibc-ld) is GNU ld
configure:5425: result: yes
configure:5437: checking for BSD- or MS-compatible name lister (nm)
configure:5486: result: no
configure:5497: checking for mipsel-uclibc-linux-dumpbin
configure:5527: result: no
configure:5497: checking for mipsel-uclibc-linux-link
configure:5527: result: no
configure:5541: checking for dumpbin
configure:5568: result: link -dump -symbols
configure:5584: WARNING: using cross tools not prefixed with host triplet
configure:5604: checking the name lister (link -dump -symbols) interface
configure:5624: result: BSD nm
configure:5628: checking the maximum length of command line arguments
configure:5748: result: 1966080
configure:5765: checking whether the shell understands some XSI constructs
configure:5775: result: yes
configure:5779: checking whether the shell understands "+="
configure:5785: result: yes
configure:5820: checking for /projects/hnd/tools/linux/hndtools-mipsel-linux-uclibc-4.2.3/usr/bin/mipsel-linux-uclibc-ld option to reload object files
configure:5827: result: -r
configure:5856: checking for mipsel-uclibc-linux-objdump
configure:5886: result: no
configure:5896: checking for objdump
configure:5923: result: objdump
configure:5955: checking how to recognize dependent libraries
configure:6151: result: pass_all
configure:6171: checking for mipsel-uclibc-linux-ar
configure:6201: result: no
configure:6211: checking for ar
configure:6238: result: ar
configure:6276: checking for mipsel-uclibc-linux-strip
configure:6303: result: strip
configure:6375: checking for mipsel-uclibc-linux-ranlib
configure:6405: result: no
configure:6415: checking for ranlib
configure:6442: result: ranlib
configure:6532: checking command to parse link -dump -symbols output from mipsel-linux-uclibc-gcc object
configure:6751: result: failed
configure:7619: checking for dlfcn.h
configure:7664: result: yes
configure:7850: checking for objdir
configure:7865: result: .libs
configure:8161: checking if mipsel-linux-uclibc-gcc supports -fno-rtti -fno-exceptions
configure:8196: result: no
configure:8216: checking for mipsel-linux-uclibc-gcc option to produce PIC
configure:8488: result: -fPIC -DPIC
configure:8500: checking if mipsel-linux-uclibc-gcc PIC flag -fPIC -DPIC works
configure:8535: result: yes
configure:8559: checking if mipsel-linux-uclibc-gcc static flag -static works
configure:8587: result: yes
configure:8602: checking if mipsel-linux-uclibc-gcc supports -c -o file.o
configure:8649: result: yes
configure:8657: checking if mipsel-linux-uclibc-gcc supports -c -o file.o
configure:8704: result: yes
configure:8737: checking whether the mipsel-linux-uclibc-gcc linker (/projects/hnd/tools/linux/hndtools-mipsel-linux-uclibc-4.2.3/usr/bin/mipsel-linux-uclibc-ld) supports shared libraries
configure:9811: result: yes
configure:9848: checking whether -lc should be explicitly linked in
configure:9853: mipsel-linux-uclibc-gcc -c -g -O2  conftest.c >&5
configure:9856: $? = 0
configure:9871: mipsel-linux-uclibc-gcc -shared conftest.o  -v -Wl,-soname -Wl,conftest -o conftest 2\>\&1 \| /bin/grep  -lc  \>/dev/null 2\>\&1
configure:9874: $? = 0
configure:9886: result: no
configure:10050: checking dynamic linker characteristics
configure:10493: mipsel-linux-uclibc-gcc -o conftest -g -O2   -Wl,-rpath -Wl,/foo conftest.c  >&5
configure:10500: $? = 0
configure:10736: result: GNU/Linux ld.so
configure:10838: checking how to hardcode library paths into programs
configure:10863: result: immediate
configure:11696: checking whether stripping libraries is possible
configure:11701: result: yes
configure:11736: checking if libtool supports shared libraries
configure:11738: result: yes
configure:11741: checking whether to build shared libraries
configure:11762: result: yes
configure:11765: checking whether to build static libraries
configure:11769: result: yes
configure:11808: checking if mipsel-linux-uclibc-gcc supports -pipe flag
configure:11859: result: yes
configure:11808: checking if mipsel-linux-uclibc-gcc supports -Wall flag
configure:11859: result: yes
configure:11808: checking if mipsel-linux-uclibc-gcc supports -W flag
configure:11859: result: yes
configure:11808: checking if mipsel-linux-uclibc-gcc supports -Wextra flag
configure:11859: result: yes
configure:11808: checking if mipsel-linux-uclibc-gcc supports -pedantic flag
configure:11859: result: yes
configure:11808: checking if mipsel-linux-uclibc-gcc supports -Wformat flag
configure:11859: result: yes
configure:11808: checking if mipsel-linux-uclibc-gcc supports -Wold-style-definition flag
configure:11859: result: yes
configure:11808: checking if mipsel-linux-uclibc-gcc supports -Wdeclaration-after-statement flag
configure:11859: result: yes
configure:11808: checking if mipsel-linux-uclibc-gcc supports -Wfloat-equal flag
configure:11859: result: yes
configure:11808: checking if mipsel-linux-uclibc-gcc supports -Wmissing-declarations flag
configure:11859: result: yes
configure:11808: checking if mipsel-linux-uclibc-gcc supports -Wmissing-prototypes flag
configure:11859: result: yes
configure:11808: checking if mipsel-linux-uclibc-gcc supports -Wstrict-prototypes flag
configure:11859: result: yes
configure:11808: checking if mipsel-linux-uclibc-gcc supports -Wredundant-decls flag
configure:11859: result: yes
configure:11808: checking if mipsel-linux-uclibc-gcc supports -Wmissing-noreturn flag
configure:11859: result: yes
configure:11808: checking if mipsel-linux-uclibc-gcc supports -Wshadow flag
configure:11859: result: yes
configure:11808: checking if mipsel-linux-uclibc-gcc supports -Wendif-labels flag
configure:11859: result: yes
configure:11808: checking if mipsel-linux-uclibc-gcc supports -Wpointer-arith flag
configure:11859: result: yes
configure:11808: checking if mipsel-linux-uclibc-gcc supports -Wbad-function-cast flag
configure:11859: result: yes
configure:11808: checking if mipsel-linux-uclibc-gcc supports -Wcast-qual flag
configure:11859: result: yes
configure:11808: checking if mipsel-linux-uclibc-gcc supports -Wcast-align flag
configure:11859: result: yes
configure:11808: checking if mipsel-linux-uclibc-gcc supports -Wwrite-strings flag
configure:11859: result: yes
configure:11808: checking if mipsel-linux-uclibc-gcc supports -Winline flag
configure:11859: result: yes
configure:11808: checking if mipsel-linux-uclibc-gcc supports -Wno-unused-parameter flag
configure:11859: result: yes
configure:11808: checking if mipsel-linux-uclibc-gcc supports -Wstrict-aliasing flag
configure:11859: result: yes
configure:11872: checking whether to enable assertions
configure:11884: result: yes
configure:11889: checking for ANSI C header files
configure:12057: result: yes
configure:12079: checking for fcntl.h
configure:12086: result: yes
configure:12079: checking for limits.h
configure:12086: result: yes
configure:12079: checking for stdlib.h
configure:12086: result: yes
configure:12079: checking for string.h
configure:12086: result: yes
configure:12079: checking for syslog.h
configure:12086: result: yes
configure:12079: checking for unistd.h
configure:12086: result: yes
configure:12079: checking for sys/ioctl.h
configure:12086: result: yes
configure:12079: checking for sys/time.h
configure:12086: result: yes
configure:12225: checking for sys/wait.h that is POSIX.1 compatible
configure:12283: result: yes
configure:12295: checking for an ANSI C-conforming const
configure:12392: result: yes
configure:12402: checking for pid_t
configure:12494: result: yes
configure:12506: checking whether time.h and sys/time.h may both be included
configure:12558: result: yes
configure:12568: checking for working volatile
configure:12619: result: yes
configure:12636: checking for vfork.h
configure:12643: result: no
configure:12787: checking for fork
configure:12872: result: yes
configure:12787: checking for vfork
configure:12872: result: yes
configure:12885: checking for working fork
configure:12948: result: yes
configure:12969: checking for working vfork
configure:13110: result: yes
configure:13147: checking for sys/select.h
configure:13154: result: yes
configure:13147: checking for sys/socket.h
configure:13154: result: yes
configure:13293: checking types of arguments for select
configure:13359: result: int,fd_set *,struct timeval *
configure:13386: checking for vprintf
configure:13471: result: yes
configure:13480: checking for _doprnt
configure:13563: result: no
configure:13586: checking for select
configure:13671: result: yes
configure:13586: checking for strerror
configure:13671: result: yes
configure:13586: checking for dup2
configure:13671: result: yes
configure:13586: checking for memset
configure:13671: result: yes
configure:13586: checking for strrchr
configure:13671: result: yes
configure:13586: checking for asprintf
configure:13671: result: yes
configure:13683: checking for mode_t
configure:13775: result: yes
configure:13787: checking whether setpgrp takes no argument
configure:13852: result: yes
configure:13862: checking return type of signal handlers
configure:13912: result: void
configure:13920: checking for size_t
configure:14012: result: yes
configure:14032: checking for special C compiler options needed for large files
configure:14127: result: no
configure:14133: checking for _FILE_OFFSET_BITS value needed for large files
configure:14244: result: 64
configure:14390: checking if mipsel-linux-uclibc-gcc supports -Wl,--no-undefined flag
configure:14437: result: yes
configure:14466: checking for lynx
configure:14494: result: no
configure:14504: WARNING: *** lynx not found, plain text README will not be built ***
configure:14682: creating ./config.status

## ---------------- ##
## Cache variables. ##
## ---------------- ##

ac_cv_build=mipsel-uclibc-linux-gnu26
ac_cv_c_compiler_gnu=yes
ac_cv_c_const=yes
ac_cv_c_volatile=yes
ac_cv_env_CC_set=set
ac_cv_env_CC_value=mipsel-linux-uclibc-gcc
ac_cv_env_CFLAGS_set=
ac_cv_env_CFLAGS_value=
ac_cv_env_CPPFLAGS_set=
ac_cv_env_CPPFLAGS_value=
ac_cv_env_CPP_set=
ac_cv_env_CPP_value=
ac_cv_env_LDFLAGS_set=
ac_cv_env_LDFLAGS_value=
ac_cv_env_LIBS_set=
ac_cv_env_LIBS_value=
ac_cv_env_build_alias_set=set
ac_cv_env_build_alias_value=mipsel-uclibc-linux-gnu26
ac_cv_env_host_alias_set=set
ac_cv_env_host_alias_value=mipsel-uclibc-linux
ac_cv_env_target_alias_set=set
ac_cv_env_target_alias_value=mipsel-uclibc-linux-gnu26
ac_cv_func__doprnt=no
ac_cv_func_asprintf=yes
ac_cv_func_dup2=yes
ac_cv_func_fork=yes
ac_cv_func_fork_works=yes
ac_cv_func_memset=yes
ac_cv_func_select=yes
ac_cv_func_select_args='int,fd_set *,struct timeval *'
ac_cv_func_setpgrp_void=yes
ac_cv_func_strerror=yes
ac_cv_func_strrchr=yes
ac_cv_func_vfork=yes
ac_cv_func_vfork_works=yes
ac_cv_func_vprintf=yes
ac_cv_header_dlfcn_h=yes
ac_cv_header_fcntl_h=yes
ac_cv_header_inttypes_h=yes
ac_cv_header_limits_h=yes
ac_cv_header_memory_h=yes
ac_cv_header_minix_config_h=no
ac_cv_header_stdc=yes
ac_cv_header_stdint_h=yes
ac_cv_header_stdlib_h=yes
ac_cv_header_string_h=yes
ac_cv_header_strings_h=yes
ac_cv_header_sys_ioctl_h=yes
ac_cv_header_sys_select_h=yes
ac_cv_header_sys_socket_h=yes
ac_cv_header_sys_stat_h=yes
ac_cv_header_sys_time_h=yes
ac_cv_header_sys_types_h=yes
ac_cv_header_sys_wait_h=yes
ac_cv_header_syslog_h=yes
ac_cv_header_time=yes
ac_cv_header_unistd_h=yes
ac_cv_header_vfork_h=no
ac_cv_host=mipsel-uclibc-linux-gnu
ac_cv_objext=o
ac_cv_path_EGREP='/bin/grep -E'
ac_cv_path_FGREP='/bin/grep -F'
ac_cv_path_GREP=/bin/grep
ac_cv_path_SED=/bin/sed
ac_cv_path_install='/usr/bin/install -c'
ac_cv_path_mkdir=/bin/mkdir
ac_cv_prog_AWK=gawk
ac_cv_prog_CC=mipsel-linux-uclibc-gcc
ac_cv_prog_CPP='mipsel-linux-uclibc-gcc -E'
ac_cv_prog_STRIP=strip
ac_cv_prog_ac_ct_AR=ar
ac_cv_prog_ac_ct_DUMPBIN='link -dump -symbols'
ac_cv_prog_ac_ct_OBJDUMP=objdump
ac_cv_prog_ac_ct_RANLIB=ranlib
ac_cv_prog_ac_ct_STRIP=strip
ac_cv_prog_cc_c89=
ac_cv_prog_cc_c99=no
ac_cv_prog_cc_g=yes
ac_cv_prog_cc_mipsel_linux_uclibc_gcc_c_o=yes
ac_cv_prog_have_lynx=no
ac_cv_prog_make_make_set=yes
ac_cv_safe_to_define___extensions__=yes
ac_cv_sys_file_offset_bits=64
ac_cv_sys_largefile_CC=no
ac_cv_type_mode_t=yes
ac_cv_type_pid_t=yes
ac_cv_type_signal=void
ac_cv_type_size_t=yes
am_cv_CC_dependencies_compiler_type=gcc3
cc_cv_cflags__W=yes
cc_cv_cflags__Wall=yes
cc_cv_cflags__Wbad_function_cast=yes
cc_cv_cflags__Wcast_align=yes
cc_cv_cflags__Wcast_qual=yes
cc_cv_cflags__Wdeclaration_after_statement=yes
cc_cv_cflags__Wendif_labels=yes
cc_cv_cflags__Wextra=yes
cc_cv_cflags__Wfloat_equal=yes
cc_cv_cflags__Wformat=yes
cc_cv_cflags__Winline=yes
cc_cv_cflags__Wmissing_declarations=yes
cc_cv_cflags__Wmissing_noreturn=yes
cc_cv_cflags__Wmissing_prototypes=yes
cc_cv_cflags__Wno_unused_parameter=yes
cc_cv_cflags__Wold_style_definition=yes
cc_cv_cflags__Wpointer_arith=yes
cc_cv_cflags__Wredundant_decls=yes
cc_cv_cflags__Wshadow=yes
cc_cv_cflags__Wstrict_aliasing=yes
cc_cv_cflags__Wstrict_prototypes=yes
cc_cv_cflags__Wwrite_strings=yes
cc_cv_cflags__pedantic=yes
cc_cv_cflags__pipe=yes
cc_cv_ldflags__Wl___no_undefined=yes
lt_cv_deplibs_check_method=pass_all
lt_cv_file_magic_cmd='$MAGIC_CMD'
lt_cv_file_magic_test_file=
lt_cv_ld_reload_flag=-r
lt_cv_nm_interface='BSD nm'
lt_cv_objdir=.libs
lt_cv_path_LD=/projects/hnd/tools/linux/hndtools-mipsel-linux-uclibc-4.2.3/usr/bin/mipsel-linux-uclibc-ld
lt_cv_path_NM=no
lt_cv_prog_compiler_c_o=yes
lt_cv_prog_compiler_pic_works=yes
lt_cv_prog_compiler_rtti_exceptions=no
lt_cv_prog_compiler_static_works=yes
lt_cv_prog_gnu_ld=yes
lt_cv_sys_global_symbol_pipe=
lt_cv_sys_global_symbol_to_c_name_address='sed -n -e '\''s/^: \([^ ]*\) $/  {\"\1\", (void *) 0},/p'\'' -e '\''s/^[BCDEGRST]* \([^ ]*\) \([^ ]*\)$/  {"\2", (void *) \&\2},/p'\'''
lt_cv_sys_global_symbol_to_c_name_address_lib_prefix='sed -n -e '\''s/^: \([^ ]*\) $/  {\"\1\", (void *) 0},/p'\'' -e '\''s/^[BCDEGRST]* \([^ ]*\) \(lib[^ ]*\)$/  {"\2", (void *) \&\2},/p'\'' -e '\''s/^[BCDEGRST]* \([^ ]*\) \([^ ]*\)$/  {"lib\2", (void *) \&\2},/p'\'''
lt_cv_sys_global_symbol_to_cdecl=
lt_cv_sys_max_cmd_len=1966080

## ----------------- ##
## Output variables. ##
## ----------------- ##

ACLOCAL='${SHELL} /home/eric/U12H189_WNDR4500/TimeMachine/2011_04_14_WNDR4500_Alpha/ap/gpl/timemachine/libdaemon-0.14/missing --run aclocal-1.11'
AMDEPBACKSLASH='\'
AMDEP_FALSE='#'
AMDEP_TRUE=''
AMTAR='${SHELL} /home/eric/U12H189_WNDR4500/TimeMachine/2011_04_14_WNDR4500_Alpha/ap/gpl/timemachine/libdaemon-0.14/missing --run tar'
AM_BACKSLASH='\'
AM_DEFAULT_VERBOSITY='0'
AR='ar'
AUTOCONF='${SHELL} /home/eric/U12H189_WNDR4500/TimeMachine/2011_04_14_WNDR4500_Alpha/ap/gpl/timemachine/libdaemon-0.14/missing --run autoconf'
AUTOHEADER='${SHELL} /home/eric/U12H189_WNDR4500/TimeMachine/2011_04_14_WNDR4500_Alpha/ap/gpl/timemachine/libdaemon-0.14/missing --run autoheader'
AUTOMAKE='${SHELL} /home/eric/U12H189_WNDR4500/TimeMachine/2011_04_14_WNDR4500_Alpha/ap/gpl/timemachine/libdaemon-0.14/missing --run automake-1.11'
AWK='gawk'
CC='mipsel-linux-uclibc-gcc'
CCDEPMODE='depmode=gcc3'
CFLAGS='-g -O2 -pipe -Wall -W -Wextra -pedantic -Wformat -Wold-style-definition -Wdeclaration-after-statement -Wfloat-equal -Wmissing-declarations -Wmissing-prototypes -Wstrict-prototypes -Wredundant-decls -Wmissing-noreturn -Wshadow -Wendif-labels -Wpointer-arith -Wbad-function-cast -Wcast-qual -Wcast-align -Wwrite-strings -Winline -Wno-unused-parameter -Wstrict-aliasing'
CPP='mipsel-linux-uclibc-gcc -E'
CPPFLAGS=''
CYGPATH_W='echo'
DEFS='-DHAVE_CONFIG_H'
DEPDIR='.deps'
DSYMUTIL=''
DUMPBIN='link -dump -symbols'
ECHO_C=''
ECHO_N='-n'
ECHO_T=''
EGREP='/bin/grep -E'
EXAMPLES_FALSE='#'
EXAMPLES_TRUE=''
EXEEXT=''
FGREP='/bin/grep -F'
GREP='/bin/grep'
INSTALL_DATA='${INSTALL} -m 644'
INSTALL_PROGRAM='${INSTALL}'
INSTALL_SCRIPT='${INSTALL}'
INSTALL_STRIP_PROGRAM='$(install_sh) -c -s'
LD='/projects/hnd/tools/linux/hndtools-mipsel-linux-uclibc-4.2.3/usr/bin/mipsel-linux-uclibc-ld'
LDFLAGS=''
LDFLAGS_NOUNDEFINED='-Wl,--no-undefined'
LIBDAEMON_VERSION_INFO='5:0:5'
LIBOBJS=''
LIBS=''
LIBTOOL='$(SHELL) $(top_builddir)/libtool'
LIPO=''
LN_S='ln -s'
LTLIBOBJS=''
MAKEINFO='${SHELL} /home/eric/U12H189_WNDR4500/TimeMachine/2011_04_14_WNDR4500_Alpha/ap/gpl/timemachine/libdaemon-0.14/missing --run makeinfo'
MKDIR_P='/bin/mkdir -p'
NM='link -dump -symbols'
NMEDIT=''
OBJDUMP='objdump'
OBJEXT='o'
OTOOL64=''
OTOOL=''
PACKAGE='libdaemon'
PACKAGE_BUGREPORT='mzqnrzba (at) 0pointer (dot) de'
PACKAGE_NAME='libdaemon'
PACKAGE_STRING='libdaemon 0.14'
PACKAGE_TARNAME='libdaemon'
PACKAGE_URL='http://0pointer.de/lennart/projects/libdaemon/'
PACKAGE_VERSION='0.14'
PATH_SEPARATOR=':'
RANLIB='ranlib'
SED='/bin/sed'
SET_MAKE=''
SHELL='/bin/sh'
STRIP='strip'
USE_LYNX_FALSE=''
USE_LYNX_TRUE='#'
VERSION='0.14'
ac_ct_CC=''
ac_ct_DUMPBIN='link -dump -symbols'
am__EXEEXT_FALSE=''
am__EXEEXT_TRUE='#'
am__fastdepCC_FALSE='#'
am__fastdepCC_TRUE=''
am__include='include'
am__isrc=''
am__leading_dot='.'
am__quote=''
am__tar='${AMTAR} chof - "$$tardir"'
am__untar='${AMTAR} xf -'
bindir='${exec_prefix}/bin'
build='mipsel-uclibc-linux-gnu26'
build_alias='mipsel-uclibc-linux-gnu26'
build_cpu='mipsel'
build_os='linux-gnu26'
build_vendor='uclibc'
datadir='${datarootdir}'
datarootdir='${prefix}/share'
docdir='${datarootdir}/doc/${PACKAGE_TARNAME}'
dvidir='${docdir}'
exec_prefix='${prefix}'
have_lynx='no'
host='mipsel-uclibc-linux-gnu'
host_alias='mipsel-uclibc-linux'
host_cpu='mipsel'
host_os='linux-gnu'
host_vendor='uclibc'
htmldir='${docdir}'
includedir='${prefix}/include'
infodir='${datarootdir}/info'
install_sh='${SHELL} /home/eric/U12H189_WNDR4500/TimeMachine/2011_04_14_WNDR4500_Alpha/ap/gpl/timemachine/libdaemon-0.14/install-sh'
libdir='${exec_prefix}/lib'
libexecdir='${exec_prefix}/libexec'
localedir='${datarootdir}/locale'
localstatedir='${prefix}/var'
lt_ECHO='echo'
mandir='${datarootdir}/man'
mkdir_p='/bin/mkdir -p'
oldincludedir='/usr/include'
pdfdir='${docdir}'
prefix='/usr/local'
program_transform_name='s,x,x,'
psdir='${docdir}'
sbindir='${exec_prefix}/sbin'
sharedstatedir='${prefix}/com'
sysconfdir='${prefix}/etc'
target_alias='mipsel-uclibc-linux-gnu26'

## ----------- ##
## confdefs.h. ##
## ----------- ##

#define PACKAGE_NAME "libdaemon"
#define PACKAGE_TARNAME "libdaemon"
#define PACKAGE_VERSION "0.14"
#define PACKAGE_STRING "libdaemon 0.14"
#define PACKAGE_BUGREPORT "mzqnrzba (at) 0pointer (dot) de"
#define PACKAGE "libdaemon"
#define VERSION "0.14"
#define STDC_HEADERS 1
#define HAVE_SYS_TYPES_H 1
#define HAVE_SYS_STAT_H 1
#define HAVE_STDLIB_H 1
#define HAVE_STRING_H 1
#define HAVE_MEMORY_H 1
#define HAVE_STRINGS_H 1
#define HAVE_INTTYPES_H 1
#define HAVE_STDINT_H 1
#define HAVE_UNISTD_H 1
#define __EXTENSIONS__ 1
#define _ALL_SOURCE 1
#define _GNU_SOURCE 1
#define _POSIX_PTHREAD_SEMANTICS 1
#define _TANDEM_SOURCE 1
#define HAVE_DLFCN_H 1
#define LT_OBJDIR ".libs/"
#define STDC_HEADERS 1
#define HAVE_FCNTL_H 1
#define HAVE_LIMITS_H 1
#define HAVE_STDLIB_H 1
#define HAVE_STRING_H 1
#define HAVE_SYSLOG_H 1
#define HAVE_UNISTD_H 1
#define HAVE_SYS_IOCTL_H 1
#define HAVE_SYS_TIME_H 1
#define HAVE_SYS_WAIT_H 1
#define TIME_WITH_SYS_TIME 1
#define HAVE_FORK 1
#define HAVE_VFORK 1
#define HAVE_WORKING_VFORK 1
#define HAVE_WORKING_FORK 1
#define HAVE_SYS_SELECT_H 1
#define HAVE_SYS_SOCKET_H 1
#define SELECT_TYPE_ARG1 int
#define SELECT_TYPE_ARG234 (fd_set *)
#define SELECT_TYPE_ARG5 (struct timeval *)
#define HAVE_VPRINTF 1
#define HAVE_SELECT 1
#define HAVE_STRERROR 1
#define HAVE_DUP2 1
#define HAVE_MEMSET 1
#define HAVE_STRRCHR 1
#define HAVE_ASPRINTF 1
#define SETPGRP_VOID 1
#define RETSIGTYPE void
#define _FILE_OFFSET_BITS 64

configure: exit 0

## ---------------------- ##
## Running config.status. ##
## ---------------------- ##

This file was extended by libdaemon config.status 0.14, which was
generated by GNU Autoconf 2.63.  Invocation command line was

  CONFIG_FILES    = 
  CONFIG_HEADERS  = 
  CONFIG_LINKS    = 
  CONFIG_COMMANDS = 
  $ ./config.status 

on localhost.localdomain

config.status:1037: creating libdaemon/Makefile
config.status:1037: creating Makefile
config.status:1037: creating doc/Makefile
config.status:1037: creating doc/README.html
config.status:1037: creating doc/doxygen.conf
config.status:1037: creating examples/Makefile
config.status:1037: creating pkgconfig/libdaemon.pc
config.status:1037: creating pkgconfig/libdaemon-uninstalled.pc
config.status:1037: creating config.h
config.status:1259: config.h is unchanged
config.status:1311: executing depfiles commands
config.status:1311: executing libtool commands

## ---------------------- ##
## Running config.status. ##
## ---------------------- ##

This file was extended by libdaemon config.status 0.14, which was
generated by GNU Autoconf 2.63.  Invocation command line was

  CONFIG_FILES    = 
  CONFIG_HEADERS  = 
  CONFIG_LINKS    = 
  CONFIG_COMMANDS = 
  $ ./config.status config.h

on linux

config.status:1037: creating config.h
