This file contains any messages produced by compilers while
running configure, to aid debugging if configure makes a mistake.

It was created by dbus configure 1.6.8, which was
generated by GNU Autoconf 2.65.  Invocation command line was

  $ ./configure --host=arm-linux --prefix=/usr host_alias=arm-linux CC=arm-brcm-linux-uclibcgnueabi-gcc CFLAGS=-Os -O2 -DBCMWPA2 -DRESTART_ALL_PROCESSES -D__CONFIG_USBAP__ -DBCMQOS -DBCMWPS -D__CONFIG_EMF__ -DTRAFFIC_MGMT -DPHYMON -DSUPPORT_REMOTE_HTTPS -DINCLUDE_WPS_V20 -DINCLUDE_5G_AUTO_CHANNEL -DOPENDNS_PARENTAL_CONTROL -DINCLUDE_UCP -DU12H240 -DR6300v2 -DMULTIPLE_SSID -DENABLE_ML -DBCM53125 -DBCM5301X -DCONFIG_RUSSIA_IPTV -DDLNA -DHTTP_ACCESS_USB -DMAX_USB_ACCESS -DSAMBA_ENABLE -DUSB_NEW_SPEC -DINCLUDE_WIFI_BUTTON -DINCLUDE_USB_LED -DINCLUDE_DUAL_BAND -DSINGLE_FIRMWARE -DINCLUDE_GET_ST_CHKSUM -DUNIFIED_STR_TBL -DFIRST_MTD_ROTATION -DWIFI_ON_OFF_SCHE -DAUTO_CONN_24HR -DIGMP_PROXY -DAP_MODE -D__CONFIG_IGMP_SNOOPING__ -DLINUX26 -DINCLUDE_IPV6 -DPRESET_WL_SECURITY -DNEW_BCM_WPS_IPC -DSUPPORT_AC_MODE -DSTA_MODE -DPPP_RU_DESIGN -DEXT_ACS -D__CONFIG_PLC__ -D__CONFIG_URE__ -DPLC -DWPS_LONGPUSH_DISABLE -Os -DLINUX26 -DCONFIG_KERNEL_2_6_36 -I/home/tab/r6300/V1.0.0.88_1.0.14/ap/gpl/iserver/build/usr/include LDFLAGS=-L/home/tab/r6300/V1.0.0.88_1.0.14/ap/gpl/iserver/build/usr/lib CPPFLAGS=-I/home/tab/r6300/V1.0.0.88_1.0.14/ap/gpl/iserver/build/usr/include CPP=arm-brcm-linux-uclibcgnueabi-gcc -E --no-create --no-recursion

## --------- ##
## Platform. ##
## --------- ##

hostname = localhost.localdomain
uname -m = i686
uname -r = 2.6.27.41-170.2.117.fc10.i686.PAE
uname -s = Linux
uname -v = #1 SMP Thu Dec 10 10:48:30 EST 2009

/usr/bin/uname -p = unknown
/bin/uname -X     = unknown

/bin/arch              = i686
/usr/bin/arch -k       = unknown
/usr/convex/getsysinfo = unknown
/usr/bin/hostinfo      = unknown
/bin/machine           = unknown
/usr/bin/oslevel       = unknown
/bin/universe          = unknown

PATH: /usr/lib
PATH: /home/bob/Realtek_toolchain/toolchain/rsdk-1.3.6-4181-EB-2.6.30-0.9.30/bin
PATH: /projects/hnd/tools/linux/hndtools-arm-linux-2.6.36-uclibc-4.5.3/bin
PATH: /projects/hnd/tools/linux/hndtools-mipsel-linux-uclibc-4.2.3/bin
PATH: /opt/brcm/hndtools-mipsel-linux-3.2.3/bin
PATH: /opt/brcm/hndtools-mipsel-uclibc-3.2.3/bin
PATH: /opt/brcm/hndtools-mipsel-linux-3.2.3/bin
PATH: /opt/brcm/hndtools-mipsel-uclibc-3.2.3/bin
PATH: /usr/lib/qt-3.3/bin
PATH: /usr/kerberos/sbin
PATH: /usr/kerberos/bin
PATH: /usr/lib/ccache
PATH: /usr/local/sbin
PATH: /usr/local/bin
PATH: /sbin
PATH: /bin
PATH: /usr/sbin
PATH: /usr/bin
PATH: /root/bin


## ----------- ##
## Core tests. ##
## ----------- ##

configure:2854: checking build system type
configure:2868: result: i686-pc-linux-gnu
configure:2888: checking host system type
configure:2901: result: arm-unknown-linux-gnu
configure:2942: checking for a BSD-compatible install
configure:3010: result: /usr/bin/install -c
configure:3021: checking whether build environment is sane
configure:3071: result: yes
configure:3120: checking for arm-linux-strip
configure:3147: result: arm-brcm-linux-uclibcgnueabi-strip
configure:3212: checking for a thread-safe mkdir -p
configure:3251: result: /bin/mkdir -p
configure:3264: checking for gawk
configure:3280: found /bin/gawk
configure:3291: result: gawk
configure:3302: checking whether make sets $(MAKE)
configure:3324: result: yes
configure:3399: checking how to create a ustar tar archive
configure:3412: tar --version
tar (GNU tar) 1.26
Copyright (C) 2011 Free Software Foundation, Inc.
License GPLv3+: GNU GPL version 3 or later <http://gnu.org/licenses/gpl.html>.
This is free software: you are free to change and redistribute it.
There is NO WARRANTY, to the extent permitted by law.

Written by John Gilmore and Jay Fenlason.
configure:3415: $? = 0
configure:3455: tardir=conftest.dir && eval tar --format=ustar -chf - "$tardir" >conftest.tar
configure:3458: $? = 0
configure:3462: tar -xf - <conftest.tar
configure:3465: $? = 0
configure:3478: result: gnutar
configure:3497: checking whether to disable maintainer-specific portions of Makefiles
configure:3506: result: yes
configure:3578: checking for arm-linux-gcc
configure:3605: result: arm-brcm-linux-uclibcgnueabi-gcc
configure:3874: checking for C compiler version
configure:3883: arm-brcm-linux-uclibcgnueabi-gcc --version >&5
arm-brcm-linux-uclibcgnueabi-gcc (Buildroot 2012.02) 4.5.3
Copyright (C) 2010 Free Software Foundation, Inc.
This is free software; see the source for copying conditions.  There is NO
warranty; not even for MERCHANTABILITY or FITNESS FOR A PARTICULAR PURPOSE.

configure:3894: $? = 0
configure:3883: arm-brcm-linux-uclibcgnueabi-gcc -v >&5
Using built-in specs.
COLLECT_GCC=arm-brcm-linux-uclibcgnueabi-gcc
COLLECT_LTO_WRAPPER=/projects/hnd/tools/linux/hndtools-arm-linux-2.6.36-uclibc-4.5.3/libexec/gcc/arm-brcm-linux-uclibcgnueabi/4.5.3/lto-wrapper
Target: arm-brcm-linux-uclibcgnueabi
Configured with: /projects/toolchains_build/buildroot-2012.02-brcm/output/toolchain/gcc-4.5.3/configure --prefix=/projects/hnd/tools/linux/hndtools-arm-linux-2.6.36-uclibc-4.5.3 --build=i686-pc-linux-gnu --host=i686-pc-linux-gnu --target=arm-brcm-linux-uclibcgnueabi --enable-languages=c,c++ --with-sysroot=/projects/hnd/tools/linux/hndtools-arm-linux-2.6.36-uclibc-4.5.3/arm-brcm-linux-uclibcgnueabi/sysroot --with-build-time-tools=/projects/hnd/tools/linux/hndtools-arm-linux-2.6.36-uclibc-4.5.3/arm-brcm-linux-uclibcgnueabi/bin --disable-__cxa_atexit --enable-target-optspace --disable-libgomp --with-gnu-ld --disable-libssp --disable-multilib --disable-tls --enable-shared --with-gmp=/projects/hnd/tools/linux/hndtools-arm-linux-2.6.36-uclibc-4.5.3 --with-mpfr=/projects/hnd/tools/linux/hndtools-arm-linux-2.6.36-uclibc-4.5.3 --with-mpc=/projects/hnd/tools/linux/hndtools-arm-linux-2.6.36-uclibc-4.5.3 --enable-threads --disable-decimal-float --with-float=soft --with-abi=aapcs-linux --with-arch=armv7-a --with-tune=cortex-a9 --with-pkgversion='Buildroot 2012.02' --with-bugurl=http://bugs.buildroot.net/
Thread model: posix
gcc version 4.5.3 (Buildroot 2012.02) 
configure:3894: $? = 0
configure:3883: arm-brcm-linux-uclibcgnueabi-gcc -V >&5
arm-brcm-linux-uclibcgnueabi-gcc: '-V' option must have argument
configure:3894: $? = 1
configure:3883: arm-brcm-linux-uclibcgnueabi-gcc -qversion >&5
arm-brcm-linux-uclibcgnueabi-gcc: unrecognized option '-qversion'
arm-brcm-linux-uclibcgnueabi-gcc: no input files
configure:3894: $? = 1
configure:3914: checking whether the C compiler works
configure:3936: arm-brcm-linux-uclibcgnueabi-gcc -Os -O2 -DBCMWPA2 -DRESTART_ALL_PROCESSES -D__CONFIG_USBAP__ -DBCMQOS -DBCMWPS -D__CONFIG_EMF__ -DTRAFFIC_MGMT -DPHYMON -DSUPPORT_REMOTE_HTTPS -DINCLUDE_WPS_V20 -DINCLUDE_5G_AUTO_CHANNEL -DOPENDNS_PARENTAL_CONTROL -DINCLUDE_UCP -DU12H240 -DR6300v2 -DMULTIPLE_SSID -DENABLE_ML -DBCM53125 -DBCM5301X -DCONFIG_RUSSIA_IPTV -DDLNA -DHTTP_ACCESS_USB -DMAX_USB_ACCESS -DSAMBA_ENABLE -DUSB_NEW_SPEC -DINCLUDE_WIFI_BUTTON -DINCLUDE_USB_LED -DINCLUDE_DUAL_BAND -DSINGLE_FIRMWARE -DINCLUDE_GET_ST_CHKSUM -DUNIFIED_STR_TBL -DFIRST_MTD_ROTATION -DWIFI_ON_OFF_SCHE -DAUTO_CONN_24HR -DIGMP_PROXY -DAP_MODE -D__CONFIG_IGMP_SNOOPING__ -DLINUX26 -DINCLUDE_IPV6 -DPRESET_WL_SECURITY -DNEW_BCM_WPS_IPC -DSUPPORT_AC_MODE -DSTA_MODE -DPPP_RU_DESIGN -DEXT_ACS -D__CONFIG_PLC__ -D__CONFIG_URE__ -DPLC -DWPS_LONGPUSH_DISABLE -Os -DLINUX26 -DCONFIG_KERNEL_2_6_36 -I/home/tab/r6300/V1.0.0.88_1.0.14/ap/gpl/iserver/build/usr/include -I/home/tab/r6300/V1.0.0.88_1.0.14/ap/gpl/iserver/build/usr/include -L/home/tab/r6300/V1.0.0.88_1.0.14/ap/gpl/iserver/build/usr/lib conftest.c  >&5
cc1: error: /home/tab/r6300/V1.0.0.88_1.0.14/ap/gpl/iserver/build/usr/include: Permission denied
cc1: error: /home/tab/r6300/V1.0.0.88_1.0.14/ap/gpl/iserver/build/usr/include: Permission denied
configure:3940: $? = 1
configure:3978: result: no
configure: failed program was:
| /* confdefs.h */
| #define PACKAGE_NAME "dbus"
| #define PACKAGE_TARNAME "dbus"
| #define PACKAGE_VERSION "1.6.8"
| #define PACKAGE_STRING "dbus 1.6.8"
| #define PACKAGE_BUGREPORT "https://bugs.freedesktop.org/enter_bug.cgi?product=dbus"
| #define PACKAGE_URL ""
| #define PACKAGE "dbus"
| #define VERSION "1.6.8"
| #define GETTEXT_PACKAGE "dbus-1"
| #define DBUS_DAEMON_NAME "dbus-daemon"
| /* end confdefs.h.  */
| 
| int
| main ()
| {
| 
|   ;
|   return 0;
| }
configure:3983: error: in `/home/antony/2012_11_02_BSP_6.30.153.0/ap/gpl/iserver/dbus-1.6.8':
configure:3987: error: C compiler cannot create executables
See `config.log' for more details.

## ---------------- ##
## Cache variables. ##
## ---------------- ##

ac_cv_build=i686-pc-linux-gnu
ac_cv_env_CCC_set=
ac_cv_env_CCC_value=
ac_cv_env_CC_set=set
ac_cv_env_CC_value=arm-brcm-linux-uclibcgnueabi-gcc
ac_cv_env_CFLAGS_set=set
ac_cv_env_CFLAGS_value='-Os -O2 -DBCMWPA2 -DRESTART_ALL_PROCESSES -D__CONFIG_USBAP__ -DBCMQOS -DBCMWPS -D__CONFIG_EMF__ -DTRAFFIC_MGMT -DPHYMON -DSUPPORT_REMOTE_HTTPS -DINCLUDE_WPS_V20 -DINCLUDE_5G_AUTO_CHANNEL -DOPENDNS_PARENTAL_CONTROL -DINCLUDE_UCP -DU12H240 -DR6300v2 -DMULTIPLE_SSID -DENABLE_ML -DBCM53125 -DBCM5301X -DCONFIG_RUSSIA_IPTV -DDLNA -DHTTP_ACCESS_USB -DMAX_USB_ACCESS -DSAMBA_ENABLE -DUSB_NEW_SPEC -DINCLUDE_WIFI_BUTTON -DINCLUDE_USB_LED -DINCLUDE_DUAL_BAND -DSINGLE_FIRMWARE -DINCLUDE_GET_ST_CHKSUM -DUNIFIED_STR_TBL -DFIRST_MTD_ROTATION -DWIFI_ON_OFF_SCHE -DAUTO_CONN_24HR -DIGMP_PROXY -DAP_MODE -D__CONFIG_IGMP_SNOOPING__ -DLINUX26 -DINCLUDE_IPV6 -DPRESET_WL_SECURITY -DNEW_BCM_WPS_IPC -DSUPPORT_AC_MODE -DSTA_MODE -DPPP_RU_DESIGN -DEXT_ACS -D__CONFIG_PLC__ -D__CONFIG_URE__ -DPLC -DWPS_LONGPUSH_DISABLE -Os -DLINUX26 -DCONFIG_KERNEL_2_6_36 -I/home/tab/r6300/V1.0.0.88_1.0.14/ap/gpl/iserver/build/usr/include'
ac_cv_env_CPPFLAGS_set=set
ac_cv_env_CPPFLAGS_value=-I/home/tab/r6300/V1.0.0.88_1.0.14/ap/gpl/iserver/build/usr/include
ac_cv_env_CPP_set=set
ac_cv_env_CPP_value='arm-brcm-linux-uclibcgnueabi-gcc -E'
ac_cv_env_CXXCPP_set=
ac_cv_env_CXXCPP_value=
ac_cv_env_CXXFLAGS_set=
ac_cv_env_CXXFLAGS_value=
ac_cv_env_CXX_set=
ac_cv_env_CXX_value=
ac_cv_env_DBUS_GLIB_CFLAGS_set=
ac_cv_env_DBUS_GLIB_CFLAGS_value=
ac_cv_env_DBUS_GLIB_LIBS_set=
ac_cv_env_DBUS_GLIB_LIBS_value=
ac_cv_env_GLIB_CFLAGS_set=
ac_cv_env_GLIB_CFLAGS_value=
ac_cv_env_GLIB_LIBS_set=
ac_cv_env_GLIB_LIBS_value=
ac_cv_env_LDFLAGS_set=set
ac_cv_env_LDFLAGS_value=-L/home/tab/r6300/V1.0.0.88_1.0.14/ap/gpl/iserver/build/usr/lib
ac_cv_env_LIBS_set=
ac_cv_env_LIBS_value=
ac_cv_env_LIBXML_CFLAGS_set=
ac_cv_env_LIBXML_CFLAGS_value=
ac_cv_env_LIBXML_LIBS_set=
ac_cv_env_LIBXML_LIBS_value=
ac_cv_env_MAN2HTML_set=
ac_cv_env_MAN2HTML_value=
ac_cv_env_PKG_CONFIG_set=
ac_cv_env_PKG_CONFIG_value=
ac_cv_env_SYSTEMD_CFLAGS_set=
ac_cv_env_SYSTEMD_CFLAGS_value=
ac_cv_env_SYSTEMD_LIBS_set=
ac_cv_env_SYSTEMD_LIBS_value=
ac_cv_env_VALGRIND_CFLAGS_set=
ac_cv_env_VALGRIND_CFLAGS_value=
ac_cv_env_VALGRIND_LIBS_set=
ac_cv_env_VALGRIND_LIBS_value=
ac_cv_env_XMKMF_set=
ac_cv_env_XMKMF_value=
ac_cv_env_build_alias_set=
ac_cv_env_build_alias_value=
ac_cv_env_host_alias_set=set
ac_cv_env_host_alias_value=arm-linux
ac_cv_env_target_alias_set=
ac_cv_env_target_alias_value=
ac_cv_host=arm-unknown-linux-gnu
ac_cv_path_install='/usr/bin/install -c'
ac_cv_path_mkdir=/bin/mkdir
ac_cv_prog_AWK=gawk
ac_cv_prog_CC=arm-brcm-linux-uclibcgnueabi-gcc
ac_cv_prog_STRIP=arm-brcm-linux-uclibcgnueabi-strip
ac_cv_prog_make_make_set=yes
am_cv_prog_tar_ustar=gnutar

## ----------------- ##
## Output variables. ##
## ----------------- ##

ACLOCAL='${SHELL} /home/antony/2012_11_02_BSP_6.30.153.0/ap/gpl/iserver/dbus-1.6.8/missing --run aclocal-1.11'
ADT_LIBS=''
AMDEPBACKSLASH=''
AMDEP_FALSE=''
AMDEP_TRUE=''
AMTAR='${SHELL} /home/antony/2012_11_02_BSP_6.30.153.0/ap/gpl/iserver/dbus-1.6.8/missing --run tar'
AM_BACKSLASH='\'
AM_DEFAULT_VERBOSITY='0'
AR='arm-brcm-linux-uclibcgnueabi-ar'
AUTOCONF='${SHELL} /home/antony/2012_11_02_BSP_6.30.153.0/ap/gpl/iserver/dbus-1.6.8/missing --run autoconf'
AUTOHEADER='${SHELL} /home/antony/2012_11_02_BSP_6.30.153.0/ap/gpl/iserver/dbus-1.6.8/missing --run autoheader'
AUTOMAKE='${SHELL} /home/antony/2012_11_02_BSP_6.30.153.0/ap/gpl/iserver/dbus-1.6.8/missing --run automake-1.11'
AWK='gawk'
BUILD_FILEVERSION=''
BUILD_TIMESTAMP=''
CC='arm-brcm-linux-uclibcgnueabi-gcc'
CCDEPMODE=''
CFLAGS='-Os -O2 -DBCMWPA2 -DRESTART_ALL_PROCESSES -D__CONFIG_USBAP__ -DBCMQOS -DBCMWPS -D__CONFIG_EMF__ -DTRAFFIC_MGMT -DPHYMON -DSUPPORT_REMOTE_HTTPS -DINCLUDE_WPS_V20 -DINCLUDE_5G_AUTO_CHANNEL -DOPENDNS_PARENTAL_CONTROL -DINCLUDE_UCP -DU12H240 -DR6300v2 -DMULTIPLE_SSID -DENABLE_ML -DBCM53125 -DBCM5301X -DCONFIG_RUSSIA_IPTV -DDLNA -DHTTP_ACCESS_USB -DMAX_USB_ACCESS -DSAMBA_ENABLE -DUSB_NEW_SPEC -DINCLUDE_WIFI_BUTTON -DINCLUDE_USB_LED -DINCLUDE_DUAL_BAND -DSINGLE_FIRMWARE -DINCLUDE_GET_ST_CHKSUM -DUNIFIED_STR_TBL -DFIRST_MTD_ROTATION -DWIFI_ON_OFF_SCHE -DAUTO_CONN_24HR -DIGMP_PROXY -DAP_MODE -D__CONFIG_IGMP_SNOOPING__ -DLINUX26 -DINCLUDE_IPV6 -DPRESET_WL_SECURITY -DNEW_BCM_WPS_IPC -DSUPPORT_AC_MODE -DSTA_MODE -DPPP_RU_DESIGN -DEXT_ACS -D__CONFIG_PLC__ -D__CONFIG_URE__ -DPLC -DWPS_LONGPUSH_DISABLE -Os -DLINUX26 -DCONFIG_KERNEL_2_6_36 -I/home/tab/r6300/V1.0.0.88_1.0.14/ap/gpl/iserver/build/usr/include'
CPP='arm-brcm-linux-uclibcgnueabi-gcc -E'
CPPFLAGS='-I/home/tab/r6300/V1.0.0.88_1.0.14/ap/gpl/iserver/build/usr/include'
CXX=''
CXXCPP=''
CXXDEPMODE=''
CXXFLAGS=''
CYGPATH_W='echo'
DBUS_BINDIR=''
DBUS_BUILD_TESTS_FALSE=''
DBUS_BUILD_TESTS_TRUE=''
DBUS_BUS_ENABLE_DNOTIFY_ON_LINUX_FALSE=''
DBUS_BUS_ENABLE_DNOTIFY_ON_LINUX_TRUE=''
DBUS_BUS_ENABLE_INOTIFY_FALSE=''
DBUS_BUS_ENABLE_INOTIFY_TRUE=''
DBUS_BUS_ENABLE_KQUEUE_FALSE=''
DBUS_BUS_ENABLE_KQUEUE_TRUE=''
DBUS_CAN_UPLOAD_DOCS_FALSE=''
DBUS_CAN_UPLOAD_DOCS_TRUE=''
DBUS_CONSOLE_AUTH_DIR=''
DBUS_CONSOLE_OWNER_FILE=''
DBUS_CYGWIN_FALSE=''
DBUS_CYGWIN_TRUE=''
DBUS_DAEMONDIR=''
DBUS_DATADIR=''
DBUS_DOXYGEN_DOCS_ENABLED_FALSE=''
DBUS_DOXYGEN_DOCS_ENABLED_TRUE=''
DBUS_ENABLE_EMBEDDED_TESTS_FALSE=''
DBUS_ENABLE_EMBEDDED_TESTS_TRUE=''
DBUS_ENABLE_INSTALLED_TESTS_FALSE=''
DBUS_ENABLE_INSTALLED_TESTS_TRUE=''
DBUS_ENABLE_LAUNCHD_FALSE=''
DBUS_ENABLE_LAUNCHD_TRUE=''
DBUS_ENABLE_MODULAR_TESTS_FALSE=''
DBUS_ENABLE_MODULAR_TESTS_TRUE=''
DBUS_GLIB_CFLAGS=''
DBUS_GLIB_LIBS=''
DBUS_HAVE_INT64=''
DBUS_HAVE_MAN2HTML_FALSE=''
DBUS_HAVE_MAN2HTML_TRUE=''
DBUS_HAVE_XSLTPROC_FALSE=''
DBUS_HAVE_XSLTPROC_TRUE=''
DBUS_INIT_SCRIPTS_CYGWIN_FALSE=''
DBUS_INIT_SCRIPTS_CYGWIN_TRUE=''
DBUS_INIT_SCRIPTS_RED_HAT_FALSE=''
DBUS_INIT_SCRIPTS_RED_HAT_TRUE=''
DBUS_INIT_SCRIPTS_SLACKWARE_FALSE=''
DBUS_INIT_SCRIPTS_SLACKWARE_TRUE=''
DBUS_INT16_TYPE=''
DBUS_INT32_TYPE=''
DBUS_INT64_CONSTANT=''
DBUS_INT64_TYPE=''
DBUS_LIBEXECDIR=''
DBUS_MAJOR_VERSION='1'
DBUS_MICRO_VERSION='8'
DBUS_MINOR_VERSION='6'
DBUS_PATH_OR_ABSTRACT=''
DBUS_PREFIX=''
DBUS_SESSION_BUS_DEFAULT_ADDRESS=''
DBUS_SESSION_SOCKET_DIR=''
DBUS_STATIC_BUILD_CPPFLAGS=''
DBUS_SYSTEM_BUS_DEFAULT_ADDRESS=''
DBUS_SYSTEM_PID_FILE=''
DBUS_SYSTEM_SOCKET=''
DBUS_TEST_DATA=''
DBUS_TEST_EXEC=''
DBUS_UINT64_CONSTANT=''
DBUS_UNIX_FALSE=''
DBUS_UNIX_TRUE=''
DBUS_USER=''
DBUS_USE_EXPAT_FALSE=''
DBUS_USE_EXPAT_TRUE=''
DBUS_USE_LIBXML_FALSE=''
DBUS_USE_LIBXML_TRUE=''
DBUS_VERSION='1.6.8'
DBUS_WINCE_FALSE=''
DBUS_WINCE_TRUE=''
DBUS_WIN_FALSE=''
DBUS_WIN_TRUE=''
DBUS_WITH_GLIB_FALSE=''
DBUS_WITH_GLIB_TRUE=''
DBUS_XML_DOCS_ENABLED_FALSE=''
DBUS_XML_DOCS_ENABLED_TRUE=''
DBUS_X_CFLAGS=''
DBUS_X_LIBS=''
DEFS=''
DEPDIR=''
DLLTOOL=''
DOXYGEN=''
DSYMUTIL=''
DUMPBIN=''
ECHO_C=''
ECHO_N='-n'
ECHO_T=''
EGREP=''
EXEEXT=''
EXPANDED_BINDIR=''
EXPANDED_DATADIR=''
EXPANDED_LIBDIR=''
EXPANDED_LIBEXECDIR=''
EXPANDED_LOCALSTATEDIR=''
EXPANDED_PREFIX=''
EXPANDED_SYSCONFDIR=''
FGREP=''
GETTEXT_PACKAGE='dbus-1'
GLIB_CFLAGS=''
GLIB_LIBS=''
GREP=''
HAVE_CONSOLE_OWNER_FILE_FALSE=''
HAVE_CONSOLE_OWNER_FILE_TRUE=''
HAVE_LIBAUDIT_FALSE=''
HAVE_LIBAUDIT_TRUE=''
HAVE_LINUX_EPOLL_FALSE=''
HAVE_LINUX_EPOLL_TRUE=''
HAVE_SELINUX_FALSE=''
HAVE_SELINUX_TRUE=''
HAVE_SYSTEMD_FALSE=''
HAVE_SYSTEMD_TRUE=''
INSTALL_DATA='${INSTALL} -m 644'
INSTALL_PROGRAM='${INSTALL}'
INSTALL_SCRIPT='${INSTALL}'
INSTALL_STRIP_PROGRAM='$(install_sh) -c -s'
LAUNCHCTL=''
LAUNCHD_AGENT_DIR=''
LD='arm-brcm-linux-uclibcgnueabi-ld'
LDFLAGS='-L/home/tab/r6300/V1.0.0.88_1.0.14/ap/gpl/iserver/build/usr/lib'
LIBDBUS_LIBS=''
LIBOBJS=''
LIBS=''
LIBTOOL=''
LIBXML_CFLAGS=''
LIBXML_LIBS=''
LIPO=''
LN_S=''
LTLIBOBJS=''
LT_AGE='7'
LT_CURRENT='10'
LT_REVISION='2'
MAINT=''
MAINTAINER_MODE_FALSE='#'
MAINTAINER_MODE_TRUE=''
MAKEINFO='${SHELL} /home/antony/2012_11_02_BSP_6.30.153.0/ap/gpl/iserver/dbus-1.6.8/missing --run makeinfo'
MAN2HTML=''
MANIFEST_TOOL=''
MKDIR_P='/bin/mkdir -p'
NETWORK_libs=''
NM='arm-brcm-linux-uclibcgnueabi-nm'
NMEDIT=''
OBJDUMP=''
OBJEXT=''
OTOOL64=''
OTOOL=''
PACKAGE='dbus'
PACKAGE_BUGREPORT='https://bugs.freedesktop.org/enter_bug.cgi?product=dbus'
PACKAGE_NAME='dbus'
PACKAGE_STRING='dbus 1.6.8'
PACKAGE_TARNAME='dbus'
PACKAGE_URL=''
PACKAGE_VERSION='1.6.8'
PATH_SEPARATOR=':'
PKG_CONFIG=''
PYTHON=''
PYTHON_EXEC_PREFIX=''
PYTHON_PLATFORM=''
PYTHON_PREFIX=''
PYTHON_VERSION=''
RANLIB='arm-brcm-linux-uclibcgnueabi-ranlib'
RC=''
R_DYNAMIC_LDFLAG=''
SED=''
SELINUX_LIBS=''
SET_MAKE=''
SHELL='/bin/sh'
STRIP='arm-brcm-linux-uclibcgnueabi-strip'
SYSTEMD_CFLAGS=''
SYSTEMD_LIBS=''
TEST_BUS_BINARY=''
TEST_LAUNCH_HELPER_BINARY=''
TEST_LISTEN=''
TEST_SOCKET_DIR=''
THREAD_LIBS=''
VALGRIND_CFLAGS=''
VALGRIND_LIBS=''
VERSION='1.6.8'
WINDRES=''
XMKMF=''
XMLTO=''
XML_CFLAGS=''
XML_LIBS=''
XSLTPROC=''
X_CFLAGS=''
X_EXTRA_LIBS=''
X_LIBS=''
X_PRE_LIBS=''
ac_ct_AR=''
ac_ct_CC=''
ac_ct_CXX=''
ac_ct_DUMPBIN=''
am__EXEEXT_FALSE=''
am__EXEEXT_TRUE=''
am__fastdepCC_FALSE=''
am__fastdepCC_TRUE=''
am__fastdepCXX_FALSE=''
am__fastdepCXX_TRUE=''
am__include=''
am__isrc=''
am__leading_dot='.'
am__quote=''
am__tar='tar --format=ustar -chf - "$$tardir"'
am__untar='tar -xf -'
bindir='${exec_prefix}/bin'
build='i686-pc-linux-gnu'
build_alias=''
build_cpu='i686'
build_os='linux-gnu'
build_vendor='pc'
datadir='${datarootdir}'
datarootdir='${prefix}/share'
docdir='${datarootdir}/doc/${PACKAGE_TARNAME}'
dvidir='${docdir}'
exec_prefix='NONE'
host='arm-unknown-linux-gnu'
host_alias='arm-linux'
host_cpu='arm'
host_os='linux-gnu'
host_vendor='unknown'
htmldir='${docdir}'
includedir='${prefix}/include'
infodir='${datarootdir}/info'
install_sh='${SHELL} /home/antony/2012_11_02_BSP_6.30.153.0/ap/gpl/iserver/dbus-1.6.8/install-sh'
libdir='${exec_prefix}/lib'
libexecdir='${exec_prefix}/libexec'
localedir='${datarootdir}/locale'
localstatedir='${prefix}/var'
mandir='${datarootdir}/man'
mkdir_p='/bin/mkdir -p'
oldincludedir='/usr/include'
pdfdir='${docdir}'
pkgpyexecdir=''
pkgpythondir=''
prefix='/usr'
program_transform_name='s,x,x,'
psdir='${docdir}'
pyexecdir=''
pythondir=''
sbindir='${exec_prefix}/sbin'
sharedstatedir='${prefix}/com'
sysconfdir='${prefix}/etc'
systemdsystemunitdir=''
target_alias=''

## ----------- ##
## confdefs.h. ##
## ----------- ##

/* confdefs.h */
#define PACKAGE_NAME "dbus"
#define PACKAGE_TARNAME "dbus"
#define PACKAGE_VERSION "1.6.8"
#define PACKAGE_STRING "dbus 1.6.8"
#define PACKAGE_BUGREPORT "https://bugs.freedesktop.org/enter_bug.cgi?product=dbus"
#define PACKAGE_URL ""
#define PACKAGE "dbus"
#define VERSION "1.6.8"
#define GETTEXT_PACKAGE "dbus-1"
#define DBUS_DAEMON_NAME "dbus-daemon"

configure: exit 77

## ---------------------- ##
## Running config.status. ##
## ---------------------- ##

This file was extended by dbus config.status 1.6.8, which was
generated by GNU Autoconf 2.65.  Invocation command line was

  CONFIG_FILES    = 
  CONFIG_HEADERS  = 
  CONFIG_LINKS    = 
  CONFIG_COMMANDS = 
  $ ./config.status config.h

on localhost.localdomain

config.status:1468: creating config.h

## ---------------------- ##
## Running config.status. ##
## ---------------------- ##

This file was extended by dbus config.status 1.6.8, which was
generated by GNU Autoconf 2.65.  Invocation command line was

  CONFIG_FILES    = 
  CONFIG_HEADERS  = 
  CONFIG_LINKS    = 
  CONFIG_COMMANDS = 
  $ ./config.status dbus/Makefile depfiles

on localhost.localdomain

config.status:1468: creating dbus/Makefile
config.status:1688: executing depfiles commands

## ---------------------- ##
## Running config.status. ##
## ---------------------- ##

This file was extended by dbus config.status 1.6.8, which was
generated by GNU Autoconf 2.65.  Invocation command line was

  CONFIG_FILES    = 
  CONFIG_HEADERS  = 
  CONFIG_LINKS    = 
  CONFIG_COMMANDS = 
  $ ./config.status bus/Makefile depfiles

on localhost.localdomain

config.status:1468: creating bus/Makefile
config.status:1688: executing depfiles commands

## ---------------------- ##
## Running config.status. ##
## ---------------------- ##

This file was extended by dbus config.status 1.6.8, which was
generated by GNU Autoconf 2.65.  Invocation command line was

  CONFIG_FILES    = 
  CONFIG_HEADERS  = 
  CONFIG_LINKS    = 
  CONFIG_COMMANDS = 
  $ ./config.status 

on localhost.localdomain

config.status:1468: creating Doxyfile
config.status:1468: creating dbus/versioninfo.rc
config.status:1468: creating dbus/dbus-arch-deps.h
config.status:1468: creating bus/system.conf
config.status:1468: creating bus/session.conf
config.status:1468: creating bus/messagebus
config.status:1468: creating bus/messagebus-config
config.status:1468: creating bus/org.freedesktop.dbus-session.plist
config.status:1468: creating bus/rc.messagebus
config.status:1468: creating bus/dbus.service
config.status:1468: creating bus/dbus.socket
config.status:1468: creating Makefile
config.status:1468: creating dbus/Makefile
config.status:1468: creating bus/Makefile
config.status:1468: creating tools/Makefile
config.status:1468: creating test/Makefile
config.status:1468: creating test/name-test/Makefile
config.status:1468: creating doc/Makefile
config.status:1468: creating doc/dbus-daemon.1
config.status:1468: creating dbus-1.pc
config.status:1468: creating dbus-1-uninstalled.pc
config.status:1468: creating test/data/valid-config-files/debug-allow-all.conf
config.status:1468: creating test/data/valid-config-files/debug-allow-all-sha1.conf
config.status:1468: creating test/data/valid-config-files-system/debug-allow-all-pass.conf
config.status:1468: creating test/data/valid-config-files-system/debug-allow-all-fail.conf
config.status:1468: creating test/data/valid-service-files/org.freedesktop.DBus.TestSuite.PrivServer.service
config.status:1468: creating test/data/valid-service-files/org.freedesktop.DBus.TestSuiteEchoService.service
config.status:1468: creating test/data/valid-service-files/org.freedesktop.DBus.TestSuiteForkingEchoService.service
config.status:1468: creating test/data/valid-service-files/org.freedesktop.DBus.TestSuiteSegfaultService.service
config.status:1468: creating test/data/valid-service-files/org.freedesktop.DBus.TestSuiteShellEchoServiceSuccess.service
config.status:1468: creating test/data/valid-service-files/org.freedesktop.DBus.TestSuiteShellEchoServiceFail.service
config.status:1468: creating test/data/valid-service-files-system/org.freedesktop.DBus.TestSuiteEchoService.service
config.status:1468: creating test/data/valid-service-files-system/org.freedesktop.DBus.TestSuiteSegfaultService.service
config.status:1468: creating test/data/valid-service-files-system/org.freedesktop.DBus.TestSuiteShellEchoServiceSuccess.service
config.status:1468: creating test/data/valid-service-files-system/org.freedesktop.DBus.TestSuiteShellEchoServiceFail.service
config.status:1468: creating test/data/invalid-service-files-system/org.freedesktop.DBus.TestSuiteNoExec.service
config.status:1468: creating test/data/invalid-service-files-system/org.freedesktop.DBus.TestSuiteNoUser.service
config.status:1468: creating test/data/invalid-service-files-system/org.freedesktop.DBus.TestSuiteNoService.service
config.status:1468: creating config.h
config.status:1640: config.h is unchanged
config.status:1688: executing depfiles commands
config.status:1688: executing libtool commands

## ---------------------- ##
## Running config.status. ##
## ---------------------- ##

This file was extended by dbus config.status 1.6.8, which was
generated by GNU Autoconf 2.65.  Invocation command line was

  CONFIG_FILES    = 
  CONFIG_HEADERS  = 
  CONFIG_LINKS    = 
  CONFIG_COMMANDS = 
  $ ./config.status config.h

on foxconncpe2

config.status:1468: creating config.h
config.status:1640: config.h is unchanged

## ---------------------- ##
## Running config.status. ##
## ---------------------- ##

This file was extended by dbus config.status 1.6.8, which was
generated by GNU Autoconf 2.65.  Invocation command line was

  CONFIG_FILES    = 
  CONFIG_HEADERS  = 
  CONFIG_LINKS    = 
  CONFIG_COMMANDS = 
  $ ./config.status dbus/dbus-arch-deps.h

on foxconncpe2

config.status:1468: creating dbus/dbus-arch-deps.h

## ---------------------- ##
## Running config.status. ##
## ---------------------- ##

This file was extended by dbus config.status 1.6.8, which was
generated by GNU Autoconf 2.65.  Invocation command line was

  CONFIG_FILES    = 
  CONFIG_HEADERS  = 
  CONFIG_LINKS    = 
  CONFIG_COMMANDS = 
  $ ./config.status bus/messagebus

on foxconncpe2

config.status:1468: creating bus/messagebus

## ---------------------- ##
## Running config.status. ##
## ---------------------- ##

This file was extended by dbus config.status 1.6.8, which was
generated by GNU Autoconf 2.65.  Invocation command line was

  CONFIG_FILES    = 
  CONFIG_HEADERS  = 
  CONFIG_LINKS    = 
  CONFIG_COMMANDS = 
  $ ./config.status bus/session.conf

on foxconncpe2

config.status:1468: creating bus/session.conf

## ---------------------- ##
## Running config.status. ##
## ---------------------- ##

This file was extended by dbus config.status 1.6.8, which was
generated by GNU Autoconf 2.65.  Invocation command line was

  CONFIG_FILES    = 
  CONFIG_HEADERS  = 
  CONFIG_LINKS    = 
  CONFIG_COMMANDS = 
  $ ./config.status bus/system.conf

on foxconncpe2

config.status:1468: creating bus/system.conf

## ---------------------- ##
## Running config.status. ##
## ---------------------- ##

This file was extended by dbus config.status 1.6.8, which was
generated by GNU Autoconf 2.65.  Invocation command line was

  CONFIG_FILES    = 
  CONFIG_HEADERS  = 
  CONFIG_LINKS    = 
  CONFIG_COMMANDS = 
  $ ./config.status dbus-1.pc

on foxconncpe2

config.status:1468: creating dbus-1.pc

## ---------------------- ##
## Running config.status. ##
## ---------------------- ##

This file was extended by dbus config.status 1.6.8, which was
generated by GNU Autoconf 2.65.  Invocation command line was

  CONFIG_FILES    = 
  CONFIG_HEADERS  = 
  CONFIG_LINKS    = 
  CONFIG_COMMANDS = 
  $ ./config.status Doxyfile

on foxconncpe2

config.status:1468: creating Doxyfile

## ---------------------- ##
## Running config.status. ##
## ---------------------- ##

This file was extended by dbus config.status 1.6.8, which was
generated by GNU Autoconf 2.65.  Invocation command line was

  CONFIG_FILES    = 
  CONFIG_HEADERS  = 
  CONFIG_LINKS    = 
  CONFIG_COMMANDS = 
  $ ./config.status dbus/dbus-arch-deps.h

on linux

config.status:1468: creating dbus/dbus-arch-deps.h

## ---------------------- ##
## Running config.status. ##
## ---------------------- ##

This file was extended by dbus config.status 1.6.8, which was
generated by GNU Autoconf 2.65.  Invocation command line was

  CONFIG_FILES    = 
  CONFIG_HEADERS  = 
  CONFIG_LINKS    = 
  CONFIG_COMMANDS = 
  $ ./config.status bus/messagebus

on linux

config.status:1468: creating bus/messagebus

## ---------------------- ##
## Running config.status. ##
## ---------------------- ##

This file was extended by dbus config.status 1.6.8, which was
generated by GNU Autoconf 2.65.  Invocation command line was

  CONFIG_FILES    = 
  CONFIG_HEADERS  = 
  CONFIG_LINKS    = 
  CONFIG_COMMANDS = 
  $ ./config.status bus/session.conf

on linux

config.status:1468: creating bus/session.conf

## ---------------------- ##
## Running config.status. ##
## ---------------------- ##

This file was extended by dbus config.status 1.6.8, which was
generated by GNU Autoconf 2.65.  Invocation command line was

  CONFIG_FILES    = 
  CONFIG_HEADERS  = 
  CONFIG_LINKS    = 
  CONFIG_COMMANDS = 
  $ ./config.status bus/system.conf

on linux

config.status:1468: creating bus/system.conf

## ---------------------- ##
## Running config.status. ##
## ---------------------- ##

This file was extended by dbus config.status 1.6.8, which was
generated by GNU Autoconf 2.65.  Invocation command line was

  CONFIG_FILES    = 
  CONFIG_HEADERS  = 
  CONFIG_LINKS    = 
  CONFIG_COMMANDS = 
  $ ./config.status dbus/dbus-arch-deps.h

on linux

config.status:1468: creating dbus/dbus-arch-deps.h

## ---------------------- ##
## Running config.status. ##
## ---------------------- ##

This file was extended by dbus config.status 1.6.8, which was
generated by GNU Autoconf 2.65.  Invocation command line was

  CONFIG_FILES    = 
  CONFIG_HEADERS  = 
  CONFIG_LINKS    = 
  CONFIG_COMMANDS = 
  $ ./config.status bus/messagebus

on linux

config.status:1468: creating bus/messagebus

## ---------------------- ##
## Running config.status. ##
## ---------------------- ##

This file was extended by dbus config.status 1.6.8, which was
generated by GNU Autoconf 2.65.  Invocation command line was

  CONFIG_FILES    = 
  CONFIG_HEADERS  = 
  CONFIG_LINKS    = 
  CONFIG_COMMANDS = 
  $ ./config.status bus/session.conf

on linux

config.status:1468: creating bus/session.conf

## ---------------------- ##
## Running config.status. ##
## ---------------------- ##

This file was extended by dbus config.status 1.6.8, which was
generated by GNU Autoconf 2.65.  Invocation command line was

  CONFIG_FILES    = 
  CONFIG_HEADERS  = 
  CONFIG_LINKS    = 
  CONFIG_COMMANDS = 
  $ ./config.status bus/system.conf

on linux

config.status:1468: creating bus/system.conf

## ---------------------- ##
## Running config.status. ##
## ---------------------- ##

This file was extended by dbus config.status 1.6.8, which was
generated by GNU Autoconf 2.65.  Invocation command line was

  CONFIG_FILES    = 
  CONFIG_HEADERS  = 
  CONFIG_LINKS    = 
  CONFIG_COMMANDS = 
  $ ./config.status dbus/dbus-arch-deps.h

on linux

config.status:1468: creating dbus/dbus-arch-deps.h
