This file contains any messages produced by compilers while
running configure, to aid debugging if configure makes a mistake.

It was created by configure, which was
generated by GNU Autoconf 2.61.  Invocation command line was

  $ ./configure --disable-option-checking --prefix=/usr LDFLAGS=-L${PKG_INSTALL_DIR}/usr/lib CXXFLAGS=-I${PKG_INSTALL_DIR}/usr/include CFLAGS=-I${PKG_INSTALL_DIR}/usr/include --host=mipsel-uclibc-linux --build=mipsel-uclibc-linux-gnu26 --target=mipsel-uclibc-linux-gnu26 CC=mipsel-linux-uclibc-gcc CXX=mipsel-linux-uclibc-g++ STRIP=mipsel-linux-linux26-strip AR=mipsel-linux-linux26-ar NM=mipsel-linux-linux26-nm build_alias=mipsel-uclibc-linux-gnu26 host_alias=mipsel-uclibc-linux target_alias=mipsel-uclibc-linux-gnu26 --cache-file=/dev/null --srcdir=.

## --------- ##
## Platform. ##
## --------- ##

hostname = localhost.localdomain
uname -m = i686
uname -r = 2.6.27.41-170.2.117.fc10.i686.PAE
uname -s = Linux
uname -v = #1 SMP Thu Dec 10 10:48:30 EST 2009

/usr/bin/uname -p = unknown
/bin/uname -X     = unknown

/bin/arch              = i686
/usr/bin/arch -k       = unknown
/usr/convex/getsysinfo = unknown
/usr/bin/hostinfo      = unknown
/bin/machine           = unknown
/usr/bin/oslevel       = unknown
/bin/universe          = unknown

PATH: /projects/hnd/tools/linux/hndtools-mipsel-linux-uclibc-4.2.3/bin
PATH: /usr/lib/qt-3.3/bin
PATH: /usr/kerberos/bin
PATH: /usr/lib/ccache
PATH: /usr/local/bin
PATH: /bin
PATH: /usr/bin
PATH: /usr/local/sbin
PATH: /usr/sbin
PATH: /sbin
PATH: /home/eric/bin


## ----------- ##
## Core tests. ##
## ----------- ##

configure:1976: checking for a BSD-compatible install
configure:2032: result: /usr/bin/install -c
configure:2043: checking whether build environment is sane
configure:2086: result: yes
configure:2114: checking for a thread-safe mkdir -p
configure:2153: result: /bin/mkdir -p
configure:2166: checking for gawk
configure:2182: found /bin/gawk
configure:2193: result: gawk
configure:2204: checking whether make sets $(MAKE)
configure:2225: result: yes
configure:2305: checking for mipsel-uclibc-linux-strip
configure:2332: result: mipsel-linux-linux26-strip
configure:2424: checking for mipsel-uclibc-linux-gcc
configure:2451: result: mipsel-linux-uclibc-gcc
configure:2729: checking for C compiler version
configure:2736: mipsel-linux-uclibc-gcc --version >&5
mipsel-linux-uclibc-gcc (GCC) 4.2.3
Copyright (C) 2007 Free Software Foundation, Inc.
This is free software; see the source for copying conditions.  There is NO
warranty; not even for MERCHANTABILITY or FITNESS FOR A PARTICULAR PURPOSE.

configure:2739: $? = 0
configure:2746: mipsel-linux-uclibc-gcc -v >&5
Using built-in specs.
Target: mipsel-linux-uclibc
Configured with: /home/gracecsm/toolchains/src/toolchains/linux-2.6/buildroot/toolchain_build_mipsel/gcc-4.2.3/configure --prefix=/projects/hnd/tools/linux/hndtools-mipsel-linux-uclibc-4.2.3 --build=i386-pc-linux-gnu --host=i386-pc-linux-gnu --target=mipsel-linux-uclibc --enable-languages=c,c++ --disable-__cxa_atexit --enable-target-optspace --with-gnu-ld --with-gmp=/home/gracecsm/toolchains/src/toolchains/linux-2.6/buildroot/toolchain_build_mipsel/gmp --with-mpfr=/home/gracecsm/toolchains/src/toolchains/linux-2.6/buildroot/toolchain_build_mipsel/mpfr --enable-shared --disable-nls --enable-threads --disable-multilib --with-abi=32 --with-tune=mips32
Thread model: posix
gcc version 4.2.3
configure:2749: $? = 0
configure:2756: mipsel-linux-uclibc-gcc -V >&5
mipsel-linux-uclibc-gcc: '-V' option must have argument
configure:2759: $? = 1
configure:2782: checking for C compiler default output file name
configure:2809: mipsel-linux-uclibc-gcc -I${PKG_INSTALL_DIR}/usr/include  -L${PKG_INSTALL_DIR}/usr/lib conftest.c  >&5
configure:2812: $? = 0
configure:2850: result: a.out
configure:2867: checking whether the C compiler works
configure:2897: result: yes
configure:2904: checking whether we are cross compiling
configure:2906: result: yes
configure:2909: checking for suffix of executables
configure:2916: mipsel-linux-uclibc-gcc -o conftest -I${PKG_INSTALL_DIR}/usr/include  -L${PKG_INSTALL_DIR}/usr/lib conftest.c  >&5
configure:2919: $? = 0
configure:2943: result: 
configure:2949: checking for suffix of object files
configure:2975: mipsel-linux-uclibc-gcc -c -I${PKG_INSTALL_DIR}/usr/include  conftest.c >&5
configure:2978: $? = 0
configure:3001: result: o
configure:3005: checking whether we are using the GNU C compiler
configure:3034: mipsel-linux-uclibc-gcc -c -I${PKG_INSTALL_DIR}/usr/include  conftest.c >&5
configure:3040: $? = 0
configure:3057: result: yes
configure:3062: checking whether mipsel-linux-uclibc-gcc accepts -g
configure:3092: mipsel-linux-uclibc-gcc -c -g  conftest.c >&5
configure:3098: $? = 0
configure:3197: result: yes
configure:3214: checking for mipsel-linux-uclibc-gcc option to accept ISO C89
configure:3288: mipsel-linux-uclibc-gcc  -c -I${PKG_INSTALL_DIR}/usr/include  conftest.c >&5
configure:3294: $? = 0
configure:3317: result: none needed
configure:3346: checking for style of include used by make
configure:3374: result: GNU
configure:3399: checking dependency style of mipsel-linux-uclibc-gcc
configure:3490: result: gcc3
configure:3621: checking for C++ compiler version
configure:3628: mipsel-linux-uclibc-g++ --version >&5
mipsel-linux-uclibc-g++ (GCC) 4.2.3
Copyright (C) 2007 Free Software Foundation, Inc.
This is free software; see the source for copying conditions.  There is NO
warranty; not even for MERCHANTABILITY or FITNESS FOR A PARTICULAR PURPOSE.

configure:3631: $? = 0
configure:3638: mipsel-linux-uclibc-g++ -v >&5
Using built-in specs.
Target: mipsel-linux-uclibc
Configured with: /home/gracecsm/toolchains/src/toolchains/linux-2.6/buildroot/toolchain_build_mipsel/gcc-4.2.3/configure --prefix=/projects/hnd/tools/linux/hndtools-mipsel-linux-uclibc-4.2.3 --build=i386-pc-linux-gnu --host=i386-pc-linux-gnu --target=mipsel-linux-uclibc --enable-languages=c,c++ --disable-__cxa_atexit --enable-target-optspace --with-gnu-ld --with-gmp=/home/gracecsm/toolchains/src/toolchains/linux-2.6/buildroot/toolchain_build_mipsel/gmp --with-mpfr=/home/gracecsm/toolchains/src/toolchains/linux-2.6/buildroot/toolchain_build_mipsel/mpfr --enable-shared --disable-nls --enable-threads --disable-multilib --with-abi=32 --with-tune=mips32
Thread model: posix
gcc version 4.2.3
configure:3641: $? = 0
configure:3648: mipsel-linux-uclibc-g++ -V >&5
mipsel-linux-uclibc-g++: '-V' option must have argument
configure:3651: $? = 1
configure:3654: checking whether we are using the GNU C++ compiler
configure:3683: mipsel-linux-uclibc-g++ -c -I${PKG_INSTALL_DIR}/usr/include  conftest.cpp >&5
configure:3689: $? = 0
configure:3706: result: yes
configure:3711: checking whether mipsel-linux-uclibc-g++ accepts -g
configure:3741: mipsel-linux-uclibc-g++ -c -g  conftest.cpp >&5
configure:3747: $? = 0
configure:3846: result: yes
configure:3871: checking dependency style of mipsel-linux-uclibc-g++
configure:3962: result: gcc3
configure:3990: checking for a BSD-compatible install
configure:4046: result: /usr/bin/install -c
configure:4064: checking build system type
configure:4082: result: mipsel-uclibc-linux-gnu26
configure:4104: checking host system type
configure:4119: result: mipsel-uclibc-linux-gnu
configure:4286: checking for a sed that does not truncate output
configure:4342: result: /bin/sed
configure:4345: checking for grep that handles long lines and -e
configure:4419: result: /bin/grep
configure:4424: checking for egrep
configure:4502: result: /bin/grep -E
configure:4518: checking for ld used by mipsel-linux-uclibc-gcc
configure:4585: result: /projects/hnd/tools/linux/hndtools-mipsel-linux-uclibc-4.2.3/usr/bin/mipsel-linux-uclibc-ld
configure:4594: checking if the linker (/projects/hnd/tools/linux/hndtools-mipsel-linux-uclibc-4.2.3/usr/bin/mipsel-linux-uclibc-ld) is GNU ld
configure:4609: result: yes
configure:4614: checking for /projects/hnd/tools/linux/hndtools-mipsel-linux-uclibc-4.2.3/usr/bin/mipsel-linux-uclibc-ld option to reload object files
configure:4621: result: -r
configure:4639: checking for BSD-compatible nm
configure:4688: result: mipsel-linux-linux26-nm
configure:4692: checking whether ln -s works
configure:4696: result: yes
configure:4703: checking how to recognize dependent libraries
configure:4889: result: pass_all
configure:5417: checking how to run the C preprocessor
configure:5457: mipsel-linux-uclibc-gcc -E  conftest.c
configure:5463: $? = 0
configure:5494: mipsel-linux-uclibc-gcc -E  conftest.c
conftest.c:10:28: error: ac_nonexistent.h: No such file or directory
configure:5500: $? = 1
configure: failed program was:
| /* confdefs.h.  */
| #define PACKAGE_NAME ""
| #define PACKAGE_TARNAME ""
| #define PACKAGE_VERSION ""
| #define PACKAGE_STRING ""
| #define PACKAGE_BUGREPORT ""
| #define PACKAGE "libasprintf"
| #define VERSION "1.0"
| /* end confdefs.h.  */
| #include <ac_nonexistent.h>
configure:5533: result: mipsel-linux-uclibc-gcc -E
configure:5562: mipsel-linux-uclibc-gcc -E  conftest.c
configure:5568: $? = 0
configure:5599: mipsel-linux-uclibc-gcc -E  conftest.c
conftest.c:10:28: error: ac_nonexistent.h: No such file or directory
configure:5605: $? = 1
configure: failed program was:
| /* confdefs.h.  */
| #define PACKAGE_NAME ""
| #define PACKAGE_TARNAME ""
| #define PACKAGE_VERSION ""
| #define PACKAGE_STRING ""
| #define PACKAGE_BUGREPORT ""
| #define PACKAGE "libasprintf"
| #define VERSION "1.0"
| /* end confdefs.h.  */
| #include <ac_nonexistent.h>
configure:5643: checking for ANSI C header files
configure:5673: mipsel-linux-uclibc-gcc -c -I${PKG_INSTALL_DIR}/usr/include  conftest.c >&5
configure:5679: $? = 0
configure:5807: result: yes
configure:5831: checking for sys/types.h
configure:5852: mipsel-linux-uclibc-gcc -c -I${PKG_INSTALL_DIR}/usr/include  conftest.c >&5
configure:5858: $? = 0
configure:5874: result: yes
configure:5831: checking for sys/stat.h
configure:5852: mipsel-linux-uclibc-gcc -c -I${PKG_INSTALL_DIR}/usr/include  conftest.c >&5
configure:5858: $? = 0
configure:5874: result: yes
configure:5831: checking for stdlib.h
configure:5852: mipsel-linux-uclibc-gcc -c -I${PKG_INSTALL_DIR}/usr/include  conftest.c >&5
configure:5858: $? = 0
configure:5874: result: yes
configure:5831: checking for string.h
configure:5852: mipsel-linux-uclibc-gcc -c -I${PKG_INSTALL_DIR}/usr/include  conftest.c >&5
configure:5858: $? = 0
configure:5874: result: yes
configure:5831: checking for memory.h
configure:5852: mipsel-linux-uclibc-gcc -c -I${PKG_INSTALL_DIR}/usr/include  conftest.c >&5
configure:5858: $? = 0
configure:5874: result: yes
configure:5831: checking for strings.h
configure:5852: mipsel-linux-uclibc-gcc -c -I${PKG_INSTALL_DIR}/usr/include  conftest.c >&5
configure:5858: $? = 0
configure:5874: result: yes
configure:5831: checking for inttypes.h
configure:5852: mipsel-linux-uclibc-gcc -c -I${PKG_INSTALL_DIR}/usr/include  conftest.c >&5
configure:5858: $? = 0
configure:5874: result: yes
configure:5831: checking for stdint.h
configure:5852: mipsel-linux-uclibc-gcc -c -I${PKG_INSTALL_DIR}/usr/include  conftest.c >&5
configure:5858: $? = 0
configure:5874: result: yes
configure:5831: checking for unistd.h
configure:5852: mipsel-linux-uclibc-gcc -c -I${PKG_INSTALL_DIR}/usr/include  conftest.c >&5
configure:5858: $? = 0
configure:5874: result: yes
configure:5901: checking dlfcn.h usability
configure:5918: mipsel-linux-uclibc-gcc -c -I${PKG_INSTALL_DIR}/usr/include  conftest.c >&5
configure:5924: $? = 0
configure:5938: result: yes
configure:5942: checking dlfcn.h presence
configure:5957: mipsel-linux-uclibc-gcc -E  conftest.c
configure:5963: $? = 0
configure:5977: result: yes
configure:6005: checking for dlfcn.h
configure:6013: result: yes
configure:6036: checking how to run the C++ preprocessor
configure:6072: mipsel-linux-uclibc-g++ -E  conftest.cpp
configure:6078: $? = 0
configure:6109: mipsel-linux-uclibc-g++ -E  conftest.cpp
conftest.cpp:21:28: error: ac_nonexistent.h: No such file or directory
configure:6115: $? = 1
configure: failed program was:
| /* confdefs.h.  */
| #define PACKAGE_NAME ""
| #define PACKAGE_TARNAME ""
| #define PACKAGE_VERSION ""
| #define PACKAGE_STRING ""
| #define PACKAGE_BUGREPORT ""
| #define PACKAGE "libasprintf"
| #define VERSION "1.0"
| #define STDC_HEADERS 1
| #define HAVE_SYS_TYPES_H 1
| #define HAVE_SYS_STAT_H 1
| #define HAVE_STDLIB_H 1
| #define HAVE_STRING_H 1
| #define HAVE_MEMORY_H 1
| #define HAVE_STRINGS_H 1
| #define HAVE_INTTYPES_H 1
| #define HAVE_STDINT_H 1
| #define HAVE_UNISTD_H 1
| #define HAVE_DLFCN_H 1
| /* end confdefs.h.  */
| #include <ac_nonexistent.h>
configure:6148: result: mipsel-linux-uclibc-g++ -E
configure:6177: mipsel-linux-uclibc-g++ -E  conftest.cpp
configure:6183: $? = 0
configure:6214: mipsel-linux-uclibc-g++ -E  conftest.cpp
conftest.cpp:21:28: error: ac_nonexistent.h: No such file or directory
configure:6220: $? = 1
configure: failed program was:
| /* confdefs.h.  */
| #define PACKAGE_NAME ""
| #define PACKAGE_TARNAME ""
| #define PACKAGE_VERSION ""
| #define PACKAGE_STRING ""
| #define PACKAGE_BUGREPORT ""
| #define PACKAGE "libasprintf"
| #define VERSION "1.0"
| #define STDC_HEADERS 1
| #define HAVE_SYS_TYPES_H 1
| #define HAVE_SYS_STAT_H 1
| #define HAVE_STDLIB_H 1
| #define HAVE_STRING_H 1
| #define HAVE_MEMORY_H 1
| #define HAVE_STRINGS_H 1
| #define HAVE_INTTYPES_H 1
| #define HAVE_STDINT_H 1
| #define HAVE_UNISTD_H 1
| #define HAVE_DLFCN_H 1
| /* end confdefs.h.  */
| #include <ac_nonexistent.h>
configure:6269: checking for mipsel-uclibc-linux-g77
configure:6299: result: no
configure:6269: checking for mipsel-uclibc-linux-xlf
configure:6299: result: no
configure:6269: checking for mipsel-uclibc-linux-f77
configure:6299: result: no
configure:6269: checking for mipsel-uclibc-linux-frt
configure:6299: result: no
configure:6269: checking for mipsel-uclibc-linux-pgf77
configure:6299: result: no
configure:6269: checking for mipsel-uclibc-linux-cf77
configure:6299: result: no
configure:6269: checking for mipsel-uclibc-linux-fort77
configure:6299: result: no
configure:6269: checking for mipsel-uclibc-linux-fl32
configure:6299: result: no
configure:6269: checking for mipsel-uclibc-linux-af77
configure:6299: result: no
configure:6269: checking for mipsel-uclibc-linux-xlf90
configure:6299: result: no
configure:6269: checking for mipsel-uclibc-linux-f90
configure:6299: result: no
configure:6269: checking for mipsel-uclibc-linux-pgf90
configure:6299: result: no
configure:6269: checking for mipsel-uclibc-linux-pghpf
configure:6299: result: no
configure:6269: checking for mipsel-uclibc-linux-epcf90
configure:6299: result: no
configure:6269: checking for mipsel-uclibc-linux-gfortran
configure:6299: result: no
configure:6269: checking for mipsel-uclibc-linux-g95
configure:6299: result: no
configure:6269: checking for mipsel-uclibc-linux-xlf95
configure:6299: result: no
configure:6269: checking for mipsel-uclibc-linux-f95
configure:6299: result: no
configure:6269: checking for mipsel-uclibc-linux-fort
configure:6299: result: no
configure:6269: checking for mipsel-uclibc-linux-ifort
configure:6299: result: no
configure:6269: checking for mipsel-uclibc-linux-ifc
configure:6299: result: no
configure:6269: checking for mipsel-uclibc-linux-efc
configure:6299: result: no
configure:6269: checking for mipsel-uclibc-linux-pgf95
configure:6299: result: no
configure:6269: checking for mipsel-uclibc-linux-lf95
configure:6299: result: no
configure:6269: checking for mipsel-uclibc-linux-ftn
configure:6299: result: no
configure:6313: checking for g77
configure:6343: result: no
configure:6313: checking for xlf
configure:6343: result: no
configure:6313: checking for f77
configure:6343: result: no
configure:6313: checking for frt
configure:6343: result: no
configure:6313: checking for pgf77
configure:6343: result: no
configure:6313: checking for cf77
configure:6343: result: no
configure:6313: checking for fort77
configure:6343: result: no
configure:6313: checking for fl32
configure:6343: result: no
configure:6313: checking for af77
configure:6343: result: no
configure:6313: checking for xlf90
configure:6343: result: no
configure:6313: checking for f90
configure:6343: result: no
configure:6313: checking for pgf90
configure:6343: result: no
configure:6313: checking for pghpf
configure:6343: result: no
configure:6313: checking for epcf90
configure:6343: result: no
configure:6313: checking for gfortran
configure:6329: found /usr/bin/gfortran
configure:6340: result: gfortran
configure:6358: WARNING: In the future, Autoconf will not detect cross-tools
whose name does not start with the host triplet.  If you think this
configuration is useful to you, please write to autoconf@gnu.org.
configure:6370: checking for Fortran 77 compiler version
configure:6377: gfortran --version >&5
GNU Fortran (GCC) 4.3.2 20081105 (Red Hat 4.3.2-7)
Copyright (C) 2008 Free Software Foundation, Inc.

GNU Fortran comes with NO WARRANTY, to the extent permitted by law.
You may redistribute copies of GNU Fortran
under the terms of the GNU General Public License.
For more information about these matters, see the file named COPYING

configure:6380: $? = 0
configure:6387: gfortran -v >&5
Using built-in specs.
Target: i386-redhat-linux
Configured with: ../configure --prefix=/usr --mandir=/usr/share/man --infodir=/usr/share/info --with-bugurl=http://bugzilla.redhat.com/bugzilla --enable-bootstrap --enable-shared --enable-threads=posix --enable-checking=release --with-system-zlib --enable-__cxa_atexit --disable-libunwind-exceptions --enable-languages=c,c++,objc,obj-c++,java,fortran,ada --enable-java-awt=gtk --disable-dssi --enable-plugin --with-java-home=/usr/lib/jvm/java-1.5.0-gcj-1.5.0.0/jre --enable-libgcj-multifile --enable-java-maintainer-mode --with-ecj-jar=/usr/share/java/eclipse-ecj.jar --disable-libjava-multilib --with-cpu=generic --build=i386-redhat-linux
Thread model: posix
gcc version 4.3.2 20081105 (Red Hat 4.3.2-7) (GCC) 
configure:6390: $? = 0
configure:6397: gfortran -V >&5
gfortran: '-V' option must have argument
configure:6400: $? = 1
configure:6408: checking whether we are using the GNU Fortran 77 compiler
configure:6427: gfortran -c  conftest.F >&5
configure:6433: $? = 0
configure:6450: result: yes
configure:6456: checking whether gfortran accepts -g
configure:6473: gfortran -c -g conftest.f >&5
configure:6479: $? = 0
configure:6495: result: yes
configure:6525: checking the maximum length of command line arguments
configure:6637: result: 1966080
configure:6649: checking command to parse mipsel-linux-linux26-nm output from mipsel-linux-uclibc-gcc object
configure:6754: mipsel-linux-uclibc-gcc -c -I${PKG_INSTALL_DIR}/usr/include  conftest.c >&5
configure:6757: $? = 0
configure:6761: mipsel-linux-linux26-nm conftest.o \| sed -n -e 's/^.*[ 	]\([ABCDGIRSTW][ABCDGIRSTW]*\)[ 	][ 	]*\([_A-Za-z][_A-Za-z0-9]*\)$/\1 \2 \2/p' \> conftest.nm
configure:6764: $? = 0
configure:6816: mipsel-linux-uclibc-gcc -o conftest -I${PKG_INSTALL_DIR}/usr/include  -L${PKG_INSTALL_DIR}/usr/lib conftest.c conftstm.o >&5
configure:6819: $? = 0
configure:6857: result: ok
configure:6861: checking for objdir
configure:6876: result: .libs
configure:6928: checking for mipsel-uclibc-linux-ar
configure:6955: result: mipsel-linux-linux26-ar
configure:7024: checking for mipsel-uclibc-linux-ranlib
configure:7054: result: no
configure:7064: checking for ranlib
configure:7080: found /usr/bin/ranlib
configure:7091: result: ranlib
configure:7120: checking for mipsel-uclibc-linux-strip
configure:7147: result: mipsel-linux-linux26-strip
configure:7477: checking if mipsel-linux-uclibc-gcc supports -fno-rtti -fno-exceptions
configure:7495: mipsel-linux-uclibc-gcc -c -I${PKG_INSTALL_DIR}/usr/include  -fno-rtti -fno-exceptions conftest.c >&5
cc1: warning: command line option "-fno-rtti" is valid for C++/ObjC++ but not for C
configure:7499: $? = 0
configure:7512: result: no
configure:7527: checking for mipsel-linux-uclibc-gcc option to produce PIC
configure:7762: result: -fPIC
configure:7770: checking if mipsel-linux-uclibc-gcc PIC flag -fPIC works
configure:7788: mipsel-linux-uclibc-gcc -c -I${PKG_INSTALL_DIR}/usr/include  -fPIC -DPIC conftest.c >&5
configure:7792: $? = 0
configure:7805: result: yes
configure:7833: checking if mipsel-linux-uclibc-gcc static flag -static works
configure:7861: result: yes
configure:7871: checking if mipsel-linux-uclibc-gcc supports -c -o file.o
configure:7892: mipsel-linux-uclibc-gcc -c -I${PKG_INSTALL_DIR}/usr/include  -o out/conftest2.o conftest.c >&5
configure:7896: $? = 0
configure:7918: result: yes
configure:7944: checking whether the mipsel-linux-uclibc-gcc linker (/projects/hnd/tools/linux/hndtools-mipsel-linux-uclibc-4.2.3/usr/bin/mipsel-linux-uclibc-ld) supports shared libraries
configure:8924: result: yes
configure:8945: checking whether -lc should be explicitly linked in
configure:8950: mipsel-linux-uclibc-gcc -c -I${PKG_INSTALL_DIR}/usr/include  conftest.c >&5
configure:8953: $? = 0
configure:8968: mipsel-linux-uclibc-gcc -shared conftest.o  -v -Wl,-soname -Wl,conftest -o conftest 2\>\&1 \| grep  -lc  \>/dev/null 2\>\&1
configure:8971: $? = 0
configure:8983: result: no
configure:8991: checking dynamic linker characteristics
configure:9593: result: GNU/Linux ld.so
configure:9602: checking how to hardcode library paths into programs
configure:9627: result: immediate
configure:9641: checking whether stripping libraries is possible
configure:9646: result: yes
configure:10448: checking if libtool supports shared libraries
configure:10450: result: yes
configure:10453: checking whether to build shared libraries
configure:10474: result: yes
configure:10477: checking whether to build static libraries
configure:10481: result: yes
configure:10574: creating libtool
configure:11162: checking for ld used by mipsel-linux-uclibc-g++
configure:11229: result: /projects/hnd/tools/linux/hndtools-mipsel-linux-uclibc-4.2.3/usr/bin/mipsel-linux-uclibc-ld
configure:11238: checking if the linker (/projects/hnd/tools/linux/hndtools-mipsel-linux-uclibc-4.2.3/usr/bin/mipsel-linux-uclibc-ld) is GNU ld
configure:11253: result: yes
configure:11304: checking whether the mipsel-linux-uclibc-g++ linker (/projects/hnd/tools/linux/hndtools-mipsel-linux-uclibc-4.2.3/usr/bin/mipsel-linux-uclibc-ld) supports shared libraries
configure:12278: result: yes
configure:12300: mipsel-linux-uclibc-g++ -c -I${PKG_INSTALL_DIR}/usr/include  conftest.cpp >&5
configure:12303: $? = 0
configure:12455: checking for mipsel-linux-uclibc-g++ option to produce PIC
configure:12739: result: -fPIC
configure:12747: checking if mipsel-linux-uclibc-g++ PIC flag -fPIC works
configure:12765: mipsel-linux-uclibc-g++ -c -I${PKG_INSTALL_DIR}/usr/include  -fPIC -DPIC conftest.cpp >&5
configure:12769: $? = 0
configure:12782: result: yes
configure:12810: checking if mipsel-linux-uclibc-g++ static flag -static works
configure:12838: result: yes
configure:12848: checking if mipsel-linux-uclibc-g++ supports -c -o file.o
configure:12869: mipsel-linux-uclibc-g++ -c -I${PKG_INSTALL_DIR}/usr/include  -o out/conftest2.o conftest.cpp >&5
configure:12873: $? = 0
configure:12895: result: yes
configure:12921: checking whether the mipsel-linux-uclibc-g++ linker (/projects/hnd/tools/linux/hndtools-mipsel-linux-uclibc-4.2.3/usr/bin/mipsel-linux-uclibc-ld) supports shared libraries
configure:12946: result: yes
configure:13013: checking dynamic linker characteristics
configure:13563: result: GNU/Linux ld.so
configure:13572: checking how to hardcode library paths into programs
configure:13597: result: immediate
configure:14131: checking if libtool supports shared libraries
configure:14133: result: yes
configure:14136: checking whether to build shared libraries
configure:14156: result: yes
configure:14159: checking whether to build static libraries
configure:14163: result: yes
configure:14173: checking for gfortran option to produce PIC
configure:14408: result: -fPIC
configure:14416: checking if gfortran PIC flag -fPIC works
configure:14434: gfortran -c -g -O2 -fPIC conftest.f >&5
configure:14438: $? = 0
configure:14451: result: yes
configure:14479: checking if gfortran static flag -static works
configure:14507: result: yes
configure:14517: checking if gfortran supports -c -o file.o
configure:14538: gfortran -c -g -O2 -o out/conftest2.o conftest.f >&5
configure:14542: $? = 0
configure:14564: result: yes
configure:14590: checking whether the gfortran linker (/projects/hnd/tools/linux/hndtools-mipsel-linux-uclibc-4.2.3/usr/bin/mipsel-linux-uclibc-ld) supports shared libraries
configure:15550: result: yes
configure:15617: checking dynamic linker characteristics
configure:16167: result: GNU/Linux ld.so
configure:16176: checking how to hardcode library paths into programs
configure:16201: result: immediate
configure:19788: checking for inline
configure:19814: mipsel-linux-uclibc-gcc -c -I${PKG_INSTALL_DIR}/usr/include  conftest.c >&5
configure:19820: $? = 0
configure:19838: result: inline
configure:19857: checking for size_t
configure:19887: mipsel-linux-uclibc-gcc -c -I${PKG_INSTALL_DIR}/usr/include  conftest.c >&5
configure:19893: $? = 0
configure:19908: result: yes
configure:19921: checking for long long int
configure:19971: mipsel-linux-uclibc-gcc -o conftest -I${PKG_INSTALL_DIR}/usr/include  -L${PKG_INSTALL_DIR}/usr/lib conftest.c  >&5
configure:19977: $? = 0
configure:20059: result: yes
configure:20081: checking for long double
configure:20137: result: yes
configure:20148: checking for wchar_t
configure:20175: mipsel-linux-uclibc-gcc -c -I${PKG_INSTALL_DIR}/usr/include  conftest.c >&5
configure:20181: $? = 0
configure:20196: result: yes
configure:20207: checking for wint_t
configure:20242: mipsel-linux-uclibc-gcc -c -I${PKG_INSTALL_DIR}/usr/include  conftest.c >&5
In file included from conftest.c:33:
${PKG_INSTALL_DIR}/usr/include/wchar.h:32:2: error: #error Attempted to include wchar.h when uClibc built without wide char support.
configure:20248: $? = 1
configure: failed program was:
| /* confdefs.h.  */
| #define PACKAGE_NAME ""
| #define PACKAGE_TARNAME ""
| #define PACKAGE_VERSION ""
| #define PACKAGE_STRING ""
| #define PACKAGE_BUGREPORT ""
| #define PACKAGE "libasprintf"
| #define VERSION "1.0"
| #define STDC_HEADERS 1
| #define HAVE_SYS_TYPES_H 1
| #define HAVE_SYS_STAT_H 1
| #define HAVE_STDLIB_H 1
| #define HAVE_STRING_H 1
| #define HAVE_MEMORY_H 1
| #define HAVE_STRINGS_H 1
| #define HAVE_INTTYPES_H 1
| #define HAVE_STDINT_H 1
| #define HAVE_UNISTD_H 1
| #define HAVE_DLFCN_H 1
| #define HAVE_LONG_LONG_INT 1
| #define HAVE_LONG_LONG 1
| #define HAVE_LONG_DOUBLE 1
| #define HAVE_WCHAR_T 1
| /* end confdefs.h.  */
| 
| /* Tru64 with Desktop Toolkit C has a bug: <stdio.h> must be included before
|    <wchar.h>.
|    BSD/OS 4.0.1 has a bug: <stddef.h>, <stdio.h> and <time.h> must be included
|    before <wchar.h>.  */
| #include <stddef.h>
| #include <stdio.h>
| #include <time.h>
| #include <wchar.h>
|        wint_t foo = (wchar_t)'\0';
| int
| main ()
| {
| 
|   ;
|   return 0;
| }
configure:20263: result: no
configure:20273: checking for ptrdiff_t
configure:20303: mipsel-linux-uclibc-gcc -c -I${PKG_INSTALL_DIR}/usr/include  conftest.c >&5
configure:20309: $? = 0
configure:20324: result: yes
configure:20338: checking for inttypes.h
configure:20365: mipsel-linux-uclibc-gcc -c -I${PKG_INSTALL_DIR}/usr/include  conftest.c >&5
configure:20371: $? = 0
configure:20386: result: yes
configure:20397: checking for stdint.h
configure:20424: mipsel-linux-uclibc-gcc -c -I${PKG_INSTALL_DIR}/usr/include  conftest.c >&5
configure:20430: $? = 0
configure:20445: result: yes
configure:20458: checking for intmax_t
configure:20494: mipsel-linux-uclibc-gcc -c -I${PKG_INSTALL_DIR}/usr/include  conftest.c >&5
configure:20500: $? = 0
configure:20515: result: yes
configure:20531: checking for stdint.h
configure:20537: result: yes
configure:20666: checking for SIZE_MAX
configure:21379: result: yes
configure:21397: checking for stdint.h
configure:21403: result: yes
configure:21537: checking for working alloca.h
configure:21564: mipsel-linux-uclibc-gcc -o conftest -I${PKG_INSTALL_DIR}/usr/include  -L${PKG_INSTALL_DIR}/usr/lib conftest.c  >&5
configure:21570: $? = 0
configure:21587: result: yes
configure:21597: checking for alloca
configure:21644: mipsel-linux-uclibc-gcc -o conftest -I${PKG_INSTALL_DIR}/usr/include  -L${PKG_INSTALL_DIR}/usr/lib conftest.c  >&5
configure:21650: $? = 0
configure:21667: result: yes
configure:21922: checking for snprintf
configure:21978: mipsel-linux-uclibc-gcc -o conftest -I${PKG_INSTALL_DIR}/usr/include  -L${PKG_INSTALL_DIR}/usr/lib conftest.c  >&5
conftest.c:55: warning: conflicting types for built-in function 'snprintf'
configure:21984: $? = 0
configure:22002: result: yes
configure:21922: checking for vasprintf
configure:21978: mipsel-linux-uclibc-gcc -o conftest -I${PKG_INSTALL_DIR}/usr/include  -L${PKG_INSTALL_DIR}/usr/lib conftest.c  >&5
configure:21984: $? = 0
configure:22002: result: yes
configure:21922: checking for wcslen
configure:21978: mipsel-linux-uclibc-gcc -o conftest -I${PKG_INSTALL_DIR}/usr/include  -L${PKG_INSTALL_DIR}/usr/lib conftest.c  >&5
/tmp/cc8UoClg.o: In function `main':
conftest.c:(.text+0x20): undefined reference to `wcslen'
collect2: ld returned 1 exit status
configure:21984: $? = 1
configure: failed program was:
| /* confdefs.h.  */
| #define PACKAGE_NAME ""
| #define PACKAGE_TARNAME ""
| #define PACKAGE_VERSION ""
| #define PACKAGE_STRING ""
| #define PACKAGE_BUGREPORT ""
| #define PACKAGE "libasprintf"
| #define VERSION "1.0"
| #define STDC_HEADERS 1
| #define HAVE_SYS_TYPES_H 1
| #define HAVE_SYS_STAT_H 1
| #define HAVE_STDLIB_H 1
| #define HAVE_STRING_H 1
| #define HAVE_MEMORY_H 1
| #define HAVE_STRINGS_H 1
| #define HAVE_INTTYPES_H 1
| #define HAVE_STDINT_H 1
| #define HAVE_UNISTD_H 1
| #define HAVE_DLFCN_H 1
| #define HAVE_LONG_LONG_INT 1
| #define HAVE_LONG_LONG 1
| #define HAVE_LONG_DOUBLE 1
| #define HAVE_WCHAR_T 1
| #define HAVE_INTTYPES_H_WITH_UINTMAX 1
| #define HAVE_STDINT_H_WITH_UINTMAX 1
| #define HAVE_INTMAX_T 1
| #define HAVE_STDINT_H 1
| #define HAVE_STDINT_H 1
| #define HAVE_ALLOCA_H 1
| #define HAVE_ALLOCA 1
| #define HAVE_SNPRINTF 1
| #define HAVE_VASPRINTF 1
| /* end confdefs.h.  */
| /* Define wcslen to an innocuous variant, in case <limits.h> declares wcslen.
|    For example, HP-UX 11i <limits.h> declares gettimeofday.  */
| #define wcslen innocuous_wcslen
| 
| /* System header to define __stub macros and hopefully few prototypes,
|     which can conflict with char wcslen (); below.
|     Prefer <limits.h> to <assert.h> if __STDC__ is defined, since
|     <limits.h> exists even on freestanding compilers.  */
| 
| #ifdef __STDC__
| # include <limits.h>
| #else
| # include <assert.h>
| #endif
| 
| #undef wcslen
| 
| /* Override any GCC internal prototype to avoid an error.
|    Use char because int might match the return type of a GCC
|    builtin and then its argument prototype would still apply.  */
| #ifdef __cplusplus
| extern "C"
| #endif
| char wcslen ();
| /* The GNU C library defines this for functions which it implements
|     to always fail with ENOSYS.  Some functions are actually named
|     something starting with __ and the normal name is an alias.  */
| #if defined __stub_wcslen || defined __stub___wcslen
| choke me
| #endif
| 
| int
| main ()
| {
| return wcslen ();
|   ;
|   return 0;
| }
configure:22002: result: no
configure:22012: checking whether _snprintf is declared
configure:22041: mipsel-linux-uclibc-gcc -c -I${PKG_INSTALL_DIR}/usr/include  conftest.c >&5
conftest.c: In function 'main':
conftest.c:71: error: '_snprintf' undeclared (first use in this function)
conftest.c:71: error: (Each undeclared identifier is reported only once
conftest.c:71: error: for each function it appears in.)
configure:22047: $? = 1
configure: failed program was:
| /* confdefs.h.  */
| #define PACKAGE_NAME ""
| #define PACKAGE_TARNAME ""
| #define PACKAGE_VERSION ""
| #define PACKAGE_STRING ""
| #define PACKAGE_BUGREPORT ""
| #define PACKAGE "libasprintf"
| #define VERSION "1.0"
| #define STDC_HEADERS 1
| #define HAVE_SYS_TYPES_H 1
| #define HAVE_SYS_STAT_H 1
| #define HAVE_STDLIB_H 1
| #define HAVE_STRING_H 1
| #define HAVE_MEMORY_H 1
| #define HAVE_STRINGS_H 1
| #define HAVE_INTTYPES_H 1
| #define HAVE_STDINT_H 1
| #define HAVE_UNISTD_H 1
| #define HAVE_DLFCN_H 1
| #define HAVE_LONG_LONG_INT 1
| #define HAVE_LONG_LONG 1
| #define HAVE_LONG_DOUBLE 1
| #define HAVE_WCHAR_T 1
| #define HAVE_INTTYPES_H_WITH_UINTMAX 1
| #define HAVE_STDINT_H_WITH_UINTMAX 1
| #define HAVE_INTMAX_T 1
| #define HAVE_STDINT_H 1
| #define HAVE_STDINT_H 1
| #define HAVE_ALLOCA_H 1
| #define HAVE_ALLOCA 1
| #define HAVE_SNPRINTF 1
| #define HAVE_VASPRINTF 1
| /* end confdefs.h.  */
| #include <stdio.h>
| #ifdef HAVE_SYS_TYPES_H
| # include <sys/types.h>
| #endif
| #ifdef HAVE_SYS_STAT_H
| # include <sys/stat.h>
| #endif
| #ifdef STDC_HEADERS
| # include <stdlib.h>
| # include <stddef.h>
| #else
| # ifdef HAVE_STDLIB_H
| #  include <stdlib.h>
| # endif
| #endif
| #ifdef HAVE_STRING_H
| # if !defined STDC_HEADERS && defined HAVE_MEMORY_H
| #  include <memory.h>
| # endif
| # include <string.h>
| #endif
| #ifdef HAVE_STRINGS_H
| # include <strings.h>
| #endif
| #ifdef HAVE_INTTYPES_H
| # include <inttypes.h>
| #endif
| #ifdef HAVE_STDINT_H
| # include <stdint.h>
| #endif
| #ifdef HAVE_UNISTD_H
| # include <unistd.h>
| #endif
| int
| main ()
| {
| #ifndef _snprintf
|   (void) _snprintf;
| #endif
| 
|   ;
|   return 0;
| }
configure:22062: result: no
configure:22082: checking whether printf() supports POSIX/XSI format strings
configure:22166: result: guessing yes
configure:22182: checking for dvips
configure:22200: found /usr/bin/dvips
configure:22213: result: /usr/bin/dvips
configure:22223: checking for texi2pdf
configure:22241: found /usr/bin/texi2pdf
configure:22254: result: /usr/bin/texi2pdf
configure:22264: checking for perl
configure:22282: found /usr/bin/perl
configure:22295: result: /usr/bin/perl
configure:22428: creating ./config.status

## ---------------------- ##
## Running config.status. ##
## ---------------------- ##

This file was extended by config.status, which was
generated by GNU Autoconf 2.61.  Invocation command line was

  CONFIG_FILES    = 
  CONFIG_HEADERS  = 
  CONFIG_LINKS    = 
  CONFIG_COMMANDS = 
  $ ./config.status 

on localhost.localdomain

config.status:671: creating Makefile
config.status:671: creating config.h
config.status:912: config.h is unchanged
config.status:958: executing depfiles commands

## ---------------- ##
## Cache variables. ##
## ---------------- ##

ac_cv_build=mipsel-uclibc-linux-gnu26
ac_cv_c_compiler_gnu=yes
ac_cv_c_inline=inline
ac_cv_cxx_compiler_gnu=yes
ac_cv_env_CCC_set=
ac_cv_env_CCC_value=
ac_cv_env_CC_set=set
ac_cv_env_CC_value=mipsel-linux-uclibc-gcc
ac_cv_env_CFLAGS_set=set
ac_cv_env_CFLAGS_value=-I${PKG_INSTALL_DIR}/usr/include
ac_cv_env_CPPFLAGS_set=
ac_cv_env_CPPFLAGS_value=
ac_cv_env_CPP_set=
ac_cv_env_CPP_value=
ac_cv_env_CXXCPP_set=
ac_cv_env_CXXCPP_value=
ac_cv_env_CXXFLAGS_set=set
ac_cv_env_CXXFLAGS_value=-I${PKG_INSTALL_DIR}/usr/include
ac_cv_env_CXX_set=set
ac_cv_env_CXX_value=mipsel-linux-uclibc-g++
ac_cv_env_F77_set=
ac_cv_env_F77_value=
ac_cv_env_FFLAGS_set=
ac_cv_env_FFLAGS_value=
ac_cv_env_LDFLAGS_set=set
ac_cv_env_LDFLAGS_value=-L${PKG_INSTALL_DIR}/usr/lib
ac_cv_env_LIBS_set=
ac_cv_env_LIBS_value=
ac_cv_env_build_alias_set=set
ac_cv_env_build_alias_value=mipsel-uclibc-linux-gnu26
ac_cv_env_host_alias_set=set
ac_cv_env_host_alias_value=mipsel-uclibc-linux
ac_cv_env_target_alias_set=set
ac_cv_env_target_alias_value=mipsel-uclibc-linux-gnu26
ac_cv_f77_compiler_gnu=yes
ac_cv_func_alloca_works=yes
ac_cv_func_snprintf=yes
ac_cv_func_vasprintf=yes
ac_cv_func_wcslen=no
ac_cv_have_decl__snprintf=no
ac_cv_header_dlfcn_h=yes
ac_cv_header_inttypes_h=yes
ac_cv_header_memory_h=yes
ac_cv_header_stdc=yes
ac_cv_header_stdint_h=yes
ac_cv_header_stdlib_h=yes
ac_cv_header_string_h=yes
ac_cv_header_strings_h=yes
ac_cv_header_sys_stat_h=yes
ac_cv_header_sys_types_h=yes
ac_cv_header_unistd_h=yes
ac_cv_host=mipsel-uclibc-linux-gnu
ac_cv_objext=o
ac_cv_path_DVIPS=/usr/bin/dvips
ac_cv_path_EGREP='/bin/grep -E'
ac_cv_path_GREP=/bin/grep
ac_cv_path_PERL=/usr/bin/perl
ac_cv_path_TEXI2PDF=/usr/bin/texi2pdf
ac_cv_path_install='/usr/bin/install -c'
ac_cv_path_mkdir=/bin/mkdir
ac_cv_prog_AR=mipsel-linux-linux26-ar
ac_cv_prog_AWK=gawk
ac_cv_prog_CC=mipsel-linux-uclibc-gcc
ac_cv_prog_CPP='mipsel-linux-uclibc-gcc -E'
ac_cv_prog_CXXCPP='mipsel-linux-uclibc-g++ -E'
ac_cv_prog_STRIP=mipsel-linux-linux26-strip
ac_cv_prog_ac_ct_F77=gfortran
ac_cv_prog_ac_ct_RANLIB=ranlib
ac_cv_prog_cc_c89=
ac_cv_prog_cc_g=yes
ac_cv_prog_cxx_g=yes
ac_cv_prog_f77_g=yes
ac_cv_prog_make_make_set=yes
ac_cv_type_long_long=yes
ac_cv_type_long_long_int=yes
ac_cv_type_ptrdiff_t=yes
ac_cv_type_size_t=yes
ac_cv_working_alloca_h=yes
am_cv_CC_dependencies_compiler_type=gcc3
am_cv_CXX_dependencies_compiler_type=gcc3
gl_cv_header_inttypes_h=yes
gl_cv_header_stdint_h=yes
gl_cv_size_max=yes
gt_cv_c_intmax_t=yes
gt_cv_c_long_double=yes
gt_cv_c_wchar_t=yes
gt_cv_c_wint_t=no
gt_cv_func_printf_posix='guessing yes'
lt_cv_deplibs_check_method=pass_all
lt_cv_file_magic_cmd='$MAGIC_CMD'
lt_cv_file_magic_test_file=
lt_cv_ld_reload_flag=-r
lt_cv_objdir=.libs
lt_cv_path_LD=/projects/hnd/tools/linux/hndtools-mipsel-linux-uclibc-4.2.3/usr/bin/mipsel-linux-uclibc-ld
lt_cv_path_LDCXX=/projects/hnd/tools/linux/hndtools-mipsel-linux-uclibc-4.2.3/usr/bin/mipsel-linux-uclibc-ld
lt_cv_path_NM=mipsel-linux-linux26-nm
lt_cv_path_SED=/bin/sed
lt_cv_prog_compiler_c_o=yes
lt_cv_prog_compiler_c_o_CXX=yes
lt_cv_prog_compiler_c_o_F77=yes
lt_cv_prog_compiler_rtti_exceptions=no
lt_cv_prog_gnu_ld=yes
lt_cv_prog_gnu_ldcxx=yes
lt_cv_sys_global_symbol_pipe='sed -n -e '\''s/^.*[ 	]\([ABCDGIRSTW][ABCDGIRSTW]*\)[ 	][ 	]*\([_A-Za-z][_A-Za-z0-9]*\)$/\1 \2 \2/p'\'''
lt_cv_sys_global_symbol_to_c_name_address='sed -n -e '\''s/^: \([^ ]*\) $/  {\"\1\", (lt_ptr) 0},/p'\'' -e '\''s/^[BCDEGRST] \([^ ]*\) \([^ ]*\)$/  {"\2", (lt_ptr) \&\2},/p'\'''
lt_cv_sys_global_symbol_to_cdecl='sed -n -e '\''s/^. .* \(.*\)$/extern int \1;/p'\'''
lt_cv_sys_max_cmd_len=1966080
lt_lt_cv_prog_compiler_c_o='"yes"'
lt_lt_cv_prog_compiler_c_o_CXX='"yes"'
lt_lt_cv_prog_compiler_c_o_F77='"yes"'
lt_lt_cv_sys_global_symbol_pipe='"sed -n -e '\''s/^.*[ 	]\\([ABCDGIRSTW][ABCDGIRSTW]*\\)[ 	][ 	]*\\([_A-Za-z][_A-Za-z0-9]*\\)\$/\\1 \\2 \\2/p'\''"'
lt_lt_cv_sys_global_symbol_to_c_name_address='"sed -n -e '\''s/^: \\([^ ]*\\) \$/  {\\\"\\1\\\", (lt_ptr) 0},/p'\'' -e '\''s/^[BCDEGRST] \\([^ ]*\\) \\([^ ]*\\)\$/  {\"\\2\", (lt_ptr) \\&\\2},/p'\''"'
lt_lt_cv_sys_global_symbol_to_cdecl='"sed -n -e '\''s/^. .* \\(.*\\)\$/extern int \\1;/p'\''"'

## ----------------- ##
## Output variables. ##
## ----------------- ##

ACLOCAL='${SHELL} ${TIMEMACHINE_PATH}/gettext-0.17/build-aux/missing --run aclocal-1.10'
ALLOCA=''
ALLOCA_H='alloca.h'
AMDEPBACKSLASH='\'
AMDEP_FALSE='#'
AMDEP_TRUE=''
AMTAR='${SHELL} ${TIMEMACHINE_PATH}/gettext-0.17/build-aux/missing --run tar'
AR='mipsel-linux-linux26-ar'
AS='as'
AUTOCONF='${SHELL} ${TIMEMACHINE_PATH}/gettext-0.17/build-aux/missing --run autoconf'
AUTOHEADER='${SHELL} ${TIMEMACHINE_PATH}/gettext-0.17/build-aux/missing --run autoheader'
AUTOMAKE='${SHELL} ${TIMEMACHINE_PATH}/gettext-0.17/build-aux/missing --run automake-1.10'
AWK='gawk'
CC='mipsel-linux-uclibc-gcc'
CCDEPMODE='depmode=gcc3'
CFLAGS='-I${PKG_INSTALL_DIR}/usr/include'
CPP='mipsel-linux-uclibc-gcc -E'
CPPFLAGS=''
CXX='mipsel-linux-uclibc-g++'
CXXCPP='mipsel-linux-uclibc-g++ -E'
CXXDEPMODE='depmode=gcc3'
CXXFLAGS='-I${PKG_INSTALL_DIR}/usr/include'
CYGPATH_W='echo'
DEFS='-DHAVE_CONFIG_H'
DEPDIR='.deps'
DLLTOOL='dlltool'
DVIPS='/usr/bin/dvips'
ECHO='echo'
ECHO_C=''
ECHO_N='-n'
ECHO_T=''
EGREP='/bin/grep -E'
EXEEXT=''
F77='gfortran'
FFLAGS='-g -O2'
GREP='/bin/grep'
INSTALL_DATA='${INSTALL} -m 644'
INSTALL_PROGRAM='${INSTALL}'
INSTALL_SCRIPT='${INSTALL}'
INSTALL_STRIP_PROGRAM='$(install_sh) -c -s'
LDFLAGS='-L${PKG_INSTALL_DIR}/usr/lib'
LIBOBJS=''
LIBS=''
LIBTOOL='$(SHELL) $(top_builddir)/libtool'
LN_S='ln -s'
LTLIBOBJS=''
LTNOUNDEF=''
MAKEINFO='${SHELL} ${TIMEMACHINE_PATH}/gettext-0.17/build-aux/missing --run makeinfo'
OBJDUMP='mipsel-linux-linux26-objdump'
OBJEXT='o'
PACKAGE='libasprintf'
PACKAGE_BUGREPORT=''
PACKAGE_NAME=''
PACKAGE_STRING=''
PACKAGE_TARNAME=''
PACKAGE_VERSION=''
PATH_SEPARATOR=':'
PERL='/usr/bin/perl'
RANLIB='mipsel-linux-linux26-ranlib'
SED='/bin/sed'
SET_MAKE=''
SHELL='/bin/sh'
STRIP='mipsel-linux-linux26-strip'
TEXI2PDF='/usr/bin/texi2pdf'
VERSION='1.0'
ac_ct_CC=''
ac_ct_CXX=''
ac_ct_F77='gfortran'
am__fastdepCC_FALSE='#'
am__fastdepCC_TRUE=''
am__fastdepCXX_FALSE='#'
am__fastdepCXX_TRUE=''
am__include='include'
am__isrc=''
am__leading_dot='.'
am__quote=''
am__tar='${AMTAR} chof - "$$tardir"'
am__untar='${AMTAR} xf -'
bindir='${exec_prefix}/bin'
build='mipsel-uclibc-linux-gnu26'
build_alias='mipsel-uclibc-linux-gnu26'
build_cpu='mipsel'
build_os='linux-gnu26'
build_vendor='uclibc'
datadir='${datarootdir}'
datarootdir='${prefix}/share'
docdir='${datarootdir}/doc/${PACKAGE}'
dvidir='${docdir}'
exec_prefix='${prefix}'
host='mipsel-uclibc-linux-gnu'
host_alias='mipsel-uclibc-linux'
host_cpu='mipsel'
host_os='linux-gnu'
host_vendor='uclibc'
htmldir='${docdir}'
includedir='${prefix}/include'
infodir='${datarootdir}/info'
install_sh='$(SHELL) ${TIMEMACHINE_PATH}/gettext-0.17/build-aux/install-sh'
libdir='${exec_prefix}/lib'
libexecdir='${exec_prefix}/libexec'
localedir='${datarootdir}/locale'
localstatedir='${prefix}/var'
mandir='${datarootdir}/man'
mkdir_p='/bin/mkdir -p'
oldincludedir='/usr/include'
pdfdir='${docdir}'
prefix='/usr'
program_transform_name='s,x,x,'
psdir='${docdir}'
sbindir='${exec_prefix}/sbin'
sharedstatedir='${prefix}/com'
sysconfdir='${prefix}/etc'
target_alias='mipsel-uclibc-linux-gnu26'

## ----------- ##
## confdefs.h. ##
## ----------- ##

#define PACKAGE_NAME ""
#define PACKAGE_TARNAME ""
#define PACKAGE_VERSION ""
#define PACKAGE_STRING ""
#define PACKAGE_BUGREPORT ""
#define PACKAGE "libasprintf"
#define VERSION "1.0"
#define STDC_HEADERS 1
#define HAVE_SYS_TYPES_H 1
#define HAVE_SYS_STAT_H 1
#define HAVE_STDLIB_H 1
#define HAVE_STRING_H 1
#define HAVE_MEMORY_H 1
#define HAVE_STRINGS_H 1
#define HAVE_INTTYPES_H 1
#define HAVE_STDINT_H 1
#define HAVE_UNISTD_H 1
#define HAVE_DLFCN_H 1
#define HAVE_LONG_LONG_INT 1
#define HAVE_LONG_LONG 1
#define HAVE_LONG_DOUBLE 1
#define HAVE_WCHAR_T 1
#define HAVE_INTTYPES_H_WITH_UINTMAX 1
#define HAVE_STDINT_H_WITH_UINTMAX 1
#define HAVE_INTMAX_T 1
#define HAVE_STDINT_H 1
#define HAVE_STDINT_H 1
#define HAVE_ALLOCA_H 1
#define HAVE_ALLOCA 1
#define HAVE_SNPRINTF 1
#define HAVE_VASPRINTF 1
#define HAVE_DECL__SNPRINTF 0
#define HAVE_POSIX_PRINTF 1

configure: exit 0

## ---------------------- ##
## Running config.status. ##
## ---------------------- ##

This file was extended by config.status, which was
generated by GNU Autoconf 2.61.  Invocation command line was

  CONFIG_FILES    = 
  CONFIG_HEADERS  = 
  CONFIG_LINKS    = 
  CONFIG_COMMANDS = 
  $ ./config.status Makefile

on localhost.localdomain

config.status:671: creating Makefile

## ---------------------- ##
## Running config.status. ##
## ---------------------- ##

This file was extended by config.status, which was
generated by GNU Autoconf 2.61.  Invocation command line was

  CONFIG_FILES    = 
  CONFIG_HEADERS  = 
  CONFIG_LINKS    = 
  CONFIG_COMMANDS = 
  $ ./config.status 

on localhost.localdomain

config.status:671: creating Makefile
config.status:671: creating config.h
config.status:912: config.h is unchanged
config.status:958: executing depfiles commands

## ---------------------- ##
## Running config.status. ##
## ---------------------- ##

This file was extended by config.status, which was
generated by GNU Autoconf 2.61.  Invocation command line was

  CONFIG_FILES    = 
  CONFIG_HEADERS  = 
  CONFIG_LINKS    = 
  CONFIG_COMMANDS = 
  $ ./config.status config.h

on localhost.localdomain

config.status:671: creating config.h
config.status:912: config.h is unchanged

## ---------------------- ##
## Running config.status. ##
## ---------------------- ##

This file was extended by config.status, which was
generated by GNU Autoconf 2.61.  Invocation command line was

  CONFIG_FILES    = 
  CONFIG_HEADERS  = 
  CONFIG_LINKS    = 
  CONFIG_COMMANDS = 
  $ ./config.status Makefile

on localhost.localdomain

config.status:671: creating Makefile

## ---------------------- ##
## Running config.status. ##
## ---------------------- ##

This file was extended by config.status, which was
generated by GNU Autoconf 2.61.  Invocation command line was

  CONFIG_FILES    = 
  CONFIG_HEADERS  = 
  CONFIG_LINKS    = 
  CONFIG_COMMANDS = 
  $ ./config.status Makefile

on localhost.localdomain

config.status:671: creating Makefile
