This file contains any messages produced by compilers while
running configure, to aid debugging if configure makes a mistake.

It was created by configure, which was
generated by GNU Autoconf 2.61.  Invocation command line was

  $ ./configure LDFLAGS=-L${PKG_INSTALL_DIR}/usr/lib CXXFLAGS=-I${PKG_INSTALL_DIR}/usr/include CFLAGS=-I${PKG_INSTALL_DIR}/usr/include --host=mipsel-uclibc-linux --build=mipsel-uclibc-linux-gnu26 --target=mipsel-uclibc-linux-gnu26 CC=mipsel-linux-uclibc-gcc CXX=mipsel-linux-uclibc-g++ STRIP=mipsel-linux-linux26-strip AR=mipsel-linux-linux26-ar NM=mipsel-linux-linux26-nm

## --------- ##
## Platform. ##
## --------- ##

hostname = localhost.localdomain
uname -m = i686
uname -r = 2.6.27.41-170.2.117.fc10.i686.PAE
uname -s = Linux
uname -v = #1 SMP Thu Dec 10 10:48:30 EST 2009

/usr/bin/uname -p = unknown
/bin/uname -X     = unknown

/bin/arch              = i686
/usr/bin/arch -k       = unknown
/usr/convex/getsysinfo = unknown
/usr/bin/hostinfo      = unknown
/bin/machine           = unknown
/usr/bin/oslevel       = unknown
/bin/universe          = unknown

PATH: /projects/hnd/tools/linux/hndtools-mipsel-linux-uclibc-4.2.3/bin
PATH: /usr/lib/qt-3.3/bin
PATH: /usr/kerberos/bin
PATH: /usr/lib/ccache
PATH: /usr/local/bin
PATH: /bin
PATH: /usr/bin
PATH: /usr/local/sbin
PATH: /usr/sbin
PATH: /sbin
PATH: /home/eric/bin


## ----------- ##
## Core tests. ##
## ----------- ##

configure:1819: checking for a BSD-compatible install
configure:1875: result: /usr/bin/install -c
configure:1886: checking whether build environment is sane
configure:1929: result: yes
configure:1957: checking for a thread-safe mkdir -p
configure:1996: result: /bin/mkdir -p
configure:2009: checking for gawk
configure:2025: found /bin/gawk
configure:2036: result: gawk
configure:2047: checking whether make sets $(MAKE)
configure:2068: result: yes
configure:2148: checking for mipsel-uclibc-linux-strip
configure:2175: result: mipsel-linux-linux26-strip
configure:2273: checking build system type
configure:2291: result: mipsel-uclibc-linux-gnu26
configure:2313: checking host system type
configure:2328: result: mipsel-uclibc-linux-gnu
configure:2979: creating ./config.status

## ---------------------- ##
## Running config.status. ##
## ---------------------- ##

This file was extended by config.status, which was
generated by GNU Autoconf 2.61.  Invocation command line was

  CONFIG_FILES    = 
  CONFIG_HEADERS  = 
  CONFIG_LINKS    = 
  CONFIG_COMMANDS = 
  $ ./config.status 

on localhost.localdomain

config.status:614: creating Makefile
config.status:614: creating gnulib-local/Makefile
configure:3969: === configuring in autoconf-lib-link (${TIMEMACHINE_PATH}/gettext-0.17/autoconf-lib-link)
configure:4072: running /bin/sh ./configure '--prefix=/usr'  'LDFLAGS=-L${PKG_INSTALL_DIR}/usr/lib' 'CXXFLAGS=-I${PKG_INSTALL_DIR}/usr/include' 'CFLAGS=-I${PKG_INSTALL_DIR}/usr/include' '--host=mipsel-uclibc-linux' '--build=mipsel-uclibc-linux-gnu26' '--target=mipsel-uclibc-linux-gnu26' 'CC=mipsel-linux-uclibc-gcc' 'CXX=mipsel-linux-uclibc-g++' 'STRIP=mipsel-linux-linux26-strip' 'AR=mipsel-linux-linux26-ar' 'NM=mipsel-linux-linux26-nm' 'build_alias=mipsel-uclibc-linux-gnu26' 'host_alias=mipsel-uclibc-linux' 'target_alias=mipsel-uclibc-linux-gnu26' --cache-file=/dev/null --srcdir=.
configure:3969: === configuring in gettext-runtime (${TIMEMACHINE_PATH}/gettext-0.17/gettext-runtime)
configure:4072: running /bin/sh ./configure '--prefix=/usr'  'LDFLAGS=-L${PKG_INSTALL_DIR}/usr/lib' 'CXXFLAGS=-I${PKG_INSTALL_DIR}/usr/include' 'CFLAGS=-I${PKG_INSTALL_DIR}/usr/include' '--host=mipsel-uclibc-linux' '--build=mipsel-uclibc-linux-gnu26' '--target=mipsel-uclibc-linux-gnu26' 'CC=mipsel-linux-uclibc-gcc' 'CXX=mipsel-linux-uclibc-g++' 'STRIP=mipsel-linux-linux26-strip' 'AR=mipsel-linux-linux26-ar' 'NM=mipsel-linux-linux26-nm' 'build_alias=mipsel-uclibc-linux-gnu26' 'host_alias=mipsel-uclibc-linux' 'target_alias=mipsel-uclibc-linux-gnu26' --cache-file=/dev/null --srcdir=.
configure:3969: === configuring in gettext-tools (${TIMEMACHINE_PATH}/gettext-0.17/gettext-tools)
configure:4072: running /bin/sh ./configure '--prefix=/usr'  'LDFLAGS=-L${PKG_INSTALL_DIR}/usr/lib' 'CXXFLAGS=-I${PKG_INSTALL_DIR}/usr/include' 'CFLAGS=-I${PKG_INSTALL_DIR}/usr/include' '--host=mipsel-uclibc-linux' '--build=mipsel-uclibc-linux-gnu26' '--target=mipsel-uclibc-linux-gnu26' 'CC=mipsel-linux-uclibc-gcc' 'CXX=mipsel-linux-uclibc-g++' 'STRIP=mipsel-linux-linux26-strip' 'AR=mipsel-linux-linux26-ar' 'NM=mipsel-linux-linux26-nm' 'build_alias=mipsel-uclibc-linux-gnu26' 'host_alias=mipsel-uclibc-linux' 'target_alias=mipsel-uclibc-linux-gnu26' --cache-file=/dev/null --srcdir=.

## ---------------- ##
## Cache variables. ##
## ---------------- ##

ac_cv_build=mipsel-uclibc-linux-gnu26
ac_cv_env_CC_set=set
ac_cv_env_CC_value=mipsel-linux-uclibc-gcc
ac_cv_env_CFLAGS_set=set
ac_cv_env_CFLAGS_value=-I${PKG_INSTALL_DIR}/usr/include
ac_cv_env_CPPFLAGS_set=
ac_cv_env_CPPFLAGS_value=
ac_cv_env_CPP_set=
ac_cv_env_CPP_value=
ac_cv_env_CXXCPP_set=
ac_cv_env_CXXCPP_value=
ac_cv_env_CXXFLAGS_set=set
ac_cv_env_CXXFLAGS_value=-I${PKG_INSTALL_DIR}/usr/include
ac_cv_env_CXX_set=set
ac_cv_env_CXX_value=mipsel-linux-uclibc-g++
ac_cv_env_EMACSLOADPATH_set=
ac_cv_env_EMACSLOADPATH_value=
ac_cv_env_EMACS_set=
ac_cv_env_EMACS_value=
ac_cv_env_F77_set=
ac_cv_env_F77_value=
ac_cv_env_FFLAGS_set=
ac_cv_env_FFLAGS_value=
ac_cv_env_GCJFLAGS_set=
ac_cv_env_GCJFLAGS_value=
ac_cv_env_GCJ_set=
ac_cv_env_GCJ_value=
ac_cv_env_LDFLAGS_set=set
ac_cv_env_LDFLAGS_value=-L${PKG_INSTALL_DIR}/usr/lib
ac_cv_env_LIBS_set=
ac_cv_env_LIBS_value=
ac_cv_env_YACC_set=
ac_cv_env_YACC_value=
ac_cv_env_YFLAGS_set=
ac_cv_env_YFLAGS_value=
ac_cv_env_build_alias_set=set
ac_cv_env_build_alias_value=mipsel-uclibc-linux-gnu26
ac_cv_env_host_alias_set=set
ac_cv_env_host_alias_value=mipsel-uclibc-linux
ac_cv_env_target_alias_set=set
ac_cv_env_target_alias_value=mipsel-uclibc-linux-gnu26
ac_cv_host=mipsel-uclibc-linux-gnu
ac_cv_path_install='/usr/bin/install -c'
ac_cv_path_mkdir=/bin/mkdir
ac_cv_prog_AWK=gawk
ac_cv_prog_STRIP=mipsel-linux-linux26-strip
ac_cv_prog_make_make_set=yes

## ----------------- ##
## Output variables. ##
## ----------------- ##

ACLOCAL='${SHELL} ${TIMEMACHINE_PATH}/gettext-0.17/build-aux/missing --run aclocal-1.10'
AMTAR='${SHELL} ${TIMEMACHINE_PATH}/gettext-0.17/build-aux/missing --run tar'
AUTOCONF='${SHELL} ${TIMEMACHINE_PATH}/gettext-0.17/build-aux/missing --run autoconf'
AUTOHEADER='${SHELL} ${TIMEMACHINE_PATH}/gettext-0.17/build-aux/missing --run autoheader'
AUTOMAKE='${SHELL} ${TIMEMACHINE_PATH}/gettext-0.17/build-aux/missing --run automake-1.10'
AWK='gawk'
CC='mipsel-linux-uclibc-gcc'
CFLAGS='-I${PKG_INSTALL_DIR}/usr/include'
CPP=''
CPPFLAGS=''
CXX='mipsel-linux-uclibc-g++'
CXXCPP=''
CXXFLAGS='-I${PKG_INSTALL_DIR}/usr/include'
CYGPATH_W='echo'
DEFS='-DPACKAGE_NAME=\"\" -DPACKAGE_TARNAME=\"\" -DPACKAGE_VERSION=\"\" -DPACKAGE_STRING=\"\" -DPACKAGE_BUGREPORT=\"\" -DPACKAGE=\"gettext\" -DVERSION=\"0.17\"'
ECHO_C=''
ECHO_N='-n'
ECHO_T=''
EMACS=''
EMACSLOADPATH=''
F77=''
FFLAGS=''
GCJ=''
GCJFLAGS=''
INSTALL_DATA='${INSTALL} -m 644'
INSTALL_PROGRAM='${INSTALL}'
INSTALL_SCRIPT='${INSTALL}'
INSTALL_STRIP_PROGRAM='$(install_sh) -c -s'
LDFLAGS='-L${PKG_INSTALL_DIR}/usr/lib'
LIBOBJS=''
LIBS=''
LTLIBOBJS=''
MAKEINFO='${SHELL} ${TIMEMACHINE_PATH}/gettext-0.17/build-aux/missing --run makeinfo'
PACKAGE='gettext'
PACKAGE_BUGREPORT=''
PACKAGE_NAME=''
PACKAGE_STRING=''
PACKAGE_TARNAME=''
PACKAGE_VERSION=''
PATH_SEPARATOR=':'
SET_MAKE=''
SHELL='/bin/sh'
STRIP='mipsel-linux-linux26-strip'
VERSION='0.17'
YACC=''
YFLAGS=''
am__isrc=''
am__leading_dot='.'
am__tar='${AMTAR} chof - --owner=root --group=root "$$tardir"'
am__untar='${AMTAR} xf -'
bindir='${exec_prefix}/bin'
build='mipsel-uclibc-linux-gnu26'
build_alias='mipsel-uclibc-linux-gnu26'
build_cpu='mipsel'
build_os='linux-gnu26'
build_vendor='uclibc'
datadir='${datarootdir}'
datarootdir='${prefix}/share'
docdir='${datarootdir}/doc/${PACKAGE}'
dvidir='${docdir}'
exec_prefix='${prefix}'
host='mipsel-uclibc-linux-gnu'
host_alias='mipsel-uclibc-linux'
host_cpu='mipsel'
host_os='linux-gnu'
host_vendor='uclibc'
htmldir='${docdir}'
includedir='${prefix}/include'
infodir='${datarootdir}/info'
install_sh='$(SHELL) ${TIMEMACHINE_PATH}/gettext-0.17/build-aux/install-sh'
libdir='${exec_prefix}/lib'
libexecdir='${exec_prefix}/libexec'
localedir='${datarootdir}/locale'
localstatedir='${prefix}/var'
mandir='${datarootdir}/man'
mkdir_p='/bin/mkdir -p'
oldincludedir='/usr/include'
pdfdir='${docdir}'
prefix='/usr'
program_transform_name='s,x,x,'
psdir='${docdir}'
sbindir='${exec_prefix}/sbin'
sharedstatedir='${prefix}/com'
subdirs=' autoconf-lib-link gettext-runtime gettext-tools'
sysconfdir='${prefix}/etc'
target_alias='mipsel-uclibc-linux-gnu26'

## ----------- ##
## confdefs.h. ##
## ----------- ##

#define PACKAGE_NAME ""
#define PACKAGE_TARNAME ""
#define PACKAGE_VERSION ""
#define PACKAGE_STRING ""
#define PACKAGE_BUGREPORT ""
#define PACKAGE "gettext"
#define VERSION "0.17"

configure: exit 0

## ---------------------- ##
## Running config.status. ##
## ---------------------- ##

This file was extended by config.status, which was
generated by GNU Autoconf 2.61.  Invocation command line was

  CONFIG_FILES    = 
  CONFIG_HEADERS  = 
  CONFIG_LINKS    = 
  CONFIG_COMMANDS = 
  $ ./config.status 

on localhost.localdomain

config.status:614: creating Makefile
config.status:614: creating gnulib-local/Makefile
