This file contains any messages produced by compilers while
running configure, to aid debugging if configure makes a mistake.

It was created by configure, which was
generated by GNU Autoconf 2.61.  Invocation command line was

  $ ./configure --prefix=/usr LDFLAGS=-L${PKG_INSTALL_DIR}/usr/lib CXXFLAGS=-I${PKG_INSTALL_DIR}/usr/include CFLAGS=-I${PKG_INSTALL_DIR}/usr/include --host=mipsel-uclibc-linux --build=mipsel-uclibc-linux-gnu26 --target=mipsel-uclibc-linux-gnu26 CC=mipsel-linux-uclibc-gcc CXX=mipsel-linux-uclibc-g++ STRIP=mipsel-linux-linux26-strip AR=mipsel-linux-linux26-ar NM=mipsel-linux-linux26-nm build_alias=mipsel-uclibc-linux-gnu26 host_alias=mipsel-uclibc-linux target_alias=mipsel-uclibc-linux-gnu26 --cache-file=/dev/null --srcdir=.

## --------- ##
## Platform. ##
## --------- ##

hostname = localhost.localdomain
uname -m = i686
uname -r = 2.6.27.41-170.2.117.fc10.i686.PAE
uname -s = Linux
uname -v = #1 SMP Thu Dec 10 10:48:30 EST 2009

/usr/bin/uname -p = unknown
/bin/uname -X     = unknown

/bin/arch              = i686
/usr/bin/arch -k       = unknown
/usr/convex/getsysinfo = unknown
/usr/bin/hostinfo      = unknown
/bin/machine           = unknown
/usr/bin/oslevel       = unknown
/bin/universe          = unknown

PATH: /projects/hnd/tools/linux/hndtools-mipsel-linux-uclibc-4.2.3/bin
PATH: /usr/lib/qt-3.3/bin
PATH: /usr/kerberos/bin
PATH: /usr/lib/ccache
PATH: /usr/local/bin
PATH: /bin
PATH: /usr/bin
PATH: /usr/local/sbin
PATH: /usr/sbin
PATH: /sbin
PATH: /home/eric/bin


## ----------- ##
## Core tests. ##
## ----------- ##

configure:1976: checking for a BSD-compatible install
configure:2032: result: /usr/bin/install -c
configure:2043: checking whether build environment is sane
configure:2086: result: yes
configure:2114: checking for a thread-safe mkdir -p
configure:2153: result: /bin/mkdir -p
configure:2166: checking for gawk
configure:2182: found /bin/gawk
configure:2193: result: gawk
configure:2204: checking whether make sets $(MAKE)
configure:2225: result: yes
configure:2305: checking for mipsel-uclibc-linux-strip
configure:2332: result: mipsel-linux-linux26-strip
configure:2422: checking for mipsel-uclibc-linux-gcc
configure:2449: result: mipsel-linux-uclibc-gcc
configure:2727: checking for C compiler version
configure:2734: mipsel-linux-uclibc-gcc --version >&5
mipsel-linux-uclibc-gcc (GCC) 4.2.3
Copyright (C) 2007 Free Software Foundation, Inc.
This is free software; see the source for copying conditions.  There is NO
warranty; not even for MERCHANTABILITY or FITNESS FOR A PARTICULAR PURPOSE.

configure:2737: $? = 0
configure:2744: mipsel-linux-uclibc-gcc -v >&5
Using built-in specs.
Target: mipsel-linux-uclibc
Configured with: /home/gracecsm/toolchains/src/toolchains/linux-2.6/buildroot/toolchain_build_mipsel/gcc-4.2.3/configure --prefix=/projects/hnd/tools/linux/hndtools-mipsel-linux-uclibc-4.2.3 --build=i386-pc-linux-gnu --host=i386-pc-linux-gnu --target=mipsel-linux-uclibc --enable-languages=c,c++ --disable-__cxa_atexit --enable-target-optspace --with-gnu-ld --with-gmp=/home/gracecsm/toolchains/src/toolchains/linux-2.6/buildroot/toolchain_build_mipsel/gmp --with-mpfr=/home/gracecsm/toolchains/src/toolchains/linux-2.6/buildroot/toolchain_build_mipsel/mpfr --enable-shared --disable-nls --enable-threads --disable-multilib --with-abi=32 --with-tune=mips32
Thread model: posix
gcc version 4.2.3
configure:2747: $? = 0
configure:2754: mipsel-linux-uclibc-gcc -V >&5
mipsel-linux-uclibc-gcc: '-V' option must have argument
configure:2757: $? = 1
configure:2780: checking for C compiler default output file name
configure:2807: mipsel-linux-uclibc-gcc -I${PKG_INSTALL_DIR}/usr/include  -L${PKG_INSTALL_DIR}/usr/lib conftest.c  >&5
configure:2810: $? = 0
configure:2848: result: a.out
configure:2865: checking whether the C compiler works
configure:2895: result: yes
configure:2902: checking whether we are cross compiling
configure:2904: result: yes
configure:2907: checking for suffix of executables
configure:2914: mipsel-linux-uclibc-gcc -o conftest -I${PKG_INSTALL_DIR}/usr/include  -L${PKG_INSTALL_DIR}/usr/lib conftest.c  >&5
configure:2917: $? = 0
configure:2941: result: 
configure:2947: checking for suffix of object files
configure:2973: mipsel-linux-uclibc-gcc -c -I${PKG_INSTALL_DIR}/usr/include  conftest.c >&5
configure:2976: $? = 0
configure:2999: result: o
configure:3003: checking whether we are using the GNU C compiler
configure:3032: mipsel-linux-uclibc-gcc -c -I${PKG_INSTALL_DIR}/usr/include  conftest.c >&5
configure:3038: $? = 0
configure:3055: result: yes
configure:3060: checking whether mipsel-linux-uclibc-gcc accepts -g
configure:3090: mipsel-linux-uclibc-gcc -c -g  conftest.c >&5
configure:3096: $? = 0
configure:3195: result: yes
configure:3212: checking for mipsel-linux-uclibc-gcc option to accept ISO C89
configure:3286: mipsel-linux-uclibc-gcc  -c -I${PKG_INSTALL_DIR}/usr/include  conftest.c >&5
configure:3292: $? = 0
configure:3315: result: none needed
configure:3344: checking for style of include used by make
configure:3372: result: GNU
configure:3397: checking dependency style of mipsel-linux-uclibc-gcc
configure:3488: result: gcc3
configure:3516: checking for a BSD-compatible install
configure:3572: result: /usr/bin/install -c
configure:3590: checking build system type
configure:3608: result: mipsel-uclibc-linux-gnu26
configure:3630: checking host system type
configure:3645: result: mipsel-uclibc-linux-gnu
configure:3813: checking for a sed that does not truncate output
configure:3869: result: /bin/sed
configure:3872: checking for grep that handles long lines and -e
configure:3946: result: /bin/grep
configure:3951: checking for egrep
configure:4029: result: /bin/grep -E
configure:4045: checking for ld used by mipsel-linux-uclibc-gcc
configure:4112: result: /projects/hnd/tools/linux/hndtools-mipsel-linux-uclibc-4.2.3/usr/bin/mipsel-linux-uclibc-ld
configure:4121: checking if the linker (/projects/hnd/tools/linux/hndtools-mipsel-linux-uclibc-4.2.3/usr/bin/mipsel-linux-uclibc-ld) is GNU ld
configure:4136: result: yes
configure:4141: checking for /projects/hnd/tools/linux/hndtools-mipsel-linux-uclibc-4.2.3/usr/bin/mipsel-linux-uclibc-ld option to reload object files
configure:4148: result: -r
configure:4166: checking for BSD-compatible nm
configure:4215: result: mipsel-linux-linux26-nm
configure:4219: checking whether ln -s works
configure:4223: result: yes
configure:4230: checking how to recognize dependent libraries
configure:4416: result: pass_all
configure:4944: checking how to run the C preprocessor
configure:4984: mipsel-linux-uclibc-gcc -E  conftest.c
configure:4990: $? = 0
configure:5021: mipsel-linux-uclibc-gcc -E  conftest.c
conftest.c:10:28: error: ac_nonexistent.h: No such file or directory
configure:5027: $? = 1
configure: failed program was:
| /* confdefs.h.  */
| #define PACKAGE_NAME ""
| #define PACKAGE_TARNAME ""
| #define PACKAGE_VERSION ""
| #define PACKAGE_STRING ""
| #define PACKAGE_BUGREPORT ""
| #define PACKAGE "autoconf-lib-link"
| #define VERSION "0.17"
| /* end confdefs.h.  */
| #include <ac_nonexistent.h>
configure:5060: result: mipsel-linux-uclibc-gcc -E
configure:5089: mipsel-linux-uclibc-gcc -E  conftest.c
configure:5095: $? = 0
configure:5126: mipsel-linux-uclibc-gcc -E  conftest.c
conftest.c:10:28: error: ac_nonexistent.h: No such file or directory
configure:5132: $? = 1
configure: failed program was:
| /* confdefs.h.  */
| #define PACKAGE_NAME ""
| #define PACKAGE_TARNAME ""
| #define PACKAGE_VERSION ""
| #define PACKAGE_STRING ""
| #define PACKAGE_BUGREPORT ""
| #define PACKAGE "autoconf-lib-link"
| #define VERSION "0.17"
| /* end confdefs.h.  */
| #include <ac_nonexistent.h>
configure:5170: checking for ANSI C header files
configure:5200: mipsel-linux-uclibc-gcc -c -I${PKG_INSTALL_DIR}/usr/include  conftest.c >&5
configure:5206: $? = 0
configure:5334: result: yes
configure:5358: checking for sys/types.h
configure:5379: mipsel-linux-uclibc-gcc -c -I${PKG_INSTALL_DIR}/usr/include  conftest.c >&5
configure:5385: $? = 0
configure:5401: result: yes
configure:5358: checking for sys/stat.h
configure:5379: mipsel-linux-uclibc-gcc -c -I${PKG_INSTALL_DIR}/usr/include  conftest.c >&5
configure:5385: $? = 0
configure:5401: result: yes
configure:5358: checking for stdlib.h
configure:5379: mipsel-linux-uclibc-gcc -c -I${PKG_INSTALL_DIR}/usr/include  conftest.c >&5
configure:5385: $? = 0
configure:5401: result: yes
configure:5358: checking for string.h
configure:5379: mipsel-linux-uclibc-gcc -c -I${PKG_INSTALL_DIR}/usr/include  conftest.c >&5
configure:5385: $? = 0
configure:5401: result: yes
configure:5358: checking for memory.h
configure:5379: mipsel-linux-uclibc-gcc -c -I${PKG_INSTALL_DIR}/usr/include  conftest.c >&5
configure:5385: $? = 0
configure:5401: result: yes
configure:5358: checking for strings.h
configure:5379: mipsel-linux-uclibc-gcc -c -I${PKG_INSTALL_DIR}/usr/include  conftest.c >&5
configure:5385: $? = 0
configure:5401: result: yes
configure:5358: checking for inttypes.h
configure:5379: mipsel-linux-uclibc-gcc -c -I${PKG_INSTALL_DIR}/usr/include  conftest.c >&5
configure:5385: $? = 0
configure:5401: result: yes
configure:5358: checking for stdint.h
configure:5379: mipsel-linux-uclibc-gcc -c -I${PKG_INSTALL_DIR}/usr/include  conftest.c >&5
configure:5385: $? = 0
configure:5401: result: yes
configure:5358: checking for unistd.h
configure:5379: mipsel-linux-uclibc-gcc -c -I${PKG_INSTALL_DIR}/usr/include  conftest.c >&5
configure:5385: $? = 0
configure:5401: result: yes
configure:5428: checking dlfcn.h usability
configure:5445: mipsel-linux-uclibc-gcc -c -I${PKG_INSTALL_DIR}/usr/include  conftest.c >&5
configure:5451: $? = 0
configure:5465: result: yes
configure:5469: checking dlfcn.h presence
configure:5484: mipsel-linux-uclibc-gcc -E  conftest.c
configure:5490: $? = 0
configure:5504: result: yes
configure:5532: checking for dlfcn.h
configure:5540: result: yes
configure:5669: checking for C++ compiler version
configure:5676: mipsel-linux-uclibc-g++ --version >&5
mipsel-linux-uclibc-g++ (GCC) 4.2.3
Copyright (C) 2007 Free Software Foundation, Inc.
This is free software; see the source for copying conditions.  There is NO
warranty; not even for MERCHANTABILITY or FITNESS FOR A PARTICULAR PURPOSE.

configure:5679: $? = 0
configure:5686: mipsel-linux-uclibc-g++ -v >&5
Using built-in specs.
Target: mipsel-linux-uclibc
Configured with: /home/gracecsm/toolchains/src/toolchains/linux-2.6/buildroot/toolchain_build_mipsel/gcc-4.2.3/configure --prefix=/projects/hnd/tools/linux/hndtools-mipsel-linux-uclibc-4.2.3 --build=i386-pc-linux-gnu --host=i386-pc-linux-gnu --target=mipsel-linux-uclibc --enable-languages=c,c++ --disable-__cxa_atexit --enable-target-optspace --with-gnu-ld --with-gmp=/home/gracecsm/toolchains/src/toolchains/linux-2.6/buildroot/toolchain_build_mipsel/gmp --with-mpfr=/home/gracecsm/toolchains/src/toolchains/linux-2.6/buildroot/toolchain_build_mipsel/mpfr --enable-shared --disable-nls --enable-threads --disable-multilib --with-abi=32 --with-tune=mips32
Thread model: posix
gcc version 4.2.3
configure:5689: $? = 0
configure:5696: mipsel-linux-uclibc-g++ -V >&5
mipsel-linux-uclibc-g++: '-V' option must have argument
configure:5699: $? = 1
configure:5702: checking whether we are using the GNU C++ compiler
configure:5731: mipsel-linux-uclibc-g++ -c -I${PKG_INSTALL_DIR}/usr/include  conftest.cpp >&5
configure:5737: $? = 0
configure:5754: result: yes
configure:5759: checking whether mipsel-linux-uclibc-g++ accepts -g
configure:5789: mipsel-linux-uclibc-g++ -c -g  conftest.cpp >&5
configure:5795: $? = 0
configure:5894: result: yes
configure:5919: checking dependency style of mipsel-linux-uclibc-g++
configure:6010: result: gcc3
configure:6035: checking how to run the C++ preprocessor
configure:6071: mipsel-linux-uclibc-g++ -E  conftest.cpp
configure:6077: $? = 0
configure:6108: mipsel-linux-uclibc-g++ -E  conftest.cpp
conftest.cpp:21:28: error: ac_nonexistent.h: No such file or directory
configure:6114: $? = 1
configure: failed program was:
| /* confdefs.h.  */
| #define PACKAGE_NAME ""
| #define PACKAGE_TARNAME ""
| #define PACKAGE_VERSION ""
| #define PACKAGE_STRING ""
| #define PACKAGE_BUGREPORT ""
| #define PACKAGE "autoconf-lib-link"
| #define VERSION "0.17"
| #define STDC_HEADERS 1
| #define HAVE_SYS_TYPES_H 1
| #define HAVE_SYS_STAT_H 1
| #define HAVE_STDLIB_H 1
| #define HAVE_STRING_H 1
| #define HAVE_MEMORY_H 1
| #define HAVE_STRINGS_H 1
| #define HAVE_INTTYPES_H 1
| #define HAVE_STDINT_H 1
| #define HAVE_UNISTD_H 1
| #define HAVE_DLFCN_H 1
| /* end confdefs.h.  */
| #include <ac_nonexistent.h>
configure:6147: result: mipsel-linux-uclibc-g++ -E
configure:6176: mipsel-linux-uclibc-g++ -E  conftest.cpp
configure:6182: $? = 0
configure:6213: mipsel-linux-uclibc-g++ -E  conftest.cpp
conftest.cpp:21:28: error: ac_nonexistent.h: No such file or directory
configure:6219: $? = 1
configure: failed program was:
| /* confdefs.h.  */
| #define PACKAGE_NAME ""
| #define PACKAGE_TARNAME ""
| #define PACKAGE_VERSION ""
| #define PACKAGE_STRING ""
| #define PACKAGE_BUGREPORT ""
| #define PACKAGE "autoconf-lib-link"
| #define VERSION "0.17"
| #define STDC_HEADERS 1
| #define HAVE_SYS_TYPES_H 1
| #define HAVE_SYS_STAT_H 1
| #define HAVE_STDLIB_H 1
| #define HAVE_STRING_H 1
| #define HAVE_MEMORY_H 1
| #define HAVE_STRINGS_H 1
| #define HAVE_INTTYPES_H 1
| #define HAVE_STDINT_H 1
| #define HAVE_UNISTD_H 1
| #define HAVE_DLFCN_H 1
| /* end confdefs.h.  */
| #include <ac_nonexistent.h>
configure:6268: checking for mipsel-uclibc-linux-g77
configure:6298: result: no
configure:6268: checking for mipsel-uclibc-linux-xlf
configure:6298: result: no
configure:6268: checking for mipsel-uclibc-linux-f77
configure:6298: result: no
configure:6268: checking for mipsel-uclibc-linux-frt
configure:6298: result: no
configure:6268: checking for mipsel-uclibc-linux-pgf77
configure:6298: result: no
configure:6268: checking for mipsel-uclibc-linux-cf77
configure:6298: result: no
configure:6268: checking for mipsel-uclibc-linux-fort77
configure:6298: result: no
configure:6268: checking for mipsel-uclibc-linux-fl32
configure:6298: result: no
configure:6268: checking for mipsel-uclibc-linux-af77
configure:6298: result: no
configure:6268: checking for mipsel-uclibc-linux-xlf90
configure:6298: result: no
configure:6268: checking for mipsel-uclibc-linux-f90
configure:6298: result: no
configure:6268: checking for mipsel-uclibc-linux-pgf90
configure:6298: result: no
configure:6268: checking for mipsel-uclibc-linux-pghpf
configure:6298: result: no
configure:6268: checking for mipsel-uclibc-linux-epcf90
configure:6298: result: no
configure:6268: checking for mipsel-uclibc-linux-gfortran
configure:6298: result: no
configure:6268: checking for mipsel-uclibc-linux-g95
configure:6298: result: no
configure:6268: checking for mipsel-uclibc-linux-xlf95
configure:6298: result: no
configure:6268: checking for mipsel-uclibc-linux-f95
configure:6298: result: no
configure:6268: checking for mipsel-uclibc-linux-fort
configure:6298: result: no
configure:6268: checking for mipsel-uclibc-linux-ifort
configure:6298: result: no
configure:6268: checking for mipsel-uclibc-linux-ifc
configure:6298: result: no
configure:6268: checking for mipsel-uclibc-linux-efc
configure:6298: result: no
configure:6268: checking for mipsel-uclibc-linux-pgf95
configure:6298: result: no
configure:6268: checking for mipsel-uclibc-linux-lf95
configure:6298: result: no
configure:6268: checking for mipsel-uclibc-linux-ftn
configure:6298: result: no
configure:6312: checking for g77
configure:6342: result: no
configure:6312: checking for xlf
configure:6342: result: no
configure:6312: checking for f77
configure:6342: result: no
configure:6312: checking for frt
configure:6342: result: no
configure:6312: checking for pgf77
configure:6342: result: no
configure:6312: checking for cf77
configure:6342: result: no
configure:6312: checking for fort77
configure:6342: result: no
configure:6312: checking for fl32
configure:6342: result: no
configure:6312: checking for af77
configure:6342: result: no
configure:6312: checking for xlf90
configure:6342: result: no
configure:6312: checking for f90
configure:6342: result: no
configure:6312: checking for pgf90
configure:6342: result: no
configure:6312: checking for pghpf
configure:6342: result: no
configure:6312: checking for epcf90
configure:6342: result: no
configure:6312: checking for gfortran
configure:6328: found /usr/bin/gfortran
configure:6339: result: gfortran
configure:6357: WARNING: In the future, Autoconf will not detect cross-tools
whose name does not start with the host triplet.  If you think this
configuration is useful to you, please write to autoconf@gnu.org.
configure:6369: checking for Fortran 77 compiler version
configure:6376: gfortran --version >&5
GNU Fortran (GCC) 4.3.2 20081105 (Red Hat 4.3.2-7)
Copyright (C) 2008 Free Software Foundation, Inc.

GNU Fortran comes with NO WARRANTY, to the extent permitted by law.
You may redistribute copies of GNU Fortran
under the terms of the GNU General Public License.
For more information about these matters, see the file named COPYING

configure:6379: $? = 0
configure:6386: gfortran -v >&5
Using built-in specs.
Target: i386-redhat-linux
Configured with: ../configure --prefix=/usr --mandir=/usr/share/man --infodir=/usr/share/info --with-bugurl=http://bugzilla.redhat.com/bugzilla --enable-bootstrap --enable-shared --enable-threads=posix --enable-checking=release --with-system-zlib --enable-__cxa_atexit --disable-libunwind-exceptions --enable-languages=c,c++,objc,obj-c++,java,fortran,ada --enable-java-awt=gtk --disable-dssi --enable-plugin --with-java-home=/usr/lib/jvm/java-1.5.0-gcj-1.5.0.0/jre --enable-libgcj-multifile --enable-java-maintainer-mode --with-ecj-jar=/usr/share/java/eclipse-ecj.jar --disable-libjava-multilib --with-cpu=generic --build=i386-redhat-linux
Thread model: posix
gcc version 4.3.2 20081105 (Red Hat 4.3.2-7) (GCC) 
configure:6389: $? = 0
configure:6396: gfortran -V >&5
gfortran: '-V' option must have argument
configure:6399: $? = 1
configure:6407: checking whether we are using the GNU Fortran 77 compiler
configure:6426: gfortran -c  conftest.F >&5
configure:6432: $? = 0
configure:6449: result: yes
configure:6455: checking whether gfortran accepts -g
configure:6472: gfortran -c -g conftest.f >&5
configure:6478: $? = 0
configure:6494: result: yes
configure:6524: checking the maximum length of command line arguments
configure:6636: result: 1966080
configure:6648: checking command to parse mipsel-linux-linux26-nm output from mipsel-linux-uclibc-gcc object
configure:6753: mipsel-linux-uclibc-gcc -c -I${PKG_INSTALL_DIR}/usr/include  conftest.c >&5
configure:6756: $? = 0
configure:6760: mipsel-linux-linux26-nm conftest.o \| sed -n -e 's/^.*[ 	]\([ABCDGIRSTW][ABCDGIRSTW]*\)[ 	][ 	]*\([_A-Za-z][_A-Za-z0-9]*\)$/\1 \2 \2/p' \> conftest.nm
configure:6763: $? = 0
configure:6815: mipsel-linux-uclibc-gcc -o conftest -I${PKG_INSTALL_DIR}/usr/include  -L${PKG_INSTALL_DIR}/usr/lib conftest.c conftstm.o >&5
configure:6818: $? = 0
configure:6856: result: ok
configure:6860: checking for objdir
configure:6875: result: .libs
configure:6927: checking for mipsel-uclibc-linux-ar
configure:6954: result: mipsel-linux-linux26-ar
configure:7023: checking for mipsel-uclibc-linux-ranlib
configure:7053: result: no
configure:7063: checking for ranlib
configure:7079: found /usr/bin/ranlib
configure:7090: result: ranlib
configure:7119: checking for mipsel-uclibc-linux-strip
configure:7146: result: mipsel-linux-linux26-strip
configure:7476: checking if mipsel-linux-uclibc-gcc supports -fno-rtti -fno-exceptions
configure:7494: mipsel-linux-uclibc-gcc -c -I${PKG_INSTALL_DIR}/usr/include  -fno-rtti -fno-exceptions conftest.c >&5
cc1: warning: command line option "-fno-rtti" is valid for C++/ObjC++ but not for C
configure:7498: $? = 0
configure:7511: result: no
configure:7526: checking for mipsel-linux-uclibc-gcc option to produce PIC
configure:7761: result: -fPIC
configure:7769: checking if mipsel-linux-uclibc-gcc PIC flag -fPIC works
configure:7787: mipsel-linux-uclibc-gcc -c -I${PKG_INSTALL_DIR}/usr/include  -fPIC -DPIC conftest.c >&5
configure:7791: $? = 0
configure:7804: result: yes
configure:7832: checking if mipsel-linux-uclibc-gcc static flag -static works
configure:7860: result: yes
configure:7870: checking if mipsel-linux-uclibc-gcc supports -c -o file.o
configure:7891: mipsel-linux-uclibc-gcc -c -I${PKG_INSTALL_DIR}/usr/include  -o out/conftest2.o conftest.c >&5
configure:7895: $? = 0
configure:7917: result: yes
configure:7943: checking whether the mipsel-linux-uclibc-gcc linker (/projects/hnd/tools/linux/hndtools-mipsel-linux-uclibc-4.2.3/usr/bin/mipsel-linux-uclibc-ld) supports shared libraries
configure:8923: result: yes
configure:8944: checking whether -lc should be explicitly linked in
configure:8949: mipsel-linux-uclibc-gcc -c -I${PKG_INSTALL_DIR}/usr/include  conftest.c >&5
configure:8952: $? = 0
configure:8967: mipsel-linux-uclibc-gcc -shared conftest.o  -v -Wl,-soname -Wl,conftest -o conftest 2\>\&1 \| grep  -lc  \>/dev/null 2\>\&1
configure:8970: $? = 0
configure:8982: result: no
configure:8990: checking dynamic linker characteristics
configure:9592: result: GNU/Linux ld.so
configure:9601: checking how to hardcode library paths into programs
configure:9626: result: immediate
configure:9640: checking whether stripping libraries is possible
configure:9645: result: yes
configure:10447: checking if libtool supports shared libraries
configure:10449: result: yes
configure:10452: checking whether to build shared libraries
configure:10473: result: yes
configure:10476: checking whether to build static libraries
configure:10480: result: yes
configure:10573: creating libtool
configure:11161: checking for ld used by mipsel-linux-uclibc-g++
configure:11228: result: /projects/hnd/tools/linux/hndtools-mipsel-linux-uclibc-4.2.3/usr/bin/mipsel-linux-uclibc-ld
configure:11237: checking if the linker (/projects/hnd/tools/linux/hndtools-mipsel-linux-uclibc-4.2.3/usr/bin/mipsel-linux-uclibc-ld) is GNU ld
configure:11252: result: yes
configure:11303: checking whether the mipsel-linux-uclibc-g++ linker (/projects/hnd/tools/linux/hndtools-mipsel-linux-uclibc-4.2.3/usr/bin/mipsel-linux-uclibc-ld) supports shared libraries
configure:12277: result: yes
configure:12299: mipsel-linux-uclibc-g++ -c -I${PKG_INSTALL_DIR}/usr/include  conftest.cpp >&5
configure:12302: $? = 0
configure:12454: checking for mipsel-linux-uclibc-g++ option to produce PIC
configure:12738: result: -fPIC
configure:12746: checking if mipsel-linux-uclibc-g++ PIC flag -fPIC works
configure:12764: mipsel-linux-uclibc-g++ -c -I${PKG_INSTALL_DIR}/usr/include  -fPIC -DPIC conftest.cpp >&5
configure:12768: $? = 0
configure:12781: result: yes
configure:12809: checking if mipsel-linux-uclibc-g++ static flag -static works
configure:12837: result: yes
configure:12847: checking if mipsel-linux-uclibc-g++ supports -c -o file.o
configure:12868: mipsel-linux-uclibc-g++ -c -I${PKG_INSTALL_DIR}/usr/include  -o out/conftest2.o conftest.cpp >&5
configure:12872: $? = 0
configure:12894: result: yes
configure:12920: checking whether the mipsel-linux-uclibc-g++ linker (/projects/hnd/tools/linux/hndtools-mipsel-linux-uclibc-4.2.3/usr/bin/mipsel-linux-uclibc-ld) supports shared libraries
configure:12945: result: yes
configure:13012: checking dynamic linker characteristics
configure:13562: result: GNU/Linux ld.so
configure:13571: checking how to hardcode library paths into programs
configure:13596: result: immediate
configure:14130: checking if libtool supports shared libraries
configure:14132: result: yes
configure:14135: checking whether to build shared libraries
configure:14155: result: yes
configure:14158: checking whether to build static libraries
configure:14162: result: yes
configure:14172: checking for gfortran option to produce PIC
configure:14407: result: -fPIC
configure:14415: checking if gfortran PIC flag -fPIC works
configure:14433: gfortran -c -g -O2 -fPIC conftest.f >&5
configure:14437: $? = 0
configure:14450: result: yes
configure:14478: checking if gfortran static flag -static works
configure:14506: result: yes
configure:14516: checking if gfortran supports -c -o file.o
configure:14537: gfortran -c -g -O2 -o out/conftest2.o conftest.f >&5
configure:14541: $? = 0
configure:14563: result: yes
configure:14589: checking whether the gfortran linker (/projects/hnd/tools/linux/hndtools-mipsel-linux-uclibc-4.2.3/usr/bin/mipsel-linux-uclibc-ld) supports shared libraries
configure:15549: result: yes
configure:15616: checking dynamic linker characteristics
configure:16166: result: GNU/Linux ld.so
configure:16175: checking how to hardcode library paths into programs
configure:16200: result: immediate
configure:19971: creating ./config.status

## ---------------------- ##
## Running config.status. ##
## ---------------------- ##

This file was extended by config.status, which was
generated by GNU Autoconf 2.61.  Invocation command line was

  CONFIG_FILES    = 
  CONFIG_HEADERS  = 
  CONFIG_LINKS    = 
  CONFIG_COMMANDS = 
  $ ./config.status 

on localhost.localdomain

config.status:655: creating Makefile
config.status:655: creating m4/Makefile
config.status:655: creating tests/Makefile
config.status:846: executing depfiles commands

## ---------------- ##
## Cache variables. ##
## ---------------- ##

ac_cv_build=mipsel-uclibc-linux-gnu26
ac_cv_c_compiler_gnu=yes
ac_cv_cxx_compiler_gnu=yes
ac_cv_env_CCC_set=
ac_cv_env_CCC_value=
ac_cv_env_CC_set=set
ac_cv_env_CC_value=mipsel-linux-uclibc-gcc
ac_cv_env_CFLAGS_set=set
ac_cv_env_CFLAGS_value=-I${PKG_INSTALL_DIR}/usr/include
ac_cv_env_CPPFLAGS_set=
ac_cv_env_CPPFLAGS_value=
ac_cv_env_CPP_set=
ac_cv_env_CPP_value=
ac_cv_env_CXXCPP_set=
ac_cv_env_CXXCPP_value=
ac_cv_env_CXXFLAGS_set=set
ac_cv_env_CXXFLAGS_value=-I${PKG_INSTALL_DIR}/usr/include
ac_cv_env_CXX_set=set
ac_cv_env_CXX_value=mipsel-linux-uclibc-g++
ac_cv_env_F77_set=
ac_cv_env_F77_value=
ac_cv_env_FFLAGS_set=
ac_cv_env_FFLAGS_value=
ac_cv_env_LDFLAGS_set=set
ac_cv_env_LDFLAGS_value=-L${PKG_INSTALL_DIR}/usr/lib
ac_cv_env_LIBS_set=
ac_cv_env_LIBS_value=
ac_cv_env_build_alias_set=set
ac_cv_env_build_alias_value=mipsel-uclibc-linux-gnu26
ac_cv_env_host_alias_set=set
ac_cv_env_host_alias_value=mipsel-uclibc-linux
ac_cv_env_target_alias_set=set
ac_cv_env_target_alias_value=mipsel-uclibc-linux-gnu26
ac_cv_f77_compiler_gnu=yes
ac_cv_header_dlfcn_h=yes
ac_cv_header_inttypes_h=yes
ac_cv_header_memory_h=yes
ac_cv_header_stdc=yes
ac_cv_header_stdint_h=yes
ac_cv_header_stdlib_h=yes
ac_cv_header_string_h=yes
ac_cv_header_strings_h=yes
ac_cv_header_sys_stat_h=yes
ac_cv_header_sys_types_h=yes
ac_cv_header_unistd_h=yes
ac_cv_host=mipsel-uclibc-linux-gnu
ac_cv_objext=o
ac_cv_path_EGREP='/bin/grep -E'
ac_cv_path_GREP=/bin/grep
ac_cv_path_install='/usr/bin/install -c'
ac_cv_path_mkdir=/bin/mkdir
ac_cv_prog_AR=mipsel-linux-linux26-ar
ac_cv_prog_AWK=gawk
ac_cv_prog_CC=mipsel-linux-uclibc-gcc
ac_cv_prog_CPP='mipsel-linux-uclibc-gcc -E'
ac_cv_prog_CXXCPP='mipsel-linux-uclibc-g++ -E'
ac_cv_prog_STRIP=mipsel-linux-linux26-strip
ac_cv_prog_ac_ct_F77=gfortran
ac_cv_prog_ac_ct_RANLIB=ranlib
ac_cv_prog_cc_c89=
ac_cv_prog_cc_g=yes
ac_cv_prog_cxx_g=yes
ac_cv_prog_f77_g=yes
ac_cv_prog_make_make_set=yes
am_cv_CC_dependencies_compiler_type=gcc3
am_cv_CXX_dependencies_compiler_type=gcc3
lt_cv_deplibs_check_method=pass_all
lt_cv_file_magic_cmd='$MAGIC_CMD'
lt_cv_file_magic_test_file=
lt_cv_ld_reload_flag=-r
lt_cv_objdir=.libs
lt_cv_path_LD=/projects/hnd/tools/linux/hndtools-mipsel-linux-uclibc-4.2.3/usr/bin/mipsel-linux-uclibc-ld
lt_cv_path_LDCXX=/projects/hnd/tools/linux/hndtools-mipsel-linux-uclibc-4.2.3/usr/bin/mipsel-linux-uclibc-ld
lt_cv_path_NM=mipsel-linux-linux26-nm
lt_cv_path_SED=/bin/sed
lt_cv_prog_compiler_c_o=yes
lt_cv_prog_compiler_c_o_CXX=yes
lt_cv_prog_compiler_c_o_F77=yes
lt_cv_prog_compiler_rtti_exceptions=no
lt_cv_prog_gnu_ld=yes
lt_cv_prog_gnu_ldcxx=yes
lt_cv_sys_global_symbol_pipe='sed -n -e '\''s/^.*[ 	]\([ABCDGIRSTW][ABCDGIRSTW]*\)[ 	][ 	]*\([_A-Za-z][_A-Za-z0-9]*\)$/\1 \2 \2/p'\'''
lt_cv_sys_global_symbol_to_c_name_address='sed -n -e '\''s/^: \([^ ]*\) $/  {\"\1\", (lt_ptr) 0},/p'\'' -e '\''s/^[BCDEGRST] \([^ ]*\) \([^ ]*\)$/  {"\2", (lt_ptr) \&\2},/p'\'''
lt_cv_sys_global_symbol_to_cdecl='sed -n -e '\''s/^. .* \(.*\)$/extern int \1;/p'\'''
lt_cv_sys_max_cmd_len=1966080
lt_lt_cv_prog_compiler_c_o='"yes"'
lt_lt_cv_prog_compiler_c_o_CXX='"yes"'
lt_lt_cv_prog_compiler_c_o_F77='"yes"'
lt_lt_cv_sys_global_symbol_pipe='"sed -n -e '\''s/^.*[ 	]\\([ABCDGIRSTW][ABCDGIRSTW]*\\)[ 	][ 	]*\\([_A-Za-z][_A-Za-z0-9]*\\)\$/\\1 \\2 \\2/p'\''"'
lt_lt_cv_sys_global_symbol_to_c_name_address='"sed -n -e '\''s/^: \\([^ ]*\\) \$/  {\\\"\\1\\\", (lt_ptr) 0},/p'\'' -e '\''s/^[BCDEGRST] \\([^ ]*\\) \\([^ ]*\\)\$/  {\"\\2\", (lt_ptr) \\&\\2},/p'\''"'
lt_lt_cv_sys_global_symbol_to_cdecl='"sed -n -e '\''s/^. .* \\(.*\\)\$/extern int \\1;/p'\''"'

## ----------------- ##
## Output variables. ##
## ----------------- ##

ACLOCAL='${SHELL} ${TIMEMACHINE_PATH}/gettext-0.17/build-aux/missing --run aclocal-1.10'
AMDEPBACKSLASH='\'
AMDEP_FALSE='#'
AMDEP_TRUE=''
AMTAR='${SHELL} ${TIMEMACHINE_PATH}/gettext-0.17/build-aux/missing --run tar'
AR='mipsel-linux-linux26-ar'
AS='as'
AUTOCONF='${SHELL} ${TIMEMACHINE_PATH}/gettext-0.17/build-aux/missing --run autoconf'
AUTOHEADER='${SHELL} ${TIMEMACHINE_PATH}/gettext-0.17/build-aux/missing --run autoheader'
AUTOMAKE='${SHELL} ${TIMEMACHINE_PATH}/gettext-0.17/build-aux/missing --run automake-1.10'
AWK='gawk'
CC='mipsel-linux-uclibc-gcc'
CCDEPMODE='depmode=gcc3'
CFLAGS='-I${PKG_INSTALL_DIR}/usr/include'
CPP='mipsel-linux-uclibc-gcc -E'
CPPFLAGS=''
CXX='mipsel-linux-uclibc-g++'
CXXCPP='mipsel-linux-uclibc-g++ -E'
CXXDEPMODE='depmode=gcc3'
CXXFLAGS='-I${PKG_INSTALL_DIR}/usr/include'
CYGPATH_W='echo'
DEFS='-DPACKAGE_NAME=\"\" -DPACKAGE_TARNAME=\"\" -DPACKAGE_VERSION=\"\" -DPACKAGE_STRING=\"\" -DPACKAGE_BUGREPORT=\"\" -DPACKAGE=\"autoconf-lib-link\" -DVERSION=\"0.17\" -DSTDC_HEADERS=1 -DHAVE_SYS_TYPES_H=1 -DHAVE_SYS_STAT_H=1 -DHAVE_STDLIB_H=1 -DHAVE_STRING_H=1 -DHAVE_MEMORY_H=1 -DHAVE_STRINGS_H=1 -DHAVE_INTTYPES_H=1 -DHAVE_STDINT_H=1 -DHAVE_UNISTD_H=1 -DHAVE_DLFCN_H=1'
DEPDIR='.deps'
DLLTOOL='dlltool'
ECHO='echo'
ECHO_C=''
ECHO_N='-n'
ECHO_T=''
EGREP='/bin/grep -E'
EXEEXT=''
F77='gfortran'
FFLAGS='-g -O2'
GCC='yes'
GREP='/bin/grep'
INSTALL_DATA='${INSTALL} -m 644'
INSTALL_PROGRAM='${INSTALL}'
INSTALL_SCRIPT='${INSTALL}'
INSTALL_STRIP_PROGRAM='$(install_sh) -c -s'
LD='/projects/hnd/tools/linux/hndtools-mipsel-linux-uclibc-4.2.3/usr/bin/mipsel-linux-uclibc-ld'
LDFLAGS='-L${PKG_INSTALL_DIR}/usr/lib'
LIBDIRSTEM='lib'
LIBOBJS=''
LIBS=''
LIBTOOL='$(SHELL) $(top_builddir)/libtool'
LN_S='ln -s'
LTLIBOBJS=''
MAKEINFO='${SHELL} ${TIMEMACHINE_PATH}/gettext-0.17/build-aux/missing --run makeinfo'
OBJDUMP='mipsel-linux-linux26-objdump'
OBJEXT='o'
PACKAGE='autoconf-lib-link'
PACKAGE_BUGREPORT=''
PACKAGE_NAME=''
PACKAGE_STRING=''
PACKAGE_TARNAME=''
PACKAGE_VERSION=''
PATH_SEPARATOR=':'
RANLIB='mipsel-linux-linux26-ranlib'
SED='/bin/sed'
SET_MAKE=''
SHELL='/bin/sh'
STRIP='mipsel-linux-linux26-strip'
VERSION='0.17'
ac_ct_CC=''
ac_ct_CXX=''
ac_ct_F77='gfortran'
aclocaldir='${datadir}/aclocal'
am__fastdepCC_FALSE='#'
am__fastdepCC_TRUE=''
am__fastdepCXX_FALSE='#'
am__fastdepCXX_TRUE=''
am__include='include'
am__isrc=''
am__leading_dot='.'
am__quote=''
am__tar='${AMTAR} chof - "$$tardir"'
am__untar='${AMTAR} xf -'
bindir='${exec_prefix}/bin'
build='mipsel-uclibc-linux-gnu26'
build_alias='mipsel-uclibc-linux-gnu26'
build_cpu='mipsel'
build_os='linux-gnu26'
build_vendor='uclibc'
datadir='${datarootdir}'
datarootdir='${prefix}/share'
docdir='${datarootdir}/doc/${PACKAGE}'
dvidir='${docdir}'
exec_prefix='${prefix}'
host='mipsel-uclibc-linux-gnu'
host_alias='mipsel-uclibc-linux'
host_cpu='mipsel'
host_os='linux-gnu'
host_vendor='uclibc'
htmldir='${docdir}'
includedir='${prefix}/include'
infodir='${datarootdir}/info'
install_sh='$(SHELL) ${TIMEMACHINE_PATH}/gettext-0.17/build-aux/install-sh'
libdir='${exec_prefix}/lib'
libexecdir='${exec_prefix}/libexec'
localedir='${datarootdir}/locale'
localstatedir='${prefix}/var'
mandir='${datarootdir}/man'
mkdir_p='/bin/mkdir -p'
oldincludedir='/usr/include'
pdfdir='${docdir}'
prefix='/usr'
program_transform_name='s,x,x,'
psdir='${docdir}'
sbindir='${exec_prefix}/sbin'
sharedstatedir='${prefix}/com'
sysconfdir='${prefix}/etc'
target_alias='mipsel-uclibc-linux-gnu26'
with_gnu_ld='yes'

## ----------- ##
## confdefs.h. ##
## ----------- ##

#define PACKAGE_NAME ""
#define PACKAGE_TARNAME ""
#define PACKAGE_VERSION ""
#define PACKAGE_STRING ""
#define PACKAGE_BUGREPORT ""
#define PACKAGE "autoconf-lib-link"
#define VERSION "0.17"
#define STDC_HEADERS 1
#define HAVE_SYS_TYPES_H 1
#define HAVE_SYS_STAT_H 1
#define HAVE_STDLIB_H 1
#define HAVE_STRING_H 1
#define HAVE_MEMORY_H 1
#define HAVE_STRINGS_H 1
#define HAVE_INTTYPES_H 1
#define HAVE_STDINT_H 1
#define HAVE_UNISTD_H 1
#define HAVE_DLFCN_H 1

configure: exit 0

## ---------------------- ##
## Running config.status. ##
## ---------------------- ##

This file was extended by config.status, which was
generated by GNU Autoconf 2.61.  Invocation command line was

  CONFIG_FILES    = 
  CONFIG_HEADERS  = 
  CONFIG_LINKS    = 
  CONFIG_COMMANDS = 
  $ ./config.status 

on localhost.localdomain

config.status:655: creating Makefile
config.status:655: creating m4/Makefile
config.status:655: creating tests/Makefile
config.status:846: executing depfiles commands
