This file contains any messages produced by compilers while
running configure, to aid debugging if configure makes a mistake.

It was created by libantlr3c configure 3.2, which was
generated by GNU Autoconf 2.63.  Invocation command line was

  $ ./configure --host=arm-linux --prefix=/usr

## --------- ##
## Platform. ##
## --------- ##

hostname = localhost.localdomain
uname -m = i686
uname -r = 2.6.27.41-170.2.117.fc10.i686.PAE
uname -s = Linux
uname -v = #1 SMP Thu Dec 10 10:48:30 EST 2009

/usr/bin/uname -p = unknown
/bin/uname -X     = unknown

/bin/arch              = i686
/usr/bin/arch -k       = unknown
/usr/convex/getsysinfo = unknown
/usr/bin/hostinfo      = unknown
/bin/machine           = unknown
/usr/bin/oslevel       = unknown
/bin/universe          = unknown

PATH: /projects/hnd/tools/linux/hndtools-arm-linux-2.6.36-uclibc-4.5.3/bin
PATH: /projects/hnd/tools/linux/hndtools-mipsel-linux-uclibc-4.2.3/bin
PATH: /projects/hnd/tools/linux/hndtools-mipsel-linux-uclibc-4.2.3/bin
PATH: /usr/lib/qt-3.3/bin
PATH: /usr/kerberos/bin
PATH: /usr/lib/ccache
PATH: /usr/local/bin
PATH: /bin
PATH: /usr/bin
PATH: /usr/local/sbin
PATH: /usr/sbin
PATH: /sbin
PATH: /home/tab/bin


## ----------- ##
## Core tests. ##
## ----------- ##

configure:2198: checking for a BSD-compatible install
configure:2266: result: /usr/bin/install -c
configure:2277: checking whether build environment is sane
configure:2320: result: yes
configure:2382: checking for gawk
configure:2398: found /bin/gawk
configure:2409: result: gawk
configure:2420: checking whether make sets $(MAKE)
configure:2442: result: yes
configure:2518: checking for arm-linux-strip
configure:2545: result: arm-brcm-linux-uclibcgnueabi-strip
configure:2638: checking for arm-linux-xlc
configure:2665: result: arm-brcm-linux-uclibcgnueabi-gcc
configure:2743: checking for C compiler version
configure:2751: arm-brcm-linux-uclibcgnueabi-gcc --version >&5
arm-brcm-linux-uclibcgnueabi-gcc (Buildroot 2012.02) 4.5.3
Copyright (C) 2010 Free Software Foundation, Inc.
This is free software; see the source for copying conditions.  There is NO
warranty; not even for MERCHANTABILITY or FITNESS FOR A PARTICULAR PURPOSE.

configure:2755: $? = 0
configure:2762: arm-brcm-linux-uclibcgnueabi-gcc -v >&5
Using built-in specs.
COLLECT_GCC=arm-brcm-linux-uclibcgnueabi-gcc
COLLECT_LTO_WRAPPER=/projects/hnd/tools/linux/hndtools-arm-linux-2.6.36-uclibc-4.5.3/libexec/gcc/arm-brcm-linux-uclibcgnueabi/4.5.3/lto-wrapper
Target: arm-brcm-linux-uclibcgnueabi
Configured with: /projects/toolchains_build/buildroot-2012.02-brcm/output/toolchain/gcc-4.5.3/configure --prefix=/projects/hnd/tools/linux/hndtools-arm-linux-2.6.36-uclibc-4.5.3 --build=i686-pc-linux-gnu --host=i686-pc-linux-gnu --target=arm-brcm-linux-uclibcgnueabi --enable-languages=c,c++ --with-sysroot=/projects/hnd/tools/linux/hndtools-arm-linux-2.6.36-uclibc-4.5.3/arm-brcm-linux-uclibcgnueabi/sysroot --with-build-time-tools=/projects/hnd/tools/linux/hndtools-arm-linux-2.6.36-uclibc-4.5.3/arm-brcm-linux-uclibcgnueabi/bin --disable-__cxa_atexit --enable-target-optspace --disable-libgomp --with-gnu-ld --disable-libssp --disable-multilib --disable-tls --enable-shared --with-gmp=/projects/hnd/tools/linux/hndtools-arm-linux-2.6.36-uclibc-4.5.3 --with-mpfr=/projects/hnd/tools/linux/hndtools-arm-linux-2.6.36-uclibc-4.5.3 --with-mpc=/projects/hnd/tools/linux/hndtools-arm-linux-2.6.36-uclibc-4.5.3 --enable-threads --disable-decimal-float --with-float=soft --with-abi=aapcs-linux --with-arch=armv7-a --with-tune=cortex-a9 --with-pkgversion='Buildroot 2012.02' --with-bugurl=http://bugs.buildroot.net/
Thread model: posix
gcc version 4.5.3 (Buildroot 2012.02) 
configure:2766: $? = 0
configure:2773: arm-brcm-linux-uclibcgnueabi-gcc -V >&5
arm-brcm-linux-uclibcgnueabi-gcc: '-V' option must have argument
configure:2777: $? = 1
configure:2800: checking for C compiler default output file name
configure:2822: arm-brcm-linux-uclibcgnueabi-gcc -Os -O2 -DBCMWPA2 -DRESTART_ALL_PROCESSES -D__CONFIG_USBAP__ -DBCMQOS -DBCMWPS -D__CONFIG_EMF__ -DTRAFFIC_MGMT -DPHYMON -DSUPPORT_REMOTE_HTTPS -DINCLUDE_WPS_V20 -DINCLUDE_5G_AUTO_CHANNEL -DOPENDNS_PARENTAL_CONTROL -DINCLUDE_UCP -DU12H240 -DR6300v2 -DMULTIPLE_SSID -DENABLE_ML -DBCM53125 -DBCM5301X -DCONFIG_RUSSIA_IPTV -DDLNA -DHTTP_ACCESS_USB -DMAX_USB_ACCESS -DSAMBA_ENABLE -DUSB_NEW_SPEC -DINCLUDE_WIFI_BUTTON -DINCLUDE_USB_LED -DINCLUDE_DUAL_BAND -DSINGLE_FIRMWARE -DINCLUDE_GET_ST_CHKSUM -DUNIFIED_STR_TBL -DFIRST_MTD_ROTATION -DWIFI_ON_OFF_SCHE -DAUTO_CONN_24HR -DIGMP_PROXY -DAP_MODE -D__CONFIG_IGMP_SNOOPING__ -DLINUX26 -DINCLUDE_IPV6 -DPRESET_WL_SECURITY -DNEW_BCM_WPS_IPC -DSUPPORT_AC_MODE -DSTA_MODE -DPPP_RU_DESIGN -DEXT_ACS -D__CONFIG_PLC__ -D__CONFIG_URE__ -DPLC -DWPS_LONGPUSH_DISABLE -Os -DLINUX26 -DCONFIG_KERNEL_2_6_36 -I/home/tab/r6300/V1.0.0.88_1.0.14/ap/gpl/iserver/build/include -I/home/tab/r6300/V1.0.0.88_1.0.14/ap/gpl/iserver/build/include -L/home/tab/r6300/V1.0.0.88_1.0.14/ap/gpl/iserver/build/lib conftest.c  >&5
configure:2826: $? = 0
configure:2864: result: a.out
configure:2883: checking whether the C compiler works
configure:2893: ./a.out
./configure: line 2895: ./a.out: cannot execute binary file
configure:2897: $? = 126
configure:2916: result: yes
configure:2923: checking whether we are cross compiling
configure:2925: result: yes
configure:2928: checking for suffix of executables
configure:2935: arm-brcm-linux-uclibcgnueabi-gcc -o conftest -Os -O2 -DBCMWPA2 -DRESTART_ALL_PROCESSES -D__CONFIG_USBAP__ -DBCMQOS -DBCMWPS -D__CONFIG_EMF__ -DTRAFFIC_MGMT -DPHYMON -DSUPPORT_REMOTE_HTTPS -DINCLUDE_WPS_V20 -DINCLUDE_5G_AUTO_CHANNEL -DOPENDNS_PARENTAL_CONTROL -DINCLUDE_UCP -DU12H240 -DR6300v2 -DMULTIPLE_SSID -DENABLE_ML -DBCM53125 -DBCM5301X -DCONFIG_RUSSIA_IPTV -DDLNA -DHTTP_ACCESS_USB -DMAX_USB_ACCESS -DSAMBA_ENABLE -DUSB_NEW_SPEC -DINCLUDE_WIFI_BUTTON -DINCLUDE_USB_LED -DINCLUDE_DUAL_BAND -DSINGLE_FIRMWARE -DINCLUDE_GET_ST_CHKSUM -DUNIFIED_STR_TBL -DFIRST_MTD_ROTATION -DWIFI_ON_OFF_SCHE -DAUTO_CONN_24HR -DIGMP_PROXY -DAP_MODE -D__CONFIG_IGMP_SNOOPING__ -DLINUX26 -DINCLUDE_IPV6 -DPRESET_WL_SECURITY -DNEW_BCM_WPS_IPC -DSUPPORT_AC_MODE -DSTA_MODE -DPPP_RU_DESIGN -DEXT_ACS -D__CONFIG_PLC__ -D__CONFIG_URE__ -DPLC -DWPS_LONGPUSH_DISABLE -Os -DLINUX26 -DCONFIG_KERNEL_2_6_36 -I/home/tab/r6300/V1.0.0.88_1.0.14/ap/gpl/iserver/build/include -I/home/tab/r6300/V1.0.0.88_1.0.14/ap/gpl/iserver/build/include -L/home/tab/r6300/V1.0.0.88_1.0.14/ap/gpl/iserver/build/lib conftest.c  >&5
configure:2939: $? = 0
configure:2965: result: 
configure:2971: checking for suffix of object files
configure:2997: arm-brcm-linux-uclibcgnueabi-gcc -c -Os -O2 -DBCMWPA2 -DRESTART_ALL_PROCESSES -D__CONFIG_USBAP__ -DBCMQOS -DBCMWPS -D__CONFIG_EMF__ -DTRAFFIC_MGMT -DPHYMON -DSUPPORT_REMOTE_HTTPS -DINCLUDE_WPS_V20 -DINCLUDE_5G_AUTO_CHANNEL -DOPENDNS_PARENTAL_CONTROL -DINCLUDE_UCP -DU12H240 -DR6300v2 -DMULTIPLE_SSID -DENABLE_ML -DBCM53125 -DBCM5301X -DCONFIG_RUSSIA_IPTV -DDLNA -DHTTP_ACCESS_USB -DMAX_USB_ACCESS -DSAMBA_ENABLE -DUSB_NEW_SPEC -DINCLUDE_WIFI_BUTTON -DINCLUDE_USB_LED -DINCLUDE_DUAL_BAND -DSINGLE_FIRMWARE -DINCLUDE_GET_ST_CHKSUM -DUNIFIED_STR_TBL -DFIRST_MTD_ROTATION -DWIFI_ON_OFF_SCHE -DAUTO_CONN_24HR -DIGMP_PROXY -DAP_MODE -D__CONFIG_IGMP_SNOOPING__ -DLINUX26 -DINCLUDE_IPV6 -DPRESET_WL_SECURITY -DNEW_BCM_WPS_IPC -DSUPPORT_AC_MODE -DSTA_MODE -DPPP_RU_DESIGN -DEXT_ACS -D__CONFIG_PLC__ -D__CONFIG_URE__ -DPLC -DWPS_LONGPUSH_DISABLE -Os -DLINUX26 -DCONFIG_KERNEL_2_6_36 -I/home/tab/r6300/V1.0.0.88_1.0.14/ap/gpl/iserver/build/include -I/home/tab/r6300/V1.0.0.88_1.0.14/ap/gpl/iserver/build/include conftest.c >&5
configure:3001: $? = 0
configure:3026: result: o
configure:3030: checking whether we are using the GNU C compiler
configure:3059: arm-brcm-linux-uclibcgnueabi-gcc -c -Os -O2 -DBCMWPA2 -DRESTART_ALL_PROCESSES -D__CONFIG_USBAP__ -DBCMQOS -DBCMWPS -D__CONFIG_EMF__ -DTRAFFIC_MGMT -DPHYMON -DSUPPORT_REMOTE_HTTPS -DINCLUDE_WPS_V20 -DINCLUDE_5G_AUTO_CHANNEL -DOPENDNS_PARENTAL_CONTROL -DINCLUDE_UCP -DU12H240 -DR6300v2 -DMULTIPLE_SSID -DENABLE_ML -DBCM53125 -DBCM5301X -DCONFIG_RUSSIA_IPTV -DDLNA -DHTTP_ACCESS_USB -DMAX_USB_ACCESS -DSAMBA_ENABLE -DUSB_NEW_SPEC -DINCLUDE_WIFI_BUTTON -DINCLUDE_USB_LED -DINCLUDE_DUAL_BAND -DSINGLE_FIRMWARE -DINCLUDE_GET_ST_CHKSUM -DUNIFIED_STR_TBL -DFIRST_MTD_ROTATION -DWIFI_ON_OFF_SCHE -DAUTO_CONN_24HR -DIGMP_PROXY -DAP_MODE -D__CONFIG_IGMP_SNOOPING__ -DLINUX26 -DINCLUDE_IPV6 -DPRESET_WL_SECURITY -DNEW_BCM_WPS_IPC -DSUPPORT_AC_MODE -DSTA_MODE -DPPP_RU_DESIGN -DEXT_ACS -D__CONFIG_PLC__ -D__CONFIG_URE__ -DPLC -DWPS_LONGPUSH_DISABLE -Os -DLINUX26 -DCONFIG_KERNEL_2_6_36 -I/home/tab/r6300/V1.0.0.88_1.0.14/ap/gpl/iserver/build/include -I/home/tab/r6300/V1.0.0.88_1.0.14/ap/gpl/iserver/build/include conftest.c >&5
configure:3066: $? = 0
configure:3083: result: yes
configure:3092: checking whether arm-brcm-linux-uclibcgnueabi-gcc accepts -g
configure:3122: arm-brcm-linux-uclibcgnueabi-gcc -c -g -I/home/tab/r6300/V1.0.0.88_1.0.14/ap/gpl/iserver/build/include conftest.c >&5
configure:3129: $? = 0
configure:3230: result: yes
configure:3247: checking for arm-brcm-linux-uclibcgnueabi-gcc option to accept ISO C89
configure:3321: arm-brcm-linux-uclibcgnueabi-gcc  -c -Os -O2 -DBCMWPA2 -DRESTART_ALL_PROCESSES -D__CONFIG_USBAP__ -DBCMQOS -DBCMWPS -D__CONFIG_EMF__ -DTRAFFIC_MGMT -DPHYMON -DSUPPORT_REMOTE_HTTPS -DINCLUDE_WPS_V20 -DINCLUDE_5G_AUTO_CHANNEL -DOPENDNS_PARENTAL_CONTROL -DINCLUDE_UCP -DU12H240 -DR6300v2 -DMULTIPLE_SSID -DENABLE_ML -DBCM53125 -DBCM5301X -DCONFIG_RUSSIA_IPTV -DDLNA -DHTTP_ACCESS_USB -DMAX_USB_ACCESS -DSAMBA_ENABLE -DUSB_NEW_SPEC -DINCLUDE_WIFI_BUTTON -DINCLUDE_USB_LED -DINCLUDE_DUAL_BAND -DSINGLE_FIRMWARE -DINCLUDE_GET_ST_CHKSUM -DUNIFIED_STR_TBL -DFIRST_MTD_ROTATION -DWIFI_ON_OFF_SCHE -DAUTO_CONN_24HR -DIGMP_PROXY -DAP_MODE -D__CONFIG_IGMP_SNOOPING__ -DLINUX26 -DINCLUDE_IPV6 -DPRESET_WL_SECURITY -DNEW_BCM_WPS_IPC -DSUPPORT_AC_MODE -DSTA_MODE -DPPP_RU_DESIGN -DEXT_ACS -D__CONFIG_PLC__ -D__CONFIG_URE__ -DPLC -DWPS_LONGPUSH_DISABLE -Os -DLINUX26 -DCONFIG_KERNEL_2_6_36 -I/home/tab/r6300/V1.0.0.88_1.0.14/ap/gpl/iserver/build/include -I/home/tab/r6300/V1.0.0.88_1.0.14/ap/gpl/iserver/build/include conftest.c >&5
configure:3328: $? = 0
configure:3351: result: none needed
configure:3380: checking for style of include used by make
configure:3408: result: GNU
configure:3436: checking dependency style of arm-brcm-linux-uclibcgnueabi-gcc
configure:3526: result: gcc3
configure:3543: checking whether to enable maintainer-specific portions of Makefiles
configure:3552: result: no
configure:3645: checking build system type
configure:3663: result: i686-pc-linux-gnu
configure:3685: checking host system type
configure:3700: result: arm-unknown-linux-gnu
configure:3722: checking for a sed that does not truncate output
configure:3778: result: /bin/sed
configure:3781: checking for grep that handles long lines and -e
configure:3841: result: /bin/grep
configure:3846: checking for egrep
configure:3910: result: /bin/grep -E
configure:3926: checking for ld used by arm-brcm-linux-uclibcgnueabi-gcc
configure:3993: result: arm-brcm-linux-uclibcgnueabi-ld
configure:4002: checking if the linker (arm-brcm-linux-uclibcgnueabi-ld) is GNU ld
configure:4017: result: yes
configure:4022: checking for arm-brcm-linux-uclibcgnueabi-ld option to reload object files
configure:4029: result: -r
configure:4047: checking for BSD-compatible nm
configure:4096: result: arm-brcm-linux-uclibcgnueabi-nm
configure:4100: checking whether ln -s works
configure:4104: result: yes
configure:4111: checking how to recognise dependent libraries
configure:4287: result: pass_all
configure:4525: checking how to run the C preprocessor
configure:4643: result: arm-brcm-linux-uclibcgnueabi-gcc -E
configure:4672: arm-brcm-linux-uclibcgnueabi-gcc -E -I/home/tab/r6300/V1.0.0.88_1.0.14/ap/gpl/iserver/build/include conftest.c
configure:4679: $? = 0
configure:4710: arm-brcm-linux-uclibcgnueabi-gcc -E -I/home/tab/r6300/V1.0.0.88_1.0.14/ap/gpl/iserver/build/include conftest.c
conftest.c:10:28: fatal error: ac_nonexistent.h: No such file or directory
compilation terminated.
configure:4717: $? = 1
configure: failed program was:
| /* confdefs.h.  */
| #define PACKAGE_NAME "libantlr3c"
| #define PACKAGE_TARNAME "libantlr3c"
| #define PACKAGE_VERSION "3.2"
| #define PACKAGE_STRING "libantlr3c 3.2"
| #define PACKAGE_BUGREPORT "jimi@temporal-wave.com"
| #define PACKAGE "libantlr3c"
| #define VERSION "3.2"
| /* end confdefs.h.  */
| #include <ac_nonexistent.h>
configure:4757: checking for ANSI C header files
configure:4787: arm-brcm-linux-uclibcgnueabi-gcc -c -Os -O2 -DBCMWPA2 -DRESTART_ALL_PROCESSES -D__CONFIG_USBAP__ -DBCMQOS -DBCMWPS -D__CONFIG_EMF__ -DTRAFFIC_MGMT -DPHYMON -DSUPPORT_REMOTE_HTTPS -DINCLUDE_WPS_V20 -DINCLUDE_5G_AUTO_CHANNEL -DOPENDNS_PARENTAL_CONTROL -DINCLUDE_UCP -DU12H240 -DR6300v2 -DMULTIPLE_SSID -DENABLE_ML -DBCM53125 -DBCM5301X -DCONFIG_RUSSIA_IPTV -DDLNA -DHTTP_ACCESS_USB -DMAX_USB_ACCESS -DSAMBA_ENABLE -DUSB_NEW_SPEC -DINCLUDE_WIFI_BUTTON -DINCLUDE_USB_LED -DINCLUDE_DUAL_BAND -DSINGLE_FIRMWARE -DINCLUDE_GET_ST_CHKSUM -DUNIFIED_STR_TBL -DFIRST_MTD_ROTATION -DWIFI_ON_OFF_SCHE -DAUTO_CONN_24HR -DIGMP_PROXY -DAP_MODE -D__CONFIG_IGMP_SNOOPING__ -DLINUX26 -DINCLUDE_IPV6 -DPRESET_WL_SECURITY -DNEW_BCM_WPS_IPC -DSUPPORT_AC_MODE -DSTA_MODE -DPPP_RU_DESIGN -DEXT_ACS -D__CONFIG_PLC__ -D__CONFIG_URE__ -DPLC -DWPS_LONGPUSH_DISABLE -Os -DLINUX26 -DCONFIG_KERNEL_2_6_36 -I/home/tab/r6300/V1.0.0.88_1.0.14/ap/gpl/iserver/build/include -I/home/tab/r6300/V1.0.0.88_1.0.14/ap/gpl/iserver/build/include conftest.c >&5
configure:4794: $? = 0
configure:4925: result: yes
configure:4949: checking for sys/types.h
configure:4970: arm-brcm-linux-uclibcgnueabi-gcc -c -Os -O2 -DBCMWPA2 -DRESTART_ALL_PROCESSES -D__CONFIG_USBAP__ -DBCMQOS -DBCMWPS -D__CONFIG_EMF__ -DTRAFFIC_MGMT -DPHYMON -DSUPPORT_REMOTE_HTTPS -DINCLUDE_WPS_V20 -DINCLUDE_5G_AUTO_CHANNEL -DOPENDNS_PARENTAL_CONTROL -DINCLUDE_UCP -DU12H240 -DR6300v2 -DMULTIPLE_SSID -DENABLE_ML -DBCM53125 -DBCM5301X -DCONFIG_RUSSIA_IPTV -DDLNA -DHTTP_ACCESS_USB -DMAX_USB_ACCESS -DSAMBA_ENABLE -DUSB_NEW_SPEC -DINCLUDE_WIFI_BUTTON -DINCLUDE_USB_LED -DINCLUDE_DUAL_BAND -DSINGLE_FIRMWARE -DINCLUDE_GET_ST_CHKSUM -DUNIFIED_STR_TBL -DFIRST_MTD_ROTATION -DWIFI_ON_OFF_SCHE -DAUTO_CONN_24HR -DIGMP_PROXY -DAP_MODE -D__CONFIG_IGMP_SNOOPING__ -DLINUX26 -DINCLUDE_IPV6 -DPRESET_WL_SECURITY -DNEW_BCM_WPS_IPC -DSUPPORT_AC_MODE -DSTA_MODE -DPPP_RU_DESIGN -DEXT_ACS -D__CONFIG_PLC__ -D__CONFIG_URE__ -DPLC -DWPS_LONGPUSH_DISABLE -Os -DLINUX26 -DCONFIG_KERNEL_2_6_36 -I/home/tab/r6300/V1.0.0.88_1.0.14/ap/gpl/iserver/build/include -I/home/tab/r6300/V1.0.0.88_1.0.14/ap/gpl/iserver/build/include conftest.c >&5
configure:4977: $? = 0
configure:4994: result: yes
configure:4949: checking for sys/stat.h
configure:4970: arm-brcm-linux-uclibcgnueabi-gcc -c -Os -O2 -DBCMWPA2 -DRESTART_ALL_PROCESSES -D__CONFIG_USBAP__ -DBCMQOS -DBCMWPS -D__CONFIG_EMF__ -DTRAFFIC_MGMT -DPHYMON -DSUPPORT_REMOTE_HTTPS -DINCLUDE_WPS_V20 -DINCLUDE_5G_AUTO_CHANNEL -DOPENDNS_PARENTAL_CONTROL -DINCLUDE_UCP -DU12H240 -DR6300v2 -DMULTIPLE_SSID -DENABLE_ML -DBCM53125 -DBCM5301X -DCONFIG_RUSSIA_IPTV -DDLNA -DHTTP_ACCESS_USB -DMAX_USB_ACCESS -DSAMBA_ENABLE -DUSB_NEW_SPEC -DINCLUDE_WIFI_BUTTON -DINCLUDE_USB_LED -DINCLUDE_DUAL_BAND -DSINGLE_FIRMWARE -DINCLUDE_GET_ST_CHKSUM -DUNIFIED_STR_TBL -DFIRST_MTD_ROTATION -DWIFI_ON_OFF_SCHE -DAUTO_CONN_24HR -DIGMP_PROXY -DAP_MODE -D__CONFIG_IGMP_SNOOPING__ -DLINUX26 -DINCLUDE_IPV6 -DPRESET_WL_SECURITY -DNEW_BCM_WPS_IPC -DSUPPORT_AC_MODE -DSTA_MODE -DPPP_RU_DESIGN -DEXT_ACS -D__CONFIG_PLC__ -D__CONFIG_URE__ -DPLC -DWPS_LONGPUSH_DISABLE -Os -DLINUX26 -DCONFIG_KERNEL_2_6_36 -I/home/tab/r6300/V1.0.0.88_1.0.14/ap/gpl/iserver/build/include -I/home/tab/r6300/V1.0.0.88_1.0.14/ap/gpl/iserver/build/include conftest.c >&5
configure:4977: $? = 0
configure:4994: result: yes
configure:4949: checking for stdlib.h
configure:4970: arm-brcm-linux-uclibcgnueabi-gcc -c -Os -O2 -DBCMWPA2 -DRESTART_ALL_PROCESSES -D__CONFIG_USBAP__ -DBCMQOS -DBCMWPS -D__CONFIG_EMF__ -DTRAFFIC_MGMT -DPHYMON -DSUPPORT_REMOTE_HTTPS -DINCLUDE_WPS_V20 -DINCLUDE_5G_AUTO_CHANNEL -DOPENDNS_PARENTAL_CONTROL -DINCLUDE_UCP -DU12H240 -DR6300v2 -DMULTIPLE_SSID -DENABLE_ML -DBCM53125 -DBCM5301X -DCONFIG_RUSSIA_IPTV -DDLNA -DHTTP_ACCESS_USB -DMAX_USB_ACCESS -DSAMBA_ENABLE -DUSB_NEW_SPEC -DINCLUDE_WIFI_BUTTON -DINCLUDE_USB_LED -DINCLUDE_DUAL_BAND -DSINGLE_FIRMWARE -DINCLUDE_GET_ST_CHKSUM -DUNIFIED_STR_TBL -DFIRST_MTD_ROTATION -DWIFI_ON_OFF_SCHE -DAUTO_CONN_24HR -DIGMP_PROXY -DAP_MODE -D__CONFIG_IGMP_SNOOPING__ -DLINUX26 -DINCLUDE_IPV6 -DPRESET_WL_SECURITY -DNEW_BCM_WPS_IPC -DSUPPORT_AC_MODE -DSTA_MODE -DPPP_RU_DESIGN -DEXT_ACS -D__CONFIG_PLC__ -D__CONFIG_URE__ -DPLC -DWPS_LONGPUSH_DISABLE -Os -DLINUX26 -DCONFIG_KERNEL_2_6_36 -I/home/tab/r6300/V1.0.0.88_1.0.14/ap/gpl/iserver/build/include -I/home/tab/r6300/V1.0.0.88_1.0.14/ap/gpl/iserver/build/include conftest.c >&5
configure:4977: $? = 0
configure:4994: result: yes
configure:4949: checking for string.h
configure:4970: arm-brcm-linux-uclibcgnueabi-gcc -c -Os -O2 -DBCMWPA2 -DRESTART_ALL_PROCESSES -D__CONFIG_USBAP__ -DBCMQOS -DBCMWPS -D__CONFIG_EMF__ -DTRAFFIC_MGMT -DPHYMON -DSUPPORT_REMOTE_HTTPS -DINCLUDE_WPS_V20 -DINCLUDE_5G_AUTO_CHANNEL -DOPENDNS_PARENTAL_CONTROL -DINCLUDE_UCP -DU12H240 -DR6300v2 -DMULTIPLE_SSID -DENABLE_ML -DBCM53125 -DBCM5301X -DCONFIG_RUSSIA_IPTV -DDLNA -DHTTP_ACCESS_USB -DMAX_USB_ACCESS -DSAMBA_ENABLE -DUSB_NEW_SPEC -DINCLUDE_WIFI_BUTTON -DINCLUDE_USB_LED -DINCLUDE_DUAL_BAND -DSINGLE_FIRMWARE -DINCLUDE_GET_ST_CHKSUM -DUNIFIED_STR_TBL -DFIRST_MTD_ROTATION -DWIFI_ON_OFF_SCHE -DAUTO_CONN_24HR -DIGMP_PROXY -DAP_MODE -D__CONFIG_IGMP_SNOOPING__ -DLINUX26 -DINCLUDE_IPV6 -DPRESET_WL_SECURITY -DNEW_BCM_WPS_IPC -DSUPPORT_AC_MODE -DSTA_MODE -DPPP_RU_DESIGN -DEXT_ACS -D__CONFIG_PLC__ -D__CONFIG_URE__ -DPLC -DWPS_LONGPUSH_DISABLE -Os -DLINUX26 -DCONFIG_KERNEL_2_6_36 -I/home/tab/r6300/V1.0.0.88_1.0.14/ap/gpl/iserver/build/include -I/home/tab/r6300/V1.0.0.88_1.0.14/ap/gpl/iserver/build/include conftest.c >&5
configure:4977: $? = 0
configure:4994: result: yes
configure:4949: checking for memory.h
configure:4970: arm-brcm-linux-uclibcgnueabi-gcc -c -Os -O2 -DBCMWPA2 -DRESTART_ALL_PROCESSES -D__CONFIG_USBAP__ -DBCMQOS -DBCMWPS -D__CONFIG_EMF__ -DTRAFFIC_MGMT -DPHYMON -DSUPPORT_REMOTE_HTTPS -DINCLUDE_WPS_V20 -DINCLUDE_5G_AUTO_CHANNEL -DOPENDNS_PARENTAL_CONTROL -DINCLUDE_UCP -DU12H240 -DR6300v2 -DMULTIPLE_SSID -DENABLE_ML -DBCM53125 -DBCM5301X -DCONFIG_RUSSIA_IPTV -DDLNA -DHTTP_ACCESS_USB -DMAX_USB_ACCESS -DSAMBA_ENABLE -DUSB_NEW_SPEC -DINCLUDE_WIFI_BUTTON -DINCLUDE_USB_LED -DINCLUDE_DUAL_BAND -DSINGLE_FIRMWARE -DINCLUDE_GET_ST_CHKSUM -DUNIFIED_STR_TBL -DFIRST_MTD_ROTATION -DWIFI_ON_OFF_SCHE -DAUTO_CONN_24HR -DIGMP_PROXY -DAP_MODE -D__CONFIG_IGMP_SNOOPING__ -DLINUX26 -DINCLUDE_IPV6 -DPRESET_WL_SECURITY -DNEW_BCM_WPS_IPC -DSUPPORT_AC_MODE -DSTA_MODE -DPPP_RU_DESIGN -DEXT_ACS -D__CONFIG_PLC__ -D__CONFIG_URE__ -DPLC -DWPS_LONGPUSH_DISABLE -Os -DLINUX26 -DCONFIG_KERNEL_2_6_36 -I/home/tab/r6300/V1.0.0.88_1.0.14/ap/gpl/iserver/build/include -I/home/tab/r6300/V1.0.0.88_1.0.14/ap/gpl/iserver/build/include conftest.c >&5
configure:4977: $? = 0
configure:4994: result: yes
configure:4949: checking for strings.h
configure:4970: arm-brcm-linux-uclibcgnueabi-gcc -c -Os -O2 -DBCMWPA2 -DRESTART_ALL_PROCESSES -D__CONFIG_USBAP__ -DBCMQOS -DBCMWPS -D__CONFIG_EMF__ -DTRAFFIC_MGMT -DPHYMON -DSUPPORT_REMOTE_HTTPS -DINCLUDE_WPS_V20 -DINCLUDE_5G_AUTO_CHANNEL -DOPENDNS_PARENTAL_CONTROL -DINCLUDE_UCP -DU12H240 -DR6300v2 -DMULTIPLE_SSID -DENABLE_ML -DBCM53125 -DBCM5301X -DCONFIG_RUSSIA_IPTV -DDLNA -DHTTP_ACCESS_USB -DMAX_USB_ACCESS -DSAMBA_ENABLE -DUSB_NEW_SPEC -DINCLUDE_WIFI_BUTTON -DINCLUDE_USB_LED -DINCLUDE_DUAL_BAND -DSINGLE_FIRMWARE -DINCLUDE_GET_ST_CHKSUM -DUNIFIED_STR_TBL -DFIRST_MTD_ROTATION -DWIFI_ON_OFF_SCHE -DAUTO_CONN_24HR -DIGMP_PROXY -DAP_MODE -D__CONFIG_IGMP_SNOOPING__ -DLINUX26 -DINCLUDE_IPV6 -DPRESET_WL_SECURITY -DNEW_BCM_WPS_IPC -DSUPPORT_AC_MODE -DSTA_MODE -DPPP_RU_DESIGN -DEXT_ACS -D__CONFIG_PLC__ -D__CONFIG_URE__ -DPLC -DWPS_LONGPUSH_DISABLE -Os -DLINUX26 -DCONFIG_KERNEL_2_6_36 -I/home/tab/r6300/V1.0.0.88_1.0.14/ap/gpl/iserver/build/include -I/home/tab/r6300/V1.0.0.88_1.0.14/ap/gpl/iserver/build/include conftest.c >&5
configure:4977: $? = 0
configure:4994: result: yes
configure:4949: checking for inttypes.h
configure:4970: arm-brcm-linux-uclibcgnueabi-gcc -c -Os -O2 -DBCMWPA2 -DRESTART_ALL_PROCESSES -D__CONFIG_USBAP__ -DBCMQOS -DBCMWPS -D__CONFIG_EMF__ -DTRAFFIC_MGMT -DPHYMON -DSUPPORT_REMOTE_HTTPS -DINCLUDE_WPS_V20 -DINCLUDE_5G_AUTO_CHANNEL -DOPENDNS_PARENTAL_CONTROL -DINCLUDE_UCP -DU12H240 -DR6300v2 -DMULTIPLE_SSID -DENABLE_ML -DBCM53125 -DBCM5301X -DCONFIG_RUSSIA_IPTV -DDLNA -DHTTP_ACCESS_USB -DMAX_USB_ACCESS -DSAMBA_ENABLE -DUSB_NEW_SPEC -DINCLUDE_WIFI_BUTTON -DINCLUDE_USB_LED -DINCLUDE_DUAL_BAND -DSINGLE_FIRMWARE -DINCLUDE_GET_ST_CHKSUM -DUNIFIED_STR_TBL -DFIRST_MTD_ROTATION -DWIFI_ON_OFF_SCHE -DAUTO_CONN_24HR -DIGMP_PROXY -DAP_MODE -D__CONFIG_IGMP_SNOOPING__ -DLINUX26 -DINCLUDE_IPV6 -DPRESET_WL_SECURITY -DNEW_BCM_WPS_IPC -DSUPPORT_AC_MODE -DSTA_MODE -DPPP_RU_DESIGN -DEXT_ACS -D__CONFIG_PLC__ -D__CONFIG_URE__ -DPLC -DWPS_LONGPUSH_DISABLE -Os -DLINUX26 -DCONFIG_KERNEL_2_6_36 -I/home/tab/r6300/V1.0.0.88_1.0.14/ap/gpl/iserver/build/include -I/home/tab/r6300/V1.0.0.88_1.0.14/ap/gpl/iserver/build/include conftest.c >&5
configure:4977: $? = 0
configure:4994: result: yes
configure:4949: checking for stdint.h
configure:4970: arm-brcm-linux-uclibcgnueabi-gcc -c -Os -O2 -DBCMWPA2 -DRESTART_ALL_PROCESSES -D__CONFIG_USBAP__ -DBCMQOS -DBCMWPS -D__CONFIG_EMF__ -DTRAFFIC_MGMT -DPHYMON -DSUPPORT_REMOTE_HTTPS -DINCLUDE_WPS_V20 -DINCLUDE_5G_AUTO_CHANNEL -DOPENDNS_PARENTAL_CONTROL -DINCLUDE_UCP -DU12H240 -DR6300v2 -DMULTIPLE_SSID -DENABLE_ML -DBCM53125 -DBCM5301X -DCONFIG_RUSSIA_IPTV -DDLNA -DHTTP_ACCESS_USB -DMAX_USB_ACCESS -DSAMBA_ENABLE -DUSB_NEW_SPEC -DINCLUDE_WIFI_BUTTON -DINCLUDE_USB_LED -DINCLUDE_DUAL_BAND -DSINGLE_FIRMWARE -DINCLUDE_GET_ST_CHKSUM -DUNIFIED_STR_TBL -DFIRST_MTD_ROTATION -DWIFI_ON_OFF_SCHE -DAUTO_CONN_24HR -DIGMP_PROXY -DAP_MODE -D__CONFIG_IGMP_SNOOPING__ -DLINUX26 -DINCLUDE_IPV6 -DPRESET_WL_SECURITY -DNEW_BCM_WPS_IPC -DSUPPORT_AC_MODE -DSTA_MODE -DPPP_RU_DESIGN -DEXT_ACS -D__CONFIG_PLC__ -D__CONFIG_URE__ -DPLC -DWPS_LONGPUSH_DISABLE -Os -DLINUX26 -DCONFIG_KERNEL_2_6_36 -I/home/tab/r6300/V1.0.0.88_1.0.14/ap/gpl/iserver/build/include -I/home/tab/r6300/V1.0.0.88_1.0.14/ap/gpl/iserver/build/include conftest.c >&5
configure:4977: $? = 0
configure:4994: result: yes
configure:4949: checking for unistd.h
configure:4970: arm-brcm-linux-uclibcgnueabi-gcc -c -Os -O2 -DBCMWPA2 -DRESTART_ALL_PROCESSES -D__CONFIG_USBAP__ -DBCMQOS -DBCMWPS -D__CONFIG_EMF__ -DTRAFFIC_MGMT -DPHYMON -DSUPPORT_REMOTE_HTTPS -DINCLUDE_WPS_V20 -DINCLUDE_5G_AUTO_CHANNEL -DOPENDNS_PARENTAL_CONTROL -DINCLUDE_UCP -DU12H240 -DR6300v2 -DMULTIPLE_SSID -DENABLE_ML -DBCM53125 -DBCM5301X -DCONFIG_RUSSIA_IPTV -DDLNA -DHTTP_ACCESS_USB -DMAX_USB_ACCESS -DSAMBA_ENABLE -DUSB_NEW_SPEC -DINCLUDE_WIFI_BUTTON -DINCLUDE_USB_LED -DINCLUDE_DUAL_BAND -DSINGLE_FIRMWARE -DINCLUDE_GET_ST_CHKSUM -DUNIFIED_STR_TBL -DFIRST_MTD_ROTATION -DWIFI_ON_OFF_SCHE -DAUTO_CONN_24HR -DIGMP_PROXY -DAP_MODE -D__CONFIG_IGMP_SNOOPING__ -DLINUX26 -DINCLUDE_IPV6 -DPRESET_WL_SECURITY -DNEW_BCM_WPS_IPC -DSUPPORT_AC_MODE -DSTA_MODE -DPPP_RU_DESIGN -DEXT_ACS -D__CONFIG_PLC__ -D__CONFIG_URE__ -DPLC -DWPS_LONGPUSH_DISABLE -Os -DLINUX26 -DCONFIG_KERNEL_2_6_36 -I/home/tab/r6300/V1.0.0.88_1.0.14/ap/gpl/iserver/build/include -I/home/tab/r6300/V1.0.0.88_1.0.14/ap/gpl/iserver/build/include conftest.c >&5
configure:4977: $? = 0
configure:4994: result: yes
configure:5024: checking dlfcn.h usability
configure:5041: arm-brcm-linux-uclibcgnueabi-gcc -c -Os -O2 -DBCMWPA2 -DRESTART_ALL_PROCESSES -D__CONFIG_USBAP__ -DBCMQOS -DBCMWPS -D__CONFIG_EMF__ -DTRAFFIC_MGMT -DPHYMON -DSUPPORT_REMOTE_HTTPS -DINCLUDE_WPS_V20 -DINCLUDE_5G_AUTO_CHANNEL -DOPENDNS_PARENTAL_CONTROL -DINCLUDE_UCP -DU12H240 -DR6300v2 -DMULTIPLE_SSID -DENABLE_ML -DBCM53125 -DBCM5301X -DCONFIG_RUSSIA_IPTV -DDLNA -DHTTP_ACCESS_USB -DMAX_USB_ACCESS -DSAMBA_ENABLE -DUSB_NEW_SPEC -DINCLUDE_WIFI_BUTTON -DINCLUDE_USB_LED -DINCLUDE_DUAL_BAND -DSINGLE_FIRMWARE -DINCLUDE_GET_ST_CHKSUM -DUNIFIED_STR_TBL -DFIRST_MTD_ROTATION -DWIFI_ON_OFF_SCHE -DAUTO_CONN_24HR -DIGMP_PROXY -DAP_MODE -D__CONFIG_IGMP_SNOOPING__ -DLINUX26 -DINCLUDE_IPV6 -DPRESET_WL_SECURITY -DNEW_BCM_WPS_IPC -DSUPPORT_AC_MODE -DSTA_MODE -DPPP_RU_DESIGN -DEXT_ACS -D__CONFIG_PLC__ -D__CONFIG_URE__ -DPLC -DWPS_LONGPUSH_DISABLE -Os -DLINUX26 -DCONFIG_KERNEL_2_6_36 -I/home/tab/r6300/V1.0.0.88_1.0.14/ap/gpl/iserver/build/include -I/home/tab/r6300/V1.0.0.88_1.0.14/ap/gpl/iserver/build/include conftest.c >&5
configure:5048: $? = 0
configure:5062: result: yes
configure:5066: checking dlfcn.h presence
configure:5081: arm-brcm-linux-uclibcgnueabi-gcc -E -I/home/tab/r6300/V1.0.0.88_1.0.14/ap/gpl/iserver/build/include conftest.c
configure:5088: $? = 0
configure:5102: result: yes
configure:5135: checking for dlfcn.h
configure:5144: result: yes
configure:5173: checking for arm-linux-g++
configure:5203: result: no
configure:5173: checking for arm-linux-c++
configure:5203: result: no
configure:5173: checking for arm-linux-gpp
configure:5203: result: no
configure:5173: checking for arm-linux-aCC
configure:5203: result: no
configure:5173: checking for arm-linux-CC
configure:5203: result: no
configure:5173: checking for arm-linux-cxx
configure:5203: result: no
configure:5173: checking for arm-linux-cc++
configure:5203: result: no
configure:5173: checking for arm-linux-cl.exe
configure:5203: result: no
configure:5173: checking for arm-linux-FCC
configure:5203: result: no
configure:5173: checking for arm-linux-KCC
configure:5203: result: no
configure:5173: checking for arm-linux-RCC
configure:5203: result: no
configure:5173: checking for arm-linux-xlC_r
configure:5203: result: no
configure:5173: checking for arm-linux-xlC
configure:5203: result: no
configure:5217: checking for g++
configure:5233: found /usr/lib/ccache/g++
configure:5244: result: g++
configure:5260: WARNING: using cross tools not prefixed with host triplet
configure:5271: checking for C++ compiler version
configure:5279: g++ --version >&5
g++ (GCC) 4.3.2 20081105 (Red Hat 4.3.2-7)
Copyright (C) 2008 Free Software Foundation, Inc.
This is free software; see the source for copying conditions.  There is NO
warranty; not even for MERCHANTABILITY or FITNESS FOR A PARTICULAR PURPOSE.

configure:5283: $? = 0
configure:5290: g++ -v >&5
Using built-in specs.
Target: i386-redhat-linux
Configured with: ../configure --prefix=/usr --mandir=/usr/share/man --infodir=/usr/share/info --with-bugurl=http://bugzilla.redhat.com/bugzilla --enable-bootstrap --enable-shared --enable-threads=posix --enable-checking=release --with-system-zlib --enable-__cxa_atexit --disable-libunwind-exceptions --enable-languages=c,c++,objc,obj-c++,java,fortran,ada --enable-java-awt=gtk --disable-dssi --enable-plugin --with-java-home=/usr/lib/jvm/java-1.5.0-gcj-1.5.0.0/jre --enable-libgcj-multifile --enable-java-maintainer-mode --with-ecj-jar=/usr/share/java/eclipse-ecj.jar --disable-libjava-multilib --with-cpu=generic --build=i386-redhat-linux
Thread model: posix
gcc version 4.3.2 20081105 (Red Hat 4.3.2-7) (GCC) 
configure:5294: $? = 0
configure:5301: g++ -V >&5
g++: '-V' option must have argument
configure:5305: $? = 1
configure:5308: checking whether we are using the GNU C++ compiler
configure:5337: g++ -c  -I/home/tab/r6300/V1.0.0.88_1.0.14/ap/gpl/iserver/build/include conftest.cpp >&5
configure:5344: $? = 0
configure:5361: result: yes
configure:5370: checking whether g++ accepts -g
configure:5400: g++ -c -g -I/home/tab/r6300/V1.0.0.88_1.0.14/ap/gpl/iserver/build/include conftest.cpp >&5
configure:5407: $? = 0
configure:5508: result: yes
configure:5533: checking dependency style of g++
configure:5623: result: gcc3
configure:5650: checking how to run the C++ preprocessor
configure:5686: g++ -E -I/home/tab/r6300/V1.0.0.88_1.0.14/ap/gpl/iserver/build/include conftest.cpp
configure:5693: $? = 0
configure:5724: g++ -E -I/home/tab/r6300/V1.0.0.88_1.0.14/ap/gpl/iserver/build/include conftest.cpp
conftest.cpp:21:28: error: ac_nonexistent.h: No such file or directory
configure:5731: $? = 1
configure: failed program was:
| /* confdefs.h.  */
| #define PACKAGE_NAME "libantlr3c"
| #define PACKAGE_TARNAME "libantlr3c"
| #define PACKAGE_VERSION "3.2"
| #define PACKAGE_STRING "libantlr3c 3.2"
| #define PACKAGE_BUGREPORT "jimi@temporal-wave.com"
| #define PACKAGE "libantlr3c"
| #define VERSION "3.2"
| #define STDC_HEADERS 1
| #define HAVE_SYS_TYPES_H 1
| #define HAVE_SYS_STAT_H 1
| #define HAVE_STDLIB_H 1
| #define HAVE_STRING_H 1
| #define HAVE_MEMORY_H 1
| #define HAVE_STRINGS_H 1
| #define HAVE_INTTYPES_H 1
| #define HAVE_STDINT_H 1
| #define HAVE_UNISTD_H 1
| #define HAVE_DLFCN_H 1
| /* end confdefs.h.  */
| #include <ac_nonexistent.h>
configure:5764: result: g++ -E
configure:5793: g++ -E -I/home/tab/r6300/V1.0.0.88_1.0.14/ap/gpl/iserver/build/include conftest.cpp
configure:5800: $? = 0
configure:5831: g++ -E -I/home/tab/r6300/V1.0.0.88_1.0.14/ap/gpl/iserver/build/include conftest.cpp
conftest.cpp:21:28: error: ac_nonexistent.h: No such file or directory
configure:5838: $? = 1
configure: failed program was:
| /* confdefs.h.  */
| #define PACKAGE_NAME "libantlr3c"
| #define PACKAGE_TARNAME "libantlr3c"
| #define PACKAGE_VERSION "3.2"
| #define PACKAGE_STRING "libantlr3c 3.2"
| #define PACKAGE_BUGREPORT "jimi@temporal-wave.com"
| #define PACKAGE "libantlr3c"
| #define VERSION "3.2"
| #define STDC_HEADERS 1
| #define HAVE_SYS_TYPES_H 1
| #define HAVE_SYS_STAT_H 1
| #define HAVE_STDLIB_H 1
| #define HAVE_STRING_H 1
| #define HAVE_MEMORY_H 1
| #define HAVE_STRINGS_H 1
| #define HAVE_INTTYPES_H 1
| #define HAVE_STDINT_H 1
| #define HAVE_UNISTD_H 1
| #define HAVE_DLFCN_H 1
| /* end confdefs.h.  */
| #include <ac_nonexistent.h>
configure:5889: checking for arm-linux-g77
configure:5919: result: no
configure:5889: checking for arm-linux-xlf
configure:5919: result: no
configure:5889: checking for arm-linux-f77
configure:5919: result: no
configure:5889: checking for arm-linux-frt
configure:5919: result: no
configure:5889: checking for arm-linux-pgf77
configure:5919: result: no
configure:5889: checking for arm-linux-cf77
configure:5919: result: no
configure:5889: checking for arm-linux-fort77
configure:5919: result: no
configure:5889: checking for arm-linux-fl32
configure:5919: result: no
configure:5889: checking for arm-linux-af77
configure:5919: result: no
configure:5889: checking for arm-linux-xlf90
configure:5919: result: no
configure:5889: checking for arm-linux-f90
configure:5919: result: no
configure:5889: checking for arm-linux-pgf90
configure:5919: result: no
configure:5889: checking for arm-linux-pghpf
configure:5919: result: no
configure:5889: checking for arm-linux-epcf90
configure:5919: result: no
configure:5889: checking for arm-linux-gfortran
configure:5919: result: no
configure:5889: checking for arm-linux-g95
configure:5919: result: no
configure:5889: checking for arm-linux-xlf95
configure:5919: result: no
configure:5889: checking for arm-linux-f95
configure:5919: result: no
configure:5889: checking for arm-linux-fort
configure:5919: result: no
configure:5889: checking for arm-linux-ifort
configure:5919: result: no
configure:5889: checking for arm-linux-ifc
configure:5919: result: no
configure:5889: checking for arm-linux-efc
configure:5919: result: no
configure:5889: checking for arm-linux-pgf95
configure:5919: result: no
configure:5889: checking for arm-linux-lf95
configure:5919: result: no
configure:5889: checking for arm-linux-ftn
configure:5919: result: no
configure:5933: checking for g77
configure:5963: result: no
configure:5933: checking for xlf
configure:5963: result: no
configure:5933: checking for f77
configure:5963: result: no
configure:5933: checking for frt
configure:5963: result: no
configure:5933: checking for pgf77
configure:5963: result: no
configure:5933: checking for cf77
configure:5963: result: no
configure:5933: checking for fort77
configure:5963: result: no
configure:5933: checking for fl32
configure:5963: result: no
configure:5933: checking for af77
configure:5963: result: no
configure:5933: checking for xlf90
configure:5963: result: no
configure:5933: checking for f90
configure:5963: result: no
configure:5933: checking for pgf90
configure:5963: result: no
configure:5933: checking for pghpf
configure:5963: result: no
configure:5933: checking for epcf90
configure:5963: result: no
configure:5933: checking for gfortran
configure:5949: found /usr/bin/gfortran
configure:5960: result: gfortran
configure:5986: checking for Fortran 77 compiler version
configure:5994: gfortran --version >&5
GNU Fortran (GCC) 4.3.2 20081105 (Red Hat 4.3.2-7)
Copyright (C) 2008 Free Software Foundation, Inc.

GNU Fortran comes with NO WARRANTY, to the extent permitted by law.
You may redistribute copies of GNU Fortran
under the terms of the GNU General Public License.
For more information about these matters, see the file named COPYING

configure:5998: $? = 0
configure:6005: gfortran -v >&5
Using built-in specs.
Target: i386-redhat-linux
Configured with: ../configure --prefix=/usr --mandir=/usr/share/man --infodir=/usr/share/info --with-bugurl=http://bugzilla.redhat.com/bugzilla --enable-bootstrap --enable-shared --enable-threads=posix --enable-checking=release --with-system-zlib --enable-__cxa_atexit --disable-libunwind-exceptions --enable-languages=c,c++,objc,obj-c++,java,fortran,ada --enable-java-awt=gtk --disable-dssi --enable-plugin --with-java-home=/usr/lib/jvm/java-1.5.0-gcj-1.5.0.0/jre --enable-libgcj-multifile --enable-java-maintainer-mode --with-ecj-jar=/usr/share/java/eclipse-ecj.jar --disable-libjava-multilib --with-cpu=generic --build=i386-redhat-linux
Thread model: posix
gcc version 4.3.2 20081105 (Red Hat 4.3.2-7) (GCC) 
configure:6009: $? = 0
configure:6016: gfortran -V >&5
gfortran: '-V' option must have argument
configure:6020: $? = 1
configure:6028: checking whether we are using the GNU Fortran 77 compiler
configure:6047: gfortran -c  conftest.F >&5
configure:6054: $? = 0
configure:6071: result: yes
configure:6077: checking whether gfortran accepts -g
configure:6094: gfortran -c -g conftest.f >&5
configure:6101: $? = 0
configure:6117: result: yes
configure:6151: checking the maximum length of command line arguments
configure:6260: result: 32768
configure:6271: checking command to parse arm-brcm-linux-uclibcgnueabi-nm output from arm-brcm-linux-uclibcgnueabi-gcc object
configure:6376: arm-brcm-linux-uclibcgnueabi-gcc -c -Os -O2 -DBCMWPA2 -DRESTART_ALL_PROCESSES -D__CONFIG_USBAP__ -DBCMQOS -DBCMWPS -D__CONFIG_EMF__ -DTRAFFIC_MGMT -DPHYMON -DSUPPORT_REMOTE_HTTPS -DINCLUDE_WPS_V20 -DINCLUDE_5G_AUTO_CHANNEL -DOPENDNS_PARENTAL_CONTROL -DINCLUDE_UCP -DU12H240 -DR6300v2 -DMULTIPLE_SSID -DENABLE_ML -DBCM53125 -DBCM5301X -DCONFIG_RUSSIA_IPTV -DDLNA -DHTTP_ACCESS_USB -DMAX_USB_ACCESS -DSAMBA_ENABLE -DUSB_NEW_SPEC -DINCLUDE_WIFI_BUTTON -DINCLUDE_USB_LED -DINCLUDE_DUAL_BAND -DSINGLE_FIRMWARE -DINCLUDE_GET_ST_CHKSUM -DUNIFIED_STR_TBL -DFIRST_MTD_ROTATION -DWIFI_ON_OFF_SCHE -DAUTO_CONN_24HR -DIGMP_PROXY -DAP_MODE -D__CONFIG_IGMP_SNOOPING__ -DLINUX26 -DINCLUDE_IPV6 -DPRESET_WL_SECURITY -DNEW_BCM_WPS_IPC -DSUPPORT_AC_MODE -DSTA_MODE -DPPP_RU_DESIGN -DEXT_ACS -D__CONFIG_PLC__ -D__CONFIG_URE__ -DPLC -DWPS_LONGPUSH_DISABLE -Os -DLINUX26 -DCONFIG_KERNEL_2_6_36 -I/home/tab/r6300/V1.0.0.88_1.0.14/ap/gpl/iserver/build/include -I/home/tab/r6300/V1.0.0.88_1.0.14/ap/gpl/iserver/build/include conftest.c >&5
configure:6379: $? = 0
configure:6383: arm-brcm-linux-uclibcgnueabi-nm conftest.o \| sed -n -e 's/^.*[ 	]\([ABCDGIRSTW][ABCDGIRSTW]*\)[ 	][ 	]*\([_A-Za-z][_A-Za-z0-9]*\)$/\1 \2 \2/p' \> conftest.nm
configure:6386: $? = 0
configure:6438: arm-brcm-linux-uclibcgnueabi-gcc -o conftest -Os -O2 -DBCMWPA2 -DRESTART_ALL_PROCESSES -D__CONFIG_USBAP__ -DBCMQOS -DBCMWPS -D__CONFIG_EMF__ -DTRAFFIC_MGMT -DPHYMON -DSUPPORT_REMOTE_HTTPS -DINCLUDE_WPS_V20 -DINCLUDE_5G_AUTO_CHANNEL -DOPENDNS_PARENTAL_CONTROL -DINCLUDE_UCP -DU12H240 -DR6300v2 -DMULTIPLE_SSID -DENABLE_ML -DBCM53125 -DBCM5301X -DCONFIG_RUSSIA_IPTV -DDLNA -DHTTP_ACCESS_USB -DMAX_USB_ACCESS -DSAMBA_ENABLE -DUSB_NEW_SPEC -DINCLUDE_WIFI_BUTTON -DINCLUDE_USB_LED -DINCLUDE_DUAL_BAND -DSINGLE_FIRMWARE -DINCLUDE_GET_ST_CHKSUM -DUNIFIED_STR_TBL -DFIRST_MTD_ROTATION -DWIFI_ON_OFF_SCHE -DAUTO_CONN_24HR -DIGMP_PROXY -DAP_MODE -D__CONFIG_IGMP_SNOOPING__ -DLINUX26 -DINCLUDE_IPV6 -DPRESET_WL_SECURITY -DNEW_BCM_WPS_IPC -DSUPPORT_AC_MODE -DSTA_MODE -DPPP_RU_DESIGN -DEXT_ACS -D__CONFIG_PLC__ -D__CONFIG_URE__ -DPLC -DWPS_LONGPUSH_DISABLE -Os -DLINUX26 -DCONFIG_KERNEL_2_6_36 -I/home/tab/r6300/V1.0.0.88_1.0.14/ap/gpl/iserver/build/include -I/home/tab/r6300/V1.0.0.88_1.0.14/ap/gpl/iserver/build/include -L/home/tab/r6300/V1.0.0.88_1.0.14/ap/gpl/iserver/build/lib conftest.c conftstm.o >&5
configure:6441: $? = 0
configure:6479: result: ok
configure:6483: checking for objdir
configure:6498: result: .libs
configure:6550: checking for arm-linux-ar
configure:6577: result: arm-brcm-linux-uclibcgnueabi-ar
configure:6642: checking for arm-linux-ranlib
configure:6669: result: arm-brcm-linux-uclibcgnueabi-ranlib
configure:6734: checking for arm-linux-strip
configure:6761: result: arm-brcm-linux-uclibcgnueabi-strip
configure:7083: checking if arm-brcm-linux-uclibcgnueabi-gcc supports -fno-rtti -fno-exceptions
configure:7101: arm-brcm-linux-uclibcgnueabi-gcc -c -Os -O2 -DBCMWPA2 -DRESTART_ALL_PROCESSES -D__CONFIG_USBAP__ -DBCMQOS -DBCMWPS -D__CONFIG_EMF__ -DTRAFFIC_MGMT -DPHYMON -DSUPPORT_REMOTE_HTTPS -DINCLUDE_WPS_V20 -DINCLUDE_5G_AUTO_CHANNEL -DOPENDNS_PARENTAL_CONTROL -DINCLUDE_UCP -DU12H240 -DR6300v2 -DMULTIPLE_SSID -DENABLE_ML -DBCM53125 -DBCM5301X -DCONFIG_RUSSIA_IPTV -DDLNA -DHTTP_ACCESS_USB -DMAX_USB_ACCESS -DSAMBA_ENABLE -DUSB_NEW_SPEC -DINCLUDE_WIFI_BUTTON -DINCLUDE_USB_LED -DINCLUDE_DUAL_BAND -DSINGLE_FIRMWARE -DINCLUDE_GET_ST_CHKSUM -DUNIFIED_STR_TBL -DFIRST_MTD_ROTATION -DWIFI_ON_OFF_SCHE -DAUTO_CONN_24HR -DIGMP_PROXY -DAP_MODE -D__CONFIG_IGMP_SNOOPING__ -DLINUX26 -DINCLUDE_IPV6 -DPRESET_WL_SECURITY -DNEW_BCM_WPS_IPC -DSUPPORT_AC_MODE -DSTA_MODE -DPPP_RU_DESIGN -DEXT_ACS -D__CONFIG_PLC__ -D__CONFIG_URE__ -DPLC -DWPS_LONGPUSH_DISABLE -Os -DLINUX26 -DCONFIG_KERNEL_2_6_36 -I/home/tab/r6300/V1.0.0.88_1.0.14/ap/gpl/iserver/build/include -I/home/tab/r6300/V1.0.0.88_1.0.14/ap/gpl/iserver/build/include -fno-rtti -fno-exceptions conftest.c >&5
cc1: warning: command line option "-fno-rtti" is valid for C++/ObjC++ but not for C
configure:7105: $? = 0
configure:7118: result: no
configure:7133: checking for arm-brcm-linux-uclibcgnueabi-gcc option to produce PIC
configure:7343: result: -fPIC
configure:7351: checking if arm-brcm-linux-uclibcgnueabi-gcc PIC flag -fPIC works
configure:7369: arm-brcm-linux-uclibcgnueabi-gcc -c -Os -O2 -DBCMWPA2 -DRESTART_ALL_PROCESSES -D__CONFIG_USBAP__ -DBCMQOS -DBCMWPS -D__CONFIG_EMF__ -DTRAFFIC_MGMT -DPHYMON -DSUPPORT_REMOTE_HTTPS -DINCLUDE_WPS_V20 -DINCLUDE_5G_AUTO_CHANNEL -DOPENDNS_PARENTAL_CONTROL -DINCLUDE_UCP -DU12H240 -DR6300v2 -DMULTIPLE_SSID -DENABLE_ML -DBCM53125 -DBCM5301X -DCONFIG_RUSSIA_IPTV -DDLNA -DHTTP_ACCESS_USB -DMAX_USB_ACCESS -DSAMBA_ENABLE -DUSB_NEW_SPEC -DINCLUDE_WIFI_BUTTON -DINCLUDE_USB_LED -DINCLUDE_DUAL_BAND -DSINGLE_FIRMWARE -DINCLUDE_GET_ST_CHKSUM -DUNIFIED_STR_TBL -DFIRST_MTD_ROTATION -DWIFI_ON_OFF_SCHE -DAUTO_CONN_24HR -DIGMP_PROXY -DAP_MODE -D__CONFIG_IGMP_SNOOPING__ -DLINUX26 -DINCLUDE_IPV6 -DPRESET_WL_SECURITY -DNEW_BCM_WPS_IPC -DSUPPORT_AC_MODE -DSTA_MODE -DPPP_RU_DESIGN -DEXT_ACS -D__CONFIG_PLC__ -D__CONFIG_URE__ -DPLC -DWPS_LONGPUSH_DISABLE -Os -DLINUX26 -DCONFIG_KERNEL_2_6_36 -I/home/tab/r6300/V1.0.0.88_1.0.14/ap/gpl/iserver/build/include -I/home/tab/r6300/V1.0.0.88_1.0.14/ap/gpl/iserver/build/include -fPIC -DPIC conftest.c >&5
configure:7373: $? = 0
configure:7386: result: yes
configure:7414: checking if arm-brcm-linux-uclibcgnueabi-gcc static flag -static works
configure:7442: result: yes
configure:7452: checking if arm-brcm-linux-uclibcgnueabi-gcc supports -c -o file.o
configure:7473: arm-brcm-linux-uclibcgnueabi-gcc -c -Os -O2 -DBCMWPA2 -DRESTART_ALL_PROCESSES -D__CONFIG_USBAP__ -DBCMQOS -DBCMWPS -D__CONFIG_EMF__ -DTRAFFIC_MGMT -DPHYMON -DSUPPORT_REMOTE_HTTPS -DINCLUDE_WPS_V20 -DINCLUDE_5G_AUTO_CHANNEL -DOPENDNS_PARENTAL_CONTROL -DINCLUDE_UCP -DU12H240 -DR6300v2 -DMULTIPLE_SSID -DENABLE_ML -DBCM53125 -DBCM5301X -DCONFIG_RUSSIA_IPTV -DDLNA -DHTTP_ACCESS_USB -DMAX_USB_ACCESS -DSAMBA_ENABLE -DUSB_NEW_SPEC -DINCLUDE_WIFI_BUTTON -DINCLUDE_USB_LED -DINCLUDE_DUAL_BAND -DSINGLE_FIRMWARE -DINCLUDE_GET_ST_CHKSUM -DUNIFIED_STR_TBL -DFIRST_MTD_ROTATION -DWIFI_ON_OFF_SCHE -DAUTO_CONN_24HR -DIGMP_PROXY -DAP_MODE -D__CONFIG_IGMP_SNOOPING__ -DLINUX26 -DINCLUDE_IPV6 -DPRESET_WL_SECURITY -DNEW_BCM_WPS_IPC -DSUPPORT_AC_MODE -DSTA_MODE -DPPP_RU_DESIGN -DEXT_ACS -D__CONFIG_PLC__ -D__CONFIG_URE__ -DPLC -DWPS_LONGPUSH_DISABLE -Os -DLINUX26 -DCONFIG_KERNEL_2_6_36 -I/home/tab/r6300/V1.0.0.88_1.0.14/ap/gpl/iserver/build/include -I/home/tab/r6300/V1.0.0.88_1.0.14/ap/gpl/iserver/build/include -o out/conftest2.o conftest.c >&5
configure:7477: $? = 0
configure:7499: result: yes
configure:7525: checking whether the arm-brcm-linux-uclibcgnueabi-gcc linker (arm-brcm-linux-uclibcgnueabi-ld) supports shared libraries
configure:8487: result: yes
configure:8508: checking whether -lc should be explicitly linked in
configure:8513: arm-brcm-linux-uclibcgnueabi-gcc -c -Os -O2 -DBCMWPA2 -DRESTART_ALL_PROCESSES -D__CONFIG_USBAP__ -DBCMQOS -DBCMWPS -D__CONFIG_EMF__ -DTRAFFIC_MGMT -DPHYMON -DSUPPORT_REMOTE_HTTPS -DINCLUDE_WPS_V20 -DINCLUDE_5G_AUTO_CHANNEL -DOPENDNS_PARENTAL_CONTROL -DINCLUDE_UCP -DU12H240 -DR6300v2 -DMULTIPLE_SSID -DENABLE_ML -DBCM53125 -DBCM5301X -DCONFIG_RUSSIA_IPTV -DDLNA -DHTTP_ACCESS_USB -DMAX_USB_ACCESS -DSAMBA_ENABLE -DUSB_NEW_SPEC -DINCLUDE_WIFI_BUTTON -DINCLUDE_USB_LED -DINCLUDE_DUAL_BAND -DSINGLE_FIRMWARE -DINCLUDE_GET_ST_CHKSUM -DUNIFIED_STR_TBL -DFIRST_MTD_ROTATION -DWIFI_ON_OFF_SCHE -DAUTO_CONN_24HR -DIGMP_PROXY -DAP_MODE -D__CONFIG_IGMP_SNOOPING__ -DLINUX26 -DINCLUDE_IPV6 -DPRESET_WL_SECURITY -DNEW_BCM_WPS_IPC -DSUPPORT_AC_MODE -DSTA_MODE -DPPP_RU_DESIGN -DEXT_ACS -D__CONFIG_PLC__ -D__CONFIG_URE__ -DPLC -DWPS_LONGPUSH_DISABLE -Os -DLINUX26 -DCONFIG_KERNEL_2_6_36 -I/home/tab/r6300/V1.0.0.88_1.0.14/ap/gpl/iserver/build/include -I/home/tab/r6300/V1.0.0.88_1.0.14/ap/gpl/iserver/build/include conftest.c >&5
configure:8516: $? = 0
configure:8531: arm-brcm-linux-uclibcgnueabi-gcc -shared conftest.o  -v -Wl,-soname -Wl,conftest -o conftest 2\>\&1 \| grep  -lc  \>/dev/null 2\>\&1
configure:8534: $? = 0
configure:8546: result: no
configure:8554: checking dynamic linker characteristics
configure:9163: result: GNU/Linux ld.so
configure:9172: checking how to hardcode library paths into programs
configure:9197: result: immediate
configure:9211: checking whether stripping libraries is possible
configure:9216: result: yes
configure:10045: checking if libtool supports shared libraries
configure:10047: result: yes
configure:10050: checking whether to build shared libraries
configure:10071: result: yes
configure:10074: checking whether to build static libraries
configure:10078: result: yes
configure:10170: creating libtool
configure:10761: checking for ld used by g++
configure:10828: result: arm-brcm-linux-uclibcgnueabi-ld
configure:10837: checking if the linker (arm-brcm-linux-uclibcgnueabi-ld) is GNU ld
configure:10852: result: yes
configure:10903: checking whether the g++ linker (arm-brcm-linux-uclibcgnueabi-ld) supports shared libraries
configure:11845: result: yes
configure:11863: g++ -c -g -O2 -I/home/tab/r6300/V1.0.0.88_1.0.14/ap/gpl/iserver/build/include conftest.cpp >&5
configure:11866: $? = 0
configure:11985: checking for g++ option to produce PIC
configure:12259: result: -fPIC
configure:12267: checking if g++ PIC flag -fPIC works
configure:12285: g++ -c -g -O2 -I/home/tab/r6300/V1.0.0.88_1.0.14/ap/gpl/iserver/build/include -fPIC -DPIC conftest.cpp >&5
configure:12289: $? = 0
configure:12302: result: yes
configure:12330: checking if g++ static flag -static works
configure:12358: result: yes
configure:12368: checking if g++ supports -c -o file.o
configure:12389: g++ -c -g -O2 -I/home/tab/r6300/V1.0.0.88_1.0.14/ap/gpl/iserver/build/include -o out/conftest2.o conftest.cpp >&5
configure:12393: $? = 0
configure:12415: result: yes
configure:12441: checking whether the g++ linker (arm-brcm-linux-uclibcgnueabi-ld) supports shared libraries
configure:12466: result: yes
configure:12533: checking dynamic linker characteristics
configure:13142: result: GNU/Linux ld.so
configure:13151: checking how to hardcode library paths into programs
configure:13176: result: immediate
configure:13705: checking if libtool supports shared libraries
configure:13707: result: yes
configure:13710: checking whether to build shared libraries
configure:13730: result: yes
configure:13733: checking whether to build static libraries
configure:13737: result: yes
configure:13747: checking for gfortran option to produce PIC
configure:13957: result: -fPIC
configure:13965: checking if gfortran PIC flag -fPIC works
configure:13983: gfortran -c -g -O2 -fPIC conftest.f >&5
configure:13987: $? = 0
configure:14000: result: yes
configure:14028: checking if gfortran static flag -static works
configure:14056: result: yes
configure:14066: checking if gfortran supports -c -o file.o
configure:14087: gfortran -c -g -O2 -o out/conftest2.o conftest.f >&5
configure:14091: $? = 0
configure:14113: result: yes
configure:14139: checking whether the gfortran linker (arm-brcm-linux-uclibcgnueabi-ld) supports shared libraries
configure:15081: result: yes
configure:15148: checking dynamic linker characteristics
configure:15757: result: GNU/Linux ld.so
configure:15766: checking how to hardcode library paths into programs
configure:15791: result: immediate
configure:19393: checking build system type
configure:19411: result: i686-pc-linux-gnu
configure:19433: checking host system type
configure:19448: result: arm-unknown-linux-gnu
configure:19473: checking compiler flags required for compiling ANTLR with arm-brcm-linux-uclibcgnueabi-gcc C compiler on host arm-unknown-linux-gnu
configure:19547: result:   -O  
configure:19582: checking for a BSD-compatible install
configure:19650: result: /usr/bin/install -c
configure:19661: checking whether ln -s works
configure:19665: result: yes
configure:19672: checking whether make sets $(MAKE)
configure:19694: result: yes
configure:19716: checking for sys/types.h
configure:19772: result: yes
configure:19716: checking for netinet/in.h
configure:19748: arm-brcm-linux-uclibcgnueabi-gcc -c   -O   -I/home/tab/r6300/V1.0.0.88_1.0.14/ap/gpl/iserver/build/include conftest.c >&5
configure:19755: $? = 0
configure:19772: result: yes
configure:19716: checking for arpa/nameser.h
configure:19748: arm-brcm-linux-uclibcgnueabi-gcc -c   -O   -I/home/tab/r6300/V1.0.0.88_1.0.14/ap/gpl/iserver/build/include conftest.c >&5
configure:19755: $? = 0
configure:19772: result: yes
configure:19716: checking for netdb.h
configure:19748: arm-brcm-linux-uclibcgnueabi-gcc -c   -O   -I/home/tab/r6300/V1.0.0.88_1.0.14/ap/gpl/iserver/build/include conftest.c >&5
configure:19755: $? = 0
configure:19772: result: yes
configure:19716: checking for resolv.h
configure:19748: arm-brcm-linux-uclibcgnueabi-gcc -c   -O   -I/home/tab/r6300/V1.0.0.88_1.0.14/ap/gpl/iserver/build/include conftest.c >&5
configure:19755: $? = 0
configure:19772: result: yes
configure:19791: checking for sys/malloc.h
configure:19818: arm-brcm-linux-uclibcgnueabi-gcc -c   -O   -I/home/tab/r6300/V1.0.0.88_1.0.14/ap/gpl/iserver/build/include conftest.c >&5
conftest.c:34:24: fatal error: sys/malloc.h: No such file or directory
compilation terminated.
configure:19825: $? = 1
configure: failed program was:
| /* confdefs.h.  */
| #define PACKAGE_NAME "libantlr3c"
| #define PACKAGE_TARNAME "libantlr3c"
| #define PACKAGE_VERSION "3.2"
| #define PACKAGE_STRING "libantlr3c 3.2"
| #define PACKAGE_BUGREPORT "jimi@temporal-wave.com"
| #define PACKAGE "libantlr3c"
| #define VERSION "3.2"
| #define STDC_HEADERS 1
| #define HAVE_SYS_TYPES_H 1
| #define HAVE_SYS_STAT_H 1
| #define HAVE_STDLIB_H 1
| #define HAVE_STRING_H 1
| #define HAVE_MEMORY_H 1
| #define HAVE_STRINGS_H 1
| #define HAVE_INTTYPES_H 1
| #define HAVE_STDINT_H 1
| #define HAVE_UNISTD_H 1
| #define HAVE_DLFCN_H 1
| #define HAVE_SYS_TYPES_H 1
| #define HAVE_NETINET_IN_H 1
| #define HAVE_ARPA_NAMESER_H 1
| #define HAVE_NETDB_H 1
| #define HAVE_RESOLV_H 1
| /* end confdefs.h.  */
| #ifdef HAVE_SYS_MALLOC_H
| #include <sys/malloc.h>
| #endif
| #ifdef HAVE_MALLOC_H
| #include <malloc.h>
| #endif
| 
| 
| #include <sys/malloc.h>
configure:19842: result: no
configure:19791: checking for malloc.h
configure:19818: arm-brcm-linux-uclibcgnueabi-gcc -c   -O   -I/home/tab/r6300/V1.0.0.88_1.0.14/ap/gpl/iserver/build/include conftest.c >&5
configure:19825: $? = 0
configure:19842: result: yes
configure:19859: checking for stdarg.h
configure:19883: arm-brcm-linux-uclibcgnueabi-gcc -c   -O   -I/home/tab/r6300/V1.0.0.88_1.0.14/ap/gpl/iserver/build/include conftest.c >&5
configure:19890: $? = 0
configure:19907: result: yes
configure:19925: checking for sys/stat.h
configure:19973: result: yes
configure:19991: checking for ctype.h
configure:20015: arm-brcm-linux-uclibcgnueabi-gcc -c   -O   -I/home/tab/r6300/V1.0.0.88_1.0.14/ap/gpl/iserver/build/include conftest.c >&5
configure:20022: $? = 0
configure:20039: result: yes
configure:20057: checking for netinet/tcp.h
configure:20081: arm-brcm-linux-uclibcgnueabi-gcc -c   -O   -I/home/tab/r6300/V1.0.0.88_1.0.14/ap/gpl/iserver/build/include conftest.c >&5
configure:20088: $? = 0
configure:20105: result: yes
configure:20124: checking for sys/socket.h
configure:20151: arm-brcm-linux-uclibcgnueabi-gcc -c   -O   -I/home/tab/r6300/V1.0.0.88_1.0.14/ap/gpl/iserver/build/include conftest.c >&5
configure:20158: $? = 0
configure:20175: result: yes
configure:20124: checking for socket.h
configure:20151: arm-brcm-linux-uclibcgnueabi-gcc -c   -O   -I/home/tab/r6300/V1.0.0.88_1.0.14/ap/gpl/iserver/build/include conftest.c >&5
conftest.c:40:20: fatal error: socket.h: No such file or directory
compilation terminated.
configure:20158: $? = 1
configure: failed program was:
| /* confdefs.h.  */
| #define PACKAGE_NAME "libantlr3c"
| #define PACKAGE_TARNAME "libantlr3c"
| #define PACKAGE_VERSION "3.2"
| #define PACKAGE_STRING "libantlr3c 3.2"
| #define PACKAGE_BUGREPORT "jimi@temporal-wave.com"
| #define PACKAGE "libantlr3c"
| #define VERSION "3.2"
| #define STDC_HEADERS 1
| #define HAVE_SYS_TYPES_H 1
| #define HAVE_SYS_STAT_H 1
| #define HAVE_STDLIB_H 1
| #define HAVE_STRING_H 1
| #define HAVE_MEMORY_H 1
| #define HAVE_STRINGS_H 1
| #define HAVE_INTTYPES_H 1
| #define HAVE_STDINT_H 1
| #define HAVE_UNISTD_H 1
| #define HAVE_DLFCN_H 1
| #define HAVE_SYS_TYPES_H 1
| #define HAVE_NETINET_IN_H 1
| #define HAVE_ARPA_NAMESER_H 1
| #define HAVE_NETDB_H 1
| #define HAVE_RESOLV_H 1
| #define HAVE_MALLOC_H 1
| #define HAVE_STDARG_H 1
| #define HAVE_SYS_STAT_H 1
| #define HAVE_CTYPE_H 1
| #define HAVE_NETINET_TCP_H 1
| #define HAVE_SYS_SOCKET_H 1
| /* end confdefs.h.  */
| #ifdef HAVE_SYS_SOCKET_H
| #include <sys/socket.h>
| #endif
| #ifdef HAVE_SOCKET_H
| #include <socket.h>
| #endif
| 
| 
| #include <socket.h>
configure:20175: result: no
configure:20190: checking for an ANSI C-conforming const
configure:20265: arm-brcm-linux-uclibcgnueabi-gcc -c   -O   -I/home/tab/r6300/V1.0.0.88_1.0.14/ap/gpl/iserver/build/include conftest.c >&5
configure:20272: $? = 0
configure:20287: result: yes
configure:20297: checking for size_t
configure:20325: arm-brcm-linux-uclibcgnueabi-gcc -c   -O   -I/home/tab/r6300/V1.0.0.88_1.0.14/ap/gpl/iserver/build/include conftest.c >&5
configure:20332: $? = 0
configure:20359: arm-brcm-linux-uclibcgnueabi-gcc -c   -O   -I/home/tab/r6300/V1.0.0.88_1.0.14/ap/gpl/iserver/build/include conftest.c >&5
conftest.c: In function 'main':
conftest.c:68:21: error: expected expression before ')' token
configure:20366: $? = 1
configure: failed program was:
| /* confdefs.h.  */
| #define PACKAGE_NAME "libantlr3c"
| #define PACKAGE_TARNAME "libantlr3c"
| #define PACKAGE_VERSION "3.2"
| #define PACKAGE_STRING "libantlr3c 3.2"
| #define PACKAGE_BUGREPORT "jimi@temporal-wave.com"
| #define PACKAGE "libantlr3c"
| #define VERSION "3.2"
| #define STDC_HEADERS 1
| #define HAVE_SYS_TYPES_H 1
| #define HAVE_SYS_STAT_H 1
| #define HAVE_STDLIB_H 1
| #define HAVE_STRING_H 1
| #define HAVE_MEMORY_H 1
| #define HAVE_STRINGS_H 1
| #define HAVE_INTTYPES_H 1
| #define HAVE_STDINT_H 1
| #define HAVE_UNISTD_H 1
| #define HAVE_DLFCN_H 1
| #define HAVE_SYS_TYPES_H 1
| #define HAVE_NETINET_IN_H 1
| #define HAVE_ARPA_NAMESER_H 1
| #define HAVE_NETDB_H 1
| #define HAVE_RESOLV_H 1
| #define HAVE_MALLOC_H 1
| #define HAVE_STDARG_H 1
| #define HAVE_SYS_STAT_H 1
| #define HAVE_CTYPE_H 1
| #define HAVE_NETINET_TCP_H 1
| #define HAVE_SYS_SOCKET_H 1
| /* end confdefs.h.  */
| #include <stdio.h>
| #ifdef HAVE_SYS_TYPES_H
| # include <sys/types.h>
| #endif
| #ifdef HAVE_SYS_STAT_H
| # include <sys/stat.h>
| #endif
| #ifdef STDC_HEADERS
| # include <stdlib.h>
| # include <stddef.h>
| #else
| # ifdef HAVE_STDLIB_H
| #  include <stdlib.h>
| # endif
| #endif
| #ifdef HAVE_STRING_H
| # if !defined STDC_HEADERS && defined HAVE_MEMORY_H
| #  include <memory.h>
| # endif
| # include <string.h>
| #endif
| #ifdef HAVE_STRINGS_H
| # include <strings.h>
| #endif
| #ifdef HAVE_INTTYPES_H
| # include <inttypes.h>
| #endif
| #ifdef HAVE_STDINT_H
| # include <stdint.h>
| #endif
| #ifdef HAVE_UNISTD_H
| # include <unistd.h>
| #endif
| int
| main ()
| {
| if (sizeof ((size_t)))
| 	  return 0;
|   ;
|   return 0;
| }
configure:20389: result: yes
configure:20402: checking for int8_t
configure:20433: arm-brcm-linux-uclibcgnueabi-gcc -c   -O   -I/home/tab/r6300/V1.0.0.88_1.0.14/ap/gpl/iserver/build/include conftest.c >&5
configure:20440: $? = 0
configure:20469: arm-brcm-linux-uclibcgnueabi-gcc -c   -O   -I/home/tab/r6300/V1.0.0.88_1.0.14/ap/gpl/iserver/build/include conftest.c >&5
conftest.c: In function 'main':
conftest.c:68:12: error: size of array 'test_array' is negative
configure:20476: $? = 1
configure: failed program was:
| /* confdefs.h.  */
| #define PACKAGE_NAME "libantlr3c"
| #define PACKAGE_TARNAME "libantlr3c"
| #define PACKAGE_VERSION "3.2"
| #define PACKAGE_STRING "libantlr3c 3.2"
| #define PACKAGE_BUGREPORT "jimi@temporal-wave.com"
| #define PACKAGE "libantlr3c"
| #define VERSION "3.2"
| #define STDC_HEADERS 1
| #define HAVE_SYS_TYPES_H 1
| #define HAVE_SYS_STAT_H 1
| #define HAVE_STDLIB_H 1
| #define HAVE_STRING_H 1
| #define HAVE_MEMORY_H 1
| #define HAVE_STRINGS_H 1
| #define HAVE_INTTYPES_H 1
| #define HAVE_STDINT_H 1
| #define HAVE_UNISTD_H 1
| #define HAVE_DLFCN_H 1
| #define HAVE_SYS_TYPES_H 1
| #define HAVE_NETINET_IN_H 1
| #define HAVE_ARPA_NAMESER_H 1
| #define HAVE_NETDB_H 1
| #define HAVE_RESOLV_H 1
| #define HAVE_MALLOC_H 1
| #define HAVE_STDARG_H 1
| #define HAVE_SYS_STAT_H 1
| #define HAVE_CTYPE_H 1
| #define HAVE_NETINET_TCP_H 1
| #define HAVE_SYS_SOCKET_H 1
| /* end confdefs.h.  */
| #include <stdio.h>
| #ifdef HAVE_SYS_TYPES_H
| # include <sys/types.h>
| #endif
| #ifdef HAVE_SYS_STAT_H
| # include <sys/stat.h>
| #endif
| #ifdef STDC_HEADERS
| # include <stdlib.h>
| # include <stddef.h>
| #else
| # ifdef HAVE_STDLIB_H
| #  include <stdlib.h>
| # endif
| #endif
| #ifdef HAVE_STRING_H
| # if !defined STDC_HEADERS && defined HAVE_MEMORY_H
| #  include <memory.h>
| # endif
| # include <string.h>
| #endif
| #ifdef HAVE_STRINGS_H
| # include <strings.h>
| #endif
| #ifdef HAVE_INTTYPES_H
| # include <inttypes.h>
| #endif
| #ifdef HAVE_STDINT_H
| # include <stdint.h>
| #endif
| #ifdef HAVE_UNISTD_H
| # include <unistd.h>
| #endif
| int
| main ()
| {
| static int test_array [1 - 2 * !((int8_t) ((((int8_t) 1 << (8 - 2)) - 1) * 2 + 1)
| 		 < (int8_t) ((((int8_t) 1 << (8 - 2)) - 1) * 2 + 2))];
| test_array [0] = 0
| 
|   ;
|   return 0;
| }
configure:20505: result: yes
configure:20518: checking for int16_t
configure:20549: arm-brcm-linux-uclibcgnueabi-gcc -c   -O   -I/home/tab/r6300/V1.0.0.88_1.0.14/ap/gpl/iserver/build/include conftest.c >&5
configure:20556: $? = 0
configure:20585: arm-brcm-linux-uclibcgnueabi-gcc -c   -O   -I/home/tab/r6300/V1.0.0.88_1.0.14/ap/gpl/iserver/build/include conftest.c >&5
conftest.c: In function 'main':
conftest.c:68:12: error: size of array 'test_array' is negative
configure:20592: $? = 1
configure: failed program was:
| /* confdefs.h.  */
| #define PACKAGE_NAME "libantlr3c"
| #define PACKAGE_TARNAME "libantlr3c"
| #define PACKAGE_VERSION "3.2"
| #define PACKAGE_STRING "libantlr3c 3.2"
| #define PACKAGE_BUGREPORT "jimi@temporal-wave.com"
| #define PACKAGE "libantlr3c"
| #define VERSION "3.2"
| #define STDC_HEADERS 1
| #define HAVE_SYS_TYPES_H 1
| #define HAVE_SYS_STAT_H 1
| #define HAVE_STDLIB_H 1
| #define HAVE_STRING_H 1
| #define HAVE_MEMORY_H 1
| #define HAVE_STRINGS_H 1
| #define HAVE_INTTYPES_H 1
| #define HAVE_STDINT_H 1
| #define HAVE_UNISTD_H 1
| #define HAVE_DLFCN_H 1
| #define HAVE_SYS_TYPES_H 1
| #define HAVE_NETINET_IN_H 1
| #define HAVE_ARPA_NAMESER_H 1
| #define HAVE_NETDB_H 1
| #define HAVE_RESOLV_H 1
| #define HAVE_MALLOC_H 1
| #define HAVE_STDARG_H 1
| #define HAVE_SYS_STAT_H 1
| #define HAVE_CTYPE_H 1
| #define HAVE_NETINET_TCP_H 1
| #define HAVE_SYS_SOCKET_H 1
| /* end confdefs.h.  */
| #include <stdio.h>
| #ifdef HAVE_SYS_TYPES_H
| # include <sys/types.h>
| #endif
| #ifdef HAVE_SYS_STAT_H
| # include <sys/stat.h>
| #endif
| #ifdef STDC_HEADERS
| # include <stdlib.h>
| # include <stddef.h>
| #else
| # ifdef HAVE_STDLIB_H
| #  include <stdlib.h>
| # endif
| #endif
| #ifdef HAVE_STRING_H
| # if !defined STDC_HEADERS && defined HAVE_MEMORY_H
| #  include <memory.h>
| # endif
| # include <string.h>
| #endif
| #ifdef HAVE_STRINGS_H
| # include <strings.h>
| #endif
| #ifdef HAVE_INTTYPES_H
| # include <inttypes.h>
| #endif
| #ifdef HAVE_STDINT_H
| # include <stdint.h>
| #endif
| #ifdef HAVE_UNISTD_H
| # include <unistd.h>
| #endif
| int
| main ()
| {
| static int test_array [1 - 2 * !((int16_t) ((((int16_t) 1 << (16 - 2)) - 1) * 2 + 1)
| 		 < (int16_t) ((((int16_t) 1 << (16 - 2)) - 1) * 2 + 2))];
| test_array [0] = 0
| 
|   ;
|   return 0;
| }
configure:20621: result: yes
configure:20634: checking for int32_t
configure:20665: arm-brcm-linux-uclibcgnueabi-gcc -c   -O   -I/home/tab/r6300/V1.0.0.88_1.0.14/ap/gpl/iserver/build/include conftest.c >&5
configure:20672: $? = 0
configure:20701: arm-brcm-linux-uclibcgnueabi-gcc -c   -O   -I/home/tab/r6300/V1.0.0.88_1.0.14/ap/gpl/iserver/build/include conftest.c >&5
conftest.c: In function 'main':
conftest.c:69:53: warning: integer overflow in expression
conftest.c:68:12: error: size of array 'test_array' is negative
conftest.c:68:12: error: storage size of 'test_array' isn't constant
configure:20708: $? = 1
configure: failed program was:
| /* confdefs.h.  */
| #define PACKAGE_NAME "libantlr3c"
| #define PACKAGE_TARNAME "libantlr3c"
| #define PACKAGE_VERSION "3.2"
| #define PACKAGE_STRING "libantlr3c 3.2"
| #define PACKAGE_BUGREPORT "jimi@temporal-wave.com"
| #define PACKAGE "libantlr3c"
| #define VERSION "3.2"
| #define STDC_HEADERS 1
| #define HAVE_SYS_TYPES_H 1
| #define HAVE_SYS_STAT_H 1
| #define HAVE_STDLIB_H 1
| #define HAVE_STRING_H 1
| #define HAVE_MEMORY_H 1
| #define HAVE_STRINGS_H 1
| #define HAVE_INTTYPES_H 1
| #define HAVE_STDINT_H 1
| #define HAVE_UNISTD_H 1
| #define HAVE_DLFCN_H 1
| #define HAVE_SYS_TYPES_H 1
| #define HAVE_NETINET_IN_H 1
| #define HAVE_ARPA_NAMESER_H 1
| #define HAVE_NETDB_H 1
| #define HAVE_RESOLV_H 1
| #define HAVE_MALLOC_H 1
| #define HAVE_STDARG_H 1
| #define HAVE_SYS_STAT_H 1
| #define HAVE_CTYPE_H 1
| #define HAVE_NETINET_TCP_H 1
| #define HAVE_SYS_SOCKET_H 1
| /* end confdefs.h.  */
| #include <stdio.h>
| #ifdef HAVE_SYS_TYPES_H
| # include <sys/types.h>
| #endif
| #ifdef HAVE_SYS_STAT_H
| # include <sys/stat.h>
| #endif
| #ifdef STDC_HEADERS
| # include <stdlib.h>
| # include <stddef.h>
| #else
| # ifdef HAVE_STDLIB_H
| #  include <stdlib.h>
| # endif
| #endif
| #ifdef HAVE_STRING_H
| # if !defined STDC_HEADERS && defined HAVE_MEMORY_H
| #  include <memory.h>
| # endif
| # include <string.h>
| #endif
| #ifdef HAVE_STRINGS_H
| # include <strings.h>
| #endif
| #ifdef HAVE_INTTYPES_H
| # include <inttypes.h>
| #endif
| #ifdef HAVE_STDINT_H
| # include <stdint.h>
| #endif
| #ifdef HAVE_UNISTD_H
| # include <unistd.h>
| #endif
| int
| main ()
| {
| static int test_array [1 - 2 * !((int32_t) ((((int32_t) 1 << (32 - 2)) - 1) * 2 + 1)
| 		 < (int32_t) ((((int32_t) 1 << (32 - 2)) - 1) * 2 + 2))];
| test_array [0] = 0
| 
|   ;
|   return 0;
| }
configure:20737: result: yes
configure:20750: checking for int64_t
configure:20781: arm-brcm-linux-uclibcgnueabi-gcc -c   -O   -I/home/tab/r6300/V1.0.0.88_1.0.14/ap/gpl/iserver/build/include conftest.c >&5
configure:20788: $? = 0
configure:20817: arm-brcm-linux-uclibcgnueabi-gcc -c   -O   -I/home/tab/r6300/V1.0.0.88_1.0.14/ap/gpl/iserver/build/include conftest.c >&5
conftest.c: In function 'main':
conftest.c:69:53: warning: integer overflow in expression
conftest.c:68:12: error: size of array 'test_array' is negative
conftest.c:68:12: error: storage size of 'test_array' isn't constant
configure:20824: $? = 1
configure: failed program was:
| /* confdefs.h.  */
| #define PACKAGE_NAME "libantlr3c"
| #define PACKAGE_TARNAME "libantlr3c"
| #define PACKAGE_VERSION "3.2"
| #define PACKAGE_STRING "libantlr3c 3.2"
| #define PACKAGE_BUGREPORT "jimi@temporal-wave.com"
| #define PACKAGE "libantlr3c"
| #define VERSION "3.2"
| #define STDC_HEADERS 1
| #define HAVE_SYS_TYPES_H 1
| #define HAVE_SYS_STAT_H 1
| #define HAVE_STDLIB_H 1
| #define HAVE_STRING_H 1
| #define HAVE_MEMORY_H 1
| #define HAVE_STRINGS_H 1
| #define HAVE_INTTYPES_H 1
| #define HAVE_STDINT_H 1
| #define HAVE_UNISTD_H 1
| #define HAVE_DLFCN_H 1
| #define HAVE_SYS_TYPES_H 1
| #define HAVE_NETINET_IN_H 1
| #define HAVE_ARPA_NAMESER_H 1
| #define HAVE_NETDB_H 1
| #define HAVE_RESOLV_H 1
| #define HAVE_MALLOC_H 1
| #define HAVE_STDARG_H 1
| #define HAVE_SYS_STAT_H 1
| #define HAVE_CTYPE_H 1
| #define HAVE_NETINET_TCP_H 1
| #define HAVE_SYS_SOCKET_H 1
| /* end confdefs.h.  */
| #include <stdio.h>
| #ifdef HAVE_SYS_TYPES_H
| # include <sys/types.h>
| #endif
| #ifdef HAVE_SYS_STAT_H
| # include <sys/stat.h>
| #endif
| #ifdef STDC_HEADERS
| # include <stdlib.h>
| # include <stddef.h>
| #else
| # ifdef HAVE_STDLIB_H
| #  include <stdlib.h>
| # endif
| #endif
| #ifdef HAVE_STRING_H
| # if !defined STDC_HEADERS && defined HAVE_MEMORY_H
| #  include <memory.h>
| # endif
| # include <string.h>
| #endif
| #ifdef HAVE_STRINGS_H
| # include <strings.h>
| #endif
| #ifdef HAVE_INTTYPES_H
| # include <inttypes.h>
| #endif
| #ifdef HAVE_STDINT_H
| # include <stdint.h>
| #endif
| #ifdef HAVE_UNISTD_H
| # include <unistd.h>
| #endif
| int
| main ()
| {
| static int test_array [1 - 2 * !((int64_t) ((((int64_t) 1 << (64 - 2)) - 1) * 2 + 1)
| 		 < (int64_t) ((((int64_t) 1 << (64 - 2)) - 1) * 2 + 2))];
| test_array [0] = 0
| 
|   ;
|   return 0;
| }
configure:20853: result: yes
configure:20866: checking for intptr_t
configure:20894: arm-brcm-linux-uclibcgnueabi-gcc -c   -O   -I/home/tab/r6300/V1.0.0.88_1.0.14/ap/gpl/iserver/build/include conftest.c >&5
configure:20901: $? = 0
configure:20928: arm-brcm-linux-uclibcgnueabi-gcc -c   -O   -I/home/tab/r6300/V1.0.0.88_1.0.14/ap/gpl/iserver/build/include conftest.c >&5
conftest.c: In function 'main':
conftest.c:68:23: error: expected expression before ')' token
configure:20935: $? = 1
configure: failed program was:
| /* confdefs.h.  */
| #define PACKAGE_NAME "libantlr3c"
| #define PACKAGE_TARNAME "libantlr3c"
| #define PACKAGE_VERSION "3.2"
| #define PACKAGE_STRING "libantlr3c 3.2"
| #define PACKAGE_BUGREPORT "jimi@temporal-wave.com"
| #define PACKAGE "libantlr3c"
| #define VERSION "3.2"
| #define STDC_HEADERS 1
| #define HAVE_SYS_TYPES_H 1
| #define HAVE_SYS_STAT_H 1
| #define HAVE_STDLIB_H 1
| #define HAVE_STRING_H 1
| #define HAVE_MEMORY_H 1
| #define HAVE_STRINGS_H 1
| #define HAVE_INTTYPES_H 1
| #define HAVE_STDINT_H 1
| #define HAVE_UNISTD_H 1
| #define HAVE_DLFCN_H 1
| #define HAVE_SYS_TYPES_H 1
| #define HAVE_NETINET_IN_H 1
| #define HAVE_ARPA_NAMESER_H 1
| #define HAVE_NETDB_H 1
| #define HAVE_RESOLV_H 1
| #define HAVE_MALLOC_H 1
| #define HAVE_STDARG_H 1
| #define HAVE_SYS_STAT_H 1
| #define HAVE_CTYPE_H 1
| #define HAVE_NETINET_TCP_H 1
| #define HAVE_SYS_SOCKET_H 1
| /* end confdefs.h.  */
| #include <stdio.h>
| #ifdef HAVE_SYS_TYPES_H
| # include <sys/types.h>
| #endif
| #ifdef HAVE_SYS_STAT_H
| # include <sys/stat.h>
| #endif
| #ifdef STDC_HEADERS
| # include <stdlib.h>
| # include <stddef.h>
| #else
| # ifdef HAVE_STDLIB_H
| #  include <stdlib.h>
| # endif
| #endif
| #ifdef HAVE_STRING_H
| # if !defined STDC_HEADERS && defined HAVE_MEMORY_H
| #  include <memory.h>
| # endif
| # include <string.h>
| #endif
| #ifdef HAVE_STRINGS_H
| # include <strings.h>
| #endif
| #ifdef HAVE_INTTYPES_H
| # include <inttypes.h>
| #endif
| #ifdef HAVE_STDINT_H
| # include <stdint.h>
| #endif
| #ifdef HAVE_UNISTD_H
| # include <unistd.h>
| #endif
| int
| main ()
| {
| if (sizeof ((intptr_t)))
| 	  return 0;
|   ;
|   return 0;
| }
configure:20958: result: yes
configure:21023: checking for uint8_t
configure:21054: arm-brcm-linux-uclibcgnueabi-gcc -c   -O   -I/home/tab/r6300/V1.0.0.88_1.0.14/ap/gpl/iserver/build/include conftest.c >&5
configure:21061: $? = 0
configure:21082: result: yes
configure:21100: checking for uint16_t
configure:21131: arm-brcm-linux-uclibcgnueabi-gcc -c   -O   -I/home/tab/r6300/V1.0.0.88_1.0.14/ap/gpl/iserver/build/include conftest.c >&5
configure:21138: $? = 0
configure:21159: result: yes
configure:21173: checking for uint32_t
configure:21204: arm-brcm-linux-uclibcgnueabi-gcc -c   -O   -I/home/tab/r6300/V1.0.0.88_1.0.14/ap/gpl/iserver/build/include conftest.c >&5
configure:21211: $? = 0
configure:21232: result: yes
configure:21250: checking for uint64_t
configure:21281: arm-brcm-linux-uclibcgnueabi-gcc -c   -O   -I/home/tab/r6300/V1.0.0.88_1.0.14/ap/gpl/iserver/build/include conftest.c >&5
configure:21288: $? = 0
configure:21309: result: yes
configure:21327: checking for uintptr_t
configure:21355: arm-brcm-linux-uclibcgnueabi-gcc -c   -O   -I/home/tab/r6300/V1.0.0.88_1.0.14/ap/gpl/iserver/build/include conftest.c >&5
configure:21362: $? = 0
configure:21389: arm-brcm-linux-uclibcgnueabi-gcc -c   -O   -I/home/tab/r6300/V1.0.0.88_1.0.14/ap/gpl/iserver/build/include conftest.c >&5
conftest.c: In function 'main':
conftest.c:69:24: error: expected expression before ')' token
configure:21396: $? = 1
configure: failed program was:
| /* confdefs.h.  */
| #define PACKAGE_NAME "libantlr3c"
| #define PACKAGE_TARNAME "libantlr3c"
| #define PACKAGE_VERSION "3.2"
| #define PACKAGE_STRING "libantlr3c 3.2"
| #define PACKAGE_BUGREPORT "jimi@temporal-wave.com"
| #define PACKAGE "libantlr3c"
| #define VERSION "3.2"
| #define STDC_HEADERS 1
| #define HAVE_SYS_TYPES_H 1
| #define HAVE_SYS_STAT_H 1
| #define HAVE_STDLIB_H 1
| #define HAVE_STRING_H 1
| #define HAVE_MEMORY_H 1
| #define HAVE_STRINGS_H 1
| #define HAVE_INTTYPES_H 1
| #define HAVE_STDINT_H 1
| #define HAVE_UNISTD_H 1
| #define HAVE_DLFCN_H 1
| #define HAVE_SYS_TYPES_H 1
| #define HAVE_NETINET_IN_H 1
| #define HAVE_ARPA_NAMESER_H 1
| #define HAVE_NETDB_H 1
| #define HAVE_RESOLV_H 1
| #define HAVE_MALLOC_H 1
| #define HAVE_STDARG_H 1
| #define HAVE_SYS_STAT_H 1
| #define HAVE_CTYPE_H 1
| #define HAVE_NETINET_TCP_H 1
| #define HAVE_SYS_SOCKET_H 1
| #define HAVE_INTPTR_T 1
| /* end confdefs.h.  */
| #include <stdio.h>
| #ifdef HAVE_SYS_TYPES_H
| # include <sys/types.h>
| #endif
| #ifdef HAVE_SYS_STAT_H
| # include <sys/stat.h>
| #endif
| #ifdef STDC_HEADERS
| # include <stdlib.h>
| # include <stddef.h>
| #else
| # ifdef HAVE_STDLIB_H
| #  include <stdlib.h>
| # endif
| #endif
| #ifdef HAVE_STRING_H
| # if !defined STDC_HEADERS && defined HAVE_MEMORY_H
| #  include <memory.h>
| # endif
| # include <string.h>
| #endif
| #ifdef HAVE_STRINGS_H
| # include <strings.h>
| #endif
| #ifdef HAVE_INTTYPES_H
| # include <inttypes.h>
| #endif
| #ifdef HAVE_STDINT_H
| # include <stdint.h>
| #endif
| #ifdef HAVE_UNISTD_H
| # include <unistd.h>
| #endif
| int
| main ()
| {
| if (sizeof ((uintptr_t)))
| 	  return 0;
|   ;
|   return 0;
| }
configure:21419: result: yes
configure:21484: checking for inline
configure:21510: arm-brcm-linux-uclibcgnueabi-gcc -c   -O   -I/home/tab/r6300/V1.0.0.88_1.0.14/ap/gpl/iserver/build/include conftest.c >&5
configure:21517: $? = 0
configure:21535: result: inline
configure:21564: checking for memmove
configure:21620: arm-brcm-linux-uclibcgnueabi-gcc -o conftest   -O   -I/home/tab/r6300/V1.0.0.88_1.0.14/ap/gpl/iserver/build/include -L/home/tab/r6300/V1.0.0.88_1.0.14/ap/gpl/iserver/build/lib conftest.c  >&5
conftest.c:57:6: warning: conflicting types for built-in function 'memmove'
configure:21627: $? = 0
configure:21649: result: yes
configure:21564: checking for memset
configure:21620: arm-brcm-linux-uclibcgnueabi-gcc -o conftest   -O   -I/home/tab/r6300/V1.0.0.88_1.0.14/ap/gpl/iserver/build/include -L/home/tab/r6300/V1.0.0.88_1.0.14/ap/gpl/iserver/build/lib conftest.c  >&5
conftest.c:58:6: warning: conflicting types for built-in function 'memset'
configure:21627: $? = 0
configure:21649: result: yes
configure:21564: checking for strdup
configure:21620: arm-brcm-linux-uclibcgnueabi-gcc -o conftest   -O   -I/home/tab/r6300/V1.0.0.88_1.0.14/ap/gpl/iserver/build/include -L/home/tab/r6300/V1.0.0.88_1.0.14/ap/gpl/iserver/build/lib conftest.c  >&5
conftest.c:59:6: warning: conflicting types for built-in function 'strdup'
configure:21627: $? = 0
configure:21649: result: yes
configure:21564: checking for accept
configure:21620: arm-brcm-linux-uclibcgnueabi-gcc -o conftest   -O   -I/home/tab/r6300/V1.0.0.88_1.0.14/ap/gpl/iserver/build/include -L/home/tab/r6300/V1.0.0.88_1.0.14/ap/gpl/iserver/build/lib conftest.c  >&5
configure:21627: $? = 0
configure:21649: result: yes
configure:21798: creating ./config.status

## ---------------------- ##
## Running config.status. ##
## ---------------------- ##

This file was extended by libantlr3c config.status 3.2, which was
generated by GNU Autoconf 2.63.  Invocation command line was

  CONFIG_FILES    = 
  CONFIG_HEADERS  = 
  CONFIG_LINKS    = 
  CONFIG_COMMANDS = 
  $ ./config.status 

on localhost.localdomain

config.status:812: creating Makefile
config.status:812: creating antlr3config.h
config.status:1028: antlr3config.h is unchanged
config.status:1079: executing depfiles commands

## ---------------- ##
## Cache variables. ##
## ---------------- ##

ac_cv_build=i686-pc-linux-gnu
ac_cv_c_compiler_gnu=yes
ac_cv_c_const=yes
ac_cv_c_inline=inline
ac_cv_c_int16_t=yes
ac_cv_c_int32_t=yes
ac_cv_c_int64_t=yes
ac_cv_c_int8_t=yes
ac_cv_c_uint16_t=yes
ac_cv_c_uint32_t=yes
ac_cv_c_uint64_t=yes
ac_cv_c_uint8_t=yes
ac_cv_cxx_compiler_gnu=yes
ac_cv_env_CCC_set=
ac_cv_env_CCC_value=
ac_cv_env_CC_set=set
ac_cv_env_CC_value=arm-brcm-linux-uclibcgnueabi-gcc
ac_cv_env_CFLAGS_set=set
ac_cv_env_CFLAGS_value='-Os -O2 -DBCMWPA2 -DRESTART_ALL_PROCESSES -D__CONFIG_USBAP__ -DBCMQOS -DBCMWPS -D__CONFIG_EMF__ -DTRAFFIC_MGMT -DPHYMON -DSUPPORT_REMOTE_HTTPS -DINCLUDE_WPS_V20 -DINCLUDE_5G_AUTO_CHANNEL -DOPENDNS_PARENTAL_CONTROL -DINCLUDE_UCP -DU12H240 -DR6300v2 -DMULTIPLE_SSID -DENABLE_ML -DBCM53125 -DBCM5301X -DCONFIG_RUSSIA_IPTV -DDLNA -DHTTP_ACCESS_USB -DMAX_USB_ACCESS -DSAMBA_ENABLE -DUSB_NEW_SPEC -DINCLUDE_WIFI_BUTTON -DINCLUDE_USB_LED -DINCLUDE_DUAL_BAND -DSINGLE_FIRMWARE -DINCLUDE_GET_ST_CHKSUM -DUNIFIED_STR_TBL -DFIRST_MTD_ROTATION -DWIFI_ON_OFF_SCHE -DAUTO_CONN_24HR -DIGMP_PROXY -DAP_MODE -D__CONFIG_IGMP_SNOOPING__ -DLINUX26 -DINCLUDE_IPV6 -DPRESET_WL_SECURITY -DNEW_BCM_WPS_IPC -DSUPPORT_AC_MODE -DSTA_MODE -DPPP_RU_DESIGN -DEXT_ACS -D__CONFIG_PLC__ -D__CONFIG_URE__ -DPLC -DWPS_LONGPUSH_DISABLE -Os -DLINUX26 -DCONFIG_KERNEL_2_6_36 -I/home/tab/r6300/V1.0.0.88_1.0.14/ap/gpl/iserver/build/include'
ac_cv_env_CPPFLAGS_set=set
ac_cv_env_CPPFLAGS_value=-I/home/tab/r6300/V1.0.0.88_1.0.14/ap/gpl/iserver/build/include
ac_cv_env_CPP_set=set
ac_cv_env_CPP_value='arm-brcm-linux-uclibcgnueabi-gcc -E'
ac_cv_env_CXXCPP_set=
ac_cv_env_CXXCPP_value=
ac_cv_env_CXXFLAGS_set=
ac_cv_env_CXXFLAGS_value=
ac_cv_env_CXX_set=
ac_cv_env_CXX_value=
ac_cv_env_F77_set=
ac_cv_env_F77_value=
ac_cv_env_FFLAGS_set=
ac_cv_env_FFLAGS_value=
ac_cv_env_LDFLAGS_set=set
ac_cv_env_LDFLAGS_value=-L/home/tab/r6300/V1.0.0.88_1.0.14/ap/gpl/iserver/build/lib
ac_cv_env_LIBS_set=
ac_cv_env_LIBS_value=
ac_cv_env_build_alias_set=
ac_cv_env_build_alias_value=
ac_cv_env_host_alias_set=set
ac_cv_env_host_alias_value=arm-linux
ac_cv_env_target_alias_set=
ac_cv_env_target_alias_value=
ac_cv_f77_compiler_gnu=yes
ac_cv_func_accept=yes
ac_cv_func_memmove=yes
ac_cv_func_memset=yes
ac_cv_func_strdup=yes
ac_cv_header_arpa_nameser_h=yes
ac_cv_header_ctype_h=yes
ac_cv_header_dlfcn_h=yes
ac_cv_header_inttypes_h=yes
ac_cv_header_malloc_h=yes
ac_cv_header_memory_h=yes
ac_cv_header_netdb_h=yes
ac_cv_header_netinet_in_h=yes
ac_cv_header_netinet_tcp_h=yes
ac_cv_header_resolv_h=yes
ac_cv_header_socket_h=no
ac_cv_header_stdarg_h=yes
ac_cv_header_stdc=yes
ac_cv_header_stdint_h=yes
ac_cv_header_stdlib_h=yes
ac_cv_header_string_h=yes
ac_cv_header_strings_h=yes
ac_cv_header_sys_malloc_h=no
ac_cv_header_sys_socket_h=yes
ac_cv_header_sys_stat_h=yes
ac_cv_header_sys_types_h=yes
ac_cv_header_unistd_h=yes
ac_cv_host=arm-unknown-linux-gnu
ac_cv_objext=o
ac_cv_path_EGREP='/bin/grep -E'
ac_cv_path_GREP=/bin/grep
ac_cv_path_install='/usr/bin/install -c'
ac_cv_prog_AR=arm-brcm-linux-uclibcgnueabi-ar
ac_cv_prog_AWK=gawk
ac_cv_prog_CC=arm-brcm-linux-uclibcgnueabi-gcc
ac_cv_prog_CPP='arm-brcm-linux-uclibcgnueabi-gcc -E'
ac_cv_prog_CXXCPP='g++ -E'
ac_cv_prog_RANLIB=arm-brcm-linux-uclibcgnueabi-ranlib
ac_cv_prog_STRIP=arm-brcm-linux-uclibcgnueabi-strip
ac_cv_prog_ac_ct_CXX=g++
ac_cv_prog_ac_ct_F77=gfortran
ac_cv_prog_cc_c89=
ac_cv_prog_cc_g=yes
ac_cv_prog_cxx_g=yes
ac_cv_prog_f77_g=yes
ac_cv_prog_make_make_set=yes
ac_cv_type_intptr_t=yes
ac_cv_type_size_t=yes
ac_cv_type_uintptr_t=yes
am_cv_CC_dependencies_compiler_type=gcc3
am_cv_CXX_dependencies_compiler_type=gcc3
lt_cv_deplibs_check_method=pass_all
lt_cv_file_magic_cmd='$MAGIC_CMD'
lt_cv_file_magic_test_file=
lt_cv_ld_reload_flag=-r
lt_cv_objdir=.libs
lt_cv_path_LD=arm-brcm-linux-uclibcgnueabi-ld
lt_cv_path_LDCXX=arm-brcm-linux-uclibcgnueabi-ld
lt_cv_path_NM=arm-brcm-linux-uclibcgnueabi-nm
lt_cv_path_SED=/bin/sed
lt_cv_prog_compiler_c_o=yes
lt_cv_prog_compiler_c_o_CXX=yes
lt_cv_prog_compiler_c_o_F77=yes
lt_cv_prog_compiler_rtti_exceptions=no
lt_cv_prog_gnu_ld=yes
lt_cv_prog_gnu_ldcxx=yes
lt_cv_sys_global_symbol_pipe='sed -n -e '\''s/^.*[ 	]\([ABCDGIRSTW][ABCDGIRSTW]*\)[ 	][ 	]*\([_A-Za-z][_A-Za-z0-9]*\)$/\1 \2 \2/p'\'''
lt_cv_sys_global_symbol_to_c_name_address='sed -n -e '\''s/^: \([^ ]*\) $/  {\"\1\", (lt_ptr) 0},/p'\'' -e '\''s/^[BCDEGRST] \([^ ]*\) \([^ ]*\)$/  {"\2", (lt_ptr) \&\2},/p'\'''
lt_cv_sys_global_symbol_to_cdecl='sed -n -e '\''s/^. .* \(.*\)$/extern int \1;/p'\'''
lt_cv_sys_max_cmd_len=32768
lt_lt_cv_prog_compiler_c_o='"yes"'
lt_lt_cv_prog_compiler_c_o_CXX='"yes"'
lt_lt_cv_prog_compiler_c_o_F77='"yes"'
lt_lt_cv_sys_global_symbol_pipe='"sed -n -e '\''s/^.*[ 	]\\([ABCDGIRSTW][ABCDGIRSTW]*\\)[ 	][ 	]*\\([_A-Za-z][_A-Za-z0-9]*\\)\$/\\1 \\2 \\2/p'\''"'
lt_lt_cv_sys_global_symbol_to_c_name_address='"sed -n -e '\''s/^: \\([^ ]*\\) \$/  {\\\"\\1\\\", (lt_ptr) 0},/p'\'' -e '\''s/^[BCDEGRST] \\([^ ]*\\) \\([^ ]*\\)\$/  {\"\\2\", (lt_ptr) \\&\\2},/p'\''"'
lt_lt_cv_sys_global_symbol_to_cdecl='"sed -n -e '\''s/^. .* \\(.*\\)\$/extern int \\1;/p'\''"'

## ----------------- ##
## Output variables. ##
## ----------------- ##

ACLOCAL='${SHELL} /home/tab/r6300/V1.0.0.88_1.0.14/ap/gpl/iserver/libantlr3c-3.2/missing --run aclocal-1.9'
AMDEPBACKSLASH='\'
AMDEP_FALSE='#'
AMDEP_TRUE=''
AMTAR='${SHELL} /home/tab/r6300/V1.0.0.88_1.0.14/ap/gpl/iserver/libantlr3c-3.2/missing --run tar'
AR='arm-brcm-linux-uclibcgnueabi-ar'
AUTOCONF='${SHELL} /home/tab/r6300/V1.0.0.88_1.0.14/ap/gpl/iserver/libantlr3c-3.2/missing --run autoconf'
AUTOHEADER='${SHELL} /home/tab/r6300/V1.0.0.88_1.0.14/ap/gpl/iserver/libantlr3c-3.2/missing --run autoheader'
AUTOMAKE='${SHELL} /home/tab/r6300/V1.0.0.88_1.0.14/ap/gpl/iserver/libantlr3c-3.2/missing --run automake-1.9'
AWK='gawk'
CC='arm-brcm-linux-uclibcgnueabi-gcc'
CCDEPMODE='depmode=gcc3'
CFLAGS='  -O  '
CPP='arm-brcm-linux-uclibcgnueabi-gcc -E'
CPPFLAGS='-I/home/tab/r6300/V1.0.0.88_1.0.14/ap/gpl/iserver/build/include'
CXX='g++'
CXXCPP='g++ -E'
CXXDEPMODE='depmode=gcc3'
CXXFLAGS='-g -O2'
CYGPATH_W='echo'
DEFS='-DHAVE_CONFIG_H'
DEPDIR='.deps'
ECHO='echo'
ECHO_C=''
ECHO_N='-n'
ECHO_T=''
EGREP='/bin/grep -E'
EXEEXT=''
F77='gfortran'
FFLAGS='-g -O2'
GREP='/bin/grep'
INSTALL_DATA='${INSTALL} -m 644'
INSTALL_PROGRAM='${INSTALL}'
INSTALL_SCRIPT='${INSTALL}'
INSTALL_STRIP_PROGRAM='${SHELL} $(install_sh) -c -s'
LDFLAGS='-L/home/tab/r6300/V1.0.0.88_1.0.14/ap/gpl/iserver/build/lib'
LIBOBJS=''
LIBS=''
LIBTOOL='$(SHELL) $(top_builddir)/libtool'
LN_S='ln -s'
LTLIBOBJS=''
MAINT='#'
MAINTAINER_MODE_FALSE=''
MAINTAINER_MODE_TRUE='#'
MAKEINFO='${SHELL} /home/tab/r6300/V1.0.0.88_1.0.14/ap/gpl/iserver/libantlr3c-3.2/missing --run makeinfo'
OBJECT_MODE=''
OBJEXT='o'
PACKAGE='libantlr3c'
PACKAGE_BUGREPORT='jimi@temporal-wave.com'
PACKAGE_NAME='libantlr3c'
PACKAGE_STRING='libantlr3c 3.2'
PACKAGE_TARNAME='libantlr3c'
PACKAGE_VERSION='3.2'
PATH_SEPARATOR=':'
RANLIB='arm-brcm-linux-uclibcgnueabi-ranlib'
SED='/bin/sed'
SET_MAKE=''
SHELL='/bin/sh'
STRIP='arm-brcm-linux-uclibcgnueabi-strip'
VERSION='3.2'
ac_ct_CC=''
ac_ct_CXX='g++'
ac_ct_F77='gfortran'
am__fastdepCC_FALSE='#'
am__fastdepCC_TRUE=''
am__fastdepCXX_FALSE='#'
am__fastdepCXX_TRUE=''
am__include='include'
am__leading_dot='.'
am__quote=''
am__tar='${AMTAR} chof - "$$tardir"'
am__untar='${AMTAR} xf -'
bindir='${exec_prefix}/bin'
build='i686-pc-linux-gnu'
build_alias=''
build_cpu='i686'
build_os='linux-gnu'
build_vendor='pc'
datadir='${datarootdir}'
datarootdir='${prefix}/share'
docdir='${datarootdir}/doc/${PACKAGE_TARNAME}'
dvidir='${docdir}'
exec_prefix='${prefix}'
host='arm-unknown-linux-gnu'
host_alias='arm-linux'
host_cpu='arm'
host_os='linux-gnu'
host_vendor='unknown'
htmldir='${docdir}'
includedir='${prefix}/include'
infodir='${datarootdir}/info'
install_sh='/home/tab/r6300/V1.0.0.88_1.0.14/ap/gpl/iserver/libantlr3c-3.2/install-sh'
libdir='${exec_prefix}/lib'
libexecdir='${exec_prefix}/libexec'
localedir='${datarootdir}/locale'
localstatedir='${prefix}/var'
mandir='${datarootdir}/man'
mkdir_p='mkdir -p --'
oldincludedir='/usr/include'
pdfdir='${docdir}'
prefix='/usr'
program_transform_name='s,x,x,'
psdir='${docdir}'
sbindir='${exec_prefix}/sbin'
sharedstatedir='${prefix}/com'
sysconfdir='${prefix}/etc'
target_alias=''

## ----------- ##
## confdefs.h. ##
## ----------- ##

#define PACKAGE_NAME "libantlr3c"
#define PACKAGE_TARNAME "libantlr3c"
#define PACKAGE_VERSION "3.2"
#define PACKAGE_STRING "libantlr3c 3.2"
#define PACKAGE_BUGREPORT "jimi@temporal-wave.com"
#define PACKAGE "libantlr3c"
#define VERSION "3.2"
#define STDC_HEADERS 1
#define HAVE_SYS_TYPES_H 1
#define HAVE_SYS_STAT_H 1
#define HAVE_STDLIB_H 1
#define HAVE_STRING_H 1
#define HAVE_MEMORY_H 1
#define HAVE_STRINGS_H 1
#define HAVE_INTTYPES_H 1
#define HAVE_STDINT_H 1
#define HAVE_UNISTD_H 1
#define HAVE_DLFCN_H 1
#define HAVE_SYS_TYPES_H 1
#define HAVE_NETINET_IN_H 1
#define HAVE_ARPA_NAMESER_H 1
#define HAVE_NETDB_H 1
#define HAVE_RESOLV_H 1
#define HAVE_MALLOC_H 1
#define HAVE_STDARG_H 1
#define HAVE_SYS_STAT_H 1
#define HAVE_CTYPE_H 1
#define HAVE_NETINET_TCP_H 1
#define HAVE_SYS_SOCKET_H 1
#define HAVE_INTPTR_T 1
#define HAVE_UINTPTR_T 1
#define HAVE_MEMMOVE 1
#define HAVE_MEMSET 1
#define HAVE_STRDUP 1
#define HAVE_ACCEPT 1

configure: exit 0

## ---------------------- ##
## Running config.status. ##
## ---------------------- ##

This file was extended by libantlr3c config.status 3.2, which was
generated by GNU Autoconf 2.63.  Invocation command line was

  CONFIG_FILES    = 
  CONFIG_HEADERS  = 
  CONFIG_LINKS    = 
  CONFIG_COMMANDS = 
  $ ./config.status 

on localhost.localdomain

config.status:812: creating Makefile
config.status:812: creating antlr3config.h
config.status:1028: antlr3config.h is unchanged
config.status:1079: executing depfiles commands

## ---------------------- ##
## Running config.status. ##
## ---------------------- ##

This file was extended by libantlr3c config.status 3.2, which was
generated by GNU Autoconf 2.63.  Invocation command line was

  CONFIG_FILES    = 
  CONFIG_HEADERS  = 
  CONFIG_LINKS    = 
  CONFIG_COMMANDS = 
  $ ./config.status 

on foxconncpe2

config.status:812: creating Makefile
config.status:812: creating antlr3config.h
config.status:1028: antlr3config.h is unchanged
config.status:1079: executing depfiles commands
