This file contains any messages produced by compilers while
running configure, to aid debugging if configure makes a mistake.

It was created by iptables configure 1.4.12.2, which was
generated by GNU Autoconf 2.63.  Invocation command line was

  $ ./configure --target=arm-uclibc-linux --host=arm-uclibc-linux --build=i686-linux --with-kernel=/disk2/antony/R7000/GPL/V1.0.1.22/V1.0.1.22_1.0.15/components/opensource/linux/linux-2.6.36 --prefix=/disk2/antony/R7000/GPL/V1.0.1.22/V1.0.1.22_1.0.15/src/router/iptables-1.4.12/src/install PKG_CONFIG=/bin/false

## --------- ##
## Platform. ##
## --------- ##

hostname = linux
uname -m = i686
uname -r = 2.6.27.5-117.fc10.i686.PAE
uname -s = Linux
uname -v = #1 SMP Tue Nov 18 12:08:10 EST 2008

/usr/bin/uname -p = unknown
/bin/uname -X     = unknown

/bin/arch              = i686
/usr/bin/arch -k       = unknown
/usr/convex/getsysinfo = unknown
/usr/bin/hostinfo      = unknown
/bin/machine           = unknown
/usr/bin/oslevel       = unknown
/bin/universe          = unknown

PATH: /projects/hnd/tools/linux/hndtools-arm-linux-2.6.36-uclibc-4.5.3/bin/
PATH: /usr/lib/qt-3.3/bin
PATH: /usr/kerberos/bin
PATH: /usr/lib/ccache
PATH: /usr/local/bin
PATH: /bin
PATH: /usr/bin
PATH: /usr/local/sbin
PATH: /usr/sbin
PATH: /sbin
PATH: /home/antony/bin


## ----------- ##
## Core tests. ##
## ----------- ##

configure:2141: checking for a BSD-compatible install
configure:2209: result: /usr/bin/install -c
configure:2222: checking whether build environment is sane
configure:2282: result: yes
configure:2331: checking for arm-uclibc-linux-strip
configure:2358: result: arm-brcm-linux-uclibcgnueabi-strip
configure:2423: checking for a thread-safe mkdir -p
configure:2462: result: /bin/mkdir -p
configure:2475: checking for gawk
configure:2491: found /bin/gawk
configure:2502: result: gawk
configure:2513: checking whether make sets $(MAKE)
configure:2535: result: yes
configure:2625: checking for arm-uclibc-linux-gcc
configure:2652: result: arm-brcm-linux-uclibcgnueabi-gcc
configure:2924: checking for C compiler version
configure:2932: arm-brcm-linux-uclibcgnueabi-gcc --version >&5
arm-brcm-linux-uclibcgnueabi-gcc (Buildroot 2012.02) 4.5.3
Copyright (C) 2010 Free Software Foundation, Inc.
This is free software; see the source for copying conditions.  There is NO
warranty; not even for MERCHANTABILITY or FITNESS FOR A PARTICULAR PURPOSE.

configure:2936: $? = 0
configure:2943: arm-brcm-linux-uclibcgnueabi-gcc -v >&5
Using built-in specs.
COLLECT_GCC=arm-brcm-linux-uclibcgnueabi-gcc
COLLECT_LTO_WRAPPER=/projects/hnd/tools/linux/hndtools-arm-linux-2.6.36-uclibc-4.5.3/libexec/gcc/arm-brcm-linux-uclibcgnueabi/4.5.3/lto-wrapper
Target: arm-brcm-linux-uclibcgnueabi
Configured with: /projects/toolchains_build/buildroot-2012.02-brcm/output/toolchain/gcc-4.5.3/configure --prefix=/projects/hnd/tools/linux/hndtools-arm-linux-2.6.36-uclibc-4.5.3 --build=i686-pc-linux-gnu --host=i686-pc-linux-gnu --target=arm-brcm-linux-uclibcgnueabi --enable-languages=c,c++ --with-sysroot=/projects/hnd/tools/linux/hndtools-arm-linux-2.6.36-uclibc-4.5.3/arm-brcm-linux-uclibcgnueabi/sysroot --with-build-time-tools=/projects/hnd/tools/linux/hndtools-arm-linux-2.6.36-uclibc-4.5.3/arm-brcm-linux-uclibcgnueabi/bin --disable-__cxa_atexit --enable-target-optspace --disable-libgomp --with-gnu-ld --disable-libssp --disable-multilib --disable-tls --enable-shared --with-gmp=/projects/hnd/tools/linux/hndtools-arm-linux-2.6.36-uclibc-4.5.3 --with-mpfr=/projects/hnd/tools/linux/hndtools-arm-linux-2.6.36-uclibc-4.5.3 --with-mpc=/projects/hnd/tools/linux/hndtools-arm-linux-2.6.36-uclibc-4.5.3 --enable-threads --disable-decimal-float --with-float=soft --with-abi=aapcs-linux --with-arch=armv7-a --with-tune=cortex-a9 --with-pkgversion='Buildroot 2012.02' --with-bugurl=http://bugs.buildroot.net/
Thread model: posix
gcc version 4.5.3 (Buildroot 2012.02) 
configure:2947: $? = 0
configure:2954: arm-brcm-linux-uclibcgnueabi-gcc -V >&5
arm-brcm-linux-uclibcgnueabi-gcc: '-V' option must have argument
configure:2958: $? = 1
configure:2981: checking for C compiler default output file name
configure:3003: arm-brcm-linux-uclibcgnueabi-gcc -Os -O2 -DBCMNVRAM -DBCMWPA2 -DRESTART_ALL_PROCESSES -D__CONFIG_USBAP__ -DBCMQOS -DBCMWPS -D__CONFIG_EMF__ -DTRAFFIC_MGMT_RSSI_POLICY -DPHYMON -DSUPPORT_REMOTE_HTTPS -DINCLUDE_WPS_V20 -DINCLUDE_5G_AUTO_CHANNEL -DOPENDNS_PARENTAL_CONTROL -DINCLUDE_ACCESSCONTROL -DINCLUDE_UCP -DU12H270 -DR7000 -DMULTIPLE_SSID -DENABLE_ML -DOPEN_SOURCE_SUPPORT -DBCM53125 -DBCM5301X -DCONFIG_RUSSIA_IPTV -DVIDEO_STREAMING_QOS -DDLNA -DHTTP_ACCESS_USB -DMAX_USB_ACCESS -DSAMBA_ENABLE -DUSB_NEW_SPEC -DINCLUDE_WIFI_BUTTON -DINCLUDE_USB_LED -DINCLUDE_DUAL_BAND -DSINGLE_FIRMWARE -DINCLUDE_GET_ST_CHKSUM -DUNIFIED_STR_TBL -DFIRST_MTD_ROTATION -DWIFI_ON_OFF_SCHE -DAUTO_CONN_24HR -DIGMP_PROXY -DAP_MODE -D__CONFIG_IGMP_SNOOPING__ -DLINUX26 -DINCLUDE_IPV6 -DPRESET_WL_SECURITY -DNEW_BCM_WPS_IPC -DSUPPORT_AC_MODE -DSTA_MODE -DPPP_RU_DESIGN -DEXT_ACS -DBCM_DCS -DEXT_ACS   conftest.c  >&5
configure:3007: $? = 0
configure:3045: result: a.out
configure:3064: checking whether the C compiler works
configure:3097: result: yes
configure:3104: checking whether we are cross compiling
configure:3106: result: yes
configure:3109: checking for suffix of executables
configure:3116: arm-brcm-linux-uclibcgnueabi-gcc -o conftest -Os -O2 -DBCMNVRAM -DBCMWPA2 -DRESTART_ALL_PROCESSES -D__CONFIG_USBAP__ -DBCMQOS -DBCMWPS -D__CONFIG_EMF__ -DTRAFFIC_MGMT_RSSI_POLICY -DPHYMON -DSUPPORT_REMOTE_HTTPS -DINCLUDE_WPS_V20 -DINCLUDE_5G_AUTO_CHANNEL -DOPENDNS_PARENTAL_CONTROL -DINCLUDE_ACCESSCONTROL -DINCLUDE_UCP -DU12H270 -DR7000 -DMULTIPLE_SSID -DENABLE_ML -DOPEN_SOURCE_SUPPORT -DBCM53125 -DBCM5301X -DCONFIG_RUSSIA_IPTV -DVIDEO_STREAMING_QOS -DDLNA -DHTTP_ACCESS_USB -DMAX_USB_ACCESS -DSAMBA_ENABLE -DUSB_NEW_SPEC -DINCLUDE_WIFI_BUTTON -DINCLUDE_USB_LED -DINCLUDE_DUAL_BAND -DSINGLE_FIRMWARE -DINCLUDE_GET_ST_CHKSUM -DUNIFIED_STR_TBL -DFIRST_MTD_ROTATION -DWIFI_ON_OFF_SCHE -DAUTO_CONN_24HR -DIGMP_PROXY -DAP_MODE -D__CONFIG_IGMP_SNOOPING__ -DLINUX26 -DINCLUDE_IPV6 -DPRESET_WL_SECURITY -DNEW_BCM_WPS_IPC -DSUPPORT_AC_MODE -DSTA_MODE -DPPP_RU_DESIGN -DEXT_ACS -DBCM_DCS -DEXT_ACS   conftest.c  >&5
configure:3120: $? = 0
configure:3146: result: 
configure:3152: checking for suffix of object files
configure:3178: arm-brcm-linux-uclibcgnueabi-gcc -c -Os -O2 -DBCMNVRAM -DBCMWPA2 -DRESTART_ALL_PROCESSES -D__CONFIG_USBAP__ -DBCMQOS -DBCMWPS -D__CONFIG_EMF__ -DTRAFFIC_MGMT_RSSI_POLICY -DPHYMON -DSUPPORT_REMOTE_HTTPS -DINCLUDE_WPS_V20 -DINCLUDE_5G_AUTO_CHANNEL -DOPENDNS_PARENTAL_CONTROL -DINCLUDE_ACCESSCONTROL -DINCLUDE_UCP -DU12H270 -DR7000 -DMULTIPLE_SSID -DENABLE_ML -DOPEN_SOURCE_SUPPORT -DBCM53125 -DBCM5301X -DCONFIG_RUSSIA_IPTV -DVIDEO_STREAMING_QOS -DDLNA -DHTTP_ACCESS_USB -DMAX_USB_ACCESS -DSAMBA_ENABLE -DUSB_NEW_SPEC -DINCLUDE_WIFI_BUTTON -DINCLUDE_USB_LED -DINCLUDE_DUAL_BAND -DSINGLE_FIRMWARE -DINCLUDE_GET_ST_CHKSUM -DUNIFIED_STR_TBL -DFIRST_MTD_ROTATION -DWIFI_ON_OFF_SCHE -DAUTO_CONN_24HR -DIGMP_PROXY -DAP_MODE -D__CONFIG_IGMP_SNOOPING__ -DLINUX26 -DINCLUDE_IPV6 -DPRESET_WL_SECURITY -DNEW_BCM_WPS_IPC -DSUPPORT_AC_MODE -DSTA_MODE -DPPP_RU_DESIGN -DEXT_ACS -DBCM_DCS -DEXT_ACS  conftest.c >&5
configure:3182: $? = 0
configure:3207: result: o
configure:3211: checking whether we are using the GNU C compiler
configure:3240: arm-brcm-linux-uclibcgnueabi-gcc -c -Os -O2 -DBCMNVRAM -DBCMWPA2 -DRESTART_ALL_PROCESSES -D__CONFIG_USBAP__ -DBCMQOS -DBCMWPS -D__CONFIG_EMF__ -DTRAFFIC_MGMT_RSSI_POLICY -DPHYMON -DSUPPORT_REMOTE_HTTPS -DINCLUDE_WPS_V20 -DINCLUDE_5G_AUTO_CHANNEL -DOPENDNS_PARENTAL_CONTROL -DINCLUDE_ACCESSCONTROL -DINCLUDE_UCP -DU12H270 -DR7000 -DMULTIPLE_SSID -DENABLE_ML -DOPEN_SOURCE_SUPPORT -DBCM53125 -DBCM5301X -DCONFIG_RUSSIA_IPTV -DVIDEO_STREAMING_QOS -DDLNA -DHTTP_ACCESS_USB -DMAX_USB_ACCESS -DSAMBA_ENABLE -DUSB_NEW_SPEC -DINCLUDE_WIFI_BUTTON -DINCLUDE_USB_LED -DINCLUDE_DUAL_BAND -DSINGLE_FIRMWARE -DINCLUDE_GET_ST_CHKSUM -DUNIFIED_STR_TBL -DFIRST_MTD_ROTATION -DWIFI_ON_OFF_SCHE -DAUTO_CONN_24HR -DIGMP_PROXY -DAP_MODE -D__CONFIG_IGMP_SNOOPING__ -DLINUX26 -DINCLUDE_IPV6 -DPRESET_WL_SECURITY -DNEW_BCM_WPS_IPC -DSUPPORT_AC_MODE -DSTA_MODE -DPPP_RU_DESIGN -DEXT_ACS -DBCM_DCS -DEXT_ACS  conftest.c >&5
configure:3247: $? = 0
configure:3264: result: yes
configure:3273: checking whether arm-brcm-linux-uclibcgnueabi-gcc accepts -g
configure:3303: arm-brcm-linux-uclibcgnueabi-gcc -c -g  conftest.c >&5
configure:3310: $? = 0
configure:3411: result: yes
configure:3428: checking for arm-brcm-linux-uclibcgnueabi-gcc option to accept ISO C89
configure:3502: arm-brcm-linux-uclibcgnueabi-gcc  -c -Os -O2 -DBCMNVRAM -DBCMWPA2 -DRESTART_ALL_PROCESSES -D__CONFIG_USBAP__ -DBCMQOS -DBCMWPS -D__CONFIG_EMF__ -DTRAFFIC_MGMT_RSSI_POLICY -DPHYMON -DSUPPORT_REMOTE_HTTPS -DINCLUDE_WPS_V20 -DINCLUDE_5G_AUTO_CHANNEL -DOPENDNS_PARENTAL_CONTROL -DINCLUDE_ACCESSCONTROL -DINCLUDE_UCP -DU12H270 -DR7000 -DMULTIPLE_SSID -DENABLE_ML -DOPEN_SOURCE_SUPPORT -DBCM53125 -DBCM5301X -DCONFIG_RUSSIA_IPTV -DVIDEO_STREAMING_QOS -DDLNA -DHTTP_ACCESS_USB -DMAX_USB_ACCESS -DSAMBA_ENABLE -DUSB_NEW_SPEC -DINCLUDE_WIFI_BUTTON -DINCLUDE_USB_LED -DINCLUDE_DUAL_BAND -DSINGLE_FIRMWARE -DINCLUDE_GET_ST_CHKSUM -DUNIFIED_STR_TBL -DFIRST_MTD_ROTATION -DWIFI_ON_OFF_SCHE -DAUTO_CONN_24HR -DIGMP_PROXY -DAP_MODE -D__CONFIG_IGMP_SNOOPING__ -DLINUX26 -DINCLUDE_IPV6 -DPRESET_WL_SECURITY -DNEW_BCM_WPS_IPC -DSUPPORT_AC_MODE -DSTA_MODE -DPPP_RU_DESIGN -DEXT_ACS -DBCM_DCS -DEXT_ACS  conftest.c >&5
configure:3509: $? = 0
configure:3532: result: none needed
configure:3561: checking for style of include used by make
configure:3589: result: GNU
configure:3614: checking dependency style of arm-brcm-linux-uclibcgnueabi-gcc
configure:3724: result: gcc3
configure:3740: checking whether arm-brcm-linux-uclibcgnueabi-gcc and cc understand -c and -o together
configure:3775: arm-brcm-linux-uclibcgnueabi-gcc -c conftest.c -o conftest2.o >&5
configure:3779: $? = 0
configure:3785: arm-brcm-linux-uclibcgnueabi-gcc -c conftest.c -o conftest2.o >&5
configure:3789: $? = 0
configure:3800: cc -c conftest.c >&5
configure:3804: $? = 0
configure:3812: cc -c conftest.c -o conftest2.o >&5
configure:3816: $? = 0
configure:3822: cc -c conftest.c -o conftest2.o >&5
configure:3826: $? = 0
configure:3844: result: yes
configure:3933: checking build system type
configure:3951: result: i686-pc-linux-gnu
configure:3973: checking host system type
configure:3988: result: arm-uclibc-linux-gnu
configure:4010: checking for a sed that does not truncate output
configure:4076: result: /bin/sed
configure:4094: checking for grep that handles long lines and -e
configure:4154: result: /bin/grep
configure:4159: checking for egrep
configure:4223: result: /bin/grep -E
configure:4228: checking for fgrep
configure:4292: result: /bin/grep -F
configure:4327: checking for ld used by arm-brcm-linux-uclibcgnueabi-gcc
configure:4394: result: arm-brcm-linux-uclibcgnueabi-ld
configure:4403: checking if the linker (arm-brcm-linux-uclibcgnueabi-ld) is GNU ld
configure:4418: result: yes
configure:4430: checking for BSD- or MS-compatible name lister (nm)
configure:4479: result: arm-brcm-linux-uclibcgnueabi-nm
configure:4597: checking the name lister (arm-brcm-linux-uclibcgnueabi-nm) interface
configure:4604: arm-brcm-linux-uclibcgnueabi-gcc -c -Os -O2 -DBCMNVRAM -DBCMWPA2 -DRESTART_ALL_PROCESSES -D__CONFIG_USBAP__ -DBCMQOS -DBCMWPS -D__CONFIG_EMF__ -DTRAFFIC_MGMT_RSSI_POLICY -DPHYMON -DSUPPORT_REMOTE_HTTPS -DINCLUDE_WPS_V20 -DINCLUDE_5G_AUTO_CHANNEL -DOPENDNS_PARENTAL_CONTROL -DINCLUDE_ACCESSCONTROL -DINCLUDE_UCP -DU12H270 -DR7000 -DMULTIPLE_SSID -DENABLE_ML -DOPEN_SOURCE_SUPPORT -DBCM53125 -DBCM5301X -DCONFIG_RUSSIA_IPTV -DVIDEO_STREAMING_QOS -DDLNA -DHTTP_ACCESS_USB -DMAX_USB_ACCESS -DSAMBA_ENABLE -DUSB_NEW_SPEC -DINCLUDE_WIFI_BUTTON -DINCLUDE_USB_LED -DINCLUDE_DUAL_BAND -DSINGLE_FIRMWARE -DINCLUDE_GET_ST_CHKSUM -DUNIFIED_STR_TBL -DFIRST_MTD_ROTATION -DWIFI_ON_OFF_SCHE -DAUTO_CONN_24HR -DIGMP_PROXY -DAP_MODE -D__CONFIG_IGMP_SNOOPING__ -DLINUX26 -DINCLUDE_IPV6 -DPRESET_WL_SECURITY -DNEW_BCM_WPS_IPC -DSUPPORT_AC_MODE -DSTA_MODE -DPPP_RU_DESIGN -DEXT_ACS -DBCM_DCS -DEXT_ACS  conftest.c >&5
configure:4607: arm-brcm-linux-uclibcgnueabi-nm "conftest.o"
configure:4610: output
00000000 B some_variable
configure:4617: result: BSD nm
configure:4620: checking whether ln -s works
configure:4624: result: yes
configure:4632: checking the maximum length of command line arguments
configure:4752: result: 1966080
configure:4769: checking whether the shell understands some XSI constructs
configure:4779: result: yes
configure:4783: checking whether the shell understands "+="
configure:4789: result: yes
configure:4824: checking for arm-brcm-linux-uclibcgnueabi-ld option to reload object files
configure:4831: result: -r
configure:4860: checking for arm-uclibc-linux-objdump
configure:4890: result: no
configure:4900: checking for objdump
configure:4916: found /usr/bin/objdump
configure:4927: result: objdump
configure:4939: WARNING: using cross tools not prefixed with host triplet
configure:4959: checking how to recognize dependent libraries
configure:5155: result: pass_all
configure:5175: checking for arm-uclibc-linux-ar
configure:5202: result: arm-brcm-linux-uclibcgnueabi-ar
configure:5280: checking for arm-uclibc-linux-strip
configure:5307: result: arm-brcm-linux-uclibcgnueabi-strip
configure:5379: checking for arm-uclibc-linux-ranlib
configure:5406: result: arm-brcm-linux-uclibcgnueabi-ranlib
configure:5536: checking command to parse arm-brcm-linux-uclibcgnueabi-nm output from arm-brcm-linux-uclibcgnueabi-gcc object
configure:5654: arm-brcm-linux-uclibcgnueabi-gcc -c -Os -O2 -DBCMNVRAM -DBCMWPA2 -DRESTART_ALL_PROCESSES -D__CONFIG_USBAP__ -DBCMQOS -DBCMWPS -D__CONFIG_EMF__ -DTRAFFIC_MGMT_RSSI_POLICY -DPHYMON -DSUPPORT_REMOTE_HTTPS -DINCLUDE_WPS_V20 -DINCLUDE_5G_AUTO_CHANNEL -DOPENDNS_PARENTAL_CONTROL -DINCLUDE_ACCESSCONTROL -DINCLUDE_UCP -DU12H270 -DR7000 -DMULTIPLE_SSID -DENABLE_ML -DOPEN_SOURCE_SUPPORT -DBCM53125 -DBCM5301X -DCONFIG_RUSSIA_IPTV -DVIDEO_STREAMING_QOS -DDLNA -DHTTP_ACCESS_USB -DMAX_USB_ACCESS -DSAMBA_ENABLE -DUSB_NEW_SPEC -DINCLUDE_WIFI_BUTTON -DINCLUDE_USB_LED -DINCLUDE_DUAL_BAND -DSINGLE_FIRMWARE -DINCLUDE_GET_ST_CHKSUM -DUNIFIED_STR_TBL -DFIRST_MTD_ROTATION -DWIFI_ON_OFF_SCHE -DAUTO_CONN_24HR -DIGMP_PROXY -DAP_MODE -D__CONFIG_IGMP_SNOOPING__ -DLINUX26 -DINCLUDE_IPV6 -DPRESET_WL_SECURITY -DNEW_BCM_WPS_IPC -DSUPPORT_AC_MODE -DSTA_MODE -DPPP_RU_DESIGN -DEXT_ACS -DBCM_DCS -DEXT_ACS  conftest.c >&5
configure:5657: $? = 0
configure:5661: arm-brcm-linux-uclibcgnueabi-nm conftest.o \| sed -n -e 's/^.*[	 ]\([ABCDGIRSTW][ABCDGIRSTW]*\)[	 ][	 ]*\([_A-Za-z][_A-Za-z0-9]*\)$/\1 \2 \2/p' \> conftest.nm
configure:5664: $? = 0
configure:5718: arm-brcm-linux-uclibcgnueabi-gcc -o conftest -Os -O2 -DBCMNVRAM -DBCMWPA2 -DRESTART_ALL_PROCESSES -D__CONFIG_USBAP__ -DBCMQOS -DBCMWPS -D__CONFIG_EMF__ -DTRAFFIC_MGMT_RSSI_POLICY -DPHYMON -DSUPPORT_REMOTE_HTTPS -DINCLUDE_WPS_V20 -DINCLUDE_5G_AUTO_CHANNEL -DOPENDNS_PARENTAL_CONTROL -DINCLUDE_ACCESSCONTROL -DINCLUDE_UCP -DU12H270 -DR7000 -DMULTIPLE_SSID -DENABLE_ML -DOPEN_SOURCE_SUPPORT -DBCM53125 -DBCM5301X -DCONFIG_RUSSIA_IPTV -DVIDEO_STREAMING_QOS -DDLNA -DHTTP_ACCESS_USB -DMAX_USB_ACCESS -DSAMBA_ENABLE -DUSB_NEW_SPEC -DINCLUDE_WIFI_BUTTON -DINCLUDE_USB_LED -DINCLUDE_DUAL_BAND -DSINGLE_FIRMWARE -DINCLUDE_GET_ST_CHKSUM -DUNIFIED_STR_TBL -DFIRST_MTD_ROTATION -DWIFI_ON_OFF_SCHE -DAUTO_CONN_24HR -DIGMP_PROXY -DAP_MODE -D__CONFIG_IGMP_SNOOPING__ -DLINUX26 -DINCLUDE_IPV6 -DPRESET_WL_SECURITY -DNEW_BCM_WPS_IPC -DSUPPORT_AC_MODE -DSTA_MODE -DPPP_RU_DESIGN -DEXT_ACS -DBCM_DCS -DEXT_ACS   conftest.c conftstm.o >&5
configure:5721: $? = 0
configure:5759: result: ok
configure:6626: checking how to run the C preprocessor
configure:6666: arm-brcm-linux-uclibcgnueabi-gcc -E  conftest.c
configure:6673: $? = 0
configure:6704: arm-brcm-linux-uclibcgnueabi-gcc -E  conftest.c
conftest.c:10:28: fatal error: ac_nonexistent.h: No such file or directory
compilation terminated.
configure:6711: $? = 1
configure: failed program was:
| /* confdefs.h.  */
| #define PACKAGE_NAME "iptables"
| #define PACKAGE_TARNAME "iptables"
| #define PACKAGE_VERSION "1.4.12.2"
| #define PACKAGE_STRING "iptables 1.4.12.2"
| #define PACKAGE_BUGREPORT ""
| #define PACKAGE "iptables"
| #define VERSION "1.4.12.2"
| /* end confdefs.h.  */
| #include <ac_nonexistent.h>
configure:6744: result: arm-brcm-linux-uclibcgnueabi-gcc -E
configure:6773: arm-brcm-linux-uclibcgnueabi-gcc -E  conftest.c
configure:6780: $? = 0
configure:6811: arm-brcm-linux-uclibcgnueabi-gcc -E  conftest.c
conftest.c:10:28: fatal error: ac_nonexistent.h: No such file or directory
compilation terminated.
configure:6818: $? = 1
configure: failed program was:
| /* confdefs.h.  */
| #define PACKAGE_NAME "iptables"
| #define PACKAGE_TARNAME "iptables"
| #define PACKAGE_VERSION "1.4.12.2"
| #define PACKAGE_STRING "iptables 1.4.12.2"
| #define PACKAGE_BUGREPORT ""
| #define PACKAGE "iptables"
| #define VERSION "1.4.12.2"
| /* end confdefs.h.  */
| #include <ac_nonexistent.h>
configure:6858: checking for ANSI C header files
configure:6888: arm-brcm-linux-uclibcgnueabi-gcc -c -Os -O2 -DBCMNVRAM -DBCMWPA2 -DRESTART_ALL_PROCESSES -D__CONFIG_USBAP__ -DBCMQOS -DBCMWPS -D__CONFIG_EMF__ -DTRAFFIC_MGMT_RSSI_POLICY -DPHYMON -DSUPPORT_REMOTE_HTTPS -DINCLUDE_WPS_V20 -DINCLUDE_5G_AUTO_CHANNEL -DOPENDNS_PARENTAL_CONTROL -DINCLUDE_ACCESSCONTROL -DINCLUDE_UCP -DU12H270 -DR7000 -DMULTIPLE_SSID -DENABLE_ML -DOPEN_SOURCE_SUPPORT -DBCM53125 -DBCM5301X -DCONFIG_RUSSIA_IPTV -DVIDEO_STREAMING_QOS -DDLNA -DHTTP_ACCESS_USB -DMAX_USB_ACCESS -DSAMBA_ENABLE -DUSB_NEW_SPEC -DINCLUDE_WIFI_BUTTON -DINCLUDE_USB_LED -DINCLUDE_DUAL_BAND -DSINGLE_FIRMWARE -DINCLUDE_GET_ST_CHKSUM -DUNIFIED_STR_TBL -DFIRST_MTD_ROTATION -DWIFI_ON_OFF_SCHE -DAUTO_CONN_24HR -DIGMP_PROXY -DAP_MODE -D__CONFIG_IGMP_SNOOPING__ -DLINUX26 -DINCLUDE_IPV6 -DPRESET_WL_SECURITY -DNEW_BCM_WPS_IPC -DSUPPORT_AC_MODE -DSTA_MODE -DPPP_RU_DESIGN -DEXT_ACS -DBCM_DCS -DEXT_ACS  conftest.c >&5
configure:6895: $? = 0
configure:7026: result: yes
configure:7050: checking for sys/types.h
configure:7071: arm-brcm-linux-uclibcgnueabi-gcc -c -Os -O2 -DBCMNVRAM -DBCMWPA2 -DRESTART_ALL_PROCESSES -D__CONFIG_USBAP__ -DBCMQOS -DBCMWPS -D__CONFIG_EMF__ -DTRAFFIC_MGMT_RSSI_POLICY -DPHYMON -DSUPPORT_REMOTE_HTTPS -DINCLUDE_WPS_V20 -DINCLUDE_5G_AUTO_CHANNEL -DOPENDNS_PARENTAL_CONTROL -DINCLUDE_ACCESSCONTROL -DINCLUDE_UCP -DU12H270 -DR7000 -DMULTIPLE_SSID -DENABLE_ML -DOPEN_SOURCE_SUPPORT -DBCM53125 -DBCM5301X -DCONFIG_RUSSIA_IPTV -DVIDEO_STREAMING_QOS -DDLNA -DHTTP_ACCESS_USB -DMAX_USB_ACCESS -DSAMBA_ENABLE -DUSB_NEW_SPEC -DINCLUDE_WIFI_BUTTON -DINCLUDE_USB_LED -DINCLUDE_DUAL_BAND -DSINGLE_FIRMWARE -DINCLUDE_GET_ST_CHKSUM -DUNIFIED_STR_TBL -DFIRST_MTD_ROTATION -DWIFI_ON_OFF_SCHE -DAUTO_CONN_24HR -DIGMP_PROXY -DAP_MODE -D__CONFIG_IGMP_SNOOPING__ -DLINUX26 -DINCLUDE_IPV6 -DPRESET_WL_SECURITY -DNEW_BCM_WPS_IPC -DSUPPORT_AC_MODE -DSTA_MODE -DPPP_RU_DESIGN -DEXT_ACS -DBCM_DCS -DEXT_ACS  conftest.c >&5
configure:7078: $? = 0
configure:7095: result: yes
configure:7050: checking for sys/stat.h
configure:7071: arm-brcm-linux-uclibcgnueabi-gcc -c -Os -O2 -DBCMNVRAM -DBCMWPA2 -DRESTART_ALL_PROCESSES -D__CONFIG_USBAP__ -DBCMQOS -DBCMWPS -D__CONFIG_EMF__ -DTRAFFIC_MGMT_RSSI_POLICY -DPHYMON -DSUPPORT_REMOTE_HTTPS -DINCLUDE_WPS_V20 -DINCLUDE_5G_AUTO_CHANNEL -DOPENDNS_PARENTAL_CONTROL -DINCLUDE_ACCESSCONTROL -DINCLUDE_UCP -DU12H270 -DR7000 -DMULTIPLE_SSID -DENABLE_ML -DOPEN_SOURCE_SUPPORT -DBCM53125 -DBCM5301X -DCONFIG_RUSSIA_IPTV -DVIDEO_STREAMING_QOS -DDLNA -DHTTP_ACCESS_USB -DMAX_USB_ACCESS -DSAMBA_ENABLE -DUSB_NEW_SPEC -DINCLUDE_WIFI_BUTTON -DINCLUDE_USB_LED -DINCLUDE_DUAL_BAND -DSINGLE_FIRMWARE -DINCLUDE_GET_ST_CHKSUM -DUNIFIED_STR_TBL -DFIRST_MTD_ROTATION -DWIFI_ON_OFF_SCHE -DAUTO_CONN_24HR -DIGMP_PROXY -DAP_MODE -D__CONFIG_IGMP_SNOOPING__ -DLINUX26 -DINCLUDE_IPV6 -DPRESET_WL_SECURITY -DNEW_BCM_WPS_IPC -DSUPPORT_AC_MODE -DSTA_MODE -DPPP_RU_DESIGN -DEXT_ACS -DBCM_DCS -DEXT_ACS  conftest.c >&5
configure:7078: $? = 0
configure:7095: result: yes
configure:7050: checking for stdlib.h
configure:7071: arm-brcm-linux-uclibcgnueabi-gcc -c -Os -O2 -DBCMNVRAM -DBCMWPA2 -DRESTART_ALL_PROCESSES -D__CONFIG_USBAP__ -DBCMQOS -DBCMWPS -D__CONFIG_EMF__ -DTRAFFIC_MGMT_RSSI_POLICY -DPHYMON -DSUPPORT_REMOTE_HTTPS -DINCLUDE_WPS_V20 -DINCLUDE_5G_AUTO_CHANNEL -DOPENDNS_PARENTAL_CONTROL -DINCLUDE_ACCESSCONTROL -DINCLUDE_UCP -DU12H270 -DR7000 -DMULTIPLE_SSID -DENABLE_ML -DOPEN_SOURCE_SUPPORT -DBCM53125 -DBCM5301X -DCONFIG_RUSSIA_IPTV -DVIDEO_STREAMING_QOS -DDLNA -DHTTP_ACCESS_USB -DMAX_USB_ACCESS -DSAMBA_ENABLE -DUSB_NEW_SPEC -DINCLUDE_WIFI_BUTTON -DINCLUDE_USB_LED -DINCLUDE_DUAL_BAND -DSINGLE_FIRMWARE -DINCLUDE_GET_ST_CHKSUM -DUNIFIED_STR_TBL -DFIRST_MTD_ROTATION -DWIFI_ON_OFF_SCHE -DAUTO_CONN_24HR -DIGMP_PROXY -DAP_MODE -D__CONFIG_IGMP_SNOOPING__ -DLINUX26 -DINCLUDE_IPV6 -DPRESET_WL_SECURITY -DNEW_BCM_WPS_IPC -DSUPPORT_AC_MODE -DSTA_MODE -DPPP_RU_DESIGN -DEXT_ACS -DBCM_DCS -DEXT_ACS  conftest.c >&5
configure:7078: $? = 0
configure:7095: result: yes
configure:7050: checking for string.h
configure:7071: arm-brcm-linux-uclibcgnueabi-gcc -c -Os -O2 -DBCMNVRAM -DBCMWPA2 -DRESTART_ALL_PROCESSES -D__CONFIG_USBAP__ -DBCMQOS -DBCMWPS -D__CONFIG_EMF__ -DTRAFFIC_MGMT_RSSI_POLICY -DPHYMON -DSUPPORT_REMOTE_HTTPS -DINCLUDE_WPS_V20 -DINCLUDE_5G_AUTO_CHANNEL -DOPENDNS_PARENTAL_CONTROL -DINCLUDE_ACCESSCONTROL -DINCLUDE_UCP -DU12H270 -DR7000 -DMULTIPLE_SSID -DENABLE_ML -DOPEN_SOURCE_SUPPORT -DBCM53125 -DBCM5301X -DCONFIG_RUSSIA_IPTV -DVIDEO_STREAMING_QOS -DDLNA -DHTTP_ACCESS_USB -DMAX_USB_ACCESS -DSAMBA_ENABLE -DUSB_NEW_SPEC -DINCLUDE_WIFI_BUTTON -DINCLUDE_USB_LED -DINCLUDE_DUAL_BAND -DSINGLE_FIRMWARE -DINCLUDE_GET_ST_CHKSUM -DUNIFIED_STR_TBL -DFIRST_MTD_ROTATION -DWIFI_ON_OFF_SCHE -DAUTO_CONN_24HR -DIGMP_PROXY -DAP_MODE -D__CONFIG_IGMP_SNOOPING__ -DLINUX26 -DINCLUDE_IPV6 -DPRESET_WL_SECURITY -DNEW_BCM_WPS_IPC -DSUPPORT_AC_MODE -DSTA_MODE -DPPP_RU_DESIGN -DEXT_ACS -DBCM_DCS -DEXT_ACS  conftest.c >&5
configure:7078: $? = 0
configure:7095: result: yes
configure:7050: checking for memory.h
configure:7071: arm-brcm-linux-uclibcgnueabi-gcc -c -Os -O2 -DBCMNVRAM -DBCMWPA2 -DRESTART_ALL_PROCESSES -D__CONFIG_USBAP__ -DBCMQOS -DBCMWPS -D__CONFIG_EMF__ -DTRAFFIC_MGMT_RSSI_POLICY -DPHYMON -DSUPPORT_REMOTE_HTTPS -DINCLUDE_WPS_V20 -DINCLUDE_5G_AUTO_CHANNEL -DOPENDNS_PARENTAL_CONTROL -DINCLUDE_ACCESSCONTROL -DINCLUDE_UCP -DU12H270 -DR7000 -DMULTIPLE_SSID -DENABLE_ML -DOPEN_SOURCE_SUPPORT -DBCM53125 -DBCM5301X -DCONFIG_RUSSIA_IPTV -DVIDEO_STREAMING_QOS -DDLNA -DHTTP_ACCESS_USB -DMAX_USB_ACCESS -DSAMBA_ENABLE -DUSB_NEW_SPEC -DINCLUDE_WIFI_BUTTON -DINCLUDE_USB_LED -DINCLUDE_DUAL_BAND -DSINGLE_FIRMWARE -DINCLUDE_GET_ST_CHKSUM -DUNIFIED_STR_TBL -DFIRST_MTD_ROTATION -DWIFI_ON_OFF_SCHE -DAUTO_CONN_24HR -DIGMP_PROXY -DAP_MODE -D__CONFIG_IGMP_SNOOPING__ -DLINUX26 -DINCLUDE_IPV6 -DPRESET_WL_SECURITY -DNEW_BCM_WPS_IPC -DSUPPORT_AC_MODE -DSTA_MODE -DPPP_RU_DESIGN -DEXT_ACS -DBCM_DCS -DEXT_ACS  conftest.c >&5
configure:7078: $? = 0
configure:7095: result: yes
configure:7050: checking for strings.h
configure:7071: arm-brcm-linux-uclibcgnueabi-gcc -c -Os -O2 -DBCMNVRAM -DBCMWPA2 -DRESTART_ALL_PROCESSES -D__CONFIG_USBAP__ -DBCMQOS -DBCMWPS -D__CONFIG_EMF__ -DTRAFFIC_MGMT_RSSI_POLICY -DPHYMON -DSUPPORT_REMOTE_HTTPS -DINCLUDE_WPS_V20 -DINCLUDE_5G_AUTO_CHANNEL -DOPENDNS_PARENTAL_CONTROL -DINCLUDE_ACCESSCONTROL -DINCLUDE_UCP -DU12H270 -DR7000 -DMULTIPLE_SSID -DENABLE_ML -DOPEN_SOURCE_SUPPORT -DBCM53125 -DBCM5301X -DCONFIG_RUSSIA_IPTV -DVIDEO_STREAMING_QOS -DDLNA -DHTTP_ACCESS_USB -DMAX_USB_ACCESS -DSAMBA_ENABLE -DUSB_NEW_SPEC -DINCLUDE_WIFI_BUTTON -DINCLUDE_USB_LED -DINCLUDE_DUAL_BAND -DSINGLE_FIRMWARE -DINCLUDE_GET_ST_CHKSUM -DUNIFIED_STR_TBL -DFIRST_MTD_ROTATION -DWIFI_ON_OFF_SCHE -DAUTO_CONN_24HR -DIGMP_PROXY -DAP_MODE -D__CONFIG_IGMP_SNOOPING__ -DLINUX26 -DINCLUDE_IPV6 -DPRESET_WL_SECURITY -DNEW_BCM_WPS_IPC -DSUPPORT_AC_MODE -DSTA_MODE -DPPP_RU_DESIGN -DEXT_ACS -DBCM_DCS -DEXT_ACS  conftest.c >&5
configure:7078: $? = 0
configure:7095: result: yes
configure:7050: checking for inttypes.h
configure:7071: arm-brcm-linux-uclibcgnueabi-gcc -c -Os -O2 -DBCMNVRAM -DBCMWPA2 -DRESTART_ALL_PROCESSES -D__CONFIG_USBAP__ -DBCMQOS -DBCMWPS -D__CONFIG_EMF__ -DTRAFFIC_MGMT_RSSI_POLICY -DPHYMON -DSUPPORT_REMOTE_HTTPS -DINCLUDE_WPS_V20 -DINCLUDE_5G_AUTO_CHANNEL -DOPENDNS_PARENTAL_CONTROL -DINCLUDE_ACCESSCONTROL -DINCLUDE_UCP -DU12H270 -DR7000 -DMULTIPLE_SSID -DENABLE_ML -DOPEN_SOURCE_SUPPORT -DBCM53125 -DBCM5301X -DCONFIG_RUSSIA_IPTV -DVIDEO_STREAMING_QOS -DDLNA -DHTTP_ACCESS_USB -DMAX_USB_ACCESS -DSAMBA_ENABLE -DUSB_NEW_SPEC -DINCLUDE_WIFI_BUTTON -DINCLUDE_USB_LED -DINCLUDE_DUAL_BAND -DSINGLE_FIRMWARE -DINCLUDE_GET_ST_CHKSUM -DUNIFIED_STR_TBL -DFIRST_MTD_ROTATION -DWIFI_ON_OFF_SCHE -DAUTO_CONN_24HR -DIGMP_PROXY -DAP_MODE -D__CONFIG_IGMP_SNOOPING__ -DLINUX26 -DINCLUDE_IPV6 -DPRESET_WL_SECURITY -DNEW_BCM_WPS_IPC -DSUPPORT_AC_MODE -DSTA_MODE -DPPP_RU_DESIGN -DEXT_ACS -DBCM_DCS -DEXT_ACS  conftest.c >&5
configure:7078: $? = 0
configure:7095: result: yes
configure:7050: checking for stdint.h
configure:7071: arm-brcm-linux-uclibcgnueabi-gcc -c -Os -O2 -DBCMNVRAM -DBCMWPA2 -DRESTART_ALL_PROCESSES -D__CONFIG_USBAP__ -DBCMQOS -DBCMWPS -D__CONFIG_EMF__ -DTRAFFIC_MGMT_RSSI_POLICY -DPHYMON -DSUPPORT_REMOTE_HTTPS -DINCLUDE_WPS_V20 -DINCLUDE_5G_AUTO_CHANNEL -DOPENDNS_PARENTAL_CONTROL -DINCLUDE_ACCESSCONTROL -DINCLUDE_UCP -DU12H270 -DR7000 -DMULTIPLE_SSID -DENABLE_ML -DOPEN_SOURCE_SUPPORT -DBCM53125 -DBCM5301X -DCONFIG_RUSSIA_IPTV -DVIDEO_STREAMING_QOS -DDLNA -DHTTP_ACCESS_USB -DMAX_USB_ACCESS -DSAMBA_ENABLE -DUSB_NEW_SPEC -DINCLUDE_WIFI_BUTTON -DINCLUDE_USB_LED -DINCLUDE_DUAL_BAND -DSINGLE_FIRMWARE -DINCLUDE_GET_ST_CHKSUM -DUNIFIED_STR_TBL -DFIRST_MTD_ROTATION -DWIFI_ON_OFF_SCHE -DAUTO_CONN_24HR -DIGMP_PROXY -DAP_MODE -D__CONFIG_IGMP_SNOOPING__ -DLINUX26 -DINCLUDE_IPV6 -DPRESET_WL_SECURITY -DNEW_BCM_WPS_IPC -DSUPPORT_AC_MODE -DSTA_MODE -DPPP_RU_DESIGN -DEXT_ACS -DBCM_DCS -DEXT_ACS  conftest.c >&5
configure:7078: $? = 0
configure:7095: result: yes
configure:7050: checking for unistd.h
configure:7071: arm-brcm-linux-uclibcgnueabi-gcc -c -Os -O2 -DBCMNVRAM -DBCMWPA2 -DRESTART_ALL_PROCESSES -D__CONFIG_USBAP__ -DBCMQOS -DBCMWPS -D__CONFIG_EMF__ -DTRAFFIC_MGMT_RSSI_POLICY -DPHYMON -DSUPPORT_REMOTE_HTTPS -DINCLUDE_WPS_V20 -DINCLUDE_5G_AUTO_CHANNEL -DOPENDNS_PARENTAL_CONTROL -DINCLUDE_ACCESSCONTROL -DINCLUDE_UCP -DU12H270 -DR7000 -DMULTIPLE_SSID -DENABLE_ML -DOPEN_SOURCE_SUPPORT -DBCM53125 -DBCM5301X -DCONFIG_RUSSIA_IPTV -DVIDEO_STREAMING_QOS -DDLNA -DHTTP_ACCESS_USB -DMAX_USB_ACCESS -DSAMBA_ENABLE -DUSB_NEW_SPEC -DINCLUDE_WIFI_BUTTON -DINCLUDE_USB_LED -DINCLUDE_DUAL_BAND -DSINGLE_FIRMWARE -DINCLUDE_GET_ST_CHKSUM -DUNIFIED_STR_TBL -DFIRST_MTD_ROTATION -DWIFI_ON_OFF_SCHE -DAUTO_CONN_24HR -DIGMP_PROXY -DAP_MODE -D__CONFIG_IGMP_SNOOPING__ -DLINUX26 -DINCLUDE_IPV6 -DPRESET_WL_SECURITY -DNEW_BCM_WPS_IPC -DSUPPORT_AC_MODE -DSTA_MODE -DPPP_RU_DESIGN -DEXT_ACS -DBCM_DCS -DEXT_ACS  conftest.c >&5
configure:7078: $? = 0
configure:7095: result: yes
configure:7113: checking for dlfcn.h
configure:7134: arm-brcm-linux-uclibcgnueabi-gcc -c -Os -O2 -DBCMNVRAM -DBCMWPA2 -DRESTART_ALL_PROCESSES -D__CONFIG_USBAP__ -DBCMQOS -DBCMWPS -D__CONFIG_EMF__ -DTRAFFIC_MGMT_RSSI_POLICY -DPHYMON -DSUPPORT_REMOTE_HTTPS -DINCLUDE_WPS_V20 -DINCLUDE_5G_AUTO_CHANNEL -DOPENDNS_PARENTAL_CONTROL -DINCLUDE_ACCESSCONTROL -DINCLUDE_UCP -DU12H270 -DR7000 -DMULTIPLE_SSID -DENABLE_ML -DOPEN_SOURCE_SUPPORT -DBCM53125 -DBCM5301X -DCONFIG_RUSSIA_IPTV -DVIDEO_STREAMING_QOS -DDLNA -DHTTP_ACCESS_USB -DMAX_USB_ACCESS -DSAMBA_ENABLE -DUSB_NEW_SPEC -DINCLUDE_WIFI_BUTTON -DINCLUDE_USB_LED -DINCLUDE_DUAL_BAND -DSINGLE_FIRMWARE -DINCLUDE_GET_ST_CHKSUM -DUNIFIED_STR_TBL -DFIRST_MTD_ROTATION -DWIFI_ON_OFF_SCHE -DAUTO_CONN_24HR -DIGMP_PROXY -DAP_MODE -D__CONFIG_IGMP_SNOOPING__ -DLINUX26 -DINCLUDE_IPV6 -DPRESET_WL_SECURITY -DNEW_BCM_WPS_IPC -DSUPPORT_AC_MODE -DSTA_MODE -DPPP_RU_DESIGN -DEXT_ACS -DBCM_DCS -DEXT_ACS  conftest.c >&5
configure:7141: $? = 0
configure:7158: result: yes
configure:7314: checking for objdir
configure:7329: result: .libs
configure:7625: checking if arm-brcm-linux-uclibcgnueabi-gcc supports -fno-rtti -fno-exceptions
configure:7643: arm-brcm-linux-uclibcgnueabi-gcc -c -Os -O2 -DBCMNVRAM -DBCMWPA2 -DRESTART_ALL_PROCESSES -D__CONFIG_USBAP__ -DBCMQOS -DBCMWPS -D__CONFIG_EMF__ -DTRAFFIC_MGMT_RSSI_POLICY -DPHYMON -DSUPPORT_REMOTE_HTTPS -DINCLUDE_WPS_V20 -DINCLUDE_5G_AUTO_CHANNEL -DOPENDNS_PARENTAL_CONTROL -DINCLUDE_ACCESSCONTROL -DINCLUDE_UCP -DU12H270 -DR7000 -DMULTIPLE_SSID -DENABLE_ML -DOPEN_SOURCE_SUPPORT -DBCM53125 -DBCM5301X -DCONFIG_RUSSIA_IPTV -DVIDEO_STREAMING_QOS -DDLNA -DHTTP_ACCESS_USB -DMAX_USB_ACCESS -DSAMBA_ENABLE -DUSB_NEW_SPEC -DINCLUDE_WIFI_BUTTON -DINCLUDE_USB_LED -DINCLUDE_DUAL_BAND -DSINGLE_FIRMWARE -DINCLUDE_GET_ST_CHKSUM -DUNIFIED_STR_TBL -DFIRST_MTD_ROTATION -DWIFI_ON_OFF_SCHE -DAUTO_CONN_24HR -DIGMP_PROXY -DAP_MODE -D__CONFIG_IGMP_SNOOPING__ -DLINUX26 -DINCLUDE_IPV6 -DPRESET_WL_SECURITY -DNEW_BCM_WPS_IPC -DSUPPORT_AC_MODE -DSTA_MODE -DPPP_RU_DESIGN -DEXT_ACS -DBCM_DCS -DEXT_ACS  -fno-rtti -fno-exceptions conftest.c >&5
cc1: warning: command line option "-fno-rtti" is valid for C++/ObjC++ but not for C
configure:7647: $? = 0
configure:7660: result: no
configure:7680: checking for arm-brcm-linux-uclibcgnueabi-gcc option to produce PIC
configure:7952: result: -fPIC -DPIC
configure:7964: checking if arm-brcm-linux-uclibcgnueabi-gcc PIC flag -fPIC -DPIC works
configure:7982: arm-brcm-linux-uclibcgnueabi-gcc -c -Os -O2 -DBCMNVRAM -DBCMWPA2 -DRESTART_ALL_PROCESSES -D__CONFIG_USBAP__ -DBCMQOS -DBCMWPS -D__CONFIG_EMF__ -DTRAFFIC_MGMT_RSSI_POLICY -DPHYMON -DSUPPORT_REMOTE_HTTPS -DINCLUDE_WPS_V20 -DINCLUDE_5G_AUTO_CHANNEL -DOPENDNS_PARENTAL_CONTROL -DINCLUDE_ACCESSCONTROL -DINCLUDE_UCP -DU12H270 -DR7000 -DMULTIPLE_SSID -DENABLE_ML -DOPEN_SOURCE_SUPPORT -DBCM53125 -DBCM5301X -DCONFIG_RUSSIA_IPTV -DVIDEO_STREAMING_QOS -DDLNA -DHTTP_ACCESS_USB -DMAX_USB_ACCESS -DSAMBA_ENABLE -DUSB_NEW_SPEC -DINCLUDE_WIFI_BUTTON -DINCLUDE_USB_LED -DINCLUDE_DUAL_BAND -DSINGLE_FIRMWARE -DINCLUDE_GET_ST_CHKSUM -DUNIFIED_STR_TBL -DFIRST_MTD_ROTATION -DWIFI_ON_OFF_SCHE -DAUTO_CONN_24HR -DIGMP_PROXY -DAP_MODE -D__CONFIG_IGMP_SNOOPING__ -DLINUX26 -DINCLUDE_IPV6 -DPRESET_WL_SECURITY -DNEW_BCM_WPS_IPC -DSUPPORT_AC_MODE -DSTA_MODE -DPPP_RU_DESIGN -DEXT_ACS -DBCM_DCS -DEXT_ACS  -fPIC -DPIC -DPIC conftest.c >&5
configure:7986: $? = 0
configure:7999: result: yes
configure:8023: checking if arm-brcm-linux-uclibcgnueabi-gcc static flag -static works
configure:8051: result: yes
configure:8066: checking if arm-brcm-linux-uclibcgnueabi-gcc supports -c -o file.o
configure:8087: arm-brcm-linux-uclibcgnueabi-gcc -c -Os -O2 -DBCMNVRAM -DBCMWPA2 -DRESTART_ALL_PROCESSES -D__CONFIG_USBAP__ -DBCMQOS -DBCMWPS -D__CONFIG_EMF__ -DTRAFFIC_MGMT_RSSI_POLICY -DPHYMON -DSUPPORT_REMOTE_HTTPS -DINCLUDE_WPS_V20 -DINCLUDE_5G_AUTO_CHANNEL -DOPENDNS_PARENTAL_CONTROL -DINCLUDE_ACCESSCONTROL -DINCLUDE_UCP -DU12H270 -DR7000 -DMULTIPLE_SSID -DENABLE_ML -DOPEN_SOURCE_SUPPORT -DBCM53125 -DBCM5301X -DCONFIG_RUSSIA_IPTV -DVIDEO_STREAMING_QOS -DDLNA -DHTTP_ACCESS_USB -DMAX_USB_ACCESS -DSAMBA_ENABLE -DUSB_NEW_SPEC -DINCLUDE_WIFI_BUTTON -DINCLUDE_USB_LED -DINCLUDE_DUAL_BAND -DSINGLE_FIRMWARE -DINCLUDE_GET_ST_CHKSUM -DUNIFIED_STR_TBL -DFIRST_MTD_ROTATION -DWIFI_ON_OFF_SCHE -DAUTO_CONN_24HR -DIGMP_PROXY -DAP_MODE -D__CONFIG_IGMP_SNOOPING__ -DLINUX26 -DINCLUDE_IPV6 -DPRESET_WL_SECURITY -DNEW_BCM_WPS_IPC -DSUPPORT_AC_MODE -DSTA_MODE -DPPP_RU_DESIGN -DEXT_ACS -DBCM_DCS -DEXT_ACS  -o out/conftest2.o conftest.c >&5
configure:8091: $? = 0
configure:8113: result: yes
configure:8121: checking if arm-brcm-linux-uclibcgnueabi-gcc supports -c -o file.o
configure:8168: result: yes
configure:8201: checking whether the arm-brcm-linux-uclibcgnueabi-gcc linker (arm-brcm-linux-uclibcgnueabi-ld) supports shared libraries
configure:9280: result: yes
configure:9317: checking whether -lc should be explicitly linked in
configure:9322: arm-brcm-linux-uclibcgnueabi-gcc -c -Os -O2 -DBCMNVRAM -DBCMWPA2 -DRESTART_ALL_PROCESSES -D__CONFIG_USBAP__ -DBCMQOS -DBCMWPS -D__CONFIG_EMF__ -DTRAFFIC_MGMT_RSSI_POLICY -DPHYMON -DSUPPORT_REMOTE_HTTPS -DINCLUDE_WPS_V20 -DINCLUDE_5G_AUTO_CHANNEL -DOPENDNS_PARENTAL_CONTROL -DINCLUDE_ACCESSCONTROL -DINCLUDE_UCP -DU12H270 -DR7000 -DMULTIPLE_SSID -DENABLE_ML -DOPEN_SOURCE_SUPPORT -DBCM53125 -DBCM5301X -DCONFIG_RUSSIA_IPTV -DVIDEO_STREAMING_QOS -DDLNA -DHTTP_ACCESS_USB -DMAX_USB_ACCESS -DSAMBA_ENABLE -DUSB_NEW_SPEC -DINCLUDE_WIFI_BUTTON -DINCLUDE_USB_LED -DINCLUDE_DUAL_BAND -DSINGLE_FIRMWARE -DINCLUDE_GET_ST_CHKSUM -DUNIFIED_STR_TBL -DFIRST_MTD_ROTATION -DWIFI_ON_OFF_SCHE -DAUTO_CONN_24HR -DIGMP_PROXY -DAP_MODE -D__CONFIG_IGMP_SNOOPING__ -DLINUX26 -DINCLUDE_IPV6 -DPRESET_WL_SECURITY -DNEW_BCM_WPS_IPC -DSUPPORT_AC_MODE -DSTA_MODE -DPPP_RU_DESIGN -DEXT_ACS -DBCM_DCS -DEXT_ACS  conftest.c >&5
configure:9325: $? = 0
configure:9340: arm-brcm-linux-uclibcgnueabi-gcc -shared conftest.o  -v -Wl,-soname -Wl,conftest -o conftest 2\>\&1 \| /bin/grep  -lc  \>/dev/null 2\>\&1
configure:9343: $? = 0
configure:9355: result: no
configure:9519: checking dynamic linker characteristics
configure:9962: arm-brcm-linux-uclibcgnueabi-gcc -o conftest -Os -O2 -DBCMNVRAM -DBCMWPA2 -DRESTART_ALL_PROCESSES -D__CONFIG_USBAP__ -DBCMQOS -DBCMWPS -D__CONFIG_EMF__ -DTRAFFIC_MGMT_RSSI_POLICY -DPHYMON -DSUPPORT_REMOTE_HTTPS -DINCLUDE_WPS_V20 -DINCLUDE_5G_AUTO_CHANNEL -DOPENDNS_PARENTAL_CONTROL -DINCLUDE_ACCESSCONTROL -DINCLUDE_UCP -DU12H270 -DR7000 -DMULTIPLE_SSID -DENABLE_ML -DOPEN_SOURCE_SUPPORT -DBCM53125 -DBCM5301X -DCONFIG_RUSSIA_IPTV -DVIDEO_STREAMING_QOS -DDLNA -DHTTP_ACCESS_USB -DMAX_USB_ACCESS -DSAMBA_ENABLE -DUSB_NEW_SPEC -DINCLUDE_WIFI_BUTTON -DINCLUDE_USB_LED -DINCLUDE_DUAL_BAND -DSINGLE_FIRMWARE -DINCLUDE_GET_ST_CHKSUM -DUNIFIED_STR_TBL -DFIRST_MTD_ROTATION -DWIFI_ON_OFF_SCHE -DAUTO_CONN_24HR -DIGMP_PROXY -DAP_MODE -D__CONFIG_IGMP_SNOOPING__ -DLINUX26 -DINCLUDE_IPV6 -DPRESET_WL_SECURITY -DNEW_BCM_WPS_IPC -DSUPPORT_AC_MODE -DSTA_MODE -DPPP_RU_DESIGN -DEXT_ACS -DBCM_DCS -DEXT_ACS   -Wl,-rpath -Wl,/foo conftest.c  >&5
configure:9969: $? = 0
configure:10214: result: GNU/Linux ld.so
configure:10316: checking how to hardcode library paths into programs
configure:10341: result: immediate
configure:11174: checking whether stripping libraries is possible
configure:11179: result: yes
configure:11214: checking if libtool supports shared libraries
configure:11216: result: yes
configure:11219: checking whether to build shared libraries
configure:11240: result: yes
configure:11243: checking whether to build static libraries
configure:11247: result: no
configure:11353: checking whether the linker accepts -Wl,--no-as-needed
configure:11382: arm-brcm-linux-uclibcgnueabi-gcc -o conftest -Os -O2 -DBCMNVRAM -DBCMWPA2 -DRESTART_ALL_PROCESSES -D__CONFIG_USBAP__ -DBCMQOS -DBCMWPS -D__CONFIG_EMF__ -DTRAFFIC_MGMT_RSSI_POLICY -DPHYMON -DSUPPORT_REMOTE_HTTPS -DINCLUDE_WPS_V20 -DINCLUDE_5G_AUTO_CHANNEL -DOPENDNS_PARENTAL_CONTROL -DINCLUDE_ACCESSCONTROL -DINCLUDE_UCP -DU12H270 -DR7000 -DMULTIPLE_SSID -DENABLE_ML -DOPEN_SOURCE_SUPPORT -DBCM53125 -DBCM5301X -DCONFIG_RUSSIA_IPTV -DVIDEO_STREAMING_QOS -DDLNA -DHTTP_ACCESS_USB -DMAX_USB_ACCESS -DSAMBA_ENABLE -DUSB_NEW_SPEC -DINCLUDE_WIFI_BUTTON -DINCLUDE_USB_LED -DINCLUDE_DUAL_BAND -DSINGLE_FIRMWARE -DINCLUDE_GET_ST_CHKSUM -DUNIFIED_STR_TBL -DFIRST_MTD_ROTATION -DWIFI_ON_OFF_SCHE -DAUTO_CONN_24HR -DIGMP_PROXY -DAP_MODE -D__CONFIG_IGMP_SNOOPING__ -DLINUX26 -DINCLUDE_IPV6 -DPRESET_WL_SECURITY -DNEW_BCM_WPS_IPC -DSUPPORT_AC_MODE -DSTA_MODE -DPPP_RU_DESIGN -DEXT_ACS -DBCM_DCS -DEXT_ACS  -Wl,--no-as-needed conftest.c  >&5
configure:11389: $? = 0
configure:11412: result: yes
configure:11443: checking linux/dccp.h usability
configure:11460: arm-brcm-linux-uclibcgnueabi-gcc -c -Os -O2 -DBCMNVRAM -DBCMWPA2 -DRESTART_ALL_PROCESSES -D__CONFIG_USBAP__ -DBCMQOS -DBCMWPS -D__CONFIG_EMF__ -DTRAFFIC_MGMT_RSSI_POLICY -DPHYMON -DSUPPORT_REMOTE_HTTPS -DINCLUDE_WPS_V20 -DINCLUDE_5G_AUTO_CHANNEL -DOPENDNS_PARENTAL_CONTROL -DINCLUDE_ACCESSCONTROL -DINCLUDE_UCP -DU12H270 -DR7000 -DMULTIPLE_SSID -DENABLE_ML -DOPEN_SOURCE_SUPPORT -DBCM53125 -DBCM5301X -DCONFIG_RUSSIA_IPTV -DVIDEO_STREAMING_QOS -DDLNA -DHTTP_ACCESS_USB -DMAX_USB_ACCESS -DSAMBA_ENABLE -DUSB_NEW_SPEC -DINCLUDE_WIFI_BUTTON -DINCLUDE_USB_LED -DINCLUDE_DUAL_BAND -DSINGLE_FIRMWARE -DINCLUDE_GET_ST_CHKSUM -DUNIFIED_STR_TBL -DFIRST_MTD_ROTATION -DWIFI_ON_OFF_SCHE -DAUTO_CONN_24HR -DIGMP_PROXY -DAP_MODE -D__CONFIG_IGMP_SNOOPING__ -DLINUX26 -DINCLUDE_IPV6 -DPRESET_WL_SECURITY -DNEW_BCM_WPS_IPC -DSUPPORT_AC_MODE -DSTA_MODE -DPPP_RU_DESIGN -DEXT_ACS -DBCM_DCS -DEXT_ACS  conftest.c >&5
configure:11467: $? = 0
configure:11481: result: yes
configure:11485: checking linux/dccp.h presence
configure:11500: arm-brcm-linux-uclibcgnueabi-gcc -E  conftest.c
configure:11507: $? = 0
configure:11521: result: yes
configure:11549: checking for linux/dccp.h
configure:11558: result: yes
configure:11443: checking linux/ip_vs.h usability
configure:11460: arm-brcm-linux-uclibcgnueabi-gcc -c -Os -O2 -DBCMNVRAM -DBCMWPA2 -DRESTART_ALL_PROCESSES -D__CONFIG_USBAP__ -DBCMQOS -DBCMWPS -D__CONFIG_EMF__ -DTRAFFIC_MGMT_RSSI_POLICY -DPHYMON -DSUPPORT_REMOTE_HTTPS -DINCLUDE_WPS_V20 -DINCLUDE_5G_AUTO_CHANNEL -DOPENDNS_PARENTAL_CONTROL -DINCLUDE_ACCESSCONTROL -DINCLUDE_UCP -DU12H270 -DR7000 -DMULTIPLE_SSID -DENABLE_ML -DOPEN_SOURCE_SUPPORT -DBCM53125 -DBCM5301X -DCONFIG_RUSSIA_IPTV -DVIDEO_STREAMING_QOS -DDLNA -DHTTP_ACCESS_USB -DMAX_USB_ACCESS -DSAMBA_ENABLE -DUSB_NEW_SPEC -DINCLUDE_WIFI_BUTTON -DINCLUDE_USB_LED -DINCLUDE_DUAL_BAND -DSINGLE_FIRMWARE -DINCLUDE_GET_ST_CHKSUM -DUNIFIED_STR_TBL -DFIRST_MTD_ROTATION -DWIFI_ON_OFF_SCHE -DAUTO_CONN_24HR -DIGMP_PROXY -DAP_MODE -D__CONFIG_IGMP_SNOOPING__ -DLINUX26 -DINCLUDE_IPV6 -DPRESET_WL_SECURITY -DNEW_BCM_WPS_IPC -DSUPPORT_AC_MODE -DSTA_MODE -DPPP_RU_DESIGN -DEXT_ACS -DBCM_DCS -DEXT_ACS  conftest.c >&5
configure:11467: $? = 0
configure:11481: result: yes
configure:11485: checking linux/ip_vs.h presence
configure:11500: arm-brcm-linux-uclibcgnueabi-gcc -E  conftest.c
configure:11507: $? = 0
configure:11521: result: yes
configure:11549: checking for linux/ip_vs.h
configure:11558: result: yes
configure:11443: checking linux/magic.h usability
configure:11460: arm-brcm-linux-uclibcgnueabi-gcc -c -Os -O2 -DBCMNVRAM -DBCMWPA2 -DRESTART_ALL_PROCESSES -D__CONFIG_USBAP__ -DBCMQOS -DBCMWPS -D__CONFIG_EMF__ -DTRAFFIC_MGMT_RSSI_POLICY -DPHYMON -DSUPPORT_REMOTE_HTTPS -DINCLUDE_WPS_V20 -DINCLUDE_5G_AUTO_CHANNEL -DOPENDNS_PARENTAL_CONTROL -DINCLUDE_ACCESSCONTROL -DINCLUDE_UCP -DU12H270 -DR7000 -DMULTIPLE_SSID -DENABLE_ML -DOPEN_SOURCE_SUPPORT -DBCM53125 -DBCM5301X -DCONFIG_RUSSIA_IPTV -DVIDEO_STREAMING_QOS -DDLNA -DHTTP_ACCESS_USB -DMAX_USB_ACCESS -DSAMBA_ENABLE -DUSB_NEW_SPEC -DINCLUDE_WIFI_BUTTON -DINCLUDE_USB_LED -DINCLUDE_DUAL_BAND -DSINGLE_FIRMWARE -DINCLUDE_GET_ST_CHKSUM -DUNIFIED_STR_TBL -DFIRST_MTD_ROTATION -DWIFI_ON_OFF_SCHE -DAUTO_CONN_24HR -DIGMP_PROXY -DAP_MODE -D__CONFIG_IGMP_SNOOPING__ -DLINUX26 -DINCLUDE_IPV6 -DPRESET_WL_SECURITY -DNEW_BCM_WPS_IPC -DSUPPORT_AC_MODE -DSTA_MODE -DPPP_RU_DESIGN -DEXT_ACS -DBCM_DCS -DEXT_ACS  conftest.c >&5
configure:11467: $? = 0
configure:11481: result: yes
configure:11485: checking linux/magic.h presence
configure:11500: arm-brcm-linux-uclibcgnueabi-gcc -E  conftest.c
configure:11507: $? = 0
configure:11521: result: yes
configure:11549: checking for linux/magic.h
configure:11558: result: yes
configure:11443: checking linux/proc_fs.h usability
configure:11460: arm-brcm-linux-uclibcgnueabi-gcc -c -Os -O2 -DBCMNVRAM -DBCMWPA2 -DRESTART_ALL_PROCESSES -D__CONFIG_USBAP__ -DBCMQOS -DBCMWPS -D__CONFIG_EMF__ -DTRAFFIC_MGMT_RSSI_POLICY -DPHYMON -DSUPPORT_REMOTE_HTTPS -DINCLUDE_WPS_V20 -DINCLUDE_5G_AUTO_CHANNEL -DOPENDNS_PARENTAL_CONTROL -DINCLUDE_ACCESSCONTROL -DINCLUDE_UCP -DU12H270 -DR7000 -DMULTIPLE_SSID -DENABLE_ML -DOPEN_SOURCE_SUPPORT -DBCM53125 -DBCM5301X -DCONFIG_RUSSIA_IPTV -DVIDEO_STREAMING_QOS -DDLNA -DHTTP_ACCESS_USB -DMAX_USB_ACCESS -DSAMBA_ENABLE -DUSB_NEW_SPEC -DINCLUDE_WIFI_BUTTON -DINCLUDE_USB_LED -DINCLUDE_DUAL_BAND -DSINGLE_FIRMWARE -DINCLUDE_GET_ST_CHKSUM -DUNIFIED_STR_TBL -DFIRST_MTD_ROTATION -DWIFI_ON_OFF_SCHE -DAUTO_CONN_24HR -DIGMP_PROXY -DAP_MODE -D__CONFIG_IGMP_SNOOPING__ -DLINUX26 -DINCLUDE_IPV6 -DPRESET_WL_SECURITY -DNEW_BCM_WPS_IPC -DSUPPORT_AC_MODE -DSTA_MODE -DPPP_RU_DESIGN -DEXT_ACS -DBCM_DCS -DEXT_ACS  conftest.c >&5
conftest.c:58:27: fatal error: linux/proc_fs.h: No such file or directory
compilation terminated.
configure:11467: $? = 1
configure: failed program was:
| /* confdefs.h.  */
| #define PACKAGE_NAME "iptables"
| #define PACKAGE_TARNAME "iptables"
| #define PACKAGE_VERSION "1.4.12.2"
| #define PACKAGE_STRING "iptables 1.4.12.2"
| #define PACKAGE_BUGREPORT ""
| #define PACKAGE "iptables"
| #define VERSION "1.4.12.2"
| #define STDC_HEADERS 1
| #define HAVE_SYS_TYPES_H 1
| #define HAVE_SYS_STAT_H 1
| #define HAVE_STDLIB_H 1
| #define HAVE_STRING_H 1
| #define HAVE_MEMORY_H 1
| #define HAVE_STRINGS_H 1
| #define HAVE_INTTYPES_H 1
| #define HAVE_STDINT_H 1
| #define HAVE_UNISTD_H 1
| #define HAVE_DLFCN_H 1
| #define LT_OBJDIR ".libs/"
| #define HAVE_LINUX_DCCP_H 1
| #define HAVE_LINUX_IP_VS_H 1
| #define HAVE_LINUX_MAGIC_H 1
| /* end confdefs.h.  */
| #include <stdio.h>
| #ifdef HAVE_SYS_TYPES_H
| # include <sys/types.h>
| #endif
| #ifdef HAVE_SYS_STAT_H
| # include <sys/stat.h>
| #endif
| #ifdef STDC_HEADERS
| # include <stdlib.h>
| # include <stddef.h>
| #else
| # ifdef HAVE_STDLIB_H
| #  include <stdlib.h>
| # endif
| #endif
| #ifdef HAVE_STRING_H
| # if !defined STDC_HEADERS && defined HAVE_MEMORY_H
| #  include <memory.h>
| # endif
| # include <string.h>
| #endif
| #ifdef HAVE_STRINGS_H
| # include <strings.h>
| #endif
| #ifdef HAVE_INTTYPES_H
| # include <inttypes.h>
| #endif
| #ifdef HAVE_STDINT_H
| # include <stdint.h>
| #endif
| #ifdef HAVE_UNISTD_H
| # include <unistd.h>
| #endif
| #include <linux/proc_fs.h>
configure:11481: result: no
configure:11485: checking linux/proc_fs.h presence
configure:11500: arm-brcm-linux-uclibcgnueabi-gcc -E  conftest.c
conftest.c:25:27: fatal error: linux/proc_fs.h: No such file or directory
compilation terminated.
configure:11507: $? = 1
configure: failed program was:
| /* confdefs.h.  */
| #define PACKAGE_NAME "iptables"
| #define PACKAGE_TARNAME "iptables"
| #define PACKAGE_VERSION "1.4.12.2"
| #define PACKAGE_STRING "iptables 1.4.12.2"
| #define PACKAGE_BUGREPORT ""
| #define PACKAGE "iptables"
| #define VERSION "1.4.12.2"
| #define STDC_HEADERS 1
| #define HAVE_SYS_TYPES_H 1
| #define HAVE_SYS_STAT_H 1
| #define HAVE_STDLIB_H 1
| #define HAVE_STRING_H 1
| #define HAVE_MEMORY_H 1
| #define HAVE_STRINGS_H 1
| #define HAVE_INTTYPES_H 1
| #define HAVE_STDINT_H 1
| #define HAVE_UNISTD_H 1
| #define HAVE_DLFCN_H 1
| #define LT_OBJDIR ".libs/"
| #define HAVE_LINUX_DCCP_H 1
| #define HAVE_LINUX_IP_VS_H 1
| #define HAVE_LINUX_MAGIC_H 1
| /* end confdefs.h.  */
| #include <linux/proc_fs.h>
configure:11521: result: no
configure:11549: checking for linux/proc_fs.h
configure:11558: result: no
configure:11585: checking size of struct ip6_hdr
configure:11616: arm-brcm-linux-uclibcgnueabi-gcc -c -Os -O2 -DBCMNVRAM -DBCMWPA2 -DRESTART_ALL_PROCESSES -D__CONFIG_USBAP__ -DBCMQOS -DBCMWPS -D__CONFIG_EMF__ -DTRAFFIC_MGMT_RSSI_POLICY -DPHYMON -DSUPPORT_REMOTE_HTTPS -DINCLUDE_WPS_V20 -DINCLUDE_5G_AUTO_CHANNEL -DOPENDNS_PARENTAL_CONTROL -DINCLUDE_ACCESSCONTROL -DINCLUDE_UCP -DU12H270 -DR7000 -DMULTIPLE_SSID -DENABLE_ML -DOPEN_SOURCE_SUPPORT -DBCM53125 -DBCM5301X -DCONFIG_RUSSIA_IPTV -DVIDEO_STREAMING_QOS -DDLNA -DHTTP_ACCESS_USB -DMAX_USB_ACCESS -DSAMBA_ENABLE -DUSB_NEW_SPEC -DINCLUDE_WIFI_BUTTON -DINCLUDE_USB_LED -DINCLUDE_DUAL_BAND -DSINGLE_FIRMWARE -DINCLUDE_GET_ST_CHKSUM -DUNIFIED_STR_TBL -DFIRST_MTD_ROTATION -DWIFI_ON_OFF_SCHE -DAUTO_CONN_24HR -DIGMP_PROXY -DAP_MODE -D__CONFIG_IGMP_SNOOPING__ -DLINUX26 -DINCLUDE_IPV6 -DPRESET_WL_SECURITY -DNEW_BCM_WPS_IPC -DSUPPORT_AC_MODE -DSTA_MODE -DPPP_RU_DESIGN -DEXT_ACS -DBCM_DCS -DEXT_ACS  conftest.c >&5
configure:11623: $? = 0
configure:11654: arm-brcm-linux-uclibcgnueabi-gcc -c -Os -O2 -DBCMNVRAM -DBCMWPA2 -DRESTART_ALL_PROCESSES -D__CONFIG_USBAP__ -DBCMQOS -DBCMWPS -D__CONFIG_EMF__ -DTRAFFIC_MGMT_RSSI_POLICY -DPHYMON -DSUPPORT_REMOTE_HTTPS -DINCLUDE_WPS_V20 -DINCLUDE_5G_AUTO_CHANNEL -DOPENDNS_PARENTAL_CONTROL -DINCLUDE_ACCESSCONTROL -DINCLUDE_UCP -DU12H270 -DR7000 -DMULTIPLE_SSID -DENABLE_ML -DOPEN_SOURCE_SUPPORT -DBCM53125 -DBCM5301X -DCONFIG_RUSSIA_IPTV -DVIDEO_STREAMING_QOS -DDLNA -DHTTP_ACCESS_USB -DMAX_USB_ACCESS -DSAMBA_ENABLE -DUSB_NEW_SPEC -DINCLUDE_WIFI_BUTTON -DINCLUDE_USB_LED -DINCLUDE_DUAL_BAND -DSINGLE_FIRMWARE -DINCLUDE_GET_ST_CHKSUM -DUNIFIED_STR_TBL -DFIRST_MTD_ROTATION -DWIFI_ON_OFF_SCHE -DAUTO_CONN_24HR -DIGMP_PROXY -DAP_MODE -D__CONFIG_IGMP_SNOOPING__ -DLINUX26 -DINCLUDE_IPV6 -DPRESET_WL_SECURITY -DNEW_BCM_WPS_IPC -DSUPPORT_AC_MODE -DSTA_MODE -DPPP_RU_DESIGN -DEXT_ACS -DBCM_DCS -DEXT_ACS  conftest.c >&5
conftest.c: In function 'main':
conftest.c:30:12: error: size of array 'test_array' is negative
configure:11661: $? = 1
configure: failed program was:
| /* confdefs.h.  */
| #define PACKAGE_NAME "iptables"
| #define PACKAGE_TARNAME "iptables"
| #define PACKAGE_VERSION "1.4.12.2"
| #define PACKAGE_STRING "iptables 1.4.12.2"
| #define PACKAGE_BUGREPORT ""
| #define PACKAGE "iptables"
| #define VERSION "1.4.12.2"
| #define STDC_HEADERS 1
| #define HAVE_SYS_TYPES_H 1
| #define HAVE_SYS_STAT_H 1
| #define HAVE_STDLIB_H 1
| #define HAVE_STRING_H 1
| #define HAVE_MEMORY_H 1
| #define HAVE_STRINGS_H 1
| #define HAVE_INTTYPES_H 1
| #define HAVE_STDINT_H 1
| #define HAVE_UNISTD_H 1
| #define HAVE_DLFCN_H 1
| #define LT_OBJDIR ".libs/"
| #define HAVE_LINUX_DCCP_H 1
| #define HAVE_LINUX_IP_VS_H 1
| #define HAVE_LINUX_MAGIC_H 1
| /* end confdefs.h.  */
| #include <netinet/ip6.h>
| 
| int
| main ()
| {
| static int test_array [1 - 2 * !(((long int) (sizeof (struct ip6_hdr))) <= 0)];
| test_array [0] = 0
| 
|   ;
|   return 0;
| }
configure:11654: arm-brcm-linux-uclibcgnueabi-gcc -c -Os -O2 -DBCMNVRAM -DBCMWPA2 -DRESTART_ALL_PROCESSES -D__CONFIG_USBAP__ -DBCMQOS -DBCMWPS -D__CONFIG_EMF__ -DTRAFFIC_MGMT_RSSI_POLICY -DPHYMON -DSUPPORT_REMOTE_HTTPS -DINCLUDE_WPS_V20 -DINCLUDE_5G_AUTO_CHANNEL -DOPENDNS_PARENTAL_CONTROL -DINCLUDE_ACCESSCONTROL -DINCLUDE_UCP -DU12H270 -DR7000 -DMULTIPLE_SSID -DENABLE_ML -DOPEN_SOURCE_SUPPORT -DBCM53125 -DBCM5301X -DCONFIG_RUSSIA_IPTV -DVIDEO_STREAMING_QOS -DDLNA -DHTTP_ACCESS_USB -DMAX_USB_ACCESS -DSAMBA_ENABLE -DUSB_NEW_SPEC -DINCLUDE_WIFI_BUTTON -DINCLUDE_USB_LED -DINCLUDE_DUAL_BAND -DSINGLE_FIRMWARE -DINCLUDE_GET_ST_CHKSUM -DUNIFIED_STR_TBL -DFIRST_MTD_ROTATION -DWIFI_ON_OFF_SCHE -DAUTO_CONN_24HR -DIGMP_PROXY -DAP_MODE -D__CONFIG_IGMP_SNOOPING__ -DLINUX26 -DINCLUDE_IPV6 -DPRESET_WL_SECURITY -DNEW_BCM_WPS_IPC -DSUPPORT_AC_MODE -DSTA_MODE -DPPP_RU_DESIGN -DEXT_ACS -DBCM_DCS -DEXT_ACS  conftest.c >&5
conftest.c: In function 'main':
conftest.c:30:12: error: size of array 'test_array' is negative
configure:11661: $? = 1
configure: failed program was:
| /* confdefs.h.  */
| #define PACKAGE_NAME "iptables"
| #define PACKAGE_TARNAME "iptables"
| #define PACKAGE_VERSION "1.4.12.2"
| #define PACKAGE_STRING "iptables 1.4.12.2"
| #define PACKAGE_BUGREPORT ""
| #define PACKAGE "iptables"
| #define VERSION "1.4.12.2"
| #define STDC_HEADERS 1
| #define HAVE_SYS_TYPES_H 1
| #define HAVE_SYS_STAT_H 1
| #define HAVE_STDLIB_H 1
| #define HAVE_STRING_H 1
| #define HAVE_MEMORY_H 1
| #define HAVE_STRINGS_H 1
| #define HAVE_INTTYPES_H 1
| #define HAVE_STDINT_H 1
| #define HAVE_UNISTD_H 1
| #define HAVE_DLFCN_H 1
| #define LT_OBJDIR ".libs/"
| #define HAVE_LINUX_DCCP_H 1
| #define HAVE_LINUX_IP_VS_H 1
| #define HAVE_LINUX_MAGIC_H 1
| /* end confdefs.h.  */
| #include <netinet/ip6.h>
| 
| int
| main ()
| {
| static int test_array [1 - 2 * !(((long int) (sizeof (struct ip6_hdr))) <= 1)];
| test_array [0] = 0
| 
|   ;
|   return 0;
| }
configure:11654: arm-brcm-linux-uclibcgnueabi-gcc -c -Os -O2 -DBCMNVRAM -DBCMWPA2 -DRESTART_ALL_PROCESSES -D__CONFIG_USBAP__ -DBCMQOS -DBCMWPS -D__CONFIG_EMF__ -DTRAFFIC_MGMT_RSSI_POLICY -DPHYMON -DSUPPORT_REMOTE_HTTPS -DINCLUDE_WPS_V20 -DINCLUDE_5G_AUTO_CHANNEL -DOPENDNS_PARENTAL_CONTROL -DINCLUDE_ACCESSCONTROL -DINCLUDE_UCP -DU12H270 -DR7000 -DMULTIPLE_SSID -DENABLE_ML -DOPEN_SOURCE_SUPPORT -DBCM53125 -DBCM5301X -DCONFIG_RUSSIA_IPTV -DVIDEO_STREAMING_QOS -DDLNA -DHTTP_ACCESS_USB -DMAX_USB_ACCESS -DSAMBA_ENABLE -DUSB_NEW_SPEC -DINCLUDE_WIFI_BUTTON -DINCLUDE_USB_LED -DINCLUDE_DUAL_BAND -DSINGLE_FIRMWARE -DINCLUDE_GET_ST_CHKSUM -DUNIFIED_STR_TBL -DFIRST_MTD_ROTATION -DWIFI_ON_OFF_SCHE -DAUTO_CONN_24HR -DIGMP_PROXY -DAP_MODE -D__CONFIG_IGMP_SNOOPING__ -DLINUX26 -DINCLUDE_IPV6 -DPRESET_WL_SECURITY -DNEW_BCM_WPS_IPC -DSUPPORT_AC_MODE -DSTA_MODE -DPPP_RU_DESIGN -DEXT_ACS -DBCM_DCS -DEXT_ACS  conftest.c >&5
conftest.c: In function 'main':
conftest.c:30:12: error: size of array 'test_array' is negative
configure:11661: $? = 1
configure: failed program was:
| /* confdefs.h.  */
| #define PACKAGE_NAME "iptables"
| #define PACKAGE_TARNAME "iptables"
| #define PACKAGE_VERSION "1.4.12.2"
| #define PACKAGE_STRING "iptables 1.4.12.2"
| #define PACKAGE_BUGREPORT ""
| #define PACKAGE "iptables"
| #define VERSION "1.4.12.2"
| #define STDC_HEADERS 1
| #define HAVE_SYS_TYPES_H 1
| #define HAVE_SYS_STAT_H 1
| #define HAVE_STDLIB_H 1
| #define HAVE_STRING_H 1
| #define HAVE_MEMORY_H 1
| #define HAVE_STRINGS_H 1
| #define HAVE_INTTYPES_H 1
| #define HAVE_STDINT_H 1
| #define HAVE_UNISTD_H 1
| #define HAVE_DLFCN_H 1
| #define LT_OBJDIR ".libs/"
| #define HAVE_LINUX_DCCP_H 1
| #define HAVE_LINUX_IP_VS_H 1
| #define HAVE_LINUX_MAGIC_H 1
| /* end confdefs.h.  */
| #include <netinet/ip6.h>
| 
| int
| main ()
| {
| static int test_array [1 - 2 * !(((long int) (sizeof (struct ip6_hdr))) <= 3)];
| test_array [0] = 0
| 
|   ;
|   return 0;
| }
configure:11654: arm-brcm-linux-uclibcgnueabi-gcc -c -Os -O2 -DBCMNVRAM -DBCMWPA2 -DRESTART_ALL_PROCESSES -D__CONFIG_USBAP__ -DBCMQOS -DBCMWPS -D__CONFIG_EMF__ -DTRAFFIC_MGMT_RSSI_POLICY -DPHYMON -DSUPPORT_REMOTE_HTTPS -DINCLUDE_WPS_V20 -DINCLUDE_5G_AUTO_CHANNEL -DOPENDNS_PARENTAL_CONTROL -DINCLUDE_ACCESSCONTROL -DINCLUDE_UCP -DU12H270 -DR7000 -DMULTIPLE_SSID -DENABLE_ML -DOPEN_SOURCE_SUPPORT -DBCM53125 -DBCM5301X -DCONFIG_RUSSIA_IPTV -DVIDEO_STREAMING_QOS -DDLNA -DHTTP_ACCESS_USB -DMAX_USB_ACCESS -DSAMBA_ENABLE -DUSB_NEW_SPEC -DINCLUDE_WIFI_BUTTON -DINCLUDE_USB_LED -DINCLUDE_DUAL_BAND -DSINGLE_FIRMWARE -DINCLUDE_GET_ST_CHKSUM -DUNIFIED_STR_TBL -DFIRST_MTD_ROTATION -DWIFI_ON_OFF_SCHE -DAUTO_CONN_24HR -DIGMP_PROXY -DAP_MODE -D__CONFIG_IGMP_SNOOPING__ -DLINUX26 -DINCLUDE_IPV6 -DPRESET_WL_SECURITY -DNEW_BCM_WPS_IPC -DSUPPORT_AC_MODE -DSTA_MODE -DPPP_RU_DESIGN -DEXT_ACS -DBCM_DCS -DEXT_ACS  conftest.c >&5
conftest.c: In function 'main':
conftest.c:30:12: error: size of array 'test_array' is negative
configure:11661: $? = 1
configure: failed program was:
| /* confdefs.h.  */
| #define PACKAGE_NAME "iptables"
| #define PACKAGE_TARNAME "iptables"
| #define PACKAGE_VERSION "1.4.12.2"
| #define PACKAGE_STRING "iptables 1.4.12.2"
| #define PACKAGE_BUGREPORT ""
| #define PACKAGE "iptables"
| #define VERSION "1.4.12.2"
| #define STDC_HEADERS 1
| #define HAVE_SYS_TYPES_H 1
| #define HAVE_SYS_STAT_H 1
| #define HAVE_STDLIB_H 1
| #define HAVE_STRING_H 1
| #define HAVE_MEMORY_H 1
| #define HAVE_STRINGS_H 1
| #define HAVE_INTTYPES_H 1
| #define HAVE_STDINT_H 1
| #define HAVE_UNISTD_H 1
| #define HAVE_DLFCN_H 1
| #define LT_OBJDIR ".libs/"
| #define HAVE_LINUX_DCCP_H 1
| #define HAVE_LINUX_IP_VS_H 1
| #define HAVE_LINUX_MAGIC_H 1
| /* end confdefs.h.  */
| #include <netinet/ip6.h>
| 
| int
| main ()
| {
| static int test_array [1 - 2 * !(((long int) (sizeof (struct ip6_hdr))) <= 7)];
| test_array [0] = 0
| 
|   ;
|   return 0;
| }
configure:11654: arm-brcm-linux-uclibcgnueabi-gcc -c -Os -O2 -DBCMNVRAM -DBCMWPA2 -DRESTART_ALL_PROCESSES -D__CONFIG_USBAP__ -DBCMQOS -DBCMWPS -D__CONFIG_EMF__ -DTRAFFIC_MGMT_RSSI_POLICY -DPHYMON -DSUPPORT_REMOTE_HTTPS -DINCLUDE_WPS_V20 -DINCLUDE_5G_AUTO_CHANNEL -DOPENDNS_PARENTAL_CONTROL -DINCLUDE_ACCESSCONTROL -DINCLUDE_UCP -DU12H270 -DR7000 -DMULTIPLE_SSID -DENABLE_ML -DOPEN_SOURCE_SUPPORT -DBCM53125 -DBCM5301X -DCONFIG_RUSSIA_IPTV -DVIDEO_STREAMING_QOS -DDLNA -DHTTP_ACCESS_USB -DMAX_USB_ACCESS -DSAMBA_ENABLE -DUSB_NEW_SPEC -DINCLUDE_WIFI_BUTTON -DINCLUDE_USB_LED -DINCLUDE_DUAL_BAND -DSINGLE_FIRMWARE -DINCLUDE_GET_ST_CHKSUM -DUNIFIED_STR_TBL -DFIRST_MTD_ROTATION -DWIFI_ON_OFF_SCHE -DAUTO_CONN_24HR -DIGMP_PROXY -DAP_MODE -D__CONFIG_IGMP_SNOOPING__ -DLINUX26 -DINCLUDE_IPV6 -DPRESET_WL_SECURITY -DNEW_BCM_WPS_IPC -DSUPPORT_AC_MODE -DSTA_MODE -DPPP_RU_DESIGN -DEXT_ACS -DBCM_DCS -DEXT_ACS  conftest.c >&5
conftest.c: In function 'main':
conftest.c:30:12: error: size of array 'test_array' is negative
configure:11661: $? = 1
configure: failed program was:
| /* confdefs.h.  */
| #define PACKAGE_NAME "iptables"
| #define PACKAGE_TARNAME "iptables"
| #define PACKAGE_VERSION "1.4.12.2"
| #define PACKAGE_STRING "iptables 1.4.12.2"
| #define PACKAGE_BUGREPORT ""
| #define PACKAGE "iptables"
| #define VERSION "1.4.12.2"
| #define STDC_HEADERS 1
| #define HAVE_SYS_TYPES_H 1
| #define HAVE_SYS_STAT_H 1
| #define HAVE_STDLIB_H 1
| #define HAVE_STRING_H 1
| #define HAVE_MEMORY_H 1
| #define HAVE_STRINGS_H 1
| #define HAVE_INTTYPES_H 1
| #define HAVE_STDINT_H 1
| #define HAVE_UNISTD_H 1
| #define HAVE_DLFCN_H 1
| #define LT_OBJDIR ".libs/"
| #define HAVE_LINUX_DCCP_H 1
| #define HAVE_LINUX_IP_VS_H 1
| #define HAVE_LINUX_MAGIC_H 1
| /* end confdefs.h.  */
| #include <netinet/ip6.h>
| 
| int
| main ()
| {
| static int test_array [1 - 2 * !(((long int) (sizeof (struct ip6_hdr))) <= 15)];
| test_array [0] = 0
| 
|   ;
|   return 0;
| }
configure:11654: arm-brcm-linux-uclibcgnueabi-gcc -c -Os -O2 -DBCMNVRAM -DBCMWPA2 -DRESTART_ALL_PROCESSES -D__CONFIG_USBAP__ -DBCMQOS -DBCMWPS -D__CONFIG_EMF__ -DTRAFFIC_MGMT_RSSI_POLICY -DPHYMON -DSUPPORT_REMOTE_HTTPS -DINCLUDE_WPS_V20 -DINCLUDE_5G_AUTO_CHANNEL -DOPENDNS_PARENTAL_CONTROL -DINCLUDE_ACCESSCONTROL -DINCLUDE_UCP -DU12H270 -DR7000 -DMULTIPLE_SSID -DENABLE_ML -DOPEN_SOURCE_SUPPORT -DBCM53125 -DBCM5301X -DCONFIG_RUSSIA_IPTV -DVIDEO_STREAMING_QOS -DDLNA -DHTTP_ACCESS_USB -DMAX_USB_ACCESS -DSAMBA_ENABLE -DUSB_NEW_SPEC -DINCLUDE_WIFI_BUTTON -DINCLUDE_USB_LED -DINCLUDE_DUAL_BAND -DSINGLE_FIRMWARE -DINCLUDE_GET_ST_CHKSUM -DUNIFIED_STR_TBL -DFIRST_MTD_ROTATION -DWIFI_ON_OFF_SCHE -DAUTO_CONN_24HR -DIGMP_PROXY -DAP_MODE -D__CONFIG_IGMP_SNOOPING__ -DLINUX26 -DINCLUDE_IPV6 -DPRESET_WL_SECURITY -DNEW_BCM_WPS_IPC -DSUPPORT_AC_MODE -DSTA_MODE -DPPP_RU_DESIGN -DEXT_ACS -DBCM_DCS -DEXT_ACS  conftest.c >&5
conftest.c: In function 'main':
conftest.c:30:12: error: size of array 'test_array' is negative
configure:11661: $? = 1
configure: failed program was:
| /* confdefs.h.  */
| #define PACKAGE_NAME "iptables"
| #define PACKAGE_TARNAME "iptables"
| #define PACKAGE_VERSION "1.4.12.2"
| #define PACKAGE_STRING "iptables 1.4.12.2"
| #define PACKAGE_BUGREPORT ""
| #define PACKAGE "iptables"
| #define VERSION "1.4.12.2"
| #define STDC_HEADERS 1
| #define HAVE_SYS_TYPES_H 1
| #define HAVE_SYS_STAT_H 1
| #define HAVE_STDLIB_H 1
| #define HAVE_STRING_H 1
| #define HAVE_MEMORY_H 1
| #define HAVE_STRINGS_H 1
| #define HAVE_INTTYPES_H 1
| #define HAVE_STDINT_H 1
| #define HAVE_UNISTD_H 1
| #define HAVE_DLFCN_H 1
| #define LT_OBJDIR ".libs/"
| #define HAVE_LINUX_DCCP_H 1
| #define HAVE_LINUX_IP_VS_H 1
| #define HAVE_LINUX_MAGIC_H 1
| /* end confdefs.h.  */
| #include <netinet/ip6.h>
| 
| int
| main ()
| {
| static int test_array [1 - 2 * !(((long int) (sizeof (struct ip6_hdr))) <= 31)];
| test_array [0] = 0
| 
|   ;
|   return 0;
| }
configure:11654: arm-brcm-linux-uclibcgnueabi-gcc -c -Os -O2 -DBCMNVRAM -DBCMWPA2 -DRESTART_ALL_PROCESSES -D__CONFIG_USBAP__ -DBCMQOS -DBCMWPS -D__CONFIG_EMF__ -DTRAFFIC_MGMT_RSSI_POLICY -DPHYMON -DSUPPORT_REMOTE_HTTPS -DINCLUDE_WPS_V20 -DINCLUDE_5G_AUTO_CHANNEL -DOPENDNS_PARENTAL_CONTROL -DINCLUDE_ACCESSCONTROL -DINCLUDE_UCP -DU12H270 -DR7000 -DMULTIPLE_SSID -DENABLE_ML -DOPEN_SOURCE_SUPPORT -DBCM53125 -DBCM5301X -DCONFIG_RUSSIA_IPTV -DVIDEO_STREAMING_QOS -DDLNA -DHTTP_ACCESS_USB -DMAX_USB_ACCESS -DSAMBA_ENABLE -DUSB_NEW_SPEC -DINCLUDE_WIFI_BUTTON -DINCLUDE_USB_LED -DINCLUDE_DUAL_BAND -DSINGLE_FIRMWARE -DINCLUDE_GET_ST_CHKSUM -DUNIFIED_STR_TBL -DFIRST_MTD_ROTATION -DWIFI_ON_OFF_SCHE -DAUTO_CONN_24HR -DIGMP_PROXY -DAP_MODE -D__CONFIG_IGMP_SNOOPING__ -DLINUX26 -DINCLUDE_IPV6 -DPRESET_WL_SECURITY -DNEW_BCM_WPS_IPC -DSUPPORT_AC_MODE -DSTA_MODE -DPPP_RU_DESIGN -DEXT_ACS -DBCM_DCS -DEXT_ACS  conftest.c >&5
configure:11661: $? = 0
configure:11812: arm-brcm-linux-uclibcgnueabi-gcc -c -Os -O2 -DBCMNVRAM -DBCMWPA2 -DRESTART_ALL_PROCESSES -D__CONFIG_USBAP__ -DBCMQOS -DBCMWPS -D__CONFIG_EMF__ -DTRAFFIC_MGMT_RSSI_POLICY -DPHYMON -DSUPPORT_REMOTE_HTTPS -DINCLUDE_WPS_V20 -DINCLUDE_5G_AUTO_CHANNEL -DOPENDNS_PARENTAL_CONTROL -DINCLUDE_ACCESSCONTROL -DINCLUDE_UCP -DU12H270 -DR7000 -DMULTIPLE_SSID -DENABLE_ML -DOPEN_SOURCE_SUPPORT -DBCM53125 -DBCM5301X -DCONFIG_RUSSIA_IPTV -DVIDEO_STREAMING_QOS -DDLNA -DHTTP_ACCESS_USB -DMAX_USB_ACCESS -DSAMBA_ENABLE -DUSB_NEW_SPEC -DINCLUDE_WIFI_BUTTON -DINCLUDE_USB_LED -DINCLUDE_DUAL_BAND -DSINGLE_FIRMWARE -DINCLUDE_GET_ST_CHKSUM -DUNIFIED_STR_TBL -DFIRST_MTD_ROTATION -DWIFI_ON_OFF_SCHE -DAUTO_CONN_24HR -DIGMP_PROXY -DAP_MODE -D__CONFIG_IGMP_SNOOPING__ -DLINUX26 -DINCLUDE_IPV6 -DPRESET_WL_SECURITY -DNEW_BCM_WPS_IPC -DSUPPORT_AC_MODE -DSTA_MODE -DPPP_RU_DESIGN -DEXT_ACS -DBCM_DCS -DEXT_ACS  conftest.c >&5
configure:11819: $? = 0
configure:11812: arm-brcm-linux-uclibcgnueabi-gcc -c -Os -O2 -DBCMNVRAM -DBCMWPA2 -DRESTART_ALL_PROCESSES -D__CONFIG_USBAP__ -DBCMQOS -DBCMWPS -D__CONFIG_EMF__ -DTRAFFIC_MGMT_RSSI_POLICY -DPHYMON -DSUPPORT_REMOTE_HTTPS -DINCLUDE_WPS_V20 -DINCLUDE_5G_AUTO_CHANNEL -DOPENDNS_PARENTAL_CONTROL -DINCLUDE_ACCESSCONTROL -DINCLUDE_UCP -DU12H270 -DR7000 -DMULTIPLE_SSID -DENABLE_ML -DOPEN_SOURCE_SUPPORT -DBCM53125 -DBCM5301X -DCONFIG_RUSSIA_IPTV -DVIDEO_STREAMING_QOS -DDLNA -DHTTP_ACCESS_USB -DMAX_USB_ACCESS -DSAMBA_ENABLE -DUSB_NEW_SPEC -DINCLUDE_WIFI_BUTTON -DINCLUDE_USB_LED -DINCLUDE_DUAL_BAND -DSINGLE_FIRMWARE -DINCLUDE_GET_ST_CHKSUM -DUNIFIED_STR_TBL -DFIRST_MTD_ROTATION -DWIFI_ON_OFF_SCHE -DAUTO_CONN_24HR -DIGMP_PROXY -DAP_MODE -D__CONFIG_IGMP_SNOOPING__ -DLINUX26 -DINCLUDE_IPV6 -DPRESET_WL_SECURITY -DNEW_BCM_WPS_IPC -DSUPPORT_AC_MODE -DSTA_MODE -DPPP_RU_DESIGN -DEXT_ACS -DBCM_DCS -DEXT_ACS  conftest.c >&5
conftest.c: In function 'main':
conftest.c:30:12: error: size of array 'test_array' is negative
configure:11819: $? = 1
configure: failed program was:
| /* confdefs.h.  */
| #define PACKAGE_NAME "iptables"
| #define PACKAGE_TARNAME "iptables"
| #define PACKAGE_VERSION "1.4.12.2"
| #define PACKAGE_STRING "iptables 1.4.12.2"
| #define PACKAGE_BUGREPORT ""
| #define PACKAGE "iptables"
| #define VERSION "1.4.12.2"
| #define STDC_HEADERS 1
| #define HAVE_SYS_TYPES_H 1
| #define HAVE_SYS_STAT_H 1
| #define HAVE_STDLIB_H 1
| #define HAVE_STRING_H 1
| #define HAVE_MEMORY_H 1
| #define HAVE_STRINGS_H 1
| #define HAVE_INTTYPES_H 1
| #define HAVE_STDINT_H 1
| #define HAVE_UNISTD_H 1
| #define HAVE_DLFCN_H 1
| #define LT_OBJDIR ".libs/"
| #define HAVE_LINUX_DCCP_H 1
| #define HAVE_LINUX_IP_VS_H 1
| #define HAVE_LINUX_MAGIC_H 1
| /* end confdefs.h.  */
| #include <netinet/ip6.h>
| 
| int
| main ()
| {
| static int test_array [1 - 2 * !(((long int) (sizeof (struct ip6_hdr))) <= 39)];
| test_array [0] = 0
| 
|   ;
|   return 0;
| }
configure:11812: arm-brcm-linux-uclibcgnueabi-gcc -c -Os -O2 -DBCMNVRAM -DBCMWPA2 -DRESTART_ALL_PROCESSES -D__CONFIG_USBAP__ -DBCMQOS -DBCMWPS -D__CONFIG_EMF__ -DTRAFFIC_MGMT_RSSI_POLICY -DPHYMON -DSUPPORT_REMOTE_HTTPS -DINCLUDE_WPS_V20 -DINCLUDE_5G_AUTO_CHANNEL -DOPENDNS_PARENTAL_CONTROL -DINCLUDE_ACCESSCONTROL -DINCLUDE_UCP -DU12H270 -DR7000 -DMULTIPLE_SSID -DENABLE_ML -DOPEN_SOURCE_SUPPORT -DBCM53125 -DBCM5301X -DCONFIG_RUSSIA_IPTV -DVIDEO_STREAMING_QOS -DDLNA -DHTTP_ACCESS_USB -DMAX_USB_ACCESS -DSAMBA_ENABLE -DUSB_NEW_SPEC -DINCLUDE_WIFI_BUTTON -DINCLUDE_USB_LED -DINCLUDE_DUAL_BAND -DSINGLE_FIRMWARE -DINCLUDE_GET_ST_CHKSUM -DUNIFIED_STR_TBL -DFIRST_MTD_ROTATION -DWIFI_ON_OFF_SCHE -DAUTO_CONN_24HR -DIGMP_PROXY -DAP_MODE -D__CONFIG_IGMP_SNOOPING__ -DLINUX26 -DINCLUDE_IPV6 -DPRESET_WL_SECURITY -DNEW_BCM_WPS_IPC -DSUPPORT_AC_MODE -DSTA_MODE -DPPP_RU_DESIGN -DEXT_ACS -DBCM_DCS -DEXT_ACS  conftest.c >&5
configure:11819: $? = 0
configure:11812: arm-brcm-linux-uclibcgnueabi-gcc -c -Os -O2 -DBCMNVRAM -DBCMWPA2 -DRESTART_ALL_PROCESSES -D__CONFIG_USBAP__ -DBCMQOS -DBCMWPS -D__CONFIG_EMF__ -DTRAFFIC_MGMT_RSSI_POLICY -DPHYMON -DSUPPORT_REMOTE_HTTPS -DINCLUDE_WPS_V20 -DINCLUDE_5G_AUTO_CHANNEL -DOPENDNS_PARENTAL_CONTROL -DINCLUDE_ACCESSCONTROL -DINCLUDE_UCP -DU12H270 -DR7000 -DMULTIPLE_SSID -DENABLE_ML -DOPEN_SOURCE_SUPPORT -DBCM53125 -DBCM5301X -DCONFIG_RUSSIA_IPTV -DVIDEO_STREAMING_QOS -DDLNA -DHTTP_ACCESS_USB -DMAX_USB_ACCESS -DSAMBA_ENABLE -DUSB_NEW_SPEC -DINCLUDE_WIFI_BUTTON -DINCLUDE_USB_LED -DINCLUDE_DUAL_BAND -DSINGLE_FIRMWARE -DINCLUDE_GET_ST_CHKSUM -DUNIFIED_STR_TBL -DFIRST_MTD_ROTATION -DWIFI_ON_OFF_SCHE -DAUTO_CONN_24HR -DIGMP_PROXY -DAP_MODE -D__CONFIG_IGMP_SNOOPING__ -DLINUX26 -DINCLUDE_IPV6 -DPRESET_WL_SECURITY -DNEW_BCM_WPS_IPC -DSUPPORT_AC_MODE -DSTA_MODE -DPPP_RU_DESIGN -DEXT_ACS -DBCM_DCS -DEXT_ACS  conftest.c >&5
configure:11819: $? = 0
configure:11812: arm-brcm-linux-uclibcgnueabi-gcc -c -Os -O2 -DBCMNVRAM -DBCMWPA2 -DRESTART_ALL_PROCESSES -D__CONFIG_USBAP__ -DBCMQOS -DBCMWPS -D__CONFIG_EMF__ -DTRAFFIC_MGMT_RSSI_POLICY -DPHYMON -DSUPPORT_REMOTE_HTTPS -DINCLUDE_WPS_V20 -DINCLUDE_5G_AUTO_CHANNEL -DOPENDNS_PARENTAL_CONTROL -DINCLUDE_ACCESSCONTROL -DINCLUDE_UCP -DU12H270 -DR7000 -DMULTIPLE_SSID -DENABLE_ML -DOPEN_SOURCE_SUPPORT -DBCM53125 -DBCM5301X -DCONFIG_RUSSIA_IPTV -DVIDEO_STREAMING_QOS -DDLNA -DHTTP_ACCESS_USB -DMAX_USB_ACCESS -DSAMBA_ENABLE -DUSB_NEW_SPEC -DINCLUDE_WIFI_BUTTON -DINCLUDE_USB_LED -DINCLUDE_DUAL_BAND -DSINGLE_FIRMWARE -DINCLUDE_GET_ST_CHKSUM -DUNIFIED_STR_TBL -DFIRST_MTD_ROTATION -DWIFI_ON_OFF_SCHE -DAUTO_CONN_24HR -DIGMP_PROXY -DAP_MODE -D__CONFIG_IGMP_SNOOPING__ -DLINUX26 -DINCLUDE_IPV6 -DPRESET_WL_SECURITY -DNEW_BCM_WPS_IPC -DSUPPORT_AC_MODE -DSTA_MODE -DPPP_RU_DESIGN -DEXT_ACS -DBCM_DCS -DEXT_ACS  conftest.c >&5
configure:11819: $? = 0
configure:11936: result: 40
configure:12113: checking pkg-config is at least version 0.9.0
configure:12119: result: no
configure:12126: checking for libnfnetlink
configure:12185: result: no
configure:12413: creating ./config.status

## ---------------------- ##
## Running config.status. ##
## ---------------------- ##

This file was extended by iptables config.status 1.4.12.2, which was
generated by GNU Autoconf 2.63.  Invocation command line was

  CONFIG_FILES    = 
  CONFIG_HEADERS  = 
  CONFIG_LINKS    = 
  CONFIG_COMMANDS = 
  $ ./config.status 

on linux

config.status:1041: creating Makefile
config.status:1041: creating extensions/GNUmakefile
config.status:1041: creating include/Makefile
config.status:1041: creating iptables/Makefile
config.status:1041: creating iptables/xtables.pc
config.status:1041: creating libipq/Makefile
config.status:1041: creating libipq/libipq.pc
config.status:1041: creating libiptc/Makefile
config.status:1041: creating libiptc/libiptc.pc
config.status:1041: creating libiptc/libip4tc.pc
config.status:1041: creating libiptc/libip6tc.pc
config.status:1041: creating libxtables/Makefile
config.status:1041: creating utils/Makefile
config.status:1041: creating include/xtables.h
config.status:1041: creating include/iptables/internal.h
config.status:1041: creating config.h
config.status:1315: executing depfiles commands
config.status:1315: executing libtool commands

## ---------------- ##
## Cache variables. ##
## ---------------- ##

ac_cv_build=i686-pc-linux-gnu
ac_cv_c_compiler_gnu=yes
ac_cv_env_CC_set=set
ac_cv_env_CC_value=arm-brcm-linux-uclibcgnueabi-gcc
ac_cv_env_CFLAGS_set=set
ac_cv_env_CFLAGS_value='-Os -O2 -DBCMNVRAM -DBCMWPA2 -DRESTART_ALL_PROCESSES -D__CONFIG_USBAP__ -DBCMQOS -DBCMWPS -D__CONFIG_EMF__ -DTRAFFIC_MGMT_RSSI_POLICY -DPHYMON -DSUPPORT_REMOTE_HTTPS -DINCLUDE_WPS_V20 -DINCLUDE_5G_AUTO_CHANNEL -DOPENDNS_PARENTAL_CONTROL -DINCLUDE_ACCESSCONTROL -DINCLUDE_UCP -DU12H270 -DR7000 -DMULTIPLE_SSID -DENABLE_ML -DOPEN_SOURCE_SUPPORT -DBCM53125 -DBCM5301X -DCONFIG_RUSSIA_IPTV -DVIDEO_STREAMING_QOS -DDLNA -DHTTP_ACCESS_USB -DMAX_USB_ACCESS -DSAMBA_ENABLE -DUSB_NEW_SPEC -DINCLUDE_WIFI_BUTTON -DINCLUDE_USB_LED -DINCLUDE_DUAL_BAND -DSINGLE_FIRMWARE -DINCLUDE_GET_ST_CHKSUM -DUNIFIED_STR_TBL -DFIRST_MTD_ROTATION -DWIFI_ON_OFF_SCHE -DAUTO_CONN_24HR -DIGMP_PROXY -DAP_MODE -D__CONFIG_IGMP_SNOOPING__ -DLINUX26 -DINCLUDE_IPV6 -DPRESET_WL_SECURITY -DNEW_BCM_WPS_IPC -DSUPPORT_AC_MODE -DSTA_MODE -DPPP_RU_DESIGN -DEXT_ACS -DBCM_DCS -DEXT_ACS'
ac_cv_env_CPPFLAGS_set=
ac_cv_env_CPPFLAGS_value=
ac_cv_env_CPP_set=
ac_cv_env_CPP_value=
ac_cv_env_LDFLAGS_set=
ac_cv_env_LDFLAGS_value=
ac_cv_env_LIBS_set=
ac_cv_env_LIBS_value=
ac_cv_env_PKG_CONFIG_LIBDIR_set=
ac_cv_env_PKG_CONFIG_LIBDIR_value=
ac_cv_env_PKG_CONFIG_PATH_set=
ac_cv_env_PKG_CONFIG_PATH_value=
ac_cv_env_PKG_CONFIG_set=set
ac_cv_env_PKG_CONFIG_value=/bin/false
ac_cv_env_build_alias_set=set
ac_cv_env_build_alias_value=i686-linux
ac_cv_env_host_alias_set=set
ac_cv_env_host_alias_value=arm-uclibc-linux
ac_cv_env_libnfnetlink_CFLAGS_set=
ac_cv_env_libnfnetlink_CFLAGS_value=
ac_cv_env_libnfnetlink_LIBS_set=
ac_cv_env_libnfnetlink_LIBS_value=
ac_cv_env_target_alias_set=set
ac_cv_env_target_alias_value=arm-uclibc-linux
ac_cv_header_dlfcn_h=yes
ac_cv_header_inttypes_h=yes
ac_cv_header_linux_dccp_h=yes
ac_cv_header_linux_ip_vs_h=yes
ac_cv_header_linux_magic_h=yes
ac_cv_header_linux_proc_fs_h=no
ac_cv_header_memory_h=yes
ac_cv_header_stdc=yes
ac_cv_header_stdint_h=yes
ac_cv_header_stdlib_h=yes
ac_cv_header_string_h=yes
ac_cv_header_strings_h=yes
ac_cv_header_sys_stat_h=yes
ac_cv_header_sys_types_h=yes
ac_cv_header_unistd_h=yes
ac_cv_host=arm-uclibc-linux-gnu
ac_cv_objext=o
ac_cv_path_EGREP='/bin/grep -E'
ac_cv_path_FGREP='/bin/grep -F'
ac_cv_path_GREP=/bin/grep
ac_cv_path_SED=/bin/sed
ac_cv_path_install='/usr/bin/install -c'
ac_cv_path_mkdir=/bin/mkdir
ac_cv_prog_AR=arm-brcm-linux-uclibcgnueabi-ar
ac_cv_prog_AWK=gawk
ac_cv_prog_CC=arm-brcm-linux-uclibcgnueabi-gcc
ac_cv_prog_CPP='arm-brcm-linux-uclibcgnueabi-gcc -E'
ac_cv_prog_RANLIB=arm-brcm-linux-uclibcgnueabi-ranlib
ac_cv_prog_STRIP=arm-brcm-linux-uclibcgnueabi-strip
ac_cv_prog_ac_ct_OBJDUMP=objdump
ac_cv_prog_cc_arm_brcm_linux_uclibcgnueabi_gcc_c_o=yes
ac_cv_prog_cc_c89=
ac_cv_prog_cc_g=yes
ac_cv_prog_make_make_set=yes
ac_cv_sizeof_struct_ip6_hdr=40
am_cv_CC_dependencies_compiler_type=gcc3
ax_cv_linker_flags__Wl___no_as_needed=yes
lt_cv_deplibs_check_method=pass_all
lt_cv_file_magic_cmd='$MAGIC_CMD'
lt_cv_file_magic_test_file=
lt_cv_ld_reload_flag=-r
lt_cv_nm_interface='BSD nm'
lt_cv_objdir=.libs
lt_cv_path_LD=arm-brcm-linux-uclibcgnueabi-ld
lt_cv_path_NM=arm-brcm-linux-uclibcgnueabi-nm
lt_cv_prog_compiler_c_o=yes
lt_cv_prog_compiler_pic_works=yes
lt_cv_prog_compiler_rtti_exceptions=no
lt_cv_prog_compiler_static_works=yes
lt_cv_prog_gnu_ld=yes
lt_cv_sys_global_symbol_pipe='sed -n -e '\''s/^.*[	 ]\([ABCDGIRSTW][ABCDGIRSTW]*\)[	 ][	 ]*\([_A-Za-z][_A-Za-z0-9]*\)$/\1 \2 \2/p'\'''
lt_cv_sys_global_symbol_to_c_name_address='sed -n -e '\''s/^: \([^ ]*\) $/  {\"\1\", (void *) 0},/p'\'' -e '\''s/^[ABCDGIRSTW]* \([^ ]*\) \([^ ]*\)$/  {"\2", (void *) \&\2},/p'\'''
lt_cv_sys_global_symbol_to_c_name_address_lib_prefix='sed -n -e '\''s/^: \([^ ]*\) $/  {\"\1\", (void *) 0},/p'\'' -e '\''s/^[ABCDGIRSTW]* \([^ ]*\) \(lib[^ ]*\)$/  {"\2", (void *) \&\2},/p'\'' -e '\''s/^[ABCDGIRSTW]* \([^ ]*\) \([^ ]*\)$/  {"lib\2", (void *) \&\2},/p'\'''
lt_cv_sys_global_symbol_to_cdecl='sed -n -e '\''s/^T .* \(.*\)$/extern int \1();/p'\'' -e '\''s/^[ABCDGIRSTW]* .* \(.*\)$/extern char \1;/p'\'''
lt_cv_sys_max_cmd_len=1966080

## ----------------- ##
## Output variables. ##
## ----------------- ##

ACLOCAL='${SHELL} /disk2/antony/R7000/GPL/V1.0.1.22/V1.0.1.22_1.0.15/src/router/iptables-1.4.12/src/missing --run aclocal-1.11'
AMDEPBACKSLASH='\'
AMDEP_FALSE='#'
AMDEP_TRUE=''
AMTAR='${SHELL} /disk2/antony/R7000/GPL/V1.0.1.22/V1.0.1.22_1.0.15/src/router/iptables-1.4.12/src/missing --run tar'
AR='arm-brcm-linux-uclibcgnueabi-ar'
AUTOCONF='${SHELL} /disk2/antony/R7000/GPL/V1.0.1.22/V1.0.1.22_1.0.15/src/router/iptables-1.4.12/src/missing --run autoconf'
AUTOHEADER='${SHELL} /disk2/antony/R7000/GPL/V1.0.1.22/V1.0.1.22_1.0.15/src/router/iptables-1.4.12/src/missing --run autoheader'
AUTOMAKE='${SHELL} /disk2/antony/R7000/GPL/V1.0.1.22/V1.0.1.22_1.0.15/src/router/iptables-1.4.12/src/missing --run automake-1.11'
AWK='gawk'
CC='arm-brcm-linux-uclibcgnueabi-gcc'
CCDEPMODE='depmode=gcc3'
CFLAGS='-Os -O2 -DBCMNVRAM -DBCMWPA2 -DRESTART_ALL_PROCESSES -D__CONFIG_USBAP__ -DBCMQOS -DBCMWPS -D__CONFIG_EMF__ -DTRAFFIC_MGMT_RSSI_POLICY -DPHYMON -DSUPPORT_REMOTE_HTTPS -DINCLUDE_WPS_V20 -DINCLUDE_5G_AUTO_CHANNEL -DOPENDNS_PARENTAL_CONTROL -DINCLUDE_ACCESSCONTROL -DINCLUDE_UCP -DU12H270 -DR7000 -DMULTIPLE_SSID -DENABLE_ML -DOPEN_SOURCE_SUPPORT -DBCM53125 -DBCM5301X -DCONFIG_RUSSIA_IPTV -DVIDEO_STREAMING_QOS -DDLNA -DHTTP_ACCESS_USB -DMAX_USB_ACCESS -DSAMBA_ENABLE -DUSB_NEW_SPEC -DINCLUDE_WIFI_BUTTON -DINCLUDE_USB_LED -DINCLUDE_DUAL_BAND -DSINGLE_FIRMWARE -DINCLUDE_GET_ST_CHKSUM -DUNIFIED_STR_TBL -DFIRST_MTD_ROTATION -DWIFI_ON_OFF_SCHE -DAUTO_CONN_24HR -DIGMP_PROXY -DAP_MODE -D__CONFIG_IGMP_SNOOPING__ -DLINUX26 -DINCLUDE_IPV6 -DPRESET_WL_SECURITY -DNEW_BCM_WPS_IPC -DSUPPORT_AC_MODE -DSTA_MODE -DPPP_RU_DESIGN -DEXT_ACS -DBCM_DCS -DEXT_ACS'
CPP='arm-brcm-linux-uclibcgnueabi-gcc -E'
CPPFLAGS=''
CYGPATH_W='echo'
DEFS='-DHAVE_CONFIG_H'
DEPDIR='.deps'
DSYMUTIL=''
DUMPBIN=''
ECHO_C=''
ECHO_N='-n'
ECHO_T=''
EGREP='/bin/grep -E'
ENABLE_DEVEL_FALSE='#'
ENABLE_DEVEL_TRUE=''
ENABLE_IPV4_FALSE='#'
ENABLE_IPV4_TRUE=''
ENABLE_IPV6_FALSE='#'
ENABLE_IPV6_TRUE=''
ENABLE_LARGEFILE_FALSE='#'
ENABLE_LARGEFILE_TRUE=''
ENABLE_LIBIPQ_FALSE=''
ENABLE_LIBIPQ_TRUE='#'
ENABLE_SHARED_FALSE='#'
ENABLE_SHARED_TRUE=''
ENABLE_STATIC_FALSE=''
ENABLE_STATIC_TRUE='#'
EXEEXT=''
FGREP='/bin/grep -F'
GREP='/bin/grep'
HAVE_LIBNFNETLINK_FALSE=''
HAVE_LIBNFNETLINK_TRUE='#'
INSTALL_DATA='${INSTALL} -m 644'
INSTALL_PROGRAM='${INSTALL}'
INSTALL_SCRIPT='${INSTALL}'
INSTALL_STRIP_PROGRAM='$(install_sh) -c -s'
LD='arm-brcm-linux-uclibcgnueabi-ld'
LDFLAGS=''
LIBOBJS=''
LIBS=''
LIBTOOL='$(SHELL) $(top_builddir)/libtool'
LIPO=''
LN_S='ln -s'
LTLIBOBJS=''
MAKEINFO='${SHELL} /disk2/antony/R7000/GPL/V1.0.1.22/V1.0.1.22_1.0.15/src/router/iptables-1.4.12/src/missing --run makeinfo'
MKDIR_P='/bin/mkdir -p'
NM='arm-brcm-linux-uclibcgnueabi-nm'
NMEDIT=''
OBJDUMP='objdump'
OBJEXT='o'
OTOOL64=''
OTOOL=''
PACKAGE='iptables'
PACKAGE_BUGREPORT=''
PACKAGE_NAME='iptables'
PACKAGE_STRING='iptables 1.4.12.2'
PACKAGE_TARNAME='iptables'
PACKAGE_VERSION='1.4.12.2'
PATH_SEPARATOR=':'
PKG_CONFIG=''
PKG_CONFIG_LIBDIR=''
PKG_CONFIG_PATH=''
RANLIB='arm-brcm-linux-uclibcgnueabi-ranlib'
SED='/bin/sed'
SET_MAKE=''
SHELL='/bin/sh'
STRIP='arm-brcm-linux-uclibcgnueabi-strip'
VERSION='1.4.12.2'
ac_ct_CC=''
ac_ct_DUMPBIN=''
am__EXEEXT_FALSE=''
am__EXEEXT_TRUE='#'
am__fastdepCC_FALSE='#'
am__fastdepCC_TRUE=''
am__include='include'
am__isrc=''
am__leading_dot='.'
am__quote=''
am__tar='${AMTAR} chof - "$$tardir"'
am__untar='${AMTAR} xf -'
bindir='${exec_prefix}/bin'
blacklist_modules=''
build='i686-pc-linux-gnu'
build_alias='i686-linux'
build_cpu='i686'
build_os='linux-gnu'
build_vendor='pc'
datadir='${datarootdir}'
datarootdir='${prefix}/share'
docdir='${datarootdir}/doc/${PACKAGE_TARNAME}'
dvidir='${docdir}'
exec_prefix='${prefix}'
host='arm-uclibc-linux-gnu'
host_alias='arm-uclibc-linux'
host_cpu='arm'
host_os='linux-gnu'
host_vendor='uclibc'
htmldir='${docdir}'
includedir='${prefix}/include'
infodir='${datarootdir}/info'
install_sh='${SHELL} /disk2/antony/R7000/GPL/V1.0.1.22/V1.0.1.22_1.0.15/src/router/iptables-1.4.12/src/install-sh'
kbuilddir='/disk2/antony/R7000/GPL/V1.0.1.22/V1.0.1.22_1.0.15/components/opensource/linux/linux-2.6.36'
kinclude_CPPFLAGS=' -I/disk2/antony/R7000/GPL/V1.0.1.22/V1.0.1.22_1.0.15/components/opensource/linux/linux-2.6.36/include -I/disk2/antony/R7000/GPL/V1.0.1.22/V1.0.1.22_1.0.15/components/opensource/linux/linux-2.6.36/include'
ksourcedir='/disk2/antony/R7000/GPL/V1.0.1.22/V1.0.1.22_1.0.15/components/opensource/linux/linux-2.6.36'
libdir='${exec_prefix}/lib'
libexecdir='${exec_prefix}/libexec'
libiptc_LDFLAGS2='-Wl,--no-as-needed'
libnfnetlink_CFLAGS=''
libnfnetlink_LIBS=''
libxtables_vage='0'
libxtables_vcurrent='7'
libxtables_vmajor='7'
localedir='${datarootdir}/locale'
localstatedir='${prefix}/var'
lt_ECHO='echo'
mandir='${datarootdir}/man'
mkdir_p='/bin/mkdir -p'
oldincludedir='/usr/include'
pdfdir='${docdir}'
pkgconfigdir='${libdir}/pkgconfig'
pkgdatadir='${datadir}/xtables'
prefix='/disk2/antony/R7000/GPL/V1.0.1.22/V1.0.1.22_1.0.15/src/router/iptables-1.4.12/src/install'
program_transform_name='s,x,x,'
psdir='${docdir}'
regular_CFLAGS='-Wall -Waggregate-return -Wmissing-declarations 	-Wmissing-prototypes -Wredundant-decls -Wshadow -Wstrict-prototypes 	-Winline -pipe'
regular_CPPFLAGS='-D_LARGEFILE_SOURCE=1 -D_LARGE_FILES -D_FILE_OFFSET_BITS=64 -D_REENTRANT 	-DXTABLES_LIBDIR=\"${xtlibdir}\" -DXTABLES_INTERNAL'
sbindir='${exec_prefix}/sbin'
sharedstatedir='${prefix}/com'
sysconfdir='${prefix}/etc'
target_alias='arm-uclibc-linux'
xtlibdir='${exec_prefix}/lib/xtables'

## ----------- ##
## confdefs.h. ##
## ----------- ##

#define PACKAGE_NAME "iptables"
#define PACKAGE_TARNAME "iptables"
#define PACKAGE_VERSION "1.4.12.2"
#define PACKAGE_STRING "iptables 1.4.12.2"
#define PACKAGE_BUGREPORT ""
#define PACKAGE "iptables"
#define VERSION "1.4.12.2"
#define STDC_HEADERS 1
#define HAVE_SYS_TYPES_H 1
#define HAVE_SYS_STAT_H 1
#define HAVE_STDLIB_H 1
#define HAVE_STRING_H 1
#define HAVE_MEMORY_H 1
#define HAVE_STRINGS_H 1
#define HAVE_INTTYPES_H 1
#define HAVE_STDINT_H 1
#define HAVE_UNISTD_H 1
#define HAVE_DLFCN_H 1
#define LT_OBJDIR ".libs/"
#define HAVE_LINUX_DCCP_H 1
#define HAVE_LINUX_IP_VS_H 1
#define HAVE_LINUX_MAGIC_H 1
#define SIZEOF_STRUCT_IP6_HDR 40

configure: exit 0
